------------------------------------------------------------
diffExternalOutLinks  -->  DP0

________________________________________________________________________________
Random state: 0

Target: diffExternalOutLinks

Final enumerated feature set (SP_SN):
	 {0: 'contentLength', 1: 'textSize', 2: 'textQuality', 3: 'pathDepth', 4: 'domainDepth', 5: 'numInternalOutLinks', 6: 'numExternalOutLinks', 7: 'numInternalInLinks', 8: 'numExternalInLinks', 9: 'trustRank', 10: 'avg_contentLength', 11: 'avg_textSize', 12: 'avg_textQuality', 13: 'avg_pathDepth', 14: 'avg_domainDepth', 15: 'avg_numInternalOutLinks', 16: 'avg_numExternalOutLinks', 17: 'avg_numInternalInLinks', 18: 'avg_numExternalInLinks', 19: 'avg_trustRank'} 

Model: ET

Hyperparameter tuning on 96080 samples

	Scores on the development set:

	mean 0.68277, stdev 0.00362 for parameters {'min_samples_leaf': 2, 'n_estimators': 200}
	mean 0.68338, stdev 0.00456 for parameters {'min_samples_leaf': 2, 'n_estimators': 300}
	mean 0.68362, stdev 0.00390 for parameters {'min_samples_leaf': 2, 'n_estimators': 400}
	mean 0.68391, stdev 0.00449 for parameters {'min_samples_leaf': 2, 'n_estimators': 500}
	mean 0.76772, stdev 0.00398 for parameters {'min_samples_leaf': 5, 'n_estimators': 200}
	mean 0.76877, stdev 0.00500 for parameters {'min_samples_leaf': 5, 'n_estimators': 300}
	mean 0.76774, stdev 0.00567 for parameters {'min_samples_leaf': 5, 'n_estimators': 400}
	mean 0.76815, stdev 0.00534 for parameters {'min_samples_leaf': 5, 'n_estimators': 500}
	mean 0.78442, stdev 0.00410 for parameters {'min_samples_leaf': 10, 'n_estimators': 200}
	mean 0.78510, stdev 0.00333 for parameters {'min_samples_leaf': 10, 'n_estimators': 300}
	mean 0.78453, stdev 0.00465 for parameters {'min_samples_leaf': 10, 'n_estimators': 400}
	mean 0.78496, stdev 0.00415 for parameters {'min_samples_leaf': 10, 'n_estimators': 500}
	mean 0.77481, stdev 0.00275 for parameters {'min_samples_leaf': 15, 'n_estimators': 200}
	mean 0.77541, stdev 0.00383 for parameters {'min_samples_leaf': 15, 'n_estimators': 300}
	mean 0.77621, stdev 0.00387 for parameters {'min_samples_leaf': 15, 'n_estimators': 400}
	mean 0.77630, stdev 0.00406 for parameters {'min_samples_leaf': 15, 'n_estimators': 500}
	mean 0.76799, stdev 0.00298 for parameters {'min_samples_leaf': 20, 'n_estimators': 200}
	mean 0.76751, stdev 0.00212 for parameters {'min_samples_leaf': 20, 'n_estimators': 300}
	mean 0.76847, stdev 0.00222 for parameters {'min_samples_leaf': 20, 'n_estimators': 400}
	mean 0.76816, stdev 0.00284 for parameters {'min_samples_leaf': 20, 'n_estimators': 500}
	mean 0.76078, stdev 0.00330 for parameters {'min_samples_leaf': 25, 'n_estimators': 200}
	mean 0.76286, stdev 0.00336 for parameters {'min_samples_leaf': 25, 'n_estimators': 300}
	mean 0.76228, stdev 0.00493 for parameters {'min_samples_leaf': 25, 'n_estimators': 400}
	mean 0.76180, stdev 0.00386 for parameters {'min_samples_leaf': 25, 'n_estimators': 500}

	Best parameters on the development set: {'min_samples_leaf': 10, 'n_estimators': 300}

Retraining on 288242 samples
	Testing on 96081 samples
		Test Recall 0.7476893364602014
		Test Precision 0.3848885101548076
		Test F1 score 0.5081805822511838
		Test Accuracy (b) 0.8250897150600719

Top features in ascending order of importance:
	 ['avg_numExternalOutLinks', 'contentLength', 'textSize', 'numExternalOutLinks', 'avg_contentLength', 'avg_textSize', 'trustRank', 'numExternalInLinks', 'domainDepth', 'avg_domainDepth', 'avg_numExternalInLinks', 'avg_trustRank', 'numInternalOutLinks', 'avg_numInternalOutLinks', 'textQuality', 'avg_numInternalInLinks', 'numInternalInLinks', 'avg_textQuality', 'avg_pathDepth', 'pathDepth'] or [16, 0, 1, 6, 10, 11, 9, 8, 4, 14, 18, 19, 5, 15, 2, 17, 7, 12, 13, 3]

Refitting on two features for decision boundaries
	 [7, 12] F1 score: 0.21009229424935832
	 [7, 13] F1 score: 0.2077877523014466
	 [7, 3] F1 score: 0.22582907003921365
	 [12, 13] F1 score: 0.18812510840030064
	 [12, 3] F1 score: 0.1597379123361952
	 [13, 3] F1 score: 0.14888551280016324

________________________________________________________________________________
Random state: 1

Target: diffExternalOutLinks

Final enumerated feature set (SP_SN):
	 {0: 'contentLength', 1: 'textSize', 2: 'textQuality', 3: 'pathDepth', 4: 'domainDepth', 5: 'numInternalOutLinks', 6: 'numExternalOutLinks', 7: 'numInternalInLinks', 8: 'numExternalInLinks', 9: 'trustRank', 10: 'avg_contentLength', 11: 'avg_textSize', 12: 'avg_textQuality', 13: 'avg_pathDepth', 14: 'avg_domainDepth', 15: 'avg_numInternalOutLinks', 16: 'avg_numExternalOutLinks', 17: 'avg_numInternalInLinks', 18: 'avg_numExternalInLinks', 19: 'avg_trustRank'} 

Model: ET

Retraining on 288242 samples
	Testing on 96081 samples
		Test Recall 0.7397938144329896
		Test Precision 0.38140457798880306
		Test F1 score 0.5033199289254652
		Test Accuracy (b) 0.820750453148076

________________________________________________________________________________
Random state: 2

Target: diffExternalOutLinks

Final enumerated feature set (SP_SN):
	 {0: 'contentLength', 1: 'textSize', 2: 'textQuality', 3: 'pathDepth', 4: 'domainDepth', 5: 'numInternalOutLinks', 6: 'numExternalOutLinks', 7: 'numInternalInLinks', 8: 'numExternalInLinks', 9: 'trustRank', 10: 'avg_contentLength', 11: 'avg_textSize', 12: 'avg_textQuality', 13: 'avg_pathDepth', 14: 'avg_domainDepth', 15: 'avg_numInternalOutLinks', 16: 'avg_numExternalOutLinks', 17: 'avg_numInternalInLinks', 18: 'avg_numExternalInLinks', 19: 'avg_trustRank'} 

Model: ET

Retraining on 288242 samples
	Testing on 96081 samples
		Test Recall 0.7437055281882868
		Test Precision 0.3843433986281027
		Test F1 score 0.506783533031843
		Test Accuracy (b) 0.8228175844787198

------------------------------------------------------------
diffExternalOutLinks  -->  DP1

________________________________________________________________________________
Random state: 0

Target: diffExternalOutLinks

Final enumerated feature set (SP_SN_DP1_DN1_DPRate):
	 {0: 'contentLength', 1: 'textSize', 2: 'textQuality', 3: 'pathDepth', 4: 'domainDepth', 5: 'numInternalOutLinks', 6: 'numExternalOutLinks', 7: 'numInternalInLinks', 8: 'numExternalInLinks', 9: 'trustRank', 10: 'avg_contentLength', 11: 'avg_textSize', 12: 'avg_textQuality', 13: 'avg_pathDepth', 14: 'avg_domainDepth', 15: 'avg_numInternalOutLinks', 16: 'avg_numExternalOutLinks', 17: 'avg_numInternalInLinks', 18: 'avg_numExternalInLinks', 19: 'avg_trustRank', 20: 'contentLength-1', 21: 'textSize-1', 22: 'textQuality-1', 23: 'diffInternalOutLinks-1', 24: 'diffExternalOutLinks-1', 25: 'numInternalInLinks-1', 26: 'numExternalInLinks-1', 27: 'trustRank-1', 28: 'avg_linkExternalChangeRate', 29: 'avg_linkInternalChangeRate'} 

Model: ET

Hyperparameter tuning on 96080 samples

	Scores on the development set:

	mean 0.74151, stdev 0.00787 for parameters {'min_samples_leaf': 2, 'n_estimators': 200}
	mean 0.74207, stdev 0.00871 for parameters {'min_samples_leaf': 2, 'n_estimators': 300}
	mean 0.74258, stdev 0.00987 for parameters {'min_samples_leaf': 2, 'n_estimators': 400}
	mean 0.74355, stdev 0.00995 for parameters {'min_samples_leaf': 2, 'n_estimators': 500}
	mean 0.69047, stdev 0.01171 for parameters {'min_samples_leaf': 5, 'n_estimators': 200}
	mean 0.68932, stdev 0.01335 for parameters {'min_samples_leaf': 5, 'n_estimators': 300}
	mean 0.68974, stdev 0.01140 for parameters {'min_samples_leaf': 5, 'n_estimators': 400}
	mean 0.69077, stdev 0.01189 for parameters {'min_samples_leaf': 5, 'n_estimators': 500}
	mean 0.60176, stdev 0.01234 for parameters {'min_samples_leaf': 10, 'n_estimators': 200}
	mean 0.60123, stdev 0.01218 for parameters {'min_samples_leaf': 10, 'n_estimators': 300}
	mean 0.60128, stdev 0.01289 for parameters {'min_samples_leaf': 10, 'n_estimators': 400}
	mean 0.60173, stdev 0.01206 for parameters {'min_samples_leaf': 10, 'n_estimators': 500}
	mean 0.55754, stdev 0.01160 for parameters {'min_samples_leaf': 15, 'n_estimators': 200}
	mean 0.55466, stdev 0.01085 for parameters {'min_samples_leaf': 15, 'n_estimators': 300}
	mean 0.55514, stdev 0.01078 for parameters {'min_samples_leaf': 15, 'n_estimators': 400}
	mean 0.55589, stdev 0.01040 for parameters {'min_samples_leaf': 15, 'n_estimators': 500}
	mean 0.53651, stdev 0.00946 for parameters {'min_samples_leaf': 20, 'n_estimators': 200}
	mean 0.53459, stdev 0.01016 for parameters {'min_samples_leaf': 20, 'n_estimators': 300}
	mean 0.53244, stdev 0.00966 for parameters {'min_samples_leaf': 20, 'n_estimators': 400}
	mean 0.53334, stdev 0.01026 for parameters {'min_samples_leaf': 20, 'n_estimators': 500}
	mean 0.52139, stdev 0.00853 for parameters {'min_samples_leaf': 25, 'n_estimators': 200}
	mean 0.51847, stdev 0.00879 for parameters {'min_samples_leaf': 25, 'n_estimators': 300}
	mean 0.51998, stdev 0.01048 for parameters {'min_samples_leaf': 25, 'n_estimators': 400}
	mean 0.52136, stdev 0.00858 for parameters {'min_samples_leaf': 25, 'n_estimators': 500}

	Best parameters on the development set: {'min_samples_leaf': 2, 'n_estimators': 500}

Retraining on 288242 samples
	Testing on 96081 samples
		Test Recall 0.7141674713753621
		Test Precision 0.8642737896494157
		Test F1 score 0.7820832389153258
		Test Accuracy (b) 0.8525076820133295

Top features in ascending order of importance:
	 ['numExternalInLinks', 'numExternalInLinks-1', 'diffInternalOutLinks-1', 'trustRank-1', 'trustRank', 'avg_numExternalInLinks', 'textQuality-1', 'textQuality', 'textSize', 'contentLength', 'textSize-1', 'avg_trustRank', 'domainDepth', 'numInternalOutLinks', 'contentLength-1', 'avg_numInternalOutLinks', 'avg_contentLength', 'avg_numExternalOutLinks', 'avg_domainDepth', 'avg_textQuality', 'pathDepth', 'avg_numInternalInLinks', 'numInternalInLinks', 'avg_textSize', 'numInternalInLinks-1', 'numExternalOutLinks', 'avg_pathDepth', 'avg_linkInternalChangeRate', 'diffExternalOutLinks-1', 'avg_linkExternalChangeRate'] or [8, 26, 23, 27, 9, 18, 22, 2, 1, 0, 21, 19, 4, 5, 20, 15, 10, 16, 14, 12, 3, 17, 7, 11, 25, 6, 13, 29, 24, 28]

Refitting on two features for decision boundaries
	 [13, 29] F1 score: 0.24308628318584077
	 [13, 24] F1 score: 0.48514795251888454
	 [13, 28] F1 score: 0.477823546316697
	 [29, 24] F1 score: 0.42717313218390807
	 [29, 28] F1 score: 0.4810707830589615
	 [24, 28] F1 score: 0.4631131406975828

________________________________________________________________________________
Random state: 1

Target: diffExternalOutLinks

Final enumerated feature set (SP_SN_DP1_DN1_DPRate):
	 {0: 'contentLength', 1: 'textSize', 2: 'textQuality', 3: 'pathDepth', 4: 'domainDepth', 5: 'numInternalOutLinks', 6: 'numExternalOutLinks', 7: 'numInternalInLinks', 8: 'numExternalInLinks', 9: 'trustRank', 10: 'avg_contentLength', 11: 'avg_textSize', 12: 'avg_textQuality', 13: 'avg_pathDepth', 14: 'avg_domainDepth', 15: 'avg_numInternalOutLinks', 16: 'avg_numExternalOutLinks', 17: 'avg_numInternalInLinks', 18: 'avg_numExternalInLinks', 19: 'avg_trustRank', 20: 'contentLength-1', 21: 'textSize-1', 22: 'textQuality-1', 23: 'diffInternalOutLinks-1', 24: 'diffExternalOutLinks-1', 25: 'numInternalInLinks-1', 26: 'numExternalInLinks-1', 27: 'trustRank-1', 28: 'avg_linkExternalChangeRate', 29: 'avg_linkInternalChangeRate'} 

Model: ET

Retraining on 288242 samples
	Testing on 96081 samples
		Test Recall 0.7102405498281787
		Test Precision 0.868549336022861
		Test F1 score 0.7814579552329098
		Test Accuracy (b) 0.8507174192511837

________________________________________________________________________________
Random state: 2

Target: diffExternalOutLinks

Final enumerated feature set (SP_SN_DP1_DN1_DPRate):
	 {0: 'contentLength', 1: 'textSize', 2: 'textQuality', 3: 'pathDepth', 4: 'domainDepth', 5: 'numInternalOutLinks', 6: 'numExternalOutLinks', 7: 'numInternalInLinks', 8: 'numExternalInLinks', 9: 'trustRank', 10: 'avg_contentLength', 11: 'avg_textSize', 12: 'avg_textQuality', 13: 'avg_pathDepth', 14: 'avg_domainDepth', 15: 'avg_numInternalOutLinks', 16: 'avg_numExternalOutLinks', 17: 'avg_numInternalInLinks', 18: 'avg_numExternalInLinks', 19: 'avg_trustRank', 20: 'contentLength-1', 21: 'textSize-1', 22: 'textQuality-1', 23: 'diffInternalOutLinks-1', 24: 'diffExternalOutLinks-1', 25: 'numInternalInLinks-1', 26: 'numExternalInLinks-1', 27: 'trustRank-1', 28: 'avg_linkExternalChangeRate', 29: 'avg_linkInternalChangeRate'} 

Model: ET

Retraining on 288242 samples
	Testing on 96081 samples
		Test Recall 0.7084017515051998
		Test Precision 0.8687699278402417
		Test F1 score 0.7804326524459183
		Test Accuracy (b) 0.8497963833956896
------------------------------------------------------------
diffExternalOutLinks  -->  DP2

________________________________________________________________________________
Random state: 0

Target: diffExternalOutLinks

Final enumerated feature set (SP_SN_DP2_DN2_DPRate):
	 {0: 'contentLength', 1: 'textSize', 2: 'textQuality', 3: 'pathDepth', 4: 'domainDepth', 5: 'numInternalOutLinks', 6: 'numExternalOutLinks', 7: 'numInternalInLinks', 8: 'numExternalInLinks', 9: 'trustRank', 10: 'avg_contentLength', 11: 'avg_textSize', 12: 'avg_textQuality', 13: 'avg_pathDepth', 14: 'avg_domainDepth', 15: 'avg_numInternalOutLinks', 16: 'avg_numExternalOutLinks', 17: 'avg_numInternalInLinks', 18: 'avg_numExternalInLinks', 19: 'avg_trustRank', 20: 'contentLength-1', 21: 'textSize-1', 22: 'textQuality-1', 23: 'diffInternalOutLinks-1', 24: 'diffExternalOutLinks-1', 25: 'contentLength-2', 26: 'textSize-2', 27: 'textQuality-2', 28: 'diffInternalOutLinks-2', 29: 'diffExternalOutLinks-2', 30: 'numInternalInLinks-1', 31: 'numExternalInLinks-1', 32: 'trustRank-1', 33: 'numInternalInLinks-2', 34: 'numExternalInLinks-2', 35: 'trustRank-2', 36: 'avg_linkExternalChangeRate', 37: 'avg_linkInternalChangeRate'} 

Model: ET

Hyperparameter tuning on 96080 samples

	Scores on the development set:

	mean 0.76342, stdev 0.00659 for parameters {'min_samples_leaf': 2, 'n_estimators': 200}
	mean 0.76390, stdev 0.00627 for parameters {'min_samples_leaf': 2, 'n_estimators': 300}
	mean 0.76388, stdev 0.00628 for parameters {'min_samples_leaf': 2, 'n_estimators': 400}
	mean 0.76268, stdev 0.00672 for parameters {'min_samples_leaf': 2, 'n_estimators': 500}
	mean 0.72172, stdev 0.01171 for parameters {'min_samples_leaf': 5, 'n_estimators': 200}
	mean 0.72093, stdev 0.01170 for parameters {'min_samples_leaf': 5, 'n_estimators': 300}
	mean 0.72091, stdev 0.00996 for parameters {'min_samples_leaf': 5, 'n_estimators': 400}
	mean 0.72030, stdev 0.00901 for parameters {'min_samples_leaf': 5, 'n_estimators': 500}
	mean 0.63197, stdev 0.01020 for parameters {'min_samples_leaf': 10, 'n_estimators': 200}
	mean 0.63094, stdev 0.00890 for parameters {'min_samples_leaf': 10, 'n_estimators': 300}
	mean 0.63233, stdev 0.00902 for parameters {'min_samples_leaf': 10, 'n_estimators': 400}
	mean 0.63241, stdev 0.00984 for parameters {'min_samples_leaf': 10, 'n_estimators': 500}
	mean 0.58648, stdev 0.00874 for parameters {'min_samples_leaf': 15, 'n_estimators': 200}
	mean 0.58492, stdev 0.00789 for parameters {'min_samples_leaf': 15, 'n_estimators': 300}
	mean 0.58541, stdev 0.00757 for parameters {'min_samples_leaf': 15, 'n_estimators': 400}
	mean 0.58480, stdev 0.00785 for parameters {'min_samples_leaf': 15, 'n_estimators': 500}
	mean 0.56397, stdev 0.00805 for parameters {'min_samples_leaf': 20, 'n_estimators': 200}
	mean 0.56009, stdev 0.00982 for parameters {'min_samples_leaf': 20, 'n_estimators': 300}
	mean 0.56080, stdev 0.00863 for parameters {'min_samples_leaf': 20, 'n_estimators': 400}
	mean 0.56057, stdev 0.00862 for parameters {'min_samples_leaf': 20, 'n_estimators': 500}
	mean 0.54377, stdev 0.00814 for parameters {'min_samples_leaf': 25, 'n_estimators': 200}
	mean 0.54293, stdev 0.00693 for parameters {'min_samples_leaf': 25, 'n_estimators': 300}
	mean 0.54409, stdev 0.00733 for parameters {'min_samples_leaf': 25, 'n_estimators': 400}
	mean 0.54340, stdev 0.00754 for parameters {'min_samples_leaf': 25, 'n_estimators': 500}

	Best parameters on the development set: {'min_samples_leaf': 2, 'n_estimators': 300}

Retraining on 288242 samples
	Testing on 96081 samples
		Test Recall 0.725893226651952
		Test Precision 0.8936820652173914
		Test F1 score 0.8010961406713862
		Test Accuracy (b) 0.8594231082827484

Top features in ascending order of importance:
	 ['numExternalInLinks-2', 'numExternalInLinks', 'numExternalInLinks-1', 'trustRank-1', 'avg_numExternalInLinks', 'trustRank-2', 'trustRank', 'diffInternalOutLinks-2', 'diffInternalOutLinks-1', 'textQuality-2', 'textQuality', 'textQuality-1', 'textSize', 'textSize-2', 'textSize-1', 'domainDepth', 'avg_numInternalOutLinks', 'numInternalOutLinks', 'avg_domainDepth', 'contentLength', 'avg_contentLength', 'contentLength-1', 'contentLength-2', 'avg_trustRank', 'avg_numExternalOutLinks', 'avg_textSize', 'avg_textQuality', 'avg_numInternalInLinks', 'pathDepth', 'numExternalOutLinks', 'avg_pathDepth', 'numInternalInLinks-2', 'numInternalInLinks-1', 'numInternalInLinks', 'diffExternalOutLinks-2', 'diffExternalOutLinks-1', 'avg_linkInternalChangeRate', 'avg_linkExternalChangeRate'] or [34, 8, 31, 32, 18, 35, 9, 28, 23, 27, 2, 22, 1, 26, 21, 4, 15, 5, 14, 0, 10, 20, 25, 19, 16, 11, 12, 17, 3, 6, 13, 33, 30, 7, 29, 24, 37, 36]

Refitting on two features for decision boundaries
	 [29, 24] F1 score: 0.5840407470288626
	 [29, 37] F1 score: 0.40668920120974916
	 [29, 36] F1 score: 0.42186856907669096
	 [24, 37] F1 score: 0.42181015452538634
	 [24, 36] F1 score: 0.43716519472998405
	 [37, 36] F1 score: 0.48113990142975643

________________________________________________________________________________
Random state: 1

Target: diffExternalOutLinks

Final enumerated feature set (SP_SN_DP2_DN2_DPRate):
	 {0: 'contentLength', 1: 'textSize', 2: 'textQuality', 3: 'pathDepth', 4: 'domainDepth', 5: 'numInternalOutLinks', 6: 'numExternalOutLinks', 7: 'numInternalInLinks', 8: 'numExternalInLinks', 9: 'trustRank', 10: 'avg_contentLength', 11: 'avg_textSize', 12: 'avg_textQuality', 13: 'avg_pathDepth', 14: 'avg_domainDepth', 15: 'avg_numInternalOutLinks', 16: 'avg_numExternalOutLinks', 17: 'avg_numInternalInLinks', 18: 'avg_numExternalInLinks', 19: 'avg_trustRank', 20: 'contentLength-1', 21: 'textSize-1', 22: 'textQuality-1', 23: 'diffInternalOutLinks-1', 24: 'diffExternalOutLinks-1', 25: 'contentLength-2', 26: 'textSize-2', 27: 'textQuality-2', 28: 'diffInternalOutLinks-2', 29: 'diffExternalOutLinks-2', 30: 'numInternalInLinks-1', 31: 'numExternalInLinks-1', 32: 'trustRank-1', 33: 'numInternalInLinks-2', 34: 'numExternalInLinks-2', 35: 'trustRank-2', 36: 'avg_linkExternalChangeRate', 37: 'avg_linkInternalChangeRate'} 

Model: ET

Retraining on 288242 samples
	Testing on 96081 samples
		Test Recall 0.7224742268041238
		Test Precision 0.8902439024390244
		Test F1 score 0.7976325973139086
		Test Accuracy (b) 0.857588711267071

________________________________________________________________________________
Random state: 2

Target: diffExternalOutLinks

Final enumerated feature set (SP_SN_DP2_DN2_DPRate):
	 {0: 'contentLength', 1: 'textSize', 2: 'textQuality', 3: 'pathDepth', 4: 'domainDepth', 5: 'numInternalOutLinks', 6: 'numExternalOutLinks', 7: 'numInternalInLinks', 8: 'numExternalInLinks', 9: 'trustRank', 10: 'avg_contentLength', 11: 'avg_textSize', 12: 'avg_textQuality', 13: 'avg_pathDepth', 14: 'avg_domainDepth', 15: 'avg_numInternalOutLinks', 16: 'avg_numExternalOutLinks', 17: 'avg_numInternalInLinks', 18: 'avg_numExternalInLinks', 19: 'avg_trustRank', 20: 'contentLength-1', 21: 'textSize-1', 22: 'textQuality-1', 23: 'diffInternalOutLinks-1', 24: 'diffExternalOutLinks-1', 25: 'contentLength-2', 26: 'textSize-2', 27: 'textQuality-2', 28: 'diffInternalOutLinks-2', 29: 'diffExternalOutLinks-2', 30: 'numInternalInLinks-1', 31: 'numExternalInLinks-1', 32: 'trustRank-1', 33: 'numInternalInLinks-2', 34: 'numExternalInLinks-2', 35: 'trustRank-2', 36: 'avg_linkExternalChangeRate', 37: 'avg_linkInternalChangeRate'} 

Model: ET

Retraining on 288242 samples
	Testing on 96081 samples
		Test Recall 0.7204433497536946
		Test Precision 0.8895083628991384
		Test F1 score 0.7960988886368792
		Test Accuracy (b) 0.8565381224453648


------------------------------------------------------------
diffExternalOutLinks  -->  DP3

________________________________________________________________________________
Random state: 0
2021/06/20 16:07:47

Target: diffExternalOutLinks

Final enumerated feature set (SP_SN_DP3_DN3_DPRate):
	 {0: 'contentLength', 1: 'textSize', 2: 'textQuality', 3: 'pathDepth', 4: 'domainDepth', 5: 'numInternalOutLinks', 6: 'numExternalOutLinks', 7: 'numInternalInLinks', 8: 'numExternalInLinks', 9: 'trustRank', 10: 'avg_contentLength', 11: 'avg_textSize', 12: 'avg_textQuality', 13: 'avg_pathDepth', 14: 'avg_domainDepth', 15: 'avg_numInternalOutLinks', 16: 'avg_numExternalOutLinks', 17: 'avg_numInternalInLinks', 18: 'avg_numExternalInLinks', 19: 'avg_trustRank', 20: 'contentLength-1', 21: 'textSize-1', 22: 'textQuality-1', 23: 'diffInternalOutLinks-1', 24: 'diffExternalOutLinks-1', 25: 'contentLength-2', 26: 'textSize-2', 27: 'textQuality-2', 28: 'diffInternalOutLinks-2', 29: 'diffExternalOutLinks-2', 30: 'contentLength-3', 31: 'textSize-3', 32: 'textQuality-3', 33: 'diffInternalOutLinks-3', 34: 'diffExternalOutLinks-3', 35: 'numInternalInLinks-1', 36: 'numExternalInLinks-1', 37: 'trustRank-1', 38: 'numInternalInLinks-2', 39: 'numExternalInLinks-2', 40: 'trustRank-2', 41: 'numInternalInLinks-3', 42: 'numExternalInLinks-3', 43: 'trustRank-3', 44: 'avg_linkExternalChangeRate', 45: 'avg_linkInternalChangeRate'} 

Model: ET

Hyperparameter tuning on 96080 samples

	Scores on the development set:

	mean 0.77048, stdev 0.00671 for parameters {'min_samples_leaf': 2, 'n_estimators': 200}
	mean 0.77293, stdev 0.00736 for parameters {'min_samples_leaf': 2, 'n_estimators': 300}
	mean 0.77302, stdev 0.00461 for parameters {'min_samples_leaf': 2, 'n_estimators': 400}
	mean 0.77308, stdev 0.00543 for parameters {'min_samples_leaf': 2, 'n_estimators': 500}
	mean 0.73380, stdev 0.00576 for parameters {'min_samples_leaf': 5, 'n_estimators': 200}
	mean 0.73416, stdev 0.00610 for parameters {'min_samples_leaf': 5, 'n_estimators': 300}
	mean 0.73412, stdev 0.00699 for parameters {'min_samples_leaf': 5, 'n_estimators': 400}
	mean 0.73539, stdev 0.00650 for parameters {'min_samples_leaf': 5, 'n_estimators': 500}
	mean 0.64938, stdev 0.00843 for parameters {'min_samples_leaf': 10, 'n_estimators': 200}
	mean 0.64676, stdev 0.00885 for parameters {'min_samples_leaf': 10, 'n_estimators': 300}
	mean 0.64589, stdev 0.00851 for parameters {'min_samples_leaf': 10, 'n_estimators': 400}
	mean 0.64761, stdev 0.00856 for parameters {'min_samples_leaf': 10, 'n_estimators': 500}
	mean 0.59887, stdev 0.01016 for parameters {'min_samples_leaf': 15, 'n_estimators': 200}
	mean 0.59637, stdev 0.00946 for parameters {'min_samples_leaf': 15, 'n_estimators': 300}
	mean 0.59757, stdev 0.01046 for parameters {'min_samples_leaf': 15, 'n_estimators': 400}
	mean 0.59919, stdev 0.01103 for parameters {'min_samples_leaf': 15, 'n_estimators': 500}
	mean 0.57400, stdev 0.00878 for parameters {'min_samples_leaf': 20, 'n_estimators': 200}
	mean 0.57172, stdev 0.00872 for parameters {'min_samples_leaf': 20, 'n_estimators': 300}
	mean 0.57272, stdev 0.00872 for parameters {'min_samples_leaf': 20, 'n_estimators': 400}
	mean 0.57333, stdev 0.00934 for parameters {'min_samples_leaf': 20, 'n_estimators': 500}
	mean 0.55913, stdev 0.00949 for parameters {'min_samples_leaf': 25, 'n_estimators': 200}
	mean 0.55438, stdev 0.00999 for parameters {'min_samples_leaf': 25, 'n_estimators': 300}
	mean 0.55541, stdev 0.00873 for parameters {'min_samples_leaf': 25, 'n_estimators': 400}
	mean 0.55726, stdev 0.00943 for parameters {'min_samples_leaf': 25, 'n_estimators': 500}

	Best parameters on the development set: {'min_samples_leaf': 2, 'n_estimators': 500}

Retraining on 288242 samples
	Testing on 96081 samples
		Test Recall 0.730859428886743
		Test Precision 0.9020943299846756
		Test F1 score 0.807498856881573
		Test Accuracy (b) 0.8621932681177231

Top features in ascending order of importance:
	 ['numExternalInLinks-2', 'numExternalInLinks-1', 'numExternalInLinks-3', 'numExternalInLinks', 'trustRank-2', 'avg_numExternalInLinks', 'diffInternalOutLinks-1', 'diffInternalOutLinks-2', 'trustRank-3', 'textQuality-1', 'trustRank-1', 'trustRank', 'textQuality', 'textQuality-3', 'diffInternalOutLinks-3', 'textQuality-2', 'textSize-3', 'contentLength', 'textSize', 'avg_numInternalOutLinks', 'domainDepth', 'textSize-2', 'textSize-1', 'avg_domainDepth', 'avg_contentLength', 'numInternalOutLinks', 'contentLength-2', 'contentLength-3', 'avg_textSize', 'avg_numExternalOutLinks', 'avg_trustRank', 'contentLength-1', 'pathDepth', 'avg_textQuality', 'avg_numInternalInLinks', 'avg_pathDepth', 'numExternalOutLinks', 'numInternalInLinks-1', 'numInternalInLinks-2', 'numInternalInLinks-3', 'numInternalInLinks', 'diffExternalOutLinks-2', 'diffExternalOutLinks-3', 'diffExternalOutLinks-1', 'avg_linkInternalChangeRate', 'avg_linkExternalChangeRate'] or [39, 36, 42, 8, 40, 18, 23, 28, 43, 22, 37, 9, 2, 32, 33, 27, 31, 0, 1, 15, 4, 26, 21, 14, 10, 5, 25, 30, 11, 16, 19, 20, 3, 12, 17, 13, 6, 35, 38, 41, 7, 29, 34, 24, 45, 44]

Refitting on two features for decision boundaries
	 [34, 24] F1 score: 0.5358790089027138
	 [34, 45] F1 score: 0.37776350100147393
	 [34, 44] F1 score: 0.4253682656319747
	 [24, 45] F1 score: 0.4218259060937293
	 [24, 44] F1 score: 0.4631131406975828
	 [45, 44] F1 score: 0.4810707830589615

________________________________________________________________________________
Random state: 1
2021/06/20 16:46:51

Target: diffExternalOutLinks

Final enumerated feature set (SP_SN_DP3_DN3_DPRate):
	 {0: 'contentLength', 1: 'textSize', 2: 'textQuality', 3: 'pathDepth', 4: 'domainDepth', 5: 'numInternalOutLinks', 6: 'numExternalOutLinks', 7: 'numInternalInLinks', 8: 'numExternalInLinks', 9: 'trustRank', 10: 'avg_contentLength', 11: 'avg_textSize', 12: 'avg_textQuality', 13: 'avg_pathDepth', 14: 'avg_domainDepth', 15: 'avg_numInternalOutLinks', 16: 'avg_numExternalOutLinks', 17: 'avg_numInternalInLinks', 18: 'avg_numExternalInLinks', 19: 'avg_trustRank', 20: 'contentLength-1', 21: 'textSize-1', 22: 'textQuality-1', 23: 'diffInternalOutLinks-1', 24: 'diffExternalOutLinks-1', 25: 'contentLength-2', 26: 'textSize-2', 27: 'textQuality-2', 28: 'diffInternalOutLinks-2', 29: 'diffExternalOutLinks-2', 30: 'contentLength-3', 31: 'textSize-3', 32: 'textQuality-3', 33: 'diffInternalOutLinks-3', 34: 'diffExternalOutLinks-3', 35: 'numInternalInLinks-1', 36: 'numExternalInLinks-1', 37: 'trustRank-1', 38: 'numInternalInLinks-2', 39: 'numExternalInLinks-2', 40: 'trustRank-2', 41: 'numInternalInLinks-3', 42: 'numExternalInLinks-3', 43: 'trustRank-3', 44: 'avg_linkExternalChangeRate', 45: 'avg_linkInternalChangeRate'} 

Model: ET

Retraining on 288242 samples
	Testing on 96081 samples
		Test Recall 0.725360824742268
		Test Precision 0.901742993848257
		Test F1 score 0.8039917726822579
		Test Accuracy (b) 0.8594430185013504

________________________________________________________________________________
Random state: 2
2021/06/20 16:48:51

Target: diffExternalOutLinks

Final enumerated feature set (SP_SN_DP3_DN3_DPRate):
	 {0: 'contentLength', 1: 'textSize', 2: 'textQuality', 3: 'pathDepth', 4: 'domainDepth', 5: 'numInternalOutLinks', 6: 'numExternalOutLinks', 7: 'numInternalInLinks', 8: 'numExternalInLinks', 9: 'trustRank', 10: 'avg_contentLength', 11: 'avg_textSize', 12: 'avg_textQuality', 13: 'avg_pathDepth', 14: 'avg_domainDepth', 15: 'avg_numInternalOutLinks', 16: 'avg_numExternalOutLinks', 17: 'avg_numInternalInLinks', 18: 'avg_numExternalInLinks', 19: 'avg_trustRank', 20: 'contentLength-1', 21: 'textSize-1', 22: 'textQuality-1', 23: 'diffInternalOutLinks-1', 24: 'diffExternalOutLinks-1', 25: 'contentLength-2', 26: 'textSize-2', 27: 'textQuality-2', 28: 'diffInternalOutLinks-2', 29: 'diffExternalOutLinks-2', 30: 'contentLength-3', 31: 'textSize-3', 32: 'textQuality-3', 33: 'diffInternalOutLinks-3', 34: 'diffExternalOutLinks-3', 35: 'numInternalInLinks-1', 36: 'numExternalInLinks-1', 37: 'trustRank-1', 38: 'numInternalInLinks-2', 39: 'numExternalInLinks-2', 40: 'trustRank-2', 41: 'numInternalInLinks-3', 42: 'numExternalInLinks-3', 43: 'trustRank-3', 44: 'avg_linkExternalChangeRate', 45: 'avg_linkInternalChangeRate'} 

Model: ET

Retraining on 288242 samples
	Testing on 96081 samples
		Test Recall 0.7278325123152709
		Test Precision 0.9013726487036096
		Test F1 score 0.8053599818305701
		Test Accuracy (b) 0.860638232434206


------------------------------------------------------------
diffExternalOutLinks  -->  DP4

________________________________________________________________________________
Random state: 0
2021/06/20 11:39:05

Target: diffExternalOutLinks

Final enumerated feature set (SP_SN_DP4_DN4_DPRate):
	 {0: 'contentLength', 1: 'textSize', 2: 'textQuality', 3: 'pathDepth', 4: 'domainDepth', 5: 'numInternalOutLinks', 6: 'numExternalOutLinks', 7: 'numInternalInLinks', 8: 'numExternalInLinks', 9: 'trustRank', 10: 'avg_contentLength', 11: 'avg_textSize', 12: 'avg_textQuality', 13: 'avg_pathDepth', 14: 'avg_domainDepth', 15: 'avg_numInternalOutLinks', 16: 'avg_numExternalOutLinks', 17: 'avg_numInternalInLinks', 18: 'avg_numExternalInLinks', 19: 'avg_trustRank', 20: 'contentLength-1', 21: 'textSize-1', 22: 'textQuality-1', 23: 'diffInternalOutLinks-1', 24: 'diffExternalOutLinks-1', 25: 'contentLength-2', 26: 'textSize-2', 27: 'textQuality-2', 28: 'diffInternalOutLinks-2', 29: 'diffExternalOutLinks-2', 30: 'contentLength-3', 31: 'textSize-3', 32: 'textQuality-3', 33: 'diffInternalOutLinks-3', 34: 'diffExternalOutLinks-3', 35: 'contentLength-4', 36: 'textSize-4', 37: 'textQuality-4', 38: 'diffInternalOutLinks-4', 39: 'diffExternalOutLinks-4', 40: 'numInternalInLinks-1', 41: 'numExternalInLinks-1', 42: 'trustRank-1', 43: 'numInternalInLinks-2', 44: 'numExternalInLinks-2', 45: 'trustRank-2', 46: 'numInternalInLinks-3', 47: 'numExternalInLinks-3', 48: 'trustRank-3', 49: 'numInternalInLinks-4', 50: 'numExternalInLinks-4', 51: 'trustRank-4', 52: 'avg_linkExternalChangeRate', 53: 'avg_linkInternalChangeRate'} 

Model: ET

Hyperparameter tuning on 96080 samples

	Scores on the development set:

	mean 0.77624, stdev 0.00773 for parameters {'min_samples_leaf': 2, 'n_estimators': 200}
	mean 0.77679, stdev 0.00595 for parameters {'min_samples_leaf': 2, 'n_estimators': 300}
	mean 0.77696, stdev 0.00649 for parameters {'min_samples_leaf': 2, 'n_estimators': 400}
	mean 0.77621, stdev 0.00620 for parameters {'min_samples_leaf': 2, 'n_estimators': 500}
	mean 0.74687, stdev 0.00868 for parameters {'min_samples_leaf': 5, 'n_estimators': 200}
	mean 0.74936, stdev 0.00951 for parameters {'min_samples_leaf': 5, 'n_estimators': 300}
	mean 0.75031, stdev 0.00840 for parameters {'min_samples_leaf': 5, 'n_estimators': 400}
	mean 0.74996, stdev 0.00899 for parameters {'min_samples_leaf': 5, 'n_estimators': 500}
	mean 0.66330, stdev 0.00913 for parameters {'min_samples_leaf': 10, 'n_estimators': 200}
	mean 0.66480, stdev 0.00843 for parameters {'min_samples_leaf': 10, 'n_estimators': 300}
	mean 0.66485, stdev 0.00783 for parameters {'min_samples_leaf': 10, 'n_estimators': 400}
	mean 0.66569, stdev 0.00859 for parameters {'min_samples_leaf': 10, 'n_estimators': 500}
	mean 0.61525, stdev 0.00888 for parameters {'min_samples_leaf': 15, 'n_estimators': 200}
	mean 0.61592, stdev 0.00966 for parameters {'min_samples_leaf': 15, 'n_estimators': 300}
	mean 0.61683, stdev 0.01053 for parameters {'min_samples_leaf': 15, 'n_estimators': 400}
	mean 0.61764, stdev 0.01039 for parameters {'min_samples_leaf': 15, 'n_estimators': 500}
	mean 0.58455, stdev 0.00958 for parameters {'min_samples_leaf': 20, 'n_estimators': 200}
	mean 0.58440, stdev 0.00960 for parameters {'min_samples_leaf': 20, 'n_estimators': 300}
	mean 0.58541, stdev 0.01059 for parameters {'min_samples_leaf': 20, 'n_estimators': 400}
	mean 0.58789, stdev 0.01031 for parameters {'min_samples_leaf': 20, 'n_estimators': 500}
	mean 0.56697, stdev 0.00688 for parameters {'min_samples_leaf': 25, 'n_estimators': 200}
	mean 0.56845, stdev 0.00774 for parameters {'min_samples_leaf': 25, 'n_estimators': 300}
	mean 0.56853, stdev 0.00751 for parameters {'min_samples_leaf': 25, 'n_estimators': 400}
	mean 0.56870, stdev 0.00735 for parameters {'min_samples_leaf': 25, 'n_estimators': 500}

	Best parameters on the development set: {'min_samples_leaf': 2, 'n_estimators': 400}

Retraining on 288242 samples
	Testing on 96081 samples
		Test Recall 0.733204579942061
		Test Precision 0.9093242087254063
		Test F1 score 0.8118222086451811
		Test Accuracy (b) 0.8636191307491285

Top features in ascending order of importance:
	 ['numExternalInLinks-1', 'numExternalInLinks-4', 'numExternalInLinks-3', 'numExternalInLinks-2', 'numExternalInLinks', 'avg_numExternalInLinks', 'diffInternalOutLinks-2', 'textQuality-4', 'diffInternalOutLinks-1', 'diffInternalOutLinks-4', 'textQuality', 'trustRank-1', 'trustRank-2', 'textQuality-3', 'trustRank-3', 'trustRank', 'trustRank-4', 'textQuality-1', 'textQuality-2', 'diffInternalOutLinks-3', 'domainDepth', 'textSize-2', 'textSize-4', 'textSize', 'avg_domainDepth', 'textSize-3', 'textSize-1', 'avg_numInternalOutLinks', 'contentLength', 'numInternalOutLinks', 'contentLength-4', 'avg_trustRank', 'contentLength-3', 'avg_contentLength', 'avg_textSize', 'contentLength-2', 'avg_numInternalInLinks', 'contentLength-1', 'avg_numExternalOutLinks', 'avg_textQuality', 'pathDepth', 'avg_pathDepth', 'numInternalInLinks-4', 'numInternalInLinks-2', 'numInternalInLinks-3', 'numInternalInLinks-1', 'numInternalInLinks', 'numExternalOutLinks', 'diffExternalOutLinks-4', 'diffExternalOutLinks-2', 'diffExternalOutLinks-3', 'diffExternalOutLinks-1', 'avg_linkInternalChangeRate', 'avg_linkExternalChangeRate'] or [41, 50, 47, 44, 8, 18, 28, 37, 23, 38, 2, 42, 45, 32, 48, 9, 51, 22, 27, 33, 4, 26, 36, 1, 14, 31, 21, 15, 0, 5, 35, 19, 30, 10, 11, 25, 17, 20, 16, 12, 3, 13, 49, 43, 46, 40, 7, 6, 39, 29, 34, 24, 53, 52]

Refitting on two features for decision boundaries
	 [34, 24] F1 score: 0.5359364943145247
	 [34, 53] F1 score: 0.3801785305561914
	 [34, 52] F1 score: 0.42689876696715373
	 [24, 53] F1 score: 0.4223294523883306
	 [24, 52] F1 score: 0.46286007014225483
	 [53, 52] F1 score: 0.4811831893395812

________________________________________________________________________________
Random state: 1
2021/06/20 12:19:20

Target: diffExternalOutLinks

Final enumerated feature set (SP_SN_DP4_DN4_DPRate):
	 {0: 'contentLength', 1: 'textSize', 2: 'textQuality', 3: 'pathDepth', 4: 'domainDepth', 5: 'numInternalOutLinks', 6: 'numExternalOutLinks', 7: 'numInternalInLinks', 8: 'numExternalInLinks', 9: 'trustRank', 10: 'avg_contentLength', 11: 'avg_textSize', 12: 'avg_textQuality', 13: 'avg_pathDepth', 14: 'avg_domainDepth', 15: 'avg_numInternalOutLinks', 16: 'avg_numExternalOutLinks', 17: 'avg_numInternalInLinks', 18: 'avg_numExternalInLinks', 19: 'avg_trustRank', 20: 'contentLength-1', 21: 'textSize-1', 22: 'textQuality-1', 23: 'diffInternalOutLinks-1', 24: 'diffExternalOutLinks-1', 25: 'contentLength-2', 26: 'textSize-2', 27: 'textQuality-2', 28: 'diffInternalOutLinks-2', 29: 'diffExternalOutLinks-2', 30: 'contentLength-3', 31: 'textSize-3', 32: 'textQuality-3', 33: 'diffInternalOutLinks-3', 34: 'diffExternalOutLinks-3', 35: 'contentLength-4', 36: 'textSize-4', 37: 'textQuality-4', 38: 'diffInternalOutLinks-4', 39: 'diffExternalOutLinks-4', 40: 'numInternalInLinks-1', 41: 'numExternalInLinks-1', 42: 'trustRank-1', 43: 'numInternalInLinks-2', 44: 'numExternalInLinks-2', 45: 'trustRank-2', 46: 'numInternalInLinks-3', 47: 'numExternalInLinks-3', 48: 'trustRank-3', 49: 'numInternalInLinks-4', 50: 'numExternalInLinks-4', 51: 'trustRank-4', 52: 'avg_linkExternalChangeRate', 53: 'avg_linkInternalChangeRate'} 

Model: ET

Retraining on 288242 samples
	Testing on 96081 samples
		Test Recall 0.7276975945017182
		Test Precision 0.9086852042567799
		Test F1 score 0.8081825814823296
		Test Accuracy (b) 0.8608535041400333

________________________________________________________________________________
Random state: 2
2021/06/20 12:21:13

Target: diffExternalOutLinks

Final enumerated feature set (SP_SN_DP4_DN4_DPRate):
	 {0: 'contentLength', 1: 'textSize', 2: 'textQuality', 3: 'pathDepth', 4: 'domainDepth', 5: 'numInternalOutLinks', 6: 'numExternalOutLinks', 7: 'numInternalInLinks', 8: 'numExternalInLinks', 9: 'trustRank', 10: 'avg_contentLength', 11: 'avg_textSize', 12: 'avg_textQuality', 13: 'avg_pathDepth', 14: 'avg_domainDepth', 15: 'avg_numInternalOutLinks', 16: 'avg_numExternalOutLinks', 17: 'avg_numInternalInLinks', 18: 'avg_numExternalInLinks', 19: 'avg_trustRank', 20: 'contentLength-1', 21: 'textSize-1', 22: 'textQuality-1', 23: 'diffInternalOutLinks-1', 24: 'diffExternalOutLinks-1', 25: 'contentLength-2', 26: 'textSize-2', 27: 'textQuality-2', 28: 'diffInternalOutLinks-2', 29: 'diffExternalOutLinks-2', 30: 'contentLength-3', 31: 'textSize-3', 32: 'textQuality-3', 33: 'diffInternalOutLinks-3', 34: 'diffExternalOutLinks-3', 35: 'contentLength-4', 36: 'textSize-4', 37: 'textQuality-4', 38: 'diffInternalOutLinks-4', 39: 'diffExternalOutLinks-4', 40: 'numInternalInLinks-1', 41: 'numExternalInLinks-1', 42: 'trustRank-1', 43: 'numInternalInLinks-2', 44: 'numExternalInLinks-2', 45: 'trustRank-2', 46: 'numInternalInLinks-3', 47: 'numExternalInLinks-3', 48: 'trustRank-3', 49: 'numInternalInLinks-4', 50: 'numExternalInLinks-4', 51: 'trustRank-4', 52: 'avg_linkExternalChangeRate', 53: 'avg_linkInternalChangeRate'} 

Model: ET

Retraining on 288242 samples
	Testing on 96081 samples
		Test Recall 0.7286535303776683
		Test Precision 0.9085480293465279
		Test F1 score 0.808717442478548
		Test Accuracy (b) 0.8613078292511054
------------------------------------------------------------
diffExternalOutLinks  -->  DP5

________________________________________________________________________________
Random state: 0
2021/06/20 12:23:01

Target: diffExternalOutLinks

Final enumerated feature set (SP_SN_DP5_DN5_DPRate):
	 {0: 'contentLength', 1: 'textSize', 2: 'textQuality', 3: 'pathDepth', 4: 'domainDepth', 5: 'numInternalOutLinks', 6: 'numExternalOutLinks', 7: 'numInternalInLinks', 8: 'numExternalInLinks', 9: 'trustRank', 10: 'avg_contentLength', 11: 'avg_textSize', 12: 'avg_textQuality', 13: 'avg_pathDepth', 14: 'avg_domainDepth', 15: 'avg_numInternalOutLinks', 16: 'avg_numExternalOutLinks', 17: 'avg_numInternalInLinks', 18: 'avg_numExternalInLinks', 19: 'avg_trustRank', 20: 'contentLength-1', 21: 'textSize-1', 22: 'textQuality-1', 23: 'diffInternalOutLinks-1', 24: 'diffExternalOutLinks-1', 25: 'contentLength-2', 26: 'textSize-2', 27: 'textQuality-2', 28: 'diffInternalOutLinks-2', 29: 'diffExternalOutLinks-2', 30: 'contentLength-3', 31: 'textSize-3', 32: 'textQuality-3', 33: 'diffInternalOutLinks-3', 34: 'diffExternalOutLinks-3', 35: 'contentLength-4', 36: 'textSize-4', 37: 'textQuality-4', 38: 'diffInternalOutLinks-4', 39: 'diffExternalOutLinks-4', 40: 'contentLength-5', 41: 'textSize-5', 42: 'textQuality-5', 43: 'diffInternalOutLinks-5', 44: 'diffExternalOutLinks-5', 45: 'numInternalInLinks-1', 46: 'numExternalInLinks-1', 47: 'trustRank-1', 48: 'numInternalInLinks-2', 49: 'numExternalInLinks-2', 50: 'trustRank-2', 51: 'numInternalInLinks-3', 52: 'numExternalInLinks-3', 53: 'trustRank-3', 54: 'numInternalInLinks-4', 55: 'numExternalInLinks-4', 56: 'trustRank-4', 57: 'numInternalInLinks-5', 58: 'numExternalInLinks-5', 59: 'trustRank-5', 60: 'avg_linkExternalChangeRate', 61: 'avg_linkInternalChangeRate'} 

Model: ET

Hyperparameter tuning on 96080 samples

	Scores on the development set:

	mean 0.77696, stdev 0.00525 for parameters {'min_samples_leaf': 2, 'n_estimators': 200}
	mean 0.77763, stdev 0.00654 for parameters {'min_samples_leaf': 2, 'n_estimators': 300}
	mean 0.77821, stdev 0.00785 for parameters {'min_samples_leaf': 2, 'n_estimators': 400}
	mean 0.77833, stdev 0.00836 for parameters {'min_samples_leaf': 2, 'n_estimators': 500}
	mean 0.75361, stdev 0.00752 for parameters {'min_samples_leaf': 5, 'n_estimators': 200}
	mean 0.75529, stdev 0.00807 for parameters {'min_samples_leaf': 5, 'n_estimators': 300}
	mean 0.75419, stdev 0.00815 for parameters {'min_samples_leaf': 5, 'n_estimators': 400}
	mean 0.75640, stdev 0.00916 for parameters {'min_samples_leaf': 5, 'n_estimators': 500}
	mean 0.67465, stdev 0.00923 for parameters {'min_samples_leaf': 10, 'n_estimators': 200}
	mean 0.67427, stdev 0.00978 for parameters {'min_samples_leaf': 10, 'n_estimators': 300}
	mean 0.67516, stdev 0.00954 for parameters {'min_samples_leaf': 10, 'n_estimators': 400}
	mean 0.67509, stdev 0.00953 for parameters {'min_samples_leaf': 10, 'n_estimators': 500}
	mean 0.62741, stdev 0.01021 for parameters {'min_samples_leaf': 15, 'n_estimators': 200}
	mean 0.62774, stdev 0.00950 for parameters {'min_samples_leaf': 15, 'n_estimators': 300}
	mean 0.62771, stdev 0.00955 for parameters {'min_samples_leaf': 15, 'n_estimators': 400}
	mean 0.62767, stdev 0.00828 for parameters {'min_samples_leaf': 15, 'n_estimators': 500}
	mean 0.59412, stdev 0.00929 for parameters {'min_samples_leaf': 20, 'n_estimators': 200}
	mean 0.59722, stdev 0.00928 for parameters {'min_samples_leaf': 20, 'n_estimators': 300}
	mean 0.59807, stdev 0.00963 for parameters {'min_samples_leaf': 20, 'n_estimators': 400}
	mean 0.59971, stdev 0.01064 for parameters {'min_samples_leaf': 20, 'n_estimators': 500}
	mean 0.57489, stdev 0.00723 for parameters {'min_samples_leaf': 25, 'n_estimators': 200}
	mean 0.57476, stdev 0.00910 for parameters {'min_samples_leaf': 25, 'n_estimators': 300}
	mean 0.57650, stdev 0.00897 for parameters {'min_samples_leaf': 25, 'n_estimators': 400}
	mean 0.57724, stdev 0.01008 for parameters {'min_samples_leaf': 25, 'n_estimators': 500}

	Best parameters on the development set: {'min_samples_leaf': 2, 'n_estimators': 500}

Retraining on 288242 samples
	Testing on 96081 samples
		Test Recall 0.7316871292592082
		Test Precision 0.9122807017543859
		Test F1 score 0.8120646099670826
		Test Accuracy (b) 0.8629729774538115

Top features in ascending order of importance:
	 ['numExternalInLinks', 'numExternalInLinks-2', 'numExternalInLinks-5', 'numExternalInLinks-1', 'numExternalInLinks-4', 'numExternalInLinks-3', 'trustRank', 'avg_numExternalInLinks', 'trustRank-3', 'trustRank-4', 'trustRank-5', 'trustRank-2', 'diffInternalOutLinks-4', 'textQuality-4', 'trustRank-1', 'textQuality-1', 'diffInternalOutLinks-1', 'diffInternalOutLinks-2', 'textQuality-3', 'diffInternalOutLinks-5', 'textQuality', 'diffInternalOutLinks-3', 'textQuality-5', 'textQuality-2', 'textSize', 'textSize-1', 'domainDepth', 'textSize-4', 'textSize-3', 'textSize-5', 'textSize-2', 'numInternalOutLinks', 'avg_domainDepth', 'avg_numInternalOutLinks', 'avg_textSize', 'avg_contentLength', 'contentLength-3', 'contentLength', 'contentLength-5', 'contentLength-2', 'avg_numInternalInLinks', 'contentLength-4', 'avg_trustRank', 'contentLength-1', 'avg_textQuality', 'avg_numExternalOutLinks', 'pathDepth', 'avg_pathDepth', 'numInternalInLinks-5', 'numInternalInLinks-1', 'numInternalInLinks', 'numInternalInLinks-3', 'numInternalInLinks-4', 'numExternalOutLinks', 'numInternalInLinks-2', 'diffExternalOutLinks-5', 'diffExternalOutLinks-4', 'diffExternalOutLinks-2', 'diffExternalOutLinks-3', 'diffExternalOutLinks-1', 'avg_linkInternalChangeRate', 'avg_linkExternalChangeRate'] or [8, 49, 58, 46, 55, 52, 9, 18, 53, 56, 59, 50, 38, 37, 47, 22, 23, 28, 32, 43, 2, 33, 42, 27, 1, 21, 4, 36, 31, 41, 26, 5, 14, 15, 11, 10, 30, 0, 40, 25, 17, 35, 19, 20, 12, 16, 3, 13, 57, 45, 7, 51, 54, 6, 48, 44, 39, 29, 34, 24, 61, 60]

Refitting on two features for decision boundaries
	 [34, 24] F1 score: 0.5358790089027138
	 [34, 61] F1 score: 0.37776350100147393
	 [34, 60] F1 score: 0.4253682656319747
	 [24, 61] F1 score: 0.4218259060937293
	 [24, 60] F1 score: 0.4631131406975828
	 [61, 60] F1 score: 0.4810707830589615

________________________________________________________________________________
Random state: 1
2021/06/20 13:09:12

Target: diffExternalOutLinks

Final enumerated feature set (SP_SN_DP5_DN5_DPRate):
	 {0: 'contentLength', 1: 'textSize', 2: 'textQuality', 3: 'pathDepth', 4: 'domainDepth', 5: 'numInternalOutLinks', 6: 'numExternalOutLinks', 7: 'numInternalInLinks', 8: 'numExternalInLinks', 9: 'trustRank', 10: 'avg_contentLength', 11: 'avg_textSize', 12: 'avg_textQuality', 13: 'avg_pathDepth', 14: 'avg_domainDepth', 15: 'avg_numInternalOutLinks', 16: 'avg_numExternalOutLinks', 17: 'avg_numInternalInLinks', 18: 'avg_numExternalInLinks', 19: 'avg_trustRank', 20: 'contentLength-1', 21: 'textSize-1', 22: 'textQuality-1', 23: 'diffInternalOutLinks-1', 24: 'diffExternalOutLinks-1', 25: 'contentLength-2', 26: 'textSize-2', 27: 'textQuality-2', 28: 'diffInternalOutLinks-2', 29: 'diffExternalOutLinks-2', 30: 'contentLength-3', 31: 'textSize-3', 32: 'textQuality-3', 33: 'diffInternalOutLinks-3', 34: 'diffExternalOutLinks-3', 35: 'contentLength-4', 36: 'textSize-4', 37: 'textQuality-4', 38: 'diffInternalOutLinks-4', 39: 'diffExternalOutLinks-4', 40: 'contentLength-5', 41: 'textSize-5', 42: 'textQuality-5', 43: 'diffInternalOutLinks-5', 44: 'diffExternalOutLinks-5', 45: 'numInternalInLinks-1', 46: 'numExternalInLinks-1', 47: 'trustRank-1', 48: 'numInternalInLinks-2', 49: 'numExternalInLinks-2', 50: 'trustRank-2', 51: 'numInternalInLinks-3', 52: 'numExternalInLinks-3', 53: 'trustRank-3', 54: 'numInternalInLinks-4', 55: 'numExternalInLinks-4', 56: 'trustRank-4', 57: 'numInternalInLinks-5', 58: 'numExternalInLinks-5', 59: 'trustRank-5', 60: 'avg_linkExternalChangeRate', 61: 'avg_linkInternalChangeRate'} 

Model: ET

Retraining on 288242 samples
	Testing on 96081 samples
		Test Recall 0.7290721649484536
		Test Precision 0.9138525155065472
		Test F1 score 0.8110711828121416
		Test Accuracy (b) 0.8617209573700672

________________________________________________________________________________
Random state: 2
2021/06/20 13:11:42

Target: diffExternalOutLinks

Final enumerated feature set (SP_SN_DP5_DN5_DPRate):
	 {0: 'contentLength', 1: 'textSize', 2: 'textQuality', 3: 'pathDepth', 4: 'domainDepth', 5: 'numInternalOutLinks', 6: 'numExternalOutLinks', 7: 'numInternalInLinks', 8: 'numExternalInLinks', 9: 'trustRank', 10: 'avg_contentLength', 11: 'avg_textSize', 12: 'avg_textQuality', 13: 'avg_pathDepth', 14: 'avg_domainDepth', 15: 'avg_numInternalOutLinks', 16: 'avg_numExternalOutLinks', 17: 'avg_numInternalInLinks', 18: 'avg_numExternalInLinks', 19: 'avg_trustRank', 20: 'contentLength-1', 21: 'textSize-1', 22: 'textQuality-1', 23: 'diffInternalOutLinks-1', 24: 'diffExternalOutLinks-1', 25: 'contentLength-2', 26: 'textSize-2', 27: 'textQuality-2', 28: 'diffInternalOutLinks-2', 29: 'diffExternalOutLinks-2', 30: 'contentLength-3', 31: 'textSize-3', 32: 'textQuality-3', 33: 'diffInternalOutLinks-3', 34: 'diffExternalOutLinks-3', 35: 'contentLength-4', 36: 'textSize-4', 37: 'textQuality-4', 38: 'diffInternalOutLinks-4', 39: 'diffExternalOutLinks-4', 40: 'contentLength-5', 41: 'textSize-5', 42: 'textQuality-5', 43: 'diffInternalOutLinks-5', 44: 'diffExternalOutLinks-5', 45: 'numInternalInLinks-1', 46: 'numExternalInLinks-1', 47: 'trustRank-1', 48: 'numInternalInLinks-2', 49: 'numExternalInLinks-2', 50: 'trustRank-2', 51: 'numInternalInLinks-3', 52: 'numExternalInLinks-3', 53: 'trustRank-3', 54: 'numInternalInLinks-4', 55: 'numExternalInLinks-4', 56: 'trustRank-4', 57: 'numInternalInLinks-5', 58: 'numExternalInLinks-5', 59: 'trustRank-5', 60: 'avg_linkExternalChangeRate', 61: 'avg_linkInternalChangeRate'} 

Model: ET

Retraining on 288242 samples
	Testing on 96081 samples
		Test Recall 0.7282430213464697
		Test Precision 0.9116135662898253
		Test F1 score 0.8096759470561388
		Test Accuracy (b) 0.8612152215988541
------------------------------------------------------------
diffExternalOutLinks  -->  DP6

________________________________________________________________________________
Random state: 0
2021/06/20 13:14:13

Target: diffExternalOutLinks

Final enumerated feature set (SP_SN_DP6_DN6_DPRate):
	 {0: 'contentLength', 1: 'textSize', 2: 'textQuality', 3: 'pathDepth', 4: 'domainDepth', 5: 'numInternalOutLinks', 6: 'numExternalOutLinks', 7: 'numInternalInLinks', 8: 'numExternalInLinks', 9: 'trustRank', 10: 'avg_contentLength', 11: 'avg_textSize', 12: 'avg_textQuality', 13: 'avg_pathDepth', 14: 'avg_domainDepth', 15: 'avg_numInternalOutLinks', 16: 'avg_numExternalOutLinks', 17: 'avg_numInternalInLinks', 18: 'avg_numExternalInLinks', 19: 'avg_trustRank', 20: 'contentLength-1', 21: 'textSize-1', 22: 'textQuality-1', 23: 'diffInternalOutLinks-1', 24: 'diffExternalOutLinks-1', 25: 'contentLength-2', 26: 'textSize-2', 27: 'textQuality-2', 28: 'diffInternalOutLinks-2', 29: 'diffExternalOutLinks-2', 30: 'contentLength-3', 31: 'textSize-3', 32: 'textQuality-3', 33: 'diffInternalOutLinks-3', 34: 'diffExternalOutLinks-3', 35: 'contentLength-4', 36: 'textSize-4', 37: 'textQuality-4', 38: 'diffInternalOutLinks-4', 39: 'diffExternalOutLinks-4', 40: 'contentLength-5', 41: 'textSize-5', 42: 'textQuality-5', 43: 'diffInternalOutLinks-5', 44: 'diffExternalOutLinks-5', 45: 'contentLength-6', 46: 'textSize-6', 47: 'textQuality-6', 48: 'diffInternalOutLinks-6', 49: 'diffExternalOutLinks-6', 50: 'numInternalInLinks-1', 51: 'numExternalInLinks-1', 52: 'trustRank-1', 53: 'numInternalInLinks-2', 54: 'numExternalInLinks-2', 55: 'trustRank-2', 56: 'numInternalInLinks-3', 57: 'numExternalInLinks-3', 58: 'trustRank-3', 59: 'numInternalInLinks-4', 60: 'numExternalInLinks-4', 61: 'trustRank-4', 62: 'numInternalInLinks-5', 63: 'numExternalInLinks-5', 64: 'trustRank-5', 65: 'numInternalInLinks-6', 66: 'numExternalInLinks-6', 67: 'trustRank-6', 68: 'avg_linkExternalChangeRate', 69: 'avg_linkInternalChangeRate'} 

Model: ET

Hyperparameter tuning on 96080 samples

	Scores on the development set:

	mean 0.78014, stdev 0.00794 for parameters {'min_samples_leaf': 2, 'n_estimators': 200}
	mean 0.78126, stdev 0.00770 for parameters {'min_samples_leaf': 2, 'n_estimators': 300}
	mean 0.78065, stdev 0.00824 for parameters {'min_samples_leaf': 2, 'n_estimators': 400}
	mean 0.78092, stdev 0.00847 for parameters {'min_samples_leaf': 2, 'n_estimators': 500}
	mean 0.76531, stdev 0.00893 for parameters {'min_samples_leaf': 5, 'n_estimators': 200}
	mean 0.76641, stdev 0.00807 for parameters {'min_samples_leaf': 5, 'n_estimators': 300}
	mean 0.76651, stdev 0.00847 for parameters {'min_samples_leaf': 5, 'n_estimators': 400}
	mean 0.76669, stdev 0.00760 for parameters {'min_samples_leaf': 5, 'n_estimators': 500}
	mean 0.68860, stdev 0.01188 for parameters {'min_samples_leaf': 10, 'n_estimators': 200}
	mean 0.68973, stdev 0.01060 for parameters {'min_samples_leaf': 10, 'n_estimators': 300}
	mean 0.69023, stdev 0.01013 for parameters {'min_samples_leaf': 10, 'n_estimators': 400}
	mean 0.69154, stdev 0.00974 for parameters {'min_samples_leaf': 10, 'n_estimators': 500}
	mean 0.64397, stdev 0.01237 for parameters {'min_samples_leaf': 15, 'n_estimators': 200}
	mean 0.64435, stdev 0.01038 for parameters {'min_samples_leaf': 15, 'n_estimators': 300}
	mean 0.64384, stdev 0.01147 for parameters {'min_samples_leaf': 15, 'n_estimators': 400}
	mean 0.64306, stdev 0.01232 for parameters {'min_samples_leaf': 15, 'n_estimators': 500}
	mean 0.61458, stdev 0.00775 for parameters {'min_samples_leaf': 20, 'n_estimators': 200}
	mean 0.61157, stdev 0.00936 for parameters {'min_samples_leaf': 20, 'n_estimators': 300}
	mean 0.61175, stdev 0.01028 for parameters {'min_samples_leaf': 20, 'n_estimators': 400}
	mean 0.61209, stdev 0.01052 for parameters {'min_samples_leaf': 20, 'n_estimators': 500}
	mean 0.59135, stdev 0.01118 for parameters {'min_samples_leaf': 25, 'n_estimators': 200}
	mean 0.59088, stdev 0.01031 for parameters {'min_samples_leaf': 25, 'n_estimators': 300}
	mean 0.59219, stdev 0.01121 for parameters {'min_samples_leaf': 25, 'n_estimators': 400}
	mean 0.59176, stdev 0.01003 for parameters {'min_samples_leaf': 25, 'n_estimators': 500}

	Best parameters on the development set: {'min_samples_leaf': 2, 'n_estimators': 300}

Retraining on 288242 samples
	Testing on 96081 samples
		Test Recall 0.7354117809353015
		Test Precision 0.9167669819432502
		Test F1 score 0.8161359461114513
		Test Accuracy (b) 0.8649816469518006

Top features in ascending order of importance:
	 ['numExternalInLinks-1', 'numExternalInLinks-6', 'numExternalInLinks-2', 'numExternalInLinks-4', 'numExternalInLinks-5', 'numExternalInLinks', 'numExternalInLinks-3', 'avg_numExternalInLinks', 'diffInternalOutLinks-2', 'textQuality-4', 'trustRank-3', 'diffInternalOutLinks-5', 'textQuality-2', 'textQuality', 'trustRank-2', 'textQuality-1', 'diffInternalOutLinks-6', 'diffInternalOutLinks-3', 'textQuality-6', 'diffInternalOutLinks-1', 'trustRank-5', 'trustRank-1', 'trustRank-6', 'trustRank-4', 'textQuality-3', 'diffInternalOutLinks-4', 'textSize-2', 'textSize-6', 'domainDepth', 'trustRank', 'textQuality-5', 'textSize-3', 'textSize', 'textSize-5', 'textSize-1', 'textSize-4', 'avg_domainDepth', 'avg_numInternalOutLinks', 'avg_contentLength', 'avg_numInternalInLinks', 'contentLength-5', 'contentLength-6', 'numInternalOutLinks', 'avg_trustRank', 'avg_textQuality', 'contentLength', 'avg_textSize', 'contentLength-3', 'avg_numExternalOutLinks', 'contentLength-1', 'contentLength-2', 'contentLength-4', 'avg_pathDepth', 'pathDepth', 'numInternalInLinks-4', 'numInternalInLinks-6', 'numInternalInLinks-1', 'numInternalInLinks', 'numInternalInLinks-5', 'numInternalInLinks-2', 'numExternalOutLinks', 'numInternalInLinks-3', 'diffExternalOutLinks-5', 'diffExternalOutLinks-4', 'diffExternalOutLinks-6', 'diffExternalOutLinks-2', 'diffExternalOutLinks-3', 'diffExternalOutLinks-1', 'avg_linkInternalChangeRate', 'avg_linkExternalChangeRate'] or [51, 66, 54, 60, 63, 8, 57, 18, 28, 37, 58, 43, 27, 2, 55, 22, 48, 33, 47, 23, 64, 52, 67, 61, 32, 38, 26, 46, 4, 9, 42, 31, 1, 41, 21, 36, 14, 15, 10, 17, 40, 45, 5, 19, 12, 0, 11, 30, 16, 20, 25, 35, 13, 3, 59, 65, 50, 7, 62, 53, 6, 56, 44, 39, 49, 29, 34, 24, 69, 68]

Refitting on two features for decision boundaries
	 [34, 24] F1 score: 0.5361377904169126
	 [34, 69] F1 score: 0.3804658610041554
	 [34, 68] F1 score: 0.42546615844236124
	 [24, 69] F1 score: 0.42181015452538634
	 [24, 68] F1 score: 0.43716519472998405
	 [69, 68] F1 score: 0.48113990142975643

________________________________________________________________________________
Random state: 1
2021/06/20 13:57:38

Target: diffExternalOutLinks

Final enumerated feature set (SP_SN_DP6_DN6_DPRate):
	 {0: 'contentLength', 1: 'textSize', 2: 'textQuality', 3: 'pathDepth', 4: 'domainDepth', 5: 'numInternalOutLinks', 6: 'numExternalOutLinks', 7: 'numInternalInLinks', 8: 'numExternalInLinks', 9: 'trustRank', 10: 'avg_contentLength', 11: 'avg_textSize', 12: 'avg_textQuality', 13: 'avg_pathDepth', 14: 'avg_domainDepth', 15: 'avg_numInternalOutLinks', 16: 'avg_numExternalOutLinks', 17: 'avg_numInternalInLinks', 18: 'avg_numExternalInLinks', 19: 'avg_trustRank', 20: 'contentLength-1', 21: 'textSize-1', 22: 'textQuality-1', 23: 'diffInternalOutLinks-1', 24: 'diffExternalOutLinks-1', 25: 'contentLength-2', 26: 'textSize-2', 27: 'textQuality-2', 28: 'diffInternalOutLinks-2', 29: 'diffExternalOutLinks-2', 30: 'contentLength-3', 31: 'textSize-3', 32: 'textQuality-3', 33: 'diffInternalOutLinks-3', 34: 'diffExternalOutLinks-3', 35: 'contentLength-4', 36: 'textSize-4', 37: 'textQuality-4', 38: 'diffInternalOutLinks-4', 39: 'diffExternalOutLinks-4', 40: 'contentLength-5', 41: 'textSize-5', 42: 'textQuality-5', 43: 'diffInternalOutLinks-5', 44: 'diffExternalOutLinks-5', 45: 'contentLength-6', 46: 'textSize-6', 47: 'textQuality-6', 48: 'diffInternalOutLinks-6', 49: 'diffExternalOutLinks-6', 50: 'numInternalInLinks-1', 51: 'numExternalInLinks-1', 52: 'trustRank-1', 53: 'numInternalInLinks-2', 54: 'numExternalInLinks-2', 55: 'trustRank-2', 56: 'numInternalInLinks-3', 57: 'numExternalInLinks-3', 58: 'trustRank-3', 59: 'numInternalInLinks-4', 60: 'numExternalInLinks-4', 61: 'trustRank-4', 62: 'numInternalInLinks-5', 63: 'numExternalInLinks-5', 64: 'trustRank-5', 65: 'numInternalInLinks-6', 66: 'numExternalInLinks-6', 67: 'trustRank-6', 68: 'avg_linkExternalChangeRate', 69: 'avg_linkInternalChangeRate'} 

Model: ET

Retraining on 288242 samples
	Testing on 96081 samples
		Test Recall 0.7300343642611684
		Test Precision 0.9172711571675303
		Test F1 score 0.8130118637581325
		Test Accuracy (b) 0.8623202922807993

________________________________________________________________________________
Random state: 2
2021/06/20 13:59:15

Target: diffExternalOutLinks

Final enumerated feature set (SP_SN_DP6_DN6_DPRate):
	 {0: 'contentLength', 1: 'textSize', 2: 'textQuality', 3: 'pathDepth', 4: 'domainDepth', 5: 'numInternalOutLinks', 6: 'numExternalOutLinks', 7: 'numInternalInLinks', 8: 'numExternalInLinks', 9: 'trustRank', 10: 'avg_contentLength', 11: 'avg_textSize', 12: 'avg_textQuality', 13: 'avg_pathDepth', 14: 'avg_domainDepth', 15: 'avg_numInternalOutLinks', 16: 'avg_numExternalOutLinks', 17: 'avg_numInternalInLinks', 18: 'avg_numExternalInLinks', 19: 'avg_trustRank', 20: 'contentLength-1', 21: 'textSize-1', 22: 'textQuality-1', 23: 'diffInternalOutLinks-1', 24: 'diffExternalOutLinks-1', 25: 'contentLength-2', 26: 'textSize-2', 27: 'textQuality-2', 28: 'diffInternalOutLinks-2', 29: 'diffExternalOutLinks-2', 30: 'contentLength-3', 31: 'textSize-3', 32: 'textQuality-3', 33: 'diffInternalOutLinks-3', 34: 'diffExternalOutLinks-3', 35: 'contentLength-4', 36: 'textSize-4', 37: 'textQuality-4', 38: 'diffInternalOutLinks-4', 39: 'diffExternalOutLinks-4', 40: 'contentLength-5', 41: 'textSize-5', 42: 'textQuality-5', 43: 'diffInternalOutLinks-5', 44: 'diffExternalOutLinks-5', 45: 'contentLength-6', 46: 'textSize-6', 47: 'textQuality-6', 48: 'diffInternalOutLinks-6', 49: 'diffExternalOutLinks-6', 50: 'numInternalInLinks-1', 51: 'numExternalInLinks-1', 52: 'trustRank-1', 53: 'numInternalInLinks-2', 54: 'numExternalInLinks-2', 55: 'trustRank-2', 56: 'numInternalInLinks-3', 57: 'numExternalInLinks-3', 58: 'trustRank-3', 59: 'numInternalInLinks-4', 60: 'numExternalInLinks-4', 61: 'trustRank-4', 62: 'numInternalInLinks-5', 63: 'numExternalInLinks-5', 64: 'trustRank-5', 65: 'numInternalInLinks-6', 66: 'numExternalInLinks-6', 67: 'trustRank-6', 68: 'avg_linkExternalChangeRate', 69: 'avg_linkInternalChangeRate'} 

Model: ET

Retraining on 288242 samples
	Testing on 96081 samples
		Test Recall 0.7308429118773946
		Test Precision 0.9183287482806052
		Test F1 score 0.8139286802804022
		Test Accuracy (b) 0.8627460929341801
------------------------------------------------------------
diffExternalOutLinks  -->  DP7

________________________________________________________________________________
Random state: 0
2021/06/20 14:00:51

Target: diffExternalOutLinks

Final enumerated feature set (SP_SN_DP7_DN7_DPRate):
	 {0: 'contentLength', 1: 'textSize', 2: 'textQuality', 3: 'pathDepth', 4: 'domainDepth', 5: 'numInternalOutLinks', 6: 'numExternalOutLinks', 7: 'numInternalInLinks', 8: 'numExternalInLinks', 9: 'trustRank', 10: 'avg_contentLength', 11: 'avg_textSize', 12: 'avg_textQuality', 13: 'avg_pathDepth', 14: 'avg_domainDepth', 15: 'avg_numInternalOutLinks', 16: 'avg_numExternalOutLinks', 17: 'avg_numInternalInLinks', 18: 'avg_numExternalInLinks', 19: 'avg_trustRank', 20: 'contentLength-1', 21: 'textSize-1', 22: 'textQuality-1', 23: 'diffInternalOutLinks-1', 24: 'diffExternalOutLinks-1', 25: 'contentLength-2', 26: 'textSize-2', 27: 'textQuality-2', 28: 'diffInternalOutLinks-2', 29: 'diffExternalOutLinks-2', 30: 'contentLength-3', 31: 'textSize-3', 32: 'textQuality-3', 33: 'diffInternalOutLinks-3', 34: 'diffExternalOutLinks-3', 35: 'contentLength-4', 36: 'textSize-4', 37: 'textQuality-4', 38: 'diffInternalOutLinks-4', 39: 'diffExternalOutLinks-4', 40: 'contentLength-5', 41: 'textSize-5', 42: 'textQuality-5', 43: 'diffInternalOutLinks-5', 44: 'diffExternalOutLinks-5', 45: 'contentLength-6', 46: 'textSize-6', 47: 'textQuality-6', 48: 'diffInternalOutLinks-6', 49: 'diffExternalOutLinks-6', 50: 'contentLength-7', 51: 'textSize-7', 52: 'textQuality-7', 53: 'diffInternalOutLinks-7', 54: 'diffExternalOutLinks-7', 55: 'numInternalInLinks-1', 56: 'numExternalInLinks-1', 57: 'trustRank-1', 58: 'numInternalInLinks-2', 59: 'numExternalInLinks-2', 60: 'trustRank-2', 61: 'numInternalInLinks-3', 62: 'numExternalInLinks-3', 63: 'trustRank-3', 64: 'numInternalInLinks-4', 65: 'numExternalInLinks-4', 66: 'trustRank-4', 67: 'numInternalInLinks-5', 68: 'numExternalInLinks-5', 69: 'trustRank-5', 70: 'numInternalInLinks-6', 71: 'numExternalInLinks-6', 72: 'trustRank-6', 73: 'numInternalInLinks-7', 74: 'numExternalInLinks-7', 75: 'trustRank-7', 76: 'avg_linkExternalChangeRate', 77: 'avg_linkInternalChangeRate'} 

Model: ET

Hyperparameter tuning on 96080 samples

	Scores on the development set:

	mean 0.78033, stdev 0.00998 for parameters {'min_samples_leaf': 2, 'n_estimators': 200}
	mean 0.78174, stdev 0.00912 for parameters {'min_samples_leaf': 2, 'n_estimators': 300}
	mean 0.78227, stdev 0.00973 for parameters {'min_samples_leaf': 2, 'n_estimators': 400}
	mean 0.78133, stdev 0.00969 for parameters {'min_samples_leaf': 2, 'n_estimators': 500}
	mean 0.76664, stdev 0.00671 for parameters {'min_samples_leaf': 5, 'n_estimators': 200}
	mean 0.76647, stdev 0.00727 for parameters {'min_samples_leaf': 5, 'n_estimators': 300}
	mean 0.76787, stdev 0.00666 for parameters {'min_samples_leaf': 5, 'n_estimators': 400}
	mean 0.76883, stdev 0.00610 for parameters {'min_samples_leaf': 5, 'n_estimators': 500}
	mean 0.69712, stdev 0.01294 for parameters {'min_samples_leaf': 10, 'n_estimators': 200}
	mean 0.69883, stdev 0.01201 for parameters {'min_samples_leaf': 10, 'n_estimators': 300}
	mean 0.69906, stdev 0.01170 for parameters {'min_samples_leaf': 10, 'n_estimators': 400}
	mean 0.69833, stdev 0.01076 for parameters {'min_samples_leaf': 10, 'n_estimators': 500}
	mean 0.64697, stdev 0.00822 for parameters {'min_samples_leaf': 15, 'n_estimators': 200}
	mean 0.65071, stdev 0.01122 for parameters {'min_samples_leaf': 15, 'n_estimators': 300}
	mean 0.65126, stdev 0.00985 for parameters {'min_samples_leaf': 15, 'n_estimators': 400}
	mean 0.65160, stdev 0.00982 for parameters {'min_samples_leaf': 15, 'n_estimators': 500}
	mean 0.62160, stdev 0.00906 for parameters {'min_samples_leaf': 20, 'n_estimators': 200}
	mean 0.62581, stdev 0.01014 for parameters {'min_samples_leaf': 20, 'n_estimators': 300}
	mean 0.62456, stdev 0.00922 for parameters {'min_samples_leaf': 20, 'n_estimators': 400}
	mean 0.62437, stdev 0.00910 for parameters {'min_samples_leaf': 20, 'n_estimators': 500}
	mean 0.59676, stdev 0.01082 for parameters {'min_samples_leaf': 25, 'n_estimators': 200}
	mean 0.60063, stdev 0.00847 for parameters {'min_samples_leaf': 25, 'n_estimators': 300}
	mean 0.59972, stdev 0.00943 for parameters {'min_samples_leaf': 25, 'n_estimators': 400}
	mean 0.59937, stdev 0.01044 for parameters {'min_samples_leaf': 25, 'n_estimators': 500}

	Best parameters on the development set: {'min_samples_leaf': 2, 'n_estimators': 400}

Retraining on 288242 samples
	Testing on 96081 samples
		Test Recall 0.730859428886743
		Test Precision 0.9169262720664589
		Test F1 score 0.8133875796422815
		Test Accuracy (b) 0.8627279853367433

Top features in ascending order of importance:
	 ['numExternalInLinks-7', 'numExternalInLinks', 'numExternalInLinks-4', 'numExternalInLinks-3', 'numExternalInLinks-5', 'numExternalInLinks-2', 'numExternalInLinks-6', 'numExternalInLinks-1', 'textQuality', 'avg_numExternalInLinks', 'diffInternalOutLinks-3', 'trustRank-7', 'trustRank-6', 'diffInternalOutLinks-2', 'textQuality-7', 'textQuality-1', 'textQuality-4', 'diffInternalOutLinks-1', 'textQuality-3', 'diffInternalOutLinks-5', 'diffInternalOutLinks-4', 'textQuality-2', 'diffInternalOutLinks-6', 'trustRank-4', 'textQuality-5', 'trustRank-5', 'trustRank-3', 'textQuality-6', 'textSize-4', 'trustRank', 'diffInternalOutLinks-7', 'trustRank-1', 'trustRank-2', 'textSize', 'textSize-6', 'textSize-1', 'textSize-3', 'textSize-5', 'textSize-2', 'domainDepth', 'avg_domainDepth', 'textSize-7', 'avg_textSize', 'contentLength-7', 'contentLength-5', 'contentLength-6', 'avg_numInternalInLinks', 'avg_trustRank', 'avg_numInternalOutLinks', 'avg_contentLength', 'contentLength-1', 'contentLength', 'pathDepth', 'contentLength-2', 'numInternalOutLinks', 'diffExternalOutLinks-7', 'contentLength-3', 'contentLength-4', 'numInternalInLinks-7', 'avg_textQuality', 'numInternalInLinks-3', 'numInternalInLinks-6', 'avg_numExternalOutLinks', 'numInternalInLinks-5', 'numInternalInLinks-4', 'numInternalInLinks-2', 'avg_pathDepth', 'numInternalInLinks-1', 'diffExternalOutLinks-5', 'numExternalOutLinks', 'diffExternalOutLinks-4', 'numInternalInLinks', 'diffExternalOutLinks-6', 'diffExternalOutLinks-2', 'diffExternalOutLinks-3', 'diffExternalOutLinks-1', 'avg_linkInternalChangeRate', 'avg_linkExternalChangeRate'] or [74, 8, 65, 62, 68, 59, 71, 56, 2, 18, 33, 75, 72, 28, 52, 22, 37, 23, 32, 43, 38, 27, 48, 66, 42, 69, 63, 47, 36, 9, 53, 57, 60, 1, 46, 21, 31, 41, 26, 4, 14, 51, 11, 50, 40, 45, 17, 19, 15, 10, 20, 0, 3, 25, 5, 54, 30, 35, 73, 12, 61, 70, 16, 67, 64, 58, 13, 55, 44, 6, 39, 7, 49, 29, 34, 24, 77, 76]

Refitting on two features for decision boundaries
	 [34, 24] F1 score: 0.5359364943145247
	 [34, 77] F1 score: 0.3801785305561914
	 [34, 76] F1 score: 0.42689876696715373
	 [24, 77] F1 score: 0.4223294523883306
	 [24, 76] F1 score: 0.46286007014225483
	 [77, 76] F1 score: 0.4811831893395812

________________________________________________________________________________
Random state: 1
2021/06/20 14:50:39

Target: diffExternalOutLinks

Final enumerated feature set (SP_SN_DP7_DN7_DPRate):
	 {0: 'contentLength', 1: 'textSize', 2: 'textQuality', 3: 'pathDepth', 4: 'domainDepth', 5: 'numInternalOutLinks', 6: 'numExternalOutLinks', 7: 'numInternalInLinks', 8: 'numExternalInLinks', 9: 'trustRank', 10: 'avg_contentLength', 11: 'avg_textSize', 12: 'avg_textQuality', 13: 'avg_pathDepth', 14: 'avg_domainDepth', 15: 'avg_numInternalOutLinks', 16: 'avg_numExternalOutLinks', 17: 'avg_numInternalInLinks', 18: 'avg_numExternalInLinks', 19: 'avg_trustRank', 20: 'contentLength-1', 21: 'textSize-1', 22: 'textQuality-1', 23: 'diffInternalOutLinks-1', 24: 'diffExternalOutLinks-1', 25: 'contentLength-2', 26: 'textSize-2', 27: 'textQuality-2', 28: 'diffInternalOutLinks-2', 29: 'diffExternalOutLinks-2', 30: 'contentLength-3', 31: 'textSize-3', 32: 'textQuality-3', 33: 'diffInternalOutLinks-3', 34: 'diffExternalOutLinks-3', 35: 'contentLength-4', 36: 'textSize-4', 37: 'textQuality-4', 38: 'diffInternalOutLinks-4', 39: 'diffExternalOutLinks-4', 40: 'contentLength-5', 41: 'textSize-5', 42: 'textQuality-5', 43: 'diffInternalOutLinks-5', 44: 'diffExternalOutLinks-5', 45: 'contentLength-6', 46: 'textSize-6', 47: 'textQuality-6', 48: 'diffInternalOutLinks-6', 49: 'diffExternalOutLinks-6', 50: 'contentLength-7', 51: 'textSize-7', 52: 'textQuality-7', 53: 'diffInternalOutLinks-7', 54: 'diffExternalOutLinks-7', 55: 'numInternalInLinks-1', 56: 'numExternalInLinks-1', 57: 'trustRank-1', 58: 'numInternalInLinks-2', 59: 'numExternalInLinks-2', 60: 'trustRank-2', 61: 'numInternalInLinks-3', 62: 'numExternalInLinks-3', 63: 'trustRank-3', 64: 'numInternalInLinks-4', 65: 'numExternalInLinks-4', 66: 'trustRank-4', 67: 'numInternalInLinks-5', 68: 'numExternalInLinks-5', 69: 'trustRank-5', 70: 'numInternalInLinks-6', 71: 'numExternalInLinks-6', 72: 'trustRank-6', 73: 'numInternalInLinks-7', 74: 'numExternalInLinks-7', 75: 'trustRank-7', 76: 'avg_linkExternalChangeRate', 77: 'avg_linkInternalChangeRate'} 

Model: ET

Retraining on 288242 samples
	Testing on 96081 samples
		Test Recall 0.7298969072164948
		Test Precision 0.917732457656412
		Test F1 score 0.8131077252890283
		Test Accuracy (b) 0.8622684545090875

________________________________________________________________________________
Random state: 2
2021/06/20 14:52:55

Target: diffExternalOutLinks

Final enumerated feature set (SP_SN_DP7_DN7_DPRate):
	 {0: 'contentLength', 1: 'textSize', 2: 'textQuality', 3: 'pathDepth', 4: 'domainDepth', 5: 'numInternalOutLinks', 6: 'numExternalOutLinks', 7: 'numInternalInLinks', 8: 'numExternalInLinks', 9: 'trustRank', 10: 'avg_contentLength', 11: 'avg_textSize', 12: 'avg_textQuality', 13: 'avg_pathDepth', 14: 'avg_domainDepth', 15: 'avg_numInternalOutLinks', 16: 'avg_numExternalOutLinks', 17: 'avg_numInternalInLinks', 18: 'avg_numExternalInLinks', 19: 'avg_trustRank', 20: 'contentLength-1', 21: 'textSize-1', 22: 'textQuality-1', 23: 'diffInternalOutLinks-1', 24: 'diffExternalOutLinks-1', 25: 'contentLength-2', 26: 'textSize-2', 27: 'textQuality-2', 28: 'diffInternalOutLinks-2', 29: 'diffExternalOutLinks-2', 30: 'contentLength-3', 31: 'textSize-3', 32: 'textQuality-3', 33: 'diffInternalOutLinks-3', 34: 'diffExternalOutLinks-3', 35: 'contentLength-4', 36: 'textSize-4', 37: 'textQuality-4', 38: 'diffInternalOutLinks-4', 39: 'diffExternalOutLinks-4', 40: 'contentLength-5', 41: 'textSize-5', 42: 'textQuality-5', 43: 'diffInternalOutLinks-5', 44: 'diffExternalOutLinks-5', 45: 'contentLength-6', 46: 'textSize-6', 47: 'textQuality-6', 48: 'diffInternalOutLinks-6', 49: 'diffExternalOutLinks-6', 50: 'contentLength-7', 51: 'textSize-7', 52: 'textQuality-7', 53: 'diffInternalOutLinks-7', 54: 'diffExternalOutLinks-7', 55: 'numInternalInLinks-1', 56: 'numExternalInLinks-1', 57: 'trustRank-1', 58: 'numInternalInLinks-2', 59: 'numExternalInLinks-2', 60: 'trustRank-2', 61: 'numInternalInLinks-3', 62: 'numExternalInLinks-3', 63: 'trustRank-3', 64: 'numInternalInLinks-4', 65: 'numExternalInLinks-4', 66: 'trustRank-4', 67: 'numInternalInLinks-5', 68: 'numExternalInLinks-5', 69: 'trustRank-5', 70: 'numInternalInLinks-6', 71: 'numExternalInLinks-6', 72: 'trustRank-6', 73: 'numInternalInLinks-7', 74: 'numExternalInLinks-7', 75: 'trustRank-7', 76: 'avg_linkExternalChangeRate', 77: 'avg_linkInternalChangeRate'} 

Model: ET

Retraining on 288242 samples
	Testing on 96081 samples
		Test Recall 0.7286535303776683
		Test Precision 0.9177869700103413
		Test F1 score 0.8123569794050344
		Test Accuracy (b) 0.8616401374979823
------------------------------------------------------------
diffExternalOutLinks  -->  DP8

________________________________________________________________________________
Random state: 0
2021/06/20 14:55:11

Target: diffExternalOutLinks

Final enumerated feature set (SP_SN_DP8_DN8_DPRate):
	 {0: 'contentLength', 1: 'textSize', 2: 'textQuality', 3: 'pathDepth', 4: 'domainDepth', 5: 'numInternalOutLinks', 6: 'numExternalOutLinks', 7: 'numInternalInLinks', 8: 'numExternalInLinks', 9: 'trustRank', 10: 'avg_contentLength', 11: 'avg_textSize', 12: 'avg_textQuality', 13: 'avg_pathDepth', 14: 'avg_domainDepth', 15: 'avg_numInternalOutLinks', 16: 'avg_numExternalOutLinks', 17: 'avg_numInternalInLinks', 18: 'avg_numExternalInLinks', 19: 'avg_trustRank', 20: 'contentLength-1', 21: 'textSize-1', 22: 'textQuality-1', 23: 'diffInternalOutLinks-1', 24: 'diffExternalOutLinks-1', 25: 'contentLength-2', 26: 'textSize-2', 27: 'textQuality-2', 28: 'diffInternalOutLinks-2', 29: 'diffExternalOutLinks-2', 30: 'contentLength-3', 31: 'textSize-3', 32: 'textQuality-3', 33: 'diffInternalOutLinks-3', 34: 'diffExternalOutLinks-3', 35: 'contentLength-4', 36: 'textSize-4', 37: 'textQuality-4', 38: 'diffInternalOutLinks-4', 39: 'diffExternalOutLinks-4', 40: 'contentLength-5', 41: 'textSize-5', 42: 'textQuality-5', 43: 'diffInternalOutLinks-5', 44: 'diffExternalOutLinks-5', 45: 'contentLength-6', 46: 'textSize-6', 47: 'textQuality-6', 48: 'diffInternalOutLinks-6', 49: 'diffExternalOutLinks-6', 50: 'contentLength-7', 51: 'textSize-7', 52: 'textQuality-7', 53: 'diffInternalOutLinks-7', 54: 'diffExternalOutLinks-7', 55: 'contentLength-8', 56: 'textSize-8', 57: 'textQuality-8', 58: 'diffInternalOutLinks-8', 59: 'diffExternalOutLinks-8', 60: 'numInternalInLinks-1', 61: 'numExternalInLinks-1', 62: 'trustRank-1', 63: 'numInternalInLinks-2', 64: 'numExternalInLinks-2', 65: 'trustRank-2', 66: 'numInternalInLinks-3', 67: 'numExternalInLinks-3', 68: 'trustRank-3', 69: 'numInternalInLinks-4', 70: 'numExternalInLinks-4', 71: 'trustRank-4', 72: 'numInternalInLinks-5', 73: 'numExternalInLinks-5', 74: 'trustRank-5', 75: 'numInternalInLinks-6', 76: 'numExternalInLinks-6', 77: 'trustRank-6', 78: 'numInternalInLinks-7', 79: 'numExternalInLinks-7', 80: 'trustRank-7', 81: 'numInternalInLinks-8', 82: 'numExternalInLinks-8', 83: 'trustRank-8', 84: 'avg_linkExternalChangeRate', 85: 'avg_linkInternalChangeRate'} 

Model: ET

Hyperparameter tuning on 96080 samples

	Scores on the development set:

	mean 0.78084, stdev 0.00729 for parameters {'min_samples_leaf': 2, 'n_estimators': 200}
	mean 0.78037, stdev 0.00882 for parameters {'min_samples_leaf': 2, 'n_estimators': 300}
	mean 0.78121, stdev 0.00838 for parameters {'min_samples_leaf': 2, 'n_estimators': 400}
	mean 0.78193, stdev 0.00779 for parameters {'min_samples_leaf': 2, 'n_estimators': 500}
	mean 0.77021, stdev 0.00685 for parameters {'min_samples_leaf': 5, 'n_estimators': 200}
	mean 0.76976, stdev 0.00759 for parameters {'min_samples_leaf': 5, 'n_estimators': 300}
	mean 0.76991, stdev 0.00766 for parameters {'min_samples_leaf': 5, 'n_estimators': 400}
	mean 0.77178, stdev 0.00847 for parameters {'min_samples_leaf': 5, 'n_estimators': 500}
	mean 0.70198, stdev 0.00870 for parameters {'min_samples_leaf': 10, 'n_estimators': 200}
	mean 0.70240, stdev 0.00972 for parameters {'min_samples_leaf': 10, 'n_estimators': 300}
	mean 0.70545, stdev 0.01015 for parameters {'min_samples_leaf': 10, 'n_estimators': 400}
	mean 0.70512, stdev 0.00991 for parameters {'min_samples_leaf': 10, 'n_estimators': 500}
	mean 0.66062, stdev 0.01066 for parameters {'min_samples_leaf': 15, 'n_estimators': 200}
	mean 0.66097, stdev 0.00869 for parameters {'min_samples_leaf': 15, 'n_estimators': 300}
	mean 0.66208, stdev 0.00952 for parameters {'min_samples_leaf': 15, 'n_estimators': 400}
	mean 0.66229, stdev 0.00955 for parameters {'min_samples_leaf': 15, 'n_estimators': 500}
	mean 0.62461, stdev 0.01260 for parameters {'min_samples_leaf': 20, 'n_estimators': 200}
	mean 0.62644, stdev 0.01187 for parameters {'min_samples_leaf': 20, 'n_estimators': 300}
	mean 0.62771, stdev 0.01234 for parameters {'min_samples_leaf': 20, 'n_estimators': 400}
	mean 0.62822, stdev 0.01154 for parameters {'min_samples_leaf': 20, 'n_estimators': 500}
	mean 0.60322, stdev 0.01114 for parameters {'min_samples_leaf': 25, 'n_estimators': 200}
	mean 0.60416, stdev 0.01023 for parameters {'min_samples_leaf': 25, 'n_estimators': 300}
	mean 0.60705, stdev 0.00942 for parameters {'min_samples_leaf': 25, 'n_estimators': 400}
	mean 0.60653, stdev 0.00934 for parameters {'min_samples_leaf': 25, 'n_estimators': 500}

	Best parameters on the development set: {'min_samples_leaf': 2, 'n_estimators': 500}

Retraining on 288242 samples
	Testing on 96081 samples
		Test Recall 0.7309973789488206
		Test Precision 0.9202848211184439
		Test F1 score 0.8147920350580456
		Test Accuracy (b) 0.862915161016197

Top features in ascending order of importance:
	 ['numExternalInLinks-7', 'numExternalInLinks-6', 'numExternalInLinks-1', 'numExternalInLinks-3', 'numExternalInLinks', 'numExternalInLinks-8', 'numExternalInLinks-5', 'numExternalInLinks-4', 'numExternalInLinks-2', 'avg_numExternalInLinks', 'textQuality-1', 'diffInternalOutLinks-2', 'trustRank-5', 'textQuality-3', 'diffInternalOutLinks-1', 'textQuality', 'diffInternalOutLinks-4', 'textQuality-7', 'textQuality-2', 'textQuality-6', 'trustRank-8', 'trustRank-1', 'trustRank-6', 'diffInternalOutLinks-7', 'trustRank-2', 'textQuality-5', 'diffInternalOutLinks-6', 'textQuality-8', 'textSize', 'diffInternalOutLinks-5', 'trustRank-7', 'trustRank', 'textQuality-4', 'diffInternalOutLinks-8', 'trustRank-4', 'textSize-6', 'trustRank-3', 'diffInternalOutLinks-3', 'textSize-2', 'textSize-5', 'textSize-7', 'textSize-1', 'textSize-3', 'textSize-4', 'textSize-8', 'domainDepth', 'avg_contentLength', 'contentLength-7', 'avg_domainDepth', 'contentLength', 'avg_numInternalOutLinks', 'contentLength-6', 'avg_textSize', 'numInternalOutLinks', 'contentLength-1', 'contentLength-4', 'avg_trustRank', 'contentLength-5', 'contentLength-8', 'contentLength-3', 'avg_numInternalInLinks', 'avg_textQuality', 'contentLength-2', 'diffExternalOutLinks-4', 'numInternalInLinks-8', 'numInternalInLinks-1', 'numInternalInLinks-7', 'numInternalInLinks', 'avg_numExternalOutLinks', 'numInternalInLinks-2', 'numInternalInLinks-6', 'numInternalInLinks-4', 'numInternalInLinks-3', 'diffExternalOutLinks-7', 'diffExternalOutLinks-5', 'numInternalInLinks-5', 'diffExternalOutLinks-6', 'pathDepth', 'avg_pathDepth', 'diffExternalOutLinks-8', 'numExternalOutLinks', 'diffExternalOutLinks-2', 'diffExternalOutLinks-3', 'diffExternalOutLinks-1', 'avg_linkInternalChangeRate', 'avg_linkExternalChangeRate'] or [79, 76, 61, 67, 8, 82, 73, 70, 64, 18, 22, 28, 74, 32, 23, 2, 38, 52, 27, 47, 83, 62, 77, 53, 65, 42, 48, 57, 1, 43, 80, 9, 37, 58, 71, 46, 68, 33, 26, 41, 51, 21, 31, 36, 56, 4, 10, 50, 14, 0, 15, 45, 11, 5, 20, 35, 19, 40, 55, 30, 17, 12, 25, 39, 81, 60, 78, 7, 16, 63, 75, 69, 66, 54, 44, 72, 49, 3, 13, 59, 6, 29, 34, 24, 85, 84]

Refitting on two features for decision boundaries
	 [34, 24] F1 score: 0.5358790089027138
	 [34, 85] F1 score: 0.37776350100147393
	 [34, 84] F1 score: 0.4253682656319747
	 [24, 85] F1 score: 0.4218259060937293
	 [24, 84] F1 score: 0.4631131406975828
	 [85, 84] F1 score: 0.4810707830589615

________________________________________________________________________________
Random state: 1
2021/06/20 15:55:04

Target: diffExternalOutLinks

Final enumerated feature set (SP_SN_DP8_DN8_DPRate):
	 {0: 'contentLength', 1: 'textSize', 2: 'textQuality', 3: 'pathDepth', 4: 'domainDepth', 5: 'numInternalOutLinks', 6: 'numExternalOutLinks', 7: 'numInternalInLinks', 8: 'numExternalInLinks', 9: 'trustRank', 10: 'avg_contentLength', 11: 'avg_textSize', 12: 'avg_textQuality', 13: 'avg_pathDepth', 14: 'avg_domainDepth', 15: 'avg_numInternalOutLinks', 16: 'avg_numExternalOutLinks', 17: 'avg_numInternalInLinks', 18: 'avg_numExternalInLinks', 19: 'avg_trustRank', 20: 'contentLength-1', 21: 'textSize-1', 22: 'textQuality-1', 23: 'diffInternalOutLinks-1', 24: 'diffExternalOutLinks-1', 25: 'contentLength-2', 26: 'textSize-2', 27: 'textQuality-2', 28: 'diffInternalOutLinks-2', 29: 'diffExternalOutLinks-2', 30: 'contentLength-3', 31: 'textSize-3', 32: 'textQuality-3', 33: 'diffInternalOutLinks-3', 34: 'diffExternalOutLinks-3', 35: 'contentLength-4', 36: 'textSize-4', 37: 'textQuality-4', 38: 'diffInternalOutLinks-4', 39: 'diffExternalOutLinks-4', 40: 'contentLength-5', 41: 'textSize-5', 42: 'textQuality-5', 43: 'diffInternalOutLinks-5', 44: 'diffExternalOutLinks-5', 45: 'contentLength-6', 46: 'textSize-6', 47: 'textQuality-6', 48: 'diffInternalOutLinks-6', 49: 'diffExternalOutLinks-6', 50: 'contentLength-7', 51: 'textSize-7', 52: 'textQuality-7', 53: 'diffInternalOutLinks-7', 54: 'diffExternalOutLinks-7', 55: 'contentLength-8', 56: 'textSize-8', 57: 'textQuality-8', 58: 'diffInternalOutLinks-8', 59: 'diffExternalOutLinks-8', 60: 'numInternalInLinks-1', 61: 'numExternalInLinks-1', 62: 'trustRank-1', 63: 'numInternalInLinks-2', 64: 'numExternalInLinks-2', 65: 'trustRank-2', 66: 'numInternalInLinks-3', 67: 'numExternalInLinks-3', 68: 'trustRank-3', 69: 'numInternalInLinks-4', 70: 'numExternalInLinks-4', 71: 'trustRank-4', 72: 'numInternalInLinks-5', 73: 'numExternalInLinks-5', 74: 'trustRank-5', 75: 'numInternalInLinks-6', 76: 'numExternalInLinks-6', 77: 'trustRank-6', 78: 'numInternalInLinks-7', 79: 'numExternalInLinks-7', 80: 'trustRank-7', 81: 'numInternalInLinks-8', 82: 'numExternalInLinks-8', 83: 'trustRank-8', 84: 'avg_linkExternalChangeRate', 85: 'avg_linkInternalChangeRate'} 

Model: ET

Retraining on 288242 samples
	Testing on 96081 samples
		Test Recall 0.7314089347079038
		Test Precision 0.9215448562521649
		Test F1 score 0.8155414207985286
		Test Accuracy (b) 0.8631539640095833

________________________________________________________________________________
Random state: 2
2021/06/20 15:58:05

Target: diffExternalOutLinks

Final enumerated feature set (SP_SN_DP8_DN8_DPRate):
	 {0: 'contentLength', 1: 'textSize', 2: 'textQuality', 3: 'pathDepth', 4: 'domainDepth', 5: 'numInternalOutLinks', 6: 'numExternalOutLinks', 7: 'numInternalInLinks', 8: 'numExternalInLinks', 9: 'trustRank', 10: 'avg_contentLength', 11: 'avg_textSize', 12: 'avg_textQuality', 13: 'avg_pathDepth', 14: 'avg_domainDepth', 15: 'avg_numInternalOutLinks', 16: 'avg_numExternalOutLinks', 17: 'avg_numInternalInLinks', 18: 'avg_numExternalInLinks', 19: 'avg_trustRank', 20: 'contentLength-1', 21: 'textSize-1', 22: 'textQuality-1', 23: 'diffInternalOutLinks-1', 24: 'diffExternalOutLinks-1', 25: 'contentLength-2', 26: 'textSize-2', 27: 'textQuality-2', 28: 'diffInternalOutLinks-2', 29: 'diffExternalOutLinks-2', 30: 'contentLength-3', 31: 'textSize-3', 32: 'textQuality-3', 33: 'diffInternalOutLinks-3', 34: 'diffExternalOutLinks-3', 35: 'contentLength-4', 36: 'textSize-4', 37: 'textQuality-4', 38: 'diffInternalOutLinks-4', 39: 'diffExternalOutLinks-4', 40: 'contentLength-5', 41: 'textSize-5', 42: 'textQuality-5', 43: 'diffInternalOutLinks-5', 44: 'diffExternalOutLinks-5', 45: 'contentLength-6', 46: 'textSize-6', 47: 'textQuality-6', 48: 'diffInternalOutLinks-6', 49: 'diffExternalOutLinks-6', 50: 'contentLength-7', 51: 'textSize-7', 52: 'textQuality-7', 53: 'diffInternalOutLinks-7', 54: 'diffExternalOutLinks-7', 55: 'contentLength-8', 56: 'textSize-8', 57: 'textQuality-8', 58: 'diffInternalOutLinks-8', 59: 'diffExternalOutLinks-8', 60: 'numInternalInLinks-1', 61: 'numExternalInLinks-1', 62: 'trustRank-1', 63: 'numInternalInLinks-2', 64: 'numExternalInLinks-2', 65: 'trustRank-2', 66: 'numInternalInLinks-3', 67: 'numExternalInLinks-3', 68: 'trustRank-3', 69: 'numInternalInLinks-4', 70: 'numExternalInLinks-4', 71: 'trustRank-4', 72: 'numInternalInLinks-5', 73: 'numExternalInLinks-5', 74: 'trustRank-5', 75: 'numInternalInLinks-6', 76: 'numExternalInLinks-6', 77: 'trustRank-6', 78: 'numInternalInLinks-7', 79: 'numExternalInLinks-7', 80: 'trustRank-7', 81: 'numInternalInLinks-8', 82: 'numExternalInLinks-8', 83: 'trustRank-8', 84: 'avg_linkExternalChangeRate', 85: 'avg_linkInternalChangeRate'} 

Model: ET

Retraining on 288242 samples
	Testing on 96081 samples
		Test Recall 0.7308429118773946
		Test Precision 0.9219747971689971
		Test F1 score 0.8153576062895962
		Test Accuracy (b) 0.8628756368270305
