------------------------------------------------------------
diffInternalOutLinks  -->  DP0

________________________________________________________________________________
Random state: 0

Target: diffInternalOutLinks

Final enumerated feature set (SP_SN):
	 {0: 'contentLength', 1: 'textSize', 2: 'textQuality', 3: 'pathDepth', 4: 'domainDepth', 5: 'numInternalOutLinks', 6: 'numExternalOutLinks', 7: 'numInternalInLinks', 8: 'numExternalInLinks', 9: 'trustRank', 10: 'avg_contentLength', 11: 'avg_textSize', 12: 'avg_textQuality', 13: 'avg_pathDepth', 14: 'avg_domainDepth', 15: 'avg_numInternalOutLinks', 16: 'avg_numExternalOutLinks', 17: 'avg_numInternalInLinks', 18: 'avg_numExternalInLinks', 19: 'avg_trustRank'} 

Model: ET

Hyperparameter tuning on 96080 samples

	Scores on the development set:

	mean 0.78437, stdev 0.00417 for parameters {'min_samples_leaf': 2, 'n_estimators': 200}
	mean 0.78599, stdev 0.00413 for parameters {'min_samples_leaf': 2, 'n_estimators': 300}
	mean 0.78566, stdev 0.00433 for parameters {'min_samples_leaf': 2, 'n_estimators': 400}
	mean 0.78565, stdev 0.00405 for parameters {'min_samples_leaf': 2, 'n_estimators': 500}
	mean 0.77588, stdev 0.00424 for parameters {'min_samples_leaf': 5, 'n_estimators': 200}
	mean 0.77704, stdev 0.00426 for parameters {'min_samples_leaf': 5, 'n_estimators': 300}
	mean 0.77730, stdev 0.00387 for parameters {'min_samples_leaf': 5, 'n_estimators': 400}
	mean 0.77686, stdev 0.00365 for parameters {'min_samples_leaf': 5, 'n_estimators': 500}
	mean 0.74540, stdev 0.00345 for parameters {'min_samples_leaf': 10, 'n_estimators': 200}
	mean 0.74643, stdev 0.00365 for parameters {'min_samples_leaf': 10, 'n_estimators': 300}
	mean 0.74673, stdev 0.00322 for parameters {'min_samples_leaf': 10, 'n_estimators': 400}
	mean 0.74664, stdev 0.00339 for parameters {'min_samples_leaf': 10, 'n_estimators': 500}
	mean 0.72692, stdev 0.00385 for parameters {'min_samples_leaf': 15, 'n_estimators': 200}
	mean 0.72744, stdev 0.00364 for parameters {'min_samples_leaf': 15, 'n_estimators': 300}
	mean 0.72759, stdev 0.00386 for parameters {'min_samples_leaf': 15, 'n_estimators': 400}
	mean 0.72756, stdev 0.00342 for parameters {'min_samples_leaf': 15, 'n_estimators': 500}
	mean 0.71404, stdev 0.00371 for parameters {'min_samples_leaf': 20, 'n_estimators': 200}
	mean 0.71427, stdev 0.00339 for parameters {'min_samples_leaf': 20, 'n_estimators': 300}
	mean 0.71391, stdev 0.00335 for parameters {'min_samples_leaf': 20, 'n_estimators': 400}
	mean 0.71332, stdev 0.00335 for parameters {'min_samples_leaf': 20, 'n_estimators': 500}
	mean 0.70507, stdev 0.00351 for parameters {'min_samples_leaf': 25, 'n_estimators': 200}
	mean 0.70493, stdev 0.00335 for parameters {'min_samples_leaf': 25, 'n_estimators': 300}
	mean 0.70559, stdev 0.00322 for parameters {'min_samples_leaf': 25, 'n_estimators': 400}
	mean 0.70580, stdev 0.00320 for parameters {'min_samples_leaf': 25, 'n_estimators': 500}

	Best parameters on the development set: {'min_samples_leaf': 2, 'n_estimators': 300}

Retraining on 288242 samples
	Testing on 96081 samples
		Test Recall 0.7262652932207802
		Test Precision 0.8347224003077318
		Test F1 score 0.7767260579064589
		Test Accuracy (b) 0.8351878569008945

Top features in ascending order of importance:
	 ['numExternalInLinks', 'avg_numExternalInLinks', 'trustRank', 'domainDepth', 'numExternalOutLinks', 'avg_domainDepth', 'avg_numExternalOutLinks', 'avg_trustRank', 'textQuality', 'pathDepth', 'avg_numInternalOutLinks', 'textSize', 'numInternalInLinks', 'avg_textSize', 'avg_pathDepth', 'avg_textQuality', 'numInternalOutLinks', 'avg_contentLength', 'avg_numInternalInLinks', 'contentLength'] or [8, 18, 9, 4, 6, 14, 16, 19, 2, 3, 15, 1, 7, 11, 13, 12, 5, 10, 17, 0]

Refitting on two features for decision boundaries
	 [5, 10] F1 score: 0.5415087627032128
	 [5, 17] F1 score: 0.4960210175808398
	 [5, 0] F1 score: 0.5477335217584983
	 [10, 17] F1 score: 0.4841654494755012
	 [10, 0] F1 score: 0.5255338611487871
	 [17, 0] F1 score: 0.5136713523383758

________________________________________________________________________________
Random state: 1

Target: diffInternalOutLinks

Final enumerated feature set (SP_SN):
	 {0: 'contentLength', 1: 'textSize', 2: 'textQuality', 3: 'pathDepth', 4: 'domainDepth', 5: 'numInternalOutLinks', 6: 'numExternalOutLinks', 7: 'numInternalInLinks', 8: 'numExternalInLinks', 9: 'trustRank', 10: 'avg_contentLength', 11: 'avg_textSize', 12: 'avg_textQuality', 13: 'avg_pathDepth', 14: 'avg_domainDepth', 15: 'avg_numInternalOutLinks', 16: 'avg_numExternalOutLinks', 17: 'avg_numInternalInLinks', 18: 'avg_numExternalInLinks', 19: 'avg_trustRank'} 

Model: ET

Retraining on 288242 samples
	Testing on 96081 samples
		Test Recall 0.7234546868634495
		Test Precision 0.8273612875900043
		Test F1 score 0.771927051431507
		Test Accuracy (b) 0.8322253167959401

________________________________________________________________________________
Random state: 2

Target: diffInternalOutLinks

Final enumerated feature set (SP_SN):
	 {0: 'contentLength', 1: 'textSize', 2: 'textQuality', 3: 'pathDepth', 4: 'domainDepth', 5: 'numInternalOutLinks', 6: 'numExternalOutLinks', 7: 'numInternalInLinks', 8: 'numExternalInLinks', 9: 'trustRank', 10: 'avg_contentLength', 11: 'avg_textSize', 12: 'avg_textQuality', 13: 'avg_pathDepth', 14: 'avg_domainDepth', 15: 'avg_numInternalOutLinks', 16: 'avg_numExternalOutLinks', 17: 'avg_numInternalInLinks', 18: 'avg_numExternalInLinks', 19: 'avg_trustRank'} 

Model: ET

Retraining on 288242 samples
	Testing on 96081 samples
		Test Recall 0.7248696809493882
		Test Precision 0.8317566707674033
		Test F1 score 0.7746434356603848
		Test Accuracy (b) 0.8337090321539153

------------------------------------------------------------
diffInternalOutLinks  -->  DP1

________________________________________________________________________________
Random state: 0
2021/06/20 17:40:45

Target: diffInternalOutLinks

Final enumerated feature set (SP_SN_DP1_DN1_DPRate):
	 {0: 'contentLength', 1: 'textSize', 2: 'textQuality', 3: 'pathDepth', 4: 'domainDepth', 5: 'numInternalOutLinks', 6: 'numExternalOutLinks', 7: 'numInternalInLinks', 8: 'numExternalInLinks', 9: 'trustRank', 10: 'avg_contentLength', 11: 'avg_textSize', 12: 'avg_textQuality', 13: 'avg_pathDepth', 14: 'avg_domainDepth', 15: 'avg_numInternalOutLinks', 16: 'avg_numExternalOutLinks', 17: 'avg_numInternalInLinks', 18: 'avg_numExternalInLinks', 19: 'avg_trustRank', 20: 'contentLength-1', 21: 'textSize-1', 22: 'textQuality-1', 23: 'diffInternalOutLinks-1', 24: 'diffExternalOutLinks-1', 25: 'numInternalInLinks-1', 26: 'numExternalInLinks-1', 27: 'trustRank-1', 28: 'avg_linkExternalChangeRate', 29: 'avg_linkInternalChangeRate'} 

Model: ET

Hyperparameter tuning on 96080 samples

	Scores on the development set:

	mean 0.83432, stdev 0.00436 for parameters {'min_samples_leaf': 2, 'n_estimators': 200}
	mean 0.83526, stdev 0.00456 for parameters {'min_samples_leaf': 2, 'n_estimators': 300}
	mean 0.83527, stdev 0.00436 for parameters {'min_samples_leaf': 2, 'n_estimators': 400}
	mean 0.83546, stdev 0.00475 for parameters {'min_samples_leaf': 2, 'n_estimators': 500}
	mean 0.80597, stdev 0.00485 for parameters {'min_samples_leaf': 5, 'n_estimators': 200}
	mean 0.80736, stdev 0.00432 for parameters {'min_samples_leaf': 5, 'n_estimators': 300}
	mean 0.80738, stdev 0.00411 for parameters {'min_samples_leaf': 5, 'n_estimators': 400}
	mean 0.80759, stdev 0.00395 for parameters {'min_samples_leaf': 5, 'n_estimators': 500}
	mean 0.78107, stdev 0.00456 for parameters {'min_samples_leaf': 10, 'n_estimators': 200}
	mean 0.78139, stdev 0.00458 for parameters {'min_samples_leaf': 10, 'n_estimators': 300}
	mean 0.78203, stdev 0.00429 for parameters {'min_samples_leaf': 10, 'n_estimators': 400}
	mean 0.78209, stdev 0.00440 for parameters {'min_samples_leaf': 10, 'n_estimators': 500}
	mean 0.76988, stdev 0.00507 for parameters {'min_samples_leaf': 15, 'n_estimators': 200}
	mean 0.76982, stdev 0.00493 for parameters {'min_samples_leaf': 15, 'n_estimators': 300}
	mean 0.76971, stdev 0.00518 for parameters {'min_samples_leaf': 15, 'n_estimators': 400}
	mean 0.76990, stdev 0.00510 for parameters {'min_samples_leaf': 15, 'n_estimators': 500}
	mean 0.76140, stdev 0.00412 for parameters {'min_samples_leaf': 20, 'n_estimators': 200}
	mean 0.76229, stdev 0.00395 for parameters {'min_samples_leaf': 20, 'n_estimators': 300}
	mean 0.76240, stdev 0.00429 for parameters {'min_samples_leaf': 20, 'n_estimators': 400}
	mean 0.76175, stdev 0.00455 for parameters {'min_samples_leaf': 20, 'n_estimators': 500}
	mean 0.75770, stdev 0.00508 for parameters {'min_samples_leaf': 25, 'n_estimators': 200}
	mean 0.75752, stdev 0.00463 for parameters {'min_samples_leaf': 25, 'n_estimators': 300}
	mean 0.75717, stdev 0.00485 for parameters {'min_samples_leaf': 25, 'n_estimators': 400}
	mean 0.75677, stdev 0.00482 for parameters {'min_samples_leaf': 25, 'n_estimators': 500}

	Best parameters on the development set: {'min_samples_leaf': 2, 'n_estimators': 500}

Retraining on 288242 samples
	Testing on 96081 samples
		Test Recall 0.8405786322561452
		Test Precision 0.8859102488732118
		Test F1 score 0.8626493149639354
		Test Accuracy (b) 0.8992530392094427

Top features in ascending order of importance:
	 ['numExternalInLinks-1', 'numExternalInLinks', 'diffExternalOutLinks-1', 'avg_numExternalInLinks', 'trustRank', 'trustRank-1', 'domainDepth', 'textQuality-1', 'textQuality', 'numExternalOutLinks', 'avg_domainDepth', 'textSize-1', 'textSize', 'avg_numExternalOutLinks', 'avg_trustRank', 'contentLength', 'contentLength-1', 'pathDepth', 'avg_textQuality', 'avg_contentLength', 'avg_numInternalOutLinks', 'avg_textSize', 'numInternalOutLinks', 'avg_pathDepth', 'avg_numInternalInLinks', 'numInternalInLinks-1', 'numInternalInLinks', 'avg_linkExternalChangeRate', 'diffInternalOutLinks-1', 'avg_linkInternalChangeRate'] or [26, 8, 24, 18, 9, 27, 4, 22, 2, 6, 14, 21, 1, 16, 19, 0, 20, 3, 12, 10, 15, 11, 5, 13, 17, 25, 7, 28, 23, 29]

Refitting on two features for decision boundaries
	 [7, 28] F1 score: 0.49862641909111965
	 [7, 23] F1 score: 0.7851548202913402
	 [7, 29] F1 score: 0.7269108690057476
	 [28, 23] F1 score: 0.7536480686695279
	 [28, 29] F1 score: 0.7061710137133638
	 [23, 29] F1 score: 0.7629607218494723

________________________________________________________________________________
Random state: 1
2021/06/20 18:13:41

Target: diffInternalOutLinks

Final enumerated feature set (SP_SN_DP1_DN1_DPRate):
	 {0: 'contentLength', 1: 'textSize', 2: 'textQuality', 3: 'pathDepth', 4: 'domainDepth', 5: 'numInternalOutLinks', 6: 'numExternalOutLinks', 7: 'numInternalInLinks', 8: 'numExternalInLinks', 9: 'trustRank', 10: 'avg_contentLength', 11: 'avg_textSize', 12: 'avg_textQuality', 13: 'avg_pathDepth', 14: 'avg_domainDepth', 15: 'avg_numInternalOutLinks', 16: 'avg_numExternalOutLinks', 17: 'avg_numInternalInLinks', 18: 'avg_numExternalInLinks', 19: 'avg_trustRank', 20: 'contentLength-1', 21: 'textSize-1', 22: 'textQuality-1', 23: 'diffInternalOutLinks-1', 24: 'diffExternalOutLinks-1', 25: 'numInternalInLinks-1', 26: 'numExternalInLinks-1', 27: 'trustRank-1', 28: 'avg_linkExternalChangeRate', 29: 'avg_linkInternalChangeRate'} 

Model: ET

Retraining on 288242 samples
	Testing on 96081 samples
		Test Recall 0.8394874263916151
		Test Precision 0.8836692526607149
		Test F1 score 0.8610119273721796
		Test Accuracy (b) 0.8981455661199536

________________________________________________________________________________
Random state: 2
2021/06/20 18:15:08

Target: diffInternalOutLinks

Final enumerated feature set (SP_SN_DP1_DN1_DPRate):
	 {0: 'contentLength', 1: 'textSize', 2: 'textQuality', 3: 'pathDepth', 4: 'domainDepth', 5: 'numInternalOutLinks', 6: 'numExternalOutLinks', 7: 'numInternalInLinks', 8: 'numExternalInLinks', 9: 'trustRank', 10: 'avg_contentLength', 11: 'avg_textSize', 12: 'avg_textQuality', 13: 'avg_pathDepth', 14: 'avg_domainDepth', 15: 'avg_numInternalOutLinks', 16: 'avg_numExternalOutLinks', 17: 'avg_numInternalInLinks', 18: 'avg_numExternalInLinks', 19: 'avg_trustRank', 20: 'contentLength-1', 21: 'textSize-1', 22: 'textQuality-1', 23: 'diffInternalOutLinks-1', 24: 'diffExternalOutLinks-1', 25: 'numInternalInLinks-1', 26: 'numExternalInLinks-1', 27: 'trustRank-1', 28: 'avg_linkExternalChangeRate', 29: 'avg_linkInternalChangeRate'} 

Model: ET

Retraining on 288242 samples
	Testing on 96081 samples
		Test Recall 0.8419534918111575
		Test Precision 0.8864237895064612
		Test F1 score 0.8636165412108228
		Test Accuracy (b) 0.8998416201667909
------------------------------------------------------------
diffInternalOutLinks  -->  DP2

________________________________________________________________________________
Random state: 0
2021/06/20 18:16:47

Target: diffInternalOutLinks

Final enumerated feature set (SP_SN_DP2_DN2_DPRate):
	 {0: 'contentLength', 1: 'textSize', 2: 'textQuality', 3: 'pathDepth', 4: 'domainDepth', 5: 'numInternalOutLinks', 6: 'numExternalOutLinks', 7: 'numInternalInLinks', 8: 'numExternalInLinks', 9: 'trustRank', 10: 'avg_contentLength', 11: 'avg_textSize', 12: 'avg_textQuality', 13: 'avg_pathDepth', 14: 'avg_domainDepth', 15: 'avg_numInternalOutLinks', 16: 'avg_numExternalOutLinks', 17: 'avg_numInternalInLinks', 18: 'avg_numExternalInLinks', 19: 'avg_trustRank', 20: 'contentLength-1', 21: 'textSize-1', 22: 'textQuality-1', 23: 'diffInternalOutLinks-1', 24: 'diffExternalOutLinks-1', 25: 'contentLength-2', 26: 'textSize-2', 27: 'textQuality-2', 28: 'diffInternalOutLinks-2', 29: 'diffExternalOutLinks-2', 30: 'numInternalInLinks-1', 31: 'numExternalInLinks-1', 32: 'trustRank-1', 33: 'numInternalInLinks-2', 34: 'numExternalInLinks-2', 35: 'trustRank-2', 36: 'avg_linkExternalChangeRate', 37: 'avg_linkInternalChangeRate'} 

Model: ET

Hyperparameter tuning on 96080 samples

	Scores on the development set:

	mean 0.84998, stdev 0.00360 for parameters {'min_samples_leaf': 2, 'n_estimators': 200}
	mean 0.85000, stdev 0.00371 for parameters {'min_samples_leaf': 2, 'n_estimators': 300}
	mean 0.84985, stdev 0.00380 for parameters {'min_samples_leaf': 2, 'n_estimators': 400}
	mean 0.84949, stdev 0.00340 for parameters {'min_samples_leaf': 2, 'n_estimators': 500}
	mean 0.82413, stdev 0.00251 for parameters {'min_samples_leaf': 5, 'n_estimators': 200}
	mean 0.82364, stdev 0.00239 for parameters {'min_samples_leaf': 5, 'n_estimators': 300}
	mean 0.82324, stdev 0.00287 for parameters {'min_samples_leaf': 5, 'n_estimators': 400}
	mean 0.82303, stdev 0.00252 for parameters {'min_samples_leaf': 5, 'n_estimators': 500}
	mean 0.80057, stdev 0.00457 for parameters {'min_samples_leaf': 10, 'n_estimators': 200}
	mean 0.79940, stdev 0.00509 for parameters {'min_samples_leaf': 10, 'n_estimators': 300}
	mean 0.79937, stdev 0.00511 for parameters {'min_samples_leaf': 10, 'n_estimators': 400}
	mean 0.79871, stdev 0.00511 for parameters {'min_samples_leaf': 10, 'n_estimators': 500}
	mean 0.78642, stdev 0.00433 for parameters {'min_samples_leaf': 15, 'n_estimators': 200}
	mean 0.78554, stdev 0.00471 for parameters {'min_samples_leaf': 15, 'n_estimators': 300}
	mean 0.78510, stdev 0.00433 for parameters {'min_samples_leaf': 15, 'n_estimators': 400}
	mean 0.78441, stdev 0.00429 for parameters {'min_samples_leaf': 15, 'n_estimators': 500}
	mean 0.77749, stdev 0.00516 for parameters {'min_samples_leaf': 20, 'n_estimators': 200}
	mean 0.77615, stdev 0.00523 for parameters {'min_samples_leaf': 20, 'n_estimators': 300}
	mean 0.77580, stdev 0.00473 for parameters {'min_samples_leaf': 20, 'n_estimators': 400}
	mean 0.77493, stdev 0.00518 for parameters {'min_samples_leaf': 20, 'n_estimators': 500}
	mean 0.77183, stdev 0.00514 for parameters {'min_samples_leaf': 25, 'n_estimators': 200}
	mean 0.76980, stdev 0.00480 for parameters {'min_samples_leaf': 25, 'n_estimators': 300}
	mean 0.76929, stdev 0.00460 for parameters {'min_samples_leaf': 25, 'n_estimators': 400}
	mean 0.76913, stdev 0.00455 for parameters {'min_samples_leaf': 25, 'n_estimators': 500}

	Best parameters on the development set: {'min_samples_leaf': 2, 'n_estimators': 300}

Retraining on 288242 samples
	Testing on 96081 samples
		Test Recall 0.8489085567662044
		Test Precision 0.9035066888308398
		Test F1 score 0.8753570949249383
		Test Accuracy (b) 0.9068361254708317

Top features in ascending order of importance:
	 ['numExternalInLinks-2', 'numExternalInLinks-1', 'numExternalInLinks', 'diffExternalOutLinks-2', 'avg_numExternalInLinks', 'diffExternalOutLinks-1', 'textQuality-1', 'trustRank-1', 'trustRank', 'trustRank-2', 'textQuality-2', 'domainDepth', 'textQuality', 'textSize', 'avg_domainDepth', 'numExternalOutLinks', 'avg_trustRank', 'textSize-2', 'textSize-1', 'contentLength', 'avg_numExternalOutLinks', 'contentLength-1', 'avg_contentLength', 'contentLength-2', 'pathDepth', 'avg_textQuality', 'avg_numInternalOutLinks', 'avg_textSize', 'numInternalOutLinks', 'avg_numInternalInLinks', 'avg_pathDepth', 'numInternalInLinks', 'numInternalInLinks-1', 'numInternalInLinks-2', 'avg_linkExternalChangeRate', 'diffInternalOutLinks-2', 'diffInternalOutLinks-1', 'avg_linkInternalChangeRate'] or [34, 31, 8, 29, 18, 24, 22, 32, 9, 35, 27, 4, 2, 1, 14, 6, 19, 26, 21, 0, 16, 20, 10, 25, 3, 12, 15, 11, 5, 17, 13, 7, 30, 33, 36, 28, 23, 37]

Refitting on two features for decision boundaries
	 [36, 28] F1 score: 0.7435705942053963
	 [36, 23] F1 score: 0.7535935416704718
	 [36, 37] F1 score: 0.7057302163106275
	 [28, 23] F1 score: 0.7558615999319902
	 [28, 37] F1 score: 0.75625043526708
	 [23, 37] F1 score: 0.7615981888607863

________________________________________________________________________________
Random state: 1
2021/06/20 18:49:00

Target: diffInternalOutLinks

Final enumerated feature set (SP_SN_DP2_DN2_DPRate):
	 {0: 'contentLength', 1: 'textSize', 2: 'textQuality', 3: 'pathDepth', 4: 'domainDepth', 5: 'numInternalOutLinks', 6: 'numExternalOutLinks', 7: 'numInternalInLinks', 8: 'numExternalInLinks', 9: 'trustRank', 10: 'avg_contentLength', 11: 'avg_textSize', 12: 'avg_textQuality', 13: 'avg_pathDepth', 14: 'avg_domainDepth', 15: 'avg_numInternalOutLinks', 16: 'avg_numExternalOutLinks', 17: 'avg_numInternalInLinks', 18: 'avg_numExternalInLinks', 19: 'avg_trustRank', 20: 'contentLength-1', 21: 'textSize-1', 22: 'textQuality-1', 23: 'diffInternalOutLinks-1', 24: 'diffExternalOutLinks-1', 25: 'contentLength-2', 26: 'textSize-2', 27: 'textQuality-2', 28: 'diffInternalOutLinks-2', 29: 'diffExternalOutLinks-2', 30: 'numInternalInLinks-1', 31: 'numExternalInLinks-1', 32: 'trustRank-1', 33: 'numInternalInLinks-2', 34: 'numExternalInLinks-2', 35: 'trustRank-2', 36: 'avg_linkExternalChangeRate', 37: 'avg_linkInternalChangeRate'} 

Model: ET

Retraining on 288242 samples
	Testing on 96081 samples
		Test Recall 0.8486352357320099
		Test Precision 0.901735468891425
		Test F1 score 0.8743799129970237
		Test Accuracy (b) 0.9062443694583617

________________________________________________________________________________
Random state: 2
2021/06/20 18:50:07

Target: diffInternalOutLinks

Final enumerated feature set (SP_SN_DP2_DN2_DPRate):
	 {0: 'contentLength', 1: 'textSize', 2: 'textQuality', 3: 'pathDepth', 4: 'domainDepth', 5: 'numInternalOutLinks', 6: 'numExternalOutLinks', 7: 'numInternalInLinks', 8: 'numExternalInLinks', 9: 'trustRank', 10: 'avg_contentLength', 11: 'avg_textSize', 12: 'avg_textQuality', 13: 'avg_pathDepth', 14: 'avg_domainDepth', 15: 'avg_numInternalOutLinks', 16: 'avg_numExternalOutLinks', 17: 'avg_numInternalInLinks', 18: 'avg_numExternalInLinks', 19: 'avg_trustRank', 20: 'contentLength-1', 21: 'textSize-1', 22: 'textQuality-1', 23: 'diffInternalOutLinks-1', 24: 'diffExternalOutLinks-1', 25: 'contentLength-2', 26: 'textSize-2', 27: 'textQuality-2', 28: 'diffInternalOutLinks-2', 29: 'diffExternalOutLinks-2', 30: 'numInternalInLinks-1', 31: 'numExternalInLinks-1', 32: 'trustRank-1', 33: 'numInternalInLinks-2', 34: 'numExternalInLinks-2', 35: 'trustRank-2', 36: 'avg_linkExternalChangeRate', 37: 'avg_linkInternalChangeRate'} 

Model: ET

Retraining on 288242 samples
	Testing on 96081 samples
		Test Recall 0.8497541498761507
		Test Precision 0.9020092614394475
		Test F1 score 0.8751023205345415
		Test Accuracy (b) 0.9067912596639995
------------------------------------------------------------
diffInternalOutLinks  -->  DP3

________________________________________________________________________________
Random state: 0
2021/06/20 18:51:11

Target: diffInternalOutLinks

Final enumerated feature set (SP_SN_DP3_DN3_DPRate):
	 {0: 'contentLength', 1: 'textSize', 2: 'textQuality', 3: 'pathDepth', 4: 'domainDepth', 5: 'numInternalOutLinks', 6: 'numExternalOutLinks', 7: 'numInternalInLinks', 8: 'numExternalInLinks', 9: 'trustRank', 10: 'avg_contentLength', 11: 'avg_textSize', 12: 'avg_textQuality', 13: 'avg_pathDepth', 14: 'avg_domainDepth', 15: 'avg_numInternalOutLinks', 16: 'avg_numExternalOutLinks', 17: 'avg_numInternalInLinks', 18: 'avg_numExternalInLinks', 19: 'avg_trustRank', 20: 'contentLength-1', 21: 'textSize-1', 22: 'textQuality-1', 23: 'diffInternalOutLinks-1', 24: 'diffExternalOutLinks-1', 25: 'contentLength-2', 26: 'textSize-2', 27: 'textQuality-2', 28: 'diffInternalOutLinks-2', 29: 'diffExternalOutLinks-2', 30: 'contentLength-3', 31: 'textSize-3', 32: 'textQuality-3', 33: 'diffInternalOutLinks-3', 34: 'diffExternalOutLinks-3', 35: 'numInternalInLinks-1', 36: 'numExternalInLinks-1', 37: 'trustRank-1', 38: 'numInternalInLinks-2', 39: 'numExternalInLinks-2', 40: 'trustRank-2', 41: 'numInternalInLinks-3', 42: 'numExternalInLinks-3', 43: 'trustRank-3', 44: 'avg_linkExternalChangeRate', 45: 'avg_linkInternalChangeRate'} 

Model: ET

Hyperparameter tuning on 96080 samples

	Scores on the development set:

	mean 0.85607, stdev 0.00194 for parameters {'min_samples_leaf': 2, 'n_estimators': 200}
	mean 0.85644, stdev 0.00311 for parameters {'min_samples_leaf': 2, 'n_estimators': 300}
	mean 0.85630, stdev 0.00276 for parameters {'min_samples_leaf': 2, 'n_estimators': 400}
	mean 0.85702, stdev 0.00283 for parameters {'min_samples_leaf': 2, 'n_estimators': 500}
	mean 0.83135, stdev 0.00157 for parameters {'min_samples_leaf': 5, 'n_estimators': 200}
	mean 0.83190, stdev 0.00194 for parameters {'min_samples_leaf': 5, 'n_estimators': 300}
	mean 0.83184, stdev 0.00187 for parameters {'min_samples_leaf': 5, 'n_estimators': 400}
	mean 0.83148, stdev 0.00206 for parameters {'min_samples_leaf': 5, 'n_estimators': 500}
	mean 0.80709, stdev 0.00331 for parameters {'min_samples_leaf': 10, 'n_estimators': 200}
	mean 0.80795, stdev 0.00392 for parameters {'min_samples_leaf': 10, 'n_estimators': 300}
	mean 0.80801, stdev 0.00378 for parameters {'min_samples_leaf': 10, 'n_estimators': 400}
	mean 0.80805, stdev 0.00330 for parameters {'min_samples_leaf': 10, 'n_estimators': 500}
	mean 0.79474, stdev 0.00371 for parameters {'min_samples_leaf': 15, 'n_estimators': 200}
	mean 0.79384, stdev 0.00357 for parameters {'min_samples_leaf': 15, 'n_estimators': 300}
	mean 0.79511, stdev 0.00348 for parameters {'min_samples_leaf': 15, 'n_estimators': 400}
	mean 0.79477, stdev 0.00279 for parameters {'min_samples_leaf': 15, 'n_estimators': 500}
	mean 0.78471, stdev 0.00401 for parameters {'min_samples_leaf': 20, 'n_estimators': 200}
	mean 0.78521, stdev 0.00399 for parameters {'min_samples_leaf': 20, 'n_estimators': 300}
	mean 0.78584, stdev 0.00482 for parameters {'min_samples_leaf': 20, 'n_estimators': 400}
	mean 0.78588, stdev 0.00428 for parameters {'min_samples_leaf': 20, 'n_estimators': 500}
	mean 0.77907, stdev 0.00302 for parameters {'min_samples_leaf': 25, 'n_estimators': 200}
	mean 0.77882, stdev 0.00416 for parameters {'min_samples_leaf': 25, 'n_estimators': 300}
	mean 0.77933, stdev 0.00418 for parameters {'min_samples_leaf': 25, 'n_estimators': 400}
	mean 0.77875, stdev 0.00411 for parameters {'min_samples_leaf': 25, 'n_estimators': 500}

	Best parameters on the development set: {'min_samples_leaf': 2, 'n_estimators': 500}

Retraining on 288242 samples
	Testing on 96081 samples
		Test Recall 0.8540403852590086
		Test Precision 0.909904912836767
		Test F1 score 0.8810880282365579
		Test Accuracy (b) 0.9105871820788467

Top features in ascending order of importance:
	 ['numExternalInLinks-1', 'numExternalInLinks-2', 'numExternalInLinks-3', 'numExternalInLinks', 'diffExternalOutLinks-2', 'diffExternalOutLinks-1', 'diffExternalOutLinks-3', 'avg_numExternalInLinks', 'trustRank-1', 'trustRank-2', 'trustRank', 'trustRank-3', 'textQuality-2', 'textQuality', 'textQuality-3', 'domainDepth', 'textQuality-1', 'textSize-3', 'textSize-2', 'contentLength', 'textSize', 'avg_domainDepth', 'avg_numExternalOutLinks', 'avg_trustRank', 'contentLength-3', 'numExternalOutLinks', 'textSize-1', 'contentLength-1', 'avg_contentLength', 'contentLength-2', 'avg_numInternalOutLinks', 'pathDepth', 'avg_textQuality', 'avg_textSize', 'numInternalOutLinks', 'avg_numInternalInLinks', 'avg_pathDepth', 'numInternalInLinks', 'numInternalInLinks-1', 'numInternalInLinks-3', 'numInternalInLinks-2', 'avg_linkExternalChangeRate', 'diffInternalOutLinks-2', 'diffInternalOutLinks-3', 'diffInternalOutLinks-1', 'avg_linkInternalChangeRate'] or [36, 39, 42, 8, 29, 24, 34, 18, 37, 40, 9, 43, 27, 2, 32, 4, 22, 31, 26, 0, 1, 14, 16, 19, 30, 6, 21, 20, 10, 25, 15, 3, 12, 11, 5, 17, 13, 7, 35, 41, 38, 44, 28, 33, 23, 45]

Refitting on two features for decision boundaries
	 [28, 33] F1 score: 0.7757677105503192
	 [28, 23] F1 score: 0.7559130094710172
	 [28, 45] F1 score: 0.7556458192296343
	 [33, 23] F1 score: 0.7781372002230897
	 [33, 45] F1 score: 0.7694995009268502
	 [23, 45] F1 score: 0.7629607218494723

________________________________________________________________________________
Random state: 1
2021/06/20 19:32:10

Target: diffInternalOutLinks

Final enumerated feature set (SP_SN_DP3_DN3_DPRate):
	 {0: 'contentLength', 1: 'textSize', 2: 'textQuality', 3: 'pathDepth', 4: 'domainDepth', 5: 'numInternalOutLinks', 6: 'numExternalOutLinks', 7: 'numInternalInLinks', 8: 'numExternalInLinks', 9: 'trustRank', 10: 'avg_contentLength', 11: 'avg_textSize', 12: 'avg_textQuality', 13: 'avg_pathDepth', 14: 'avg_domainDepth', 15: 'avg_numInternalOutLinks', 16: 'avg_numExternalOutLinks', 17: 'avg_numInternalInLinks', 18: 'avg_numExternalInLinks', 19: 'avg_trustRank', 20: 'contentLength-1', 21: 'textSize-1', 22: 'textQuality-1', 23: 'diffInternalOutLinks-1', 24: 'diffExternalOutLinks-1', 25: 'contentLength-2', 26: 'textSize-2', 27: 'textQuality-2', 28: 'diffInternalOutLinks-2', 29: 'diffExternalOutLinks-2', 30: 'contentLength-3', 31: 'textSize-3', 32: 'textQuality-3', 33: 'diffInternalOutLinks-3', 34: 'diffExternalOutLinks-3', 35: 'numInternalInLinks-1', 36: 'numExternalInLinks-1', 37: 'trustRank-1', 38: 'numInternalInLinks-2', 39: 'numExternalInLinks-2', 40: 'trustRank-2', 41: 'numInternalInLinks-3', 42: 'numExternalInLinks-3', 43: 'trustRank-3', 44: 'avg_linkExternalChangeRate', 45: 'avg_linkInternalChangeRate'} 

Model: ET

Retraining on 288242 samples
	Testing on 96081 samples
		Test Recall 0.8530054442428058
		Test Precision 0.9094211482271184
		Test F1 score 0.8803103560303476
		Test Accuracy (b) 0.9098987846575928

________________________________________________________________________________
Random state: 2
2021/06/20 19:34:01

Target: diffInternalOutLinks

Final enumerated feature set (SP_SN_DP3_DN3_DPRate):
	 {0: 'contentLength', 1: 'textSize', 2: 'textQuality', 3: 'pathDepth', 4: 'domainDepth', 5: 'numInternalOutLinks', 6: 'numExternalOutLinks', 7: 'numInternalInLinks', 8: 'numExternalInLinks', 9: 'trustRank', 10: 'avg_contentLength', 11: 'avg_textSize', 12: 'avg_textQuality', 13: 'avg_pathDepth', 14: 'avg_domainDepth', 15: 'avg_numInternalOutLinks', 16: 'avg_numExternalOutLinks', 17: 'avg_numInternalInLinks', 18: 'avg_numExternalInLinks', 19: 'avg_trustRank', 20: 'contentLength-1', 21: 'textSize-1', 22: 'textQuality-1', 23: 'diffInternalOutLinks-1', 24: 'diffExternalOutLinks-1', 25: 'contentLength-2', 26: 'textSize-2', 27: 'textQuality-2', 28: 'diffInternalOutLinks-2', 29: 'diffExternalOutLinks-2', 30: 'contentLength-3', 31: 'textSize-3', 32: 'textQuality-3', 33: 'diffInternalOutLinks-3', 34: 'diffExternalOutLinks-3', 35: 'numInternalInLinks-1', 36: 'numExternalInLinks-1', 37: 'trustRank-1', 38: 'numInternalInLinks-2', 39: 'numExternalInLinks-2', 40: 'trustRank-2', 41: 'numInternalInLinks-3', 42: 'numExternalInLinks-3', 43: 'trustRank-3', 44: 'avg_linkExternalChangeRate', 45: 'avg_linkInternalChangeRate'} 

Model: ET

Retraining on 288242 samples
	Testing on 96081 samples
		Test Recall 0.8560020703168324
		Test Precision 0.9108217615357381
		Test F1 score 0.8825614636935393
		Test Accuracy (b) 0.9115811139624491
------------------------------------------------------------
diffInternalOutLinks  -->  DP4

________________________________________________________________________________
Random state: 0
2021/06/20 19:35:52

Target: diffInternalOutLinks

Final enumerated feature set (SP_SN_DP4_DN4_DPRate):
	 {0: 'contentLength', 1: 'textSize', 2: 'textQuality', 3: 'pathDepth', 4: 'domainDepth', 5: 'numInternalOutLinks', 6: 'numExternalOutLinks', 7: 'numInternalInLinks', 8: 'numExternalInLinks', 9: 'trustRank', 10: 'avg_contentLength', 11: 'avg_textSize', 12: 'avg_textQuality', 13: 'avg_pathDepth', 14: 'avg_domainDepth', 15: 'avg_numInternalOutLinks', 16: 'avg_numExternalOutLinks', 17: 'avg_numInternalInLinks', 18: 'avg_numExternalInLinks', 19: 'avg_trustRank', 20: 'contentLength-1', 21: 'textSize-1', 22: 'textQuality-1', 23: 'diffInternalOutLinks-1', 24: 'diffExternalOutLinks-1', 25: 'contentLength-2', 26: 'textSize-2', 27: 'textQuality-2', 28: 'diffInternalOutLinks-2', 29: 'diffExternalOutLinks-2', 30: 'contentLength-3', 31: 'textSize-3', 32: 'textQuality-3', 33: 'diffInternalOutLinks-3', 34: 'diffExternalOutLinks-3', 35: 'contentLength-4', 36: 'textSize-4', 37: 'textQuality-4', 38: 'diffInternalOutLinks-4', 39: 'diffExternalOutLinks-4', 40: 'numInternalInLinks-1', 41: 'numExternalInLinks-1', 42: 'trustRank-1', 43: 'numInternalInLinks-2', 44: 'numExternalInLinks-2', 45: 'trustRank-2', 46: 'numInternalInLinks-3', 47: 'numExternalInLinks-3', 48: 'trustRank-3', 49: 'numInternalInLinks-4', 50: 'numExternalInLinks-4', 51: 'trustRank-4', 52: 'avg_linkExternalChangeRate', 53: 'avg_linkInternalChangeRate'} 

Model: ET

Hyperparameter tuning on 96080 samples

	Scores on the development set:

	mean 0.86017, stdev 0.00250 for parameters {'min_samples_leaf': 2, 'n_estimators': 200}
	mean 0.86111, stdev 0.00197 for parameters {'min_samples_leaf': 2, 'n_estimators': 300}
	mean 0.86100, stdev 0.00217 for parameters {'min_samples_leaf': 2, 'n_estimators': 400}
	mean 0.86137, stdev 0.00203 for parameters {'min_samples_leaf': 2, 'n_estimators': 500}
	mean 0.83957, stdev 0.00309 for parameters {'min_samples_leaf': 5, 'n_estimators': 200}
	mean 0.83898, stdev 0.00308 for parameters {'min_samples_leaf': 5, 'n_estimators': 300}
	mean 0.83955, stdev 0.00329 for parameters {'min_samples_leaf': 5, 'n_estimators': 400}
	mean 0.83925, stdev 0.00290 for parameters {'min_samples_leaf': 5, 'n_estimators': 500}
	mean 0.81614, stdev 0.00313 for parameters {'min_samples_leaf': 10, 'n_estimators': 200}
	mean 0.81641, stdev 0.00247 for parameters {'min_samples_leaf': 10, 'n_estimators': 300}
	mean 0.81667, stdev 0.00246 for parameters {'min_samples_leaf': 10, 'n_estimators': 400}
	mean 0.81682, stdev 0.00263 for parameters {'min_samples_leaf': 10, 'n_estimators': 500}
	mean 0.80164, stdev 0.00334 for parameters {'min_samples_leaf': 15, 'n_estimators': 200}
	mean 0.80260, stdev 0.00322 for parameters {'min_samples_leaf': 15, 'n_estimators': 300}
	mean 0.80343, stdev 0.00367 for parameters {'min_samples_leaf': 15, 'n_estimators': 400}
	mean 0.80340, stdev 0.00320 for parameters {'min_samples_leaf': 15, 'n_estimators': 500}
	mean 0.79373, stdev 0.00399 for parameters {'min_samples_leaf': 20, 'n_estimators': 200}
	mean 0.79367, stdev 0.00418 for parameters {'min_samples_leaf': 20, 'n_estimators': 300}
	mean 0.79398, stdev 0.00438 for parameters {'min_samples_leaf': 20, 'n_estimators': 400}
	mean 0.79428, stdev 0.00445 for parameters {'min_samples_leaf': 20, 'n_estimators': 500}
	mean 0.78634, stdev 0.00489 for parameters {'min_samples_leaf': 25, 'n_estimators': 200}
	mean 0.78655, stdev 0.00479 for parameters {'min_samples_leaf': 25, 'n_estimators': 300}
	mean 0.78653, stdev 0.00452 for parameters {'min_samples_leaf': 25, 'n_estimators': 400}
	mean 0.78693, stdev 0.00485 for parameters {'min_samples_leaf': 25, 'n_estimators': 500}

	Best parameters on the development set: {'min_samples_leaf': 2, 'n_estimators': 500}

Retraining on 288242 samples
	Testing on 96081 samples
		Test Recall 0.8538916366070433
		Test Precision 0.9194730308733432
		Test F1 score 0.8854696899583526
		Test Accuracy (b) 0.9124133714181335

Top features in ascending order of importance:
	 ['numExternalInLinks', 'numExternalInLinks-2', 'numExternalInLinks-4', 'numExternalInLinks-3', 'numExternalInLinks-1', 'diffExternalOutLinks-2', 'diffExternalOutLinks-3', 'diffExternalOutLinks-4', 'diffExternalOutLinks-1', 'textQuality-1', 'avg_numExternalInLinks', 'textQuality', 'trustRank', 'trustRank-4', 'textQuality-4', 'trustRank-1', 'textQuality-3', 'trustRank-3', 'trustRank-2', 'textQuality-2', 'textSize-3', 'textSize', 'domainDepth', 'textSize-1', 'textSize-4', 'textSize-2', 'avg_domainDepth', 'contentLength', 'numExternalOutLinks', 'avg_trustRank', 'avg_numExternalOutLinks', 'contentLength-3', 'contentLength-4', 'contentLength-2', 'avg_numInternalOutLinks', 'contentLength-1', 'avg_textQuality', 'avg_contentLength', 'pathDepth', 'avg_textSize', 'numInternalOutLinks', 'avg_numInternalInLinks', 'numInternalInLinks', 'avg_pathDepth', 'numInternalInLinks-3', 'numInternalInLinks-4', 'numInternalInLinks-1', 'numInternalInLinks-2', 'avg_linkExternalChangeRate', 'diffInternalOutLinks-4', 'diffInternalOutLinks-2', 'diffInternalOutLinks-3', 'diffInternalOutLinks-1', 'avg_linkInternalChangeRate'] or [8, 44, 50, 47, 41, 29, 34, 39, 24, 22, 18, 2, 9, 51, 37, 42, 32, 48, 45, 27, 31, 1, 4, 21, 36, 26, 14, 0, 6, 19, 16, 30, 35, 25, 15, 20, 12, 10, 3, 11, 5, 17, 7, 13, 46, 49, 40, 43, 52, 38, 28, 33, 23, 53]

Refitting on two features for decision boundaries
	 [28, 33] F1 score: 0.7757677105503192
	 [28, 23] F1 score: 0.7559130094710172
	 [28, 53] F1 score: 0.7556458192296343
	 [33, 23] F1 score: 0.7781372002230897
	 [33, 53] F1 score: 0.7694995009268502
	 [23, 53] F1 score: 0.7629607218494723

________________________________________________________________________________
Random state: 1
2021/06/20 20:20:57

Target: diffInternalOutLinks

Final enumerated feature set (SP_SN_DP4_DN4_DPRate):
	 {0: 'contentLength', 1: 'textSize', 2: 'textQuality', 3: 'pathDepth', 4: 'domainDepth', 5: 'numInternalOutLinks', 6: 'numExternalOutLinks', 7: 'numInternalInLinks', 8: 'numExternalInLinks', 9: 'trustRank', 10: 'avg_contentLength', 11: 'avg_textSize', 12: 'avg_textQuality', 13: 'avg_pathDepth', 14: 'avg_domainDepth', 15: 'avg_numInternalOutLinks', 16: 'avg_numExternalOutLinks', 17: 'avg_numInternalInLinks', 18: 'avg_numExternalInLinks', 19: 'avg_trustRank', 20: 'contentLength-1', 21: 'textSize-1', 22: 'textQuality-1', 23: 'diffInternalOutLinks-1', 24: 'diffExternalOutLinks-1', 25: 'contentLength-2', 26: 'textSize-2', 27: 'textQuality-2', 28: 'diffInternalOutLinks-2', 29: 'diffExternalOutLinks-2', 30: 'contentLength-3', 31: 'textSize-3', 32: 'textQuality-3', 33: 'diffInternalOutLinks-3', 34: 'diffExternalOutLinks-3', 35: 'contentLength-4', 36: 'textSize-4', 37: 'textQuality-4', 38: 'diffInternalOutLinks-4', 39: 'diffExternalOutLinks-4', 40: 'numInternalInLinks-1', 41: 'numExternalInLinks-1', 42: 'trustRank-1', 43: 'numInternalInLinks-2', 44: 'numExternalInLinks-2', 45: 'trustRank-2', 46: 'numInternalInLinks-3', 47: 'numExternalInLinks-3', 48: 'trustRank-3', 49: 'numInternalInLinks-4', 50: 'numExternalInLinks-4', 51: 'trustRank-4', 52: 'avg_linkExternalChangeRate', 53: 'avg_linkInternalChangeRate'} 

Model: ET

Retraining on 288242 samples
	Testing on 96081 samples
		Test Recall 0.8528943372467687
		Test Precision 0.9192846592950381
		Test F1 score 0.8848459233074618
		Test Accuracy (b) 0.9118119630646119

________________________________________________________________________________
Random state: 2
2021/06/20 20:23:09

Target: diffInternalOutLinks

Final enumerated feature set (SP_SN_DP4_DN4_DPRate):
	 {0: 'contentLength', 1: 'textSize', 2: 'textQuality', 3: 'pathDepth', 4: 'domainDepth', 5: 'numInternalOutLinks', 6: 'numExternalOutLinks', 7: 'numInternalInLinks', 8: 'numExternalInLinks', 9: 'trustRank', 10: 'avg_contentLength', 11: 'avg_textSize', 12: 'avg_textQuality', 13: 'avg_pathDepth', 14: 'avg_domainDepth', 15: 'avg_numInternalOutLinks', 16: 'avg_numExternalOutLinks', 17: 'avg_numInternalInLinks', 18: 'avg_numExternalInLinks', 19: 'avg_trustRank', 20: 'contentLength-1', 21: 'textSize-1', 22: 'textQuality-1', 23: 'diffInternalOutLinks-1', 24: 'diffExternalOutLinks-1', 25: 'contentLength-2', 26: 'textSize-2', 27: 'textQuality-2', 28: 'diffInternalOutLinks-2', 29: 'diffExternalOutLinks-2', 30: 'contentLength-3', 31: 'textSize-3', 32: 'textQuality-3', 33: 'diffInternalOutLinks-3', 34: 'diffExternalOutLinks-3', 35: 'contentLength-4', 36: 'textSize-4', 37: 'textQuality-4', 38: 'diffInternalOutLinks-4', 39: 'diffExternalOutLinks-4', 40: 'numInternalInLinks-1', 41: 'numExternalInLinks-1', 42: 'trustRank-1', 43: 'numInternalInLinks-2', 44: 'numExternalInLinks-2', 45: 'trustRank-2', 46: 'numInternalInLinks-3', 47: 'numExternalInLinks-3', 48: 'trustRank-3', 49: 'numInternalInLinks-4', 50: 'numExternalInLinks-4', 51: 'trustRank-4', 52: 'avg_linkExternalChangeRate', 53: 'avg_linkInternalChangeRate'} 

Model: ET

Retraining on 288242 samples
	Testing on 96081 samples
		Test Recall 0.8564826795815003
		Test Precision 0.9190336401142495
		Test F1 score 0.8866563331228353
		Test Accuracy (b) 0.9134583406019681
------------------------------------------------------------
diffInternalOutLinks  -->  DP5

________________________________________________________________________________
Random state: 0
2021/06/20 20:25:08

Target: diffInternalOutLinks

Final enumerated feature set (SP_SN_DP5_DN5_DPRate):
	 {0: 'contentLength', 1: 'textSize', 2: 'textQuality', 3: 'pathDepth', 4: 'domainDepth', 5: 'numInternalOutLinks', 6: 'numExternalOutLinks', 7: 'numInternalInLinks', 8: 'numExternalInLinks', 9: 'trustRank', 10: 'avg_contentLength', 11: 'avg_textSize', 12: 'avg_textQuality', 13: 'avg_pathDepth', 14: 'avg_domainDepth', 15: 'avg_numInternalOutLinks', 16: 'avg_numExternalOutLinks', 17: 'avg_numInternalInLinks', 18: 'avg_numExternalInLinks', 19: 'avg_trustRank', 20: 'contentLength-1', 21: 'textSize-1', 22: 'textQuality-1', 23: 'diffInternalOutLinks-1', 24: 'diffExternalOutLinks-1', 25: 'contentLength-2', 26: 'textSize-2', 27: 'textQuality-2', 28: 'diffInternalOutLinks-2', 29: 'diffExternalOutLinks-2', 30: 'contentLength-3', 31: 'textSize-3', 32: 'textQuality-3', 33: 'diffInternalOutLinks-3', 34: 'diffExternalOutLinks-3', 35: 'contentLength-4', 36: 'textSize-4', 37: 'textQuality-4', 38: 'diffInternalOutLinks-4', 39: 'diffExternalOutLinks-4', 40: 'contentLength-5', 41: 'textSize-5', 42: 'textQuality-5', 43: 'diffInternalOutLinks-5', 44: 'diffExternalOutLinks-5', 45: 'numInternalInLinks-1', 46: 'numExternalInLinks-1', 47: 'trustRank-1', 48: 'numInternalInLinks-2', 49: 'numExternalInLinks-2', 50: 'trustRank-2', 51: 'numInternalInLinks-3', 52: 'numExternalInLinks-3', 53: 'trustRank-3', 54: 'numInternalInLinks-4', 55: 'numExternalInLinks-4', 56: 'trustRank-4', 57: 'numInternalInLinks-5', 58: 'numExternalInLinks-5', 59: 'trustRank-5', 60: 'avg_linkExternalChangeRate', 61: 'avg_linkInternalChangeRate'} 

Model: ET

Hyperparameter tuning on 96080 samples

	Scores on the development set:

	mean 0.86220, stdev 0.00330 for parameters {'min_samples_leaf': 2, 'n_estimators': 200}
	mean 0.86261, stdev 0.00386 for parameters {'min_samples_leaf': 2, 'n_estimators': 300}
	mean 0.86243, stdev 0.00321 for parameters {'min_samples_leaf': 2, 'n_estimators': 400}
	mean 0.86225, stdev 0.00308 for parameters {'min_samples_leaf': 2, 'n_estimators': 500}
	mean 0.84214, stdev 0.00289 for parameters {'min_samples_leaf': 5, 'n_estimators': 200}
	mean 0.84240, stdev 0.00291 for parameters {'min_samples_leaf': 5, 'n_estimators': 300}
	mean 0.84192, stdev 0.00269 for parameters {'min_samples_leaf': 5, 'n_estimators': 400}
	mean 0.84184, stdev 0.00286 for parameters {'min_samples_leaf': 5, 'n_estimators': 500}
	mean 0.81968, stdev 0.00414 for parameters {'min_samples_leaf': 10, 'n_estimators': 200}
	mean 0.81982, stdev 0.00312 for parameters {'min_samples_leaf': 10, 'n_estimators': 300}
	mean 0.81964, stdev 0.00349 for parameters {'min_samples_leaf': 10, 'n_estimators': 400}
	mean 0.81975, stdev 0.00353 for parameters {'min_samples_leaf': 10, 'n_estimators': 500}
	mean 0.80493, stdev 0.00416 for parameters {'min_samples_leaf': 15, 'n_estimators': 200}
	mean 0.80568, stdev 0.00383 for parameters {'min_samples_leaf': 15, 'n_estimators': 300}
	mean 0.80546, stdev 0.00359 for parameters {'min_samples_leaf': 15, 'n_estimators': 400}
	mean 0.80541, stdev 0.00370 for parameters {'min_samples_leaf': 15, 'n_estimators': 500}
	mean 0.79649, stdev 0.00285 for parameters {'min_samples_leaf': 20, 'n_estimators': 200}
	mean 0.79655, stdev 0.00327 for parameters {'min_samples_leaf': 20, 'n_estimators': 300}
	mean 0.79620, stdev 0.00343 for parameters {'min_samples_leaf': 20, 'n_estimators': 400}
	mean 0.79646, stdev 0.00347 for parameters {'min_samples_leaf': 20, 'n_estimators': 500}
	mean 0.78781, stdev 0.00441 for parameters {'min_samples_leaf': 25, 'n_estimators': 200}
	mean 0.78929, stdev 0.00416 for parameters {'min_samples_leaf': 25, 'n_estimators': 300}
	mean 0.78869, stdev 0.00473 for parameters {'min_samples_leaf': 25, 'n_estimators': 400}
	mean 0.78916, stdev 0.00441 for parameters {'min_samples_leaf': 25, 'n_estimators': 500}

	Best parameters on the development set: {'min_samples_leaf': 2, 'n_estimators': 300}

Retraining on 288242 samples
	Testing on 96081 samples
		Test Recall 0.8529619575322599
		Test Precision 0.9214977301032502
		Test F1 score 0.885906299486308
		Test Accuracy (b) 0.9123604411161805

Top features in ascending order of importance:
	 ['numExternalInLinks-3', 'numExternalInLinks-4', 'numExternalInLinks-5', 'numExternalInLinks-1', 'numExternalInLinks', 'numExternalInLinks-2', 'diffExternalOutLinks-5', 'diffExternalOutLinks-2', 'diffExternalOutLinks-4', 'diffExternalOutLinks-3', 'diffExternalOutLinks-1', 'avg_numExternalInLinks', 'trustRank-2', 'textQuality-5', 'textQuality-4', 'trustRank-4', 'trustRank-5', 'trustRank-3', 'textQuality-1', 'trustRank-1', 'trustRank', 'textQuality-3', 'domainDepth', 'textQuality-2', 'textSize', 'textQuality', 'textSize-5', 'avg_trustRank', 'avg_domainDepth', 'textSize-4', 'textSize-2', 'textSize-3', 'textSize-1', 'contentLength-5', 'contentLength', 'numExternalOutLinks', 'avg_numExternalOutLinks', 'contentLength-3', 'contentLength-4', 'contentLength-1', 'contentLength-2', 'avg_numInternalOutLinks', 'avg_textQuality', 'avg_contentLength', 'pathDepth', 'avg_textSize', 'numInternalOutLinks', 'avg_numInternalInLinks', 'numInternalInLinks-3', 'numInternalInLinks-4', 'numInternalInLinks', 'avg_pathDepth', 'numInternalInLinks-5', 'numInternalInLinks-1', 'numInternalInLinks-2', 'diffInternalOutLinks-5', 'avg_linkExternalChangeRate', 'diffInternalOutLinks-4', 'diffInternalOutLinks-2', 'diffInternalOutLinks-3', 'diffInternalOutLinks-1', 'avg_linkInternalChangeRate'] or [52, 55, 58, 46, 8, 49, 44, 29, 39, 34, 24, 18, 50, 42, 37, 56, 59, 53, 22, 47, 9, 32, 4, 27, 1, 2, 41, 19, 14, 36, 26, 31, 21, 40, 0, 6, 16, 30, 35, 20, 25, 15, 12, 10, 3, 11, 5, 17, 51, 54, 7, 13, 57, 45, 48, 43, 60, 38, 28, 33, 23, 61]

Refitting on two features for decision boundaries
	 [28, 33] F1 score: 0.7637387428035156
	 [28, 23] F1 score: 0.7558615999319902
	 [28, 61] F1 score: 0.75625043526708
	 [33, 23] F1 score: 0.7777406292952932
	 [33, 61] F1 score: 0.7694144481271606
	 [23, 61] F1 score: 0.7615981888607863

________________________________________________________________________________
Random state: 1
2021/06/20 21:05:16

Target: diffInternalOutLinks

Final enumerated feature set (SP_SN_DP5_DN5_DPRate):
	 {0: 'contentLength', 1: 'textSize', 2: 'textQuality', 3: 'pathDepth', 4: 'domainDepth', 5: 'numInternalOutLinks', 6: 'numExternalOutLinks', 7: 'numInternalInLinks', 8: 'numExternalInLinks', 9: 'trustRank', 10: 'avg_contentLength', 11: 'avg_textSize', 12: 'avg_textQuality', 13: 'avg_pathDepth', 14: 'avg_domainDepth', 15: 'avg_numInternalOutLinks', 16: 'avg_numExternalOutLinks', 17: 'avg_numInternalInLinks', 18: 'avg_numExternalInLinks', 19: 'avg_trustRank', 20: 'contentLength-1', 21: 'textSize-1', 22: 'textQuality-1', 23: 'diffInternalOutLinks-1', 24: 'diffExternalOutLinks-1', 25: 'contentLength-2', 26: 'textSize-2', 27: 'textQuality-2', 28: 'diffInternalOutLinks-2', 29: 'diffExternalOutLinks-2', 30: 'contentLength-3', 31: 'textSize-3', 32: 'textQuality-3', 33: 'diffInternalOutLinks-3', 34: 'diffExternalOutLinks-3', 35: 'contentLength-4', 36: 'textSize-4', 37: 'textQuality-4', 38: 'diffInternalOutLinks-4', 39: 'diffExternalOutLinks-4', 40: 'contentLength-5', 41: 'textSize-5', 42: 'textQuality-5', 43: 'diffInternalOutLinks-5', 44: 'diffExternalOutLinks-5', 45: 'numInternalInLinks-1', 46: 'numExternalInLinks-1', 47: 'trustRank-1', 48: 'numInternalInLinks-2', 49: 'numExternalInLinks-2', 50: 'trustRank-2', 51: 'numInternalInLinks-3', 52: 'numExternalInLinks-3', 53: 'trustRank-3', 54: 'numInternalInLinks-4', 55: 'numExternalInLinks-4', 56: 'trustRank-4', 57: 'numInternalInLinks-5', 58: 'numExternalInLinks-5', 59: 'trustRank-5', 60: 'avg_linkExternalChangeRate', 61: 'avg_linkInternalChangeRate'} 

Model: ET

Retraining on 288242 samples
	Testing on 96081 samples
		Test Recall 0.8517462316210511
		Test Precision 0.9209883464819191
		Test F1 score 0.8850150080812746
		Test Accuracy (b) 0.9115925715140577

________________________________________________________________________________
Random state: 2
2021/06/20 21:06:30

Target: diffInternalOutLinks

Final enumerated feature set (SP_SN_DP5_DN5_DPRate):
	 {0: 'contentLength', 1: 'textSize', 2: 'textQuality', 3: 'pathDepth', 4: 'domainDepth', 5: 'numInternalOutLinks', 6: 'numExternalOutLinks', 7: 'numInternalInLinks', 8: 'numExternalInLinks', 9: 'trustRank', 10: 'avg_contentLength', 11: 'avg_textSize', 12: 'avg_textQuality', 13: 'avg_pathDepth', 14: 'avg_domainDepth', 15: 'avg_numInternalOutLinks', 16: 'avg_numExternalOutLinks', 17: 'avg_numInternalInLinks', 18: 'avg_numExternalInLinks', 19: 'avg_trustRank', 20: 'contentLength-1', 21: 'textSize-1', 22: 'textQuality-1', 23: 'diffInternalOutLinks-1', 24: 'diffExternalOutLinks-1', 25: 'contentLength-2', 26: 'textSize-2', 27: 'textQuality-2', 28: 'diffInternalOutLinks-2', 29: 'diffExternalOutLinks-2', 30: 'contentLength-3', 31: 'textSize-3', 32: 'textQuality-3', 33: 'diffInternalOutLinks-3', 34: 'diffExternalOutLinks-3', 35: 'contentLength-4', 36: 'textSize-4', 37: 'textQuality-4', 38: 'diffInternalOutLinks-4', 39: 'diffExternalOutLinks-4', 40: 'contentLength-5', 41: 'textSize-5', 42: 'textQuality-5', 43: 'diffInternalOutLinks-5', 44: 'diffExternalOutLinks-5', 45: 'numInternalInLinks-1', 46: 'numExternalInLinks-1', 47: 'trustRank-1', 48: 'numInternalInLinks-2', 49: 'numExternalInLinks-2', 50: 'trustRank-2', 51: 'numInternalInLinks-3', 52: 'numExternalInLinks-3', 53: 'trustRank-3', 54: 'numInternalInLinks-4', 55: 'numExternalInLinks-4', 56: 'trustRank-4', 57: 'numInternalInLinks-5', 58: 'numExternalInLinks-5', 59: 'trustRank-5', 60: 'avg_linkExternalChangeRate', 61: 'avg_linkInternalChangeRate'} 

Model: ET

Retraining on 288242 samples
	Testing on 96081 samples
		Test Recall 0.8560020703168324
		Test Precision 0.9214422158548233
		Test F1 score 0.8875174885485942
		Test Accuracy (b) 0.913703318157605
------------------------------------------------------------
diffInternalOutLinks  -->  DP6

________________________________________________________________________________
Random state: 0
2021/06/20 21:07:42

Target: diffInternalOutLinks

Final enumerated feature set (SP_SN_DP6_DN6_DPRate):
	 {0: 'contentLength', 1: 'textSize', 2: 'textQuality', 3: 'pathDepth', 4: 'domainDepth', 5: 'numInternalOutLinks', 6: 'numExternalOutLinks', 7: 'numInternalInLinks', 8: 'numExternalInLinks', 9: 'trustRank', 10: 'avg_contentLength', 11: 'avg_textSize', 12: 'avg_textQuality', 13: 'avg_pathDepth', 14: 'avg_domainDepth', 15: 'avg_numInternalOutLinks', 16: 'avg_numExternalOutLinks', 17: 'avg_numInternalInLinks', 18: 'avg_numExternalInLinks', 19: 'avg_trustRank', 20: 'contentLength-1', 21: 'textSize-1', 22: 'textQuality-1', 23: 'diffInternalOutLinks-1', 24: 'diffExternalOutLinks-1', 25: 'contentLength-2', 26: 'textSize-2', 27: 'textQuality-2', 28: 'diffInternalOutLinks-2', 29: 'diffExternalOutLinks-2', 30: 'contentLength-3', 31: 'textSize-3', 32: 'textQuality-3', 33: 'diffInternalOutLinks-3', 34: 'diffExternalOutLinks-3', 35: 'contentLength-4', 36: 'textSize-4', 37: 'textQuality-4', 38: 'diffInternalOutLinks-4', 39: 'diffExternalOutLinks-4', 40: 'contentLength-5', 41: 'textSize-5', 42: 'textQuality-5', 43: 'diffInternalOutLinks-5', 44: 'diffExternalOutLinks-5', 45: 'contentLength-6', 46: 'textSize-6', 47: 'textQuality-6', 48: 'diffInternalOutLinks-6', 49: 'diffExternalOutLinks-6', 50: 'numInternalInLinks-1', 51: 'numExternalInLinks-1', 52: 'trustRank-1', 53: 'numInternalInLinks-2', 54: 'numExternalInLinks-2', 55: 'trustRank-2', 56: 'numInternalInLinks-3', 57: 'numExternalInLinks-3', 58: 'trustRank-3', 59: 'numInternalInLinks-4', 60: 'numExternalInLinks-4', 61: 'trustRank-4', 62: 'numInternalInLinks-5', 63: 'numExternalInLinks-5', 64: 'trustRank-5', 65: 'numInternalInLinks-6', 66: 'numExternalInLinks-6', 67: 'trustRank-6', 68: 'avg_linkExternalChangeRate', 69: 'avg_linkInternalChangeRate'} 

Model: ET

Hyperparameter tuning on 96080 samples

	Scores on the development set:

	mean 0.86501, stdev 0.00397 for parameters {'min_samples_leaf': 2, 'n_estimators': 200}
	mean 0.86530, stdev 0.00344 for parameters {'min_samples_leaf': 2, 'n_estimators': 300}
	mean 0.86571, stdev 0.00363 for parameters {'min_samples_leaf': 2, 'n_estimators': 400}
	mean 0.86541, stdev 0.00383 for parameters {'min_samples_leaf': 2, 'n_estimators': 500}
	mean 0.84689, stdev 0.00323 for parameters {'min_samples_leaf': 5, 'n_estimators': 200}
	mean 0.84694, stdev 0.00358 for parameters {'min_samples_leaf': 5, 'n_estimators': 300}
	mean 0.84765, stdev 0.00370 for parameters {'min_samples_leaf': 5, 'n_estimators': 400}
	mean 0.84701, stdev 0.00406 for parameters {'min_samples_leaf': 5, 'n_estimators': 500}
	mean 0.82403, stdev 0.00290 for parameters {'min_samples_leaf': 10, 'n_estimators': 200}
	mean 0.82525, stdev 0.00326 for parameters {'min_samples_leaf': 10, 'n_estimators': 300}
	mean 0.82516, stdev 0.00311 for parameters {'min_samples_leaf': 10, 'n_estimators': 400}
	mean 0.82526, stdev 0.00317 for parameters {'min_samples_leaf': 10, 'n_estimators': 500}
	mean 0.81074, stdev 0.00245 for parameters {'min_samples_leaf': 15, 'n_estimators': 200}
	mean 0.81117, stdev 0.00263 for parameters {'min_samples_leaf': 15, 'n_estimators': 300}
	mean 0.81179, stdev 0.00259 for parameters {'min_samples_leaf': 15, 'n_estimators': 400}
	mean 0.81150, stdev 0.00268 for parameters {'min_samples_leaf': 15, 'n_estimators': 500}
	mean 0.80108, stdev 0.00294 for parameters {'min_samples_leaf': 20, 'n_estimators': 200}
	mean 0.80238, stdev 0.00361 for parameters {'min_samples_leaf': 20, 'n_estimators': 300}
	mean 0.80335, stdev 0.00308 for parameters {'min_samples_leaf': 20, 'n_estimators': 400}
	mean 0.80301, stdev 0.00273 for parameters {'min_samples_leaf': 20, 'n_estimators': 500}
	mean 0.79531, stdev 0.00447 for parameters {'min_samples_leaf': 25, 'n_estimators': 200}
	mean 0.79576, stdev 0.00393 for parameters {'min_samples_leaf': 25, 'n_estimators': 300}
	mean 0.79595, stdev 0.00422 for parameters {'min_samples_leaf': 25, 'n_estimators': 400}
	mean 0.79568, stdev 0.00429 for parameters {'min_samples_leaf': 25, 'n_estimators': 500}

	Best parameters on the development set: {'min_samples_leaf': 2, 'n_estimators': 400}

Retraining on 288242 samples
	Testing on 96081 samples
		Test Recall 0.855974117734558
		Test Precision 0.925718881962598
		Test F1 score 0.8894814127830589
		Test Accuracy (b) 0.9146397543435039

Top features in ascending order of importance:
	 ['numExternalInLinks', 'numExternalInLinks-6', 'numExternalInLinks-5', 'numExternalInLinks-2', 'numExternalInLinks-1', 'numExternalInLinks-3', 'numExternalInLinks-4', 'diffExternalOutLinks-5', 'diffExternalOutLinks-2', 'diffExternalOutLinks-6', 'diffExternalOutLinks-3', 'diffExternalOutLinks-4', 'diffExternalOutLinks-1', 'avg_numExternalInLinks', 'trustRank-4', 'trustRank-1', 'trustRank-2', 'textQuality-5', 'trustRank-6', 'textQuality-3', 'trustRank-5', 'textQuality-2', 'textQuality-6', 'trustRank-3', 'domainDepth', 'textQuality', 'trustRank', 'textQuality-1', 'textSize-5', 'textSize-6', 'textQuality-4', 'textSize', 'textSize-3', 'textSize-1', 'avg_domainDepth', 'textSize-2', 'textSize-4', 'avg_trustRank', 'contentLength-6', 'contentLength', 'avg_numExternalOutLinks', 'contentLength-1', 'contentLength-5', 'numExternalOutLinks', 'avg_numInternalOutLinks', 'contentLength-3', 'contentLength-4', 'contentLength-2', 'avg_textSize', 'avg_contentLength', 'avg_textQuality', 'pathDepth', 'numInternalInLinks-5', 'avg_numInternalInLinks', 'numInternalInLinks-6', 'numInternalOutLinks', 'avg_pathDepth', 'numInternalInLinks-2', 'numInternalInLinks-4', 'numInternalInLinks', 'numInternalInLinks-1', 'numInternalInLinks-3', 'diffInternalOutLinks-5', 'diffInternalOutLinks-6', 'avg_linkExternalChangeRate', 'diffInternalOutLinks-4', 'diffInternalOutLinks-2', 'diffInternalOutLinks-3', 'diffInternalOutLinks-1', 'avg_linkInternalChangeRate'] or [8, 66, 63, 54, 51, 57, 60, 44, 29, 49, 34, 39, 24, 18, 61, 52, 55, 42, 67, 32, 64, 27, 47, 58, 4, 2, 9, 22, 41, 46, 37, 1, 31, 21, 14, 26, 36, 19, 45, 0, 16, 20, 40, 6, 15, 30, 35, 25, 11, 10, 12, 3, 62, 17, 65, 5, 13, 53, 59, 7, 50, 56, 43, 48, 68, 38, 28, 33, 23, 69]

Refitting on two features for decision boundaries
	 [28, 33] F1 score: 0.7637938814186445
	 [28, 23] F1 score: 0.755848748639826
	 [28, 69] F1 score: 0.7561013794423086
	 [33, 23] F1 score: 0.7776849220940814
	 [33, 69] F1 score: 0.7698979227639374
	 [23, 69] F1 score: 0.7620550276556518

________________________________________________________________________________
Random state: 1
2021/06/20 21:55:13

Target: diffInternalOutLinks

Final enumerated feature set (SP_SN_DP6_DN6_DPRate):
	 {0: 'contentLength', 1: 'textSize', 2: 'textQuality', 3: 'pathDepth', 4: 'domainDepth', 5: 'numInternalOutLinks', 6: 'numExternalOutLinks', 7: 'numInternalInLinks', 8: 'numExternalInLinks', 9: 'trustRank', 10: 'avg_contentLength', 11: 'avg_textSize', 12: 'avg_textQuality', 13: 'avg_pathDepth', 14: 'avg_domainDepth', 15: 'avg_numInternalOutLinks', 16: 'avg_numExternalOutLinks', 17: 'avg_numInternalInLinks', 18: 'avg_numExternalInLinks', 19: 'avg_trustRank', 20: 'contentLength-1', 21: 'textSize-1', 22: 'textQuality-1', 23: 'diffInternalOutLinks-1', 24: 'diffExternalOutLinks-1', 25: 'contentLength-2', 26: 'textSize-2', 27: 'textQuality-2', 28: 'diffInternalOutLinks-2', 29: 'diffExternalOutLinks-2', 30: 'contentLength-3', 31: 'textSize-3', 32: 'textQuality-3', 33: 'diffInternalOutLinks-3', 34: 'diffExternalOutLinks-3', 35: 'contentLength-4', 36: 'textSize-4', 37: 'textQuality-4', 38: 'diffInternalOutLinks-4', 39: 'diffExternalOutLinks-4', 40: 'contentLength-5', 41: 'textSize-5', 42: 'textQuality-5', 43: 'diffInternalOutLinks-5', 44: 'diffExternalOutLinks-5', 45: 'contentLength-6', 46: 'textSize-6', 47: 'textQuality-6', 48: 'diffInternalOutLinks-6', 49: 'diffExternalOutLinks-6', 50: 'numInternalInLinks-1', 51: 'numExternalInLinks-1', 52: 'trustRank-1', 53: 'numInternalInLinks-2', 54: 'numExternalInLinks-2', 55: 'trustRank-2', 56: 'numInternalInLinks-3', 57: 'numExternalInLinks-3', 58: 'trustRank-3', 59: 'numInternalInLinks-4', 60: 'numExternalInLinks-4', 61: 'trustRank-4', 62: 'numInternalInLinks-5', 63: 'numExternalInLinks-5', 64: 'trustRank-5', 65: 'numInternalInLinks-6', 66: 'numExternalInLinks-6', 67: 'trustRank-6', 68: 'avg_linkExternalChangeRate', 69: 'avg_linkInternalChangeRate'} 

Model: ET

Retraining on 288242 samples
	Testing on 96081 samples
		Test Recall 0.854079478537832
		Test Precision 0.926144578313253
		Test F1 score 0.888653397815071
		Test Accuracy (b) 0.913729084955077

________________________________________________________________________________
Random state: 2
2021/06/20 21:57:01

Target: diffInternalOutLinks

Final enumerated feature set (SP_SN_DP6_DN6_DPRate):
	 {0: 'contentLength', 1: 'textSize', 2: 'textQuality', 3: 'pathDepth', 4: 'domainDepth', 5: 'numInternalOutLinks', 6: 'numExternalOutLinks', 7: 'numInternalInLinks', 8: 'numExternalInLinks', 9: 'trustRank', 10: 'avg_contentLength', 11: 'avg_textSize', 12: 'avg_textQuality', 13: 'avg_pathDepth', 14: 'avg_domainDepth', 15: 'avg_numInternalOutLinks', 16: 'avg_numExternalOutLinks', 17: 'avg_numInternalInLinks', 18: 'avg_numExternalInLinks', 19: 'avg_trustRank', 20: 'contentLength-1', 21: 'textSize-1', 22: 'textQuality-1', 23: 'diffInternalOutLinks-1', 24: 'diffExternalOutLinks-1', 25: 'contentLength-2', 26: 'textSize-2', 27: 'textQuality-2', 28: 'diffInternalOutLinks-2', 29: 'diffExternalOutLinks-2', 30: 'contentLength-3', 31: 'textSize-3', 32: 'textQuality-3', 33: 'diffInternalOutLinks-3', 34: 'diffExternalOutLinks-3', 35: 'contentLength-4', 36: 'textSize-4', 37: 'textQuality-4', 38: 'diffInternalOutLinks-4', 39: 'diffExternalOutLinks-4', 40: 'contentLength-5', 41: 'textSize-5', 42: 'textQuality-5', 43: 'diffInternalOutLinks-5', 44: 'diffExternalOutLinks-5', 45: 'contentLength-6', 46: 'textSize-6', 47: 'textQuality-6', 48: 'diffInternalOutLinks-6', 49: 'diffExternalOutLinks-6', 50: 'numInternalInLinks-1', 51: 'numExternalInLinks-1', 52: 'trustRank-1', 53: 'numInternalInLinks-2', 54: 'numExternalInLinks-2', 55: 'trustRank-2', 56: 'numInternalInLinks-3', 57: 'numExternalInLinks-3', 58: 'trustRank-3', 59: 'numInternalInLinks-4', 60: 'numExternalInLinks-4', 61: 'trustRank-4', 62: 'numInternalInLinks-5', 63: 'numExternalInLinks-5', 64: 'trustRank-5', 65: 'numInternalInLinks-6', 66: 'numExternalInLinks-6', 67: 'trustRank-6', 68: 'avg_linkExternalChangeRate', 69: 'avg_linkInternalChangeRate'} 

Model: ET

Retraining on 288242 samples
	Testing on 96081 samples
		Test Recall 0.8575548079411438
		Test Precision 0.9256554531306117
		Test F1 score 0.8903047516696092
		Test Accuracy (b) 0.9152836619378915
------------------------------------------------------------
diffInternalOutLinks  -->  DP7

________________________________________________________________________________
Random state: 0
2021/06/20 21:58:47

Target: diffInternalOutLinks

Final enumerated feature set (SP_SN_DP7_DN7_DPRate):
	 {0: 'contentLength', 1: 'textSize', 2: 'textQuality', 3: 'pathDepth', 4: 'domainDepth', 5: 'numInternalOutLinks', 6: 'numExternalOutLinks', 7: 'numInternalInLinks', 8: 'numExternalInLinks', 9: 'trustRank', 10: 'avg_contentLength', 11: 'avg_textSize', 12: 'avg_textQuality', 13: 'avg_pathDepth', 14: 'avg_domainDepth', 15: 'avg_numInternalOutLinks', 16: 'avg_numExternalOutLinks', 17: 'avg_numInternalInLinks', 18: 'avg_numExternalInLinks', 19: 'avg_trustRank', 20: 'contentLength-1', 21: 'textSize-1', 22: 'textQuality-1', 23: 'diffInternalOutLinks-1', 24: 'diffExternalOutLinks-1', 25: 'contentLength-2', 26: 'textSize-2', 27: 'textQuality-2', 28: 'diffInternalOutLinks-2', 29: 'diffExternalOutLinks-2', 30: 'contentLength-3', 31: 'textSize-3', 32: 'textQuality-3', 33: 'diffInternalOutLinks-3', 34: 'diffExternalOutLinks-3', 35: 'contentLength-4', 36: 'textSize-4', 37: 'textQuality-4', 38: 'diffInternalOutLinks-4', 39: 'diffExternalOutLinks-4', 40: 'contentLength-5', 41: 'textSize-5', 42: 'textQuality-5', 43: 'diffInternalOutLinks-5', 44: 'diffExternalOutLinks-5', 45: 'contentLength-6', 46: 'textSize-6', 47: 'textQuality-6', 48: 'diffInternalOutLinks-6', 49: 'diffExternalOutLinks-6', 50: 'contentLength-7', 51: 'textSize-7', 52: 'textQuality-7', 53: 'diffInternalOutLinks-7', 54: 'diffExternalOutLinks-7', 55: 'numInternalInLinks-1', 56: 'numExternalInLinks-1', 57: 'trustRank-1', 58: 'numInternalInLinks-2', 59: 'numExternalInLinks-2', 60: 'trustRank-2', 61: 'numInternalInLinks-3', 62: 'numExternalInLinks-3', 63: 'trustRank-3', 64: 'numInternalInLinks-4', 65: 'numExternalInLinks-4', 66: 'trustRank-4', 67: 'numInternalInLinks-5', 68: 'numExternalInLinks-5', 69: 'trustRank-5', 70: 'numInternalInLinks-6', 71: 'numExternalInLinks-6', 72: 'trustRank-6', 73: 'numInternalInLinks-7', 74: 'numExternalInLinks-7', 75: 'trustRank-7', 76: 'avg_linkExternalChangeRate', 77: 'avg_linkInternalChangeRate'} 

Model: ET

Hyperparameter tuning on 96080 samples

	Scores on the development set:

	mean 0.86624, stdev 0.00329 for parameters {'min_samples_leaf': 2, 'n_estimators': 200}
	mean 0.86644, stdev 0.00329 for parameters {'min_samples_leaf': 2, 'n_estimators': 300}
	mean 0.86623, stdev 0.00328 for parameters {'min_samples_leaf': 2, 'n_estimators': 400}
	mean 0.86669, stdev 0.00358 for parameters {'min_samples_leaf': 2, 'n_estimators': 500}
	mean 0.84801, stdev 0.00407 for parameters {'min_samples_leaf': 5, 'n_estimators': 200}
	mean 0.84855, stdev 0.00399 for parameters {'min_samples_leaf': 5, 'n_estimators': 300}
	mean 0.84831, stdev 0.00343 for parameters {'min_samples_leaf': 5, 'n_estimators': 400}
	mean 0.84851, stdev 0.00330 for parameters {'min_samples_leaf': 5, 'n_estimators': 500}
	mean 0.82636, stdev 0.00348 for parameters {'min_samples_leaf': 10, 'n_estimators': 200}
	mean 0.82644, stdev 0.00341 for parameters {'min_samples_leaf': 10, 'n_estimators': 300}
	mean 0.82676, stdev 0.00396 for parameters {'min_samples_leaf': 10, 'n_estimators': 400}
	mean 0.82711, stdev 0.00341 for parameters {'min_samples_leaf': 10, 'n_estimators': 500}
	mean 0.81368, stdev 0.00299 for parameters {'min_samples_leaf': 15, 'n_estimators': 200}
	mean 0.81326, stdev 0.00329 for parameters {'min_samples_leaf': 15, 'n_estimators': 300}
	mean 0.81286, stdev 0.00326 for parameters {'min_samples_leaf': 15, 'n_estimators': 400}
	mean 0.81299, stdev 0.00320 for parameters {'min_samples_leaf': 15, 'n_estimators': 500}
	mean 0.80373, stdev 0.00389 for parameters {'min_samples_leaf': 20, 'n_estimators': 200}
	mean 0.80398, stdev 0.00383 for parameters {'min_samples_leaf': 20, 'n_estimators': 300}
	mean 0.80382, stdev 0.00343 for parameters {'min_samples_leaf': 20, 'n_estimators': 400}
	mean 0.80462, stdev 0.00365 for parameters {'min_samples_leaf': 20, 'n_estimators': 500}
	mean 0.79779, stdev 0.00372 for parameters {'min_samples_leaf': 25, 'n_estimators': 200}
	mean 0.79738, stdev 0.00384 for parameters {'min_samples_leaf': 25, 'n_estimators': 300}
	mean 0.79699, stdev 0.00355 for parameters {'min_samples_leaf': 25, 'n_estimators': 400}
	mean 0.79709, stdev 0.00324 for parameters {'min_samples_leaf': 25, 'n_estimators': 500}

	Best parameters on the development set: {'min_samples_leaf': 2, 'n_estimators': 500}

Retraining on 288242 samples
	Testing on 96081 samples
		Test Recall 0.8557881819196014
		Test Precision 0.9258156656072736
		Test F1 score 0.8894256782870835
		Test Accuracy (b) 0.9145684658694697

Top features in ascending order of importance:
	 ['numExternalInLinks-4', 'numExternalInLinks', 'numExternalInLinks-7', 'numExternalInLinks-2', 'numExternalInLinks-6', 'numExternalInLinks-5', 'numExternalInLinks-3', 'numExternalInLinks-1', 'diffExternalOutLinks-5', 'diffExternalOutLinks-6', 'diffExternalOutLinks-2', 'diffExternalOutLinks-3', 'diffExternalOutLinks-7', 'diffExternalOutLinks-1', 'diffExternalOutLinks-4', 'avg_numExternalInLinks', 'trustRank', 'trustRank-6', 'trustRank-1', 'trustRank-3', 'trustRank-7', 'trustRank-4', 'textQuality-2', 'textQuality-1', 'textQuality-3', 'trustRank-5', 'textQuality', 'trustRank-2', 'textQuality-6', 'textQuality-5', 'textQuality-4', 'textSize-4', 'textQuality-7', 'textSize', 'domainDepth', 'textSize-6', 'textSize-2', 'textSize-3', 'avg_domainDepth', 'textSize-1', 'avg_trustRank', 'textSize-7', 'contentLength', 'avg_numExternalOutLinks', 'contentLength-6', 'textSize-5', 'numExternalOutLinks', 'contentLength-2', 'contentLength-3', 'avg_contentLength', 'contentLength-5', 'contentLength-1', 'contentLength-7', 'pathDepth', 'contentLength-4', 'avg_numInternalOutLinks', 'avg_textQuality', 'avg_textSize', 'numInternalOutLinks', 'avg_numInternalInLinks', 'numInternalInLinks-7', 'numInternalInLinks-5', 'numInternalInLinks-2', 'numInternalInLinks-6', 'numInternalInLinks-4', 'numInternalInLinks', 'numInternalInLinks-1', 'numInternalInLinks-3', 'avg_pathDepth', 'diffInternalOutLinks-7', 'diffInternalOutLinks-5', 'diffInternalOutLinks-6', 'diffInternalOutLinks-4', 'diffInternalOutLinks-3', 'diffInternalOutLinks-2', 'avg_linkExternalChangeRate', 'diffInternalOutLinks-1', 'avg_linkInternalChangeRate'] or [65, 8, 74, 59, 71, 68, 62, 56, 44, 49, 29, 34, 54, 24, 39, 18, 9, 72, 57, 63, 75, 66, 27, 22, 32, 69, 2, 60, 47, 42, 37, 36, 52, 1, 4, 46, 26, 31, 14, 21, 19, 51, 0, 16, 45, 41, 6, 25, 30, 10, 40, 20, 50, 3, 35, 15, 12, 11, 5, 17, 73, 67, 58, 70, 64, 7, 55, 61, 13, 53, 43, 48, 38, 33, 28, 76, 23, 77]

Refitting on two features for decision boundaries
	 [28, 76] F1 score: 0.7425810640491921
	 [28, 23] F1 score: 0.7559130094710172
	 [28, 77] F1 score: 0.7556458192296343
	 [76, 23] F1 score: 0.7536480686695279
	 [76, 77] F1 score: 0.7061710137133638
	 [23, 77] F1 score: 0.7629607218494723

________________________________________________________________________________
Random state: 1
2021/06/20 22:54:43

Target: diffInternalOutLinks

Final enumerated feature set (SP_SN_DP7_DN7_DPRate):
	 {0: 'contentLength', 1: 'textSize', 2: 'textQuality', 3: 'pathDepth', 4: 'domainDepth', 5: 'numInternalOutLinks', 6: 'numExternalOutLinks', 7: 'numInternalInLinks', 8: 'numExternalInLinks', 9: 'trustRank', 10: 'avg_contentLength', 11: 'avg_textSize', 12: 'avg_textQuality', 13: 'avg_pathDepth', 14: 'avg_domainDepth', 15: 'avg_numInternalOutLinks', 16: 'avg_numExternalOutLinks', 17: 'avg_numInternalInLinks', 18: 'avg_numExternalInLinks', 19: 'avg_trustRank', 20: 'contentLength-1', 21: 'textSize-1', 22: 'textQuality-1', 23: 'diffInternalOutLinks-1', 24: 'diffExternalOutLinks-1', 25: 'contentLength-2', 26: 'textSize-2', 27: 'textQuality-2', 28: 'diffInternalOutLinks-2', 29: 'diffExternalOutLinks-2', 30: 'contentLength-3', 31: 'textSize-3', 32: 'textQuality-3', 33: 'diffInternalOutLinks-3', 34: 'diffExternalOutLinks-3', 35: 'contentLength-4', 36: 'textSize-4', 37: 'textQuality-4', 38: 'diffInternalOutLinks-4', 39: 'diffExternalOutLinks-4', 40: 'contentLength-5', 41: 'textSize-5', 42: 'textQuality-5', 43: 'diffInternalOutLinks-5', 44: 'diffExternalOutLinks-5', 45: 'contentLength-6', 46: 'textSize-6', 47: 'textQuality-6', 48: 'diffInternalOutLinks-6', 49: 'diffExternalOutLinks-6', 50: 'contentLength-7', 51: 'textSize-7', 52: 'textQuality-7', 53: 'diffInternalOutLinks-7', 54: 'diffExternalOutLinks-7', 55: 'numInternalInLinks-1', 56: 'numExternalInLinks-1', 57: 'trustRank-1', 58: 'numInternalInLinks-2', 59: 'numExternalInLinks-2', 60: 'trustRank-2', 61: 'numInternalInLinks-3', 62: 'numExternalInLinks-3', 63: 'trustRank-3', 64: 'numInternalInLinks-4', 65: 'numExternalInLinks-4', 66: 'trustRank-4', 67: 'numInternalInLinks-5', 68: 'numExternalInLinks-5', 69: 'trustRank-5', 70: 'numInternalInLinks-6', 71: 'numExternalInLinks-6', 72: 'trustRank-6', 73: 'numInternalInLinks-7', 74: 'numExternalInLinks-7', 75: 'trustRank-7', 76: 'avg_linkExternalChangeRate', 77: 'avg_linkInternalChangeRate'} 

Model: ET

Retraining on 288242 samples
	Testing on 96081 samples
		Test Recall 0.854486870856635
		Test Precision 0.9272566513945825
		Test F1 score 0.8893857332845055
		Test Accuracy (b) 0.9141426826778832

________________________________________________________________________________
Random state: 2
2021/06/20 22:56:51

Target: diffInternalOutLinks

Final enumerated feature set (SP_SN_DP7_DN7_DPRate):
	 {0: 'contentLength', 1: 'textSize', 2: 'textQuality', 3: 'pathDepth', 4: 'domainDepth', 5: 'numInternalOutLinks', 6: 'numExternalOutLinks', 7: 'numInternalInLinks', 8: 'numExternalInLinks', 9: 'trustRank', 10: 'avg_contentLength', 11: 'avg_textSize', 12: 'avg_textQuality', 13: 'avg_pathDepth', 14: 'avg_domainDepth', 15: 'avg_numInternalOutLinks', 16: 'avg_numExternalOutLinks', 17: 'avg_numInternalInLinks', 18: 'avg_numExternalInLinks', 19: 'avg_trustRank', 20: 'contentLength-1', 21: 'textSize-1', 22: 'textQuality-1', 23: 'diffInternalOutLinks-1', 24: 'diffExternalOutLinks-1', 25: 'contentLength-2', 26: 'textSize-2', 27: 'textQuality-2', 28: 'diffInternalOutLinks-2', 29: 'diffExternalOutLinks-2', 30: 'contentLength-3', 31: 'textSize-3', 32: 'textQuality-3', 33: 'diffInternalOutLinks-3', 34: 'diffExternalOutLinks-3', 35: 'contentLength-4', 36: 'textSize-4', 37: 'textQuality-4', 38: 'diffInternalOutLinks-4', 39: 'diffExternalOutLinks-4', 40: 'contentLength-5', 41: 'textSize-5', 42: 'textQuality-5', 43: 'diffInternalOutLinks-5', 44: 'diffExternalOutLinks-5', 45: 'contentLength-6', 46: 'textSize-6', 47: 'textQuality-6', 48: 'diffInternalOutLinks-6', 49: 'diffExternalOutLinks-6', 50: 'contentLength-7', 51: 'textSize-7', 52: 'textQuality-7', 53: 'diffInternalOutLinks-7', 54: 'diffExternalOutLinks-7', 55: 'numInternalInLinks-1', 56: 'numExternalInLinks-1', 57: 'trustRank-1', 58: 'numInternalInLinks-2', 59: 'numExternalInLinks-2', 60: 'trustRank-2', 61: 'numInternalInLinks-3', 62: 'numExternalInLinks-3', 63: 'trustRank-3', 64: 'numInternalInLinks-4', 65: 'numExternalInLinks-4', 66: 'trustRank-4', 67: 'numInternalInLinks-5', 68: 'numExternalInLinks-5', 69: 'trustRank-5', 70: 'numInternalInLinks-6', 71: 'numExternalInLinks-6', 72: 'trustRank-6', 73: 'numInternalInLinks-7', 74: 'numExternalInLinks-7', 75: 'trustRank-7', 76: 'avg_linkExternalChangeRate', 77: 'avg_linkInternalChangeRate'} 

Model: ET

Retraining on 288242 samples
	Testing on 96081 samples
		Test Recall 0.8577766276017598
		Test Precision 0.9267084714622359
		Test F1 score 0.8909111853473102
		Test Accuracy (b) 0.9155973762646648
------------------------------------------------------------
diffInternalOutLinks  -->  DP8

________________________________________________________________________________
Random state: 0
2021/06/21 09:42:31

Target: diffInternalOutLinks

Final enumerated feature set (SP_SN_DP8_DN8_DPRate):
	 {0: 'contentLength', 1: 'textSize', 2: 'textQuality', 3: 'pathDepth', 4: 'domainDepth', 5: 'numInternalOutLinks', 6: 'numExternalOutLinks', 7: 'numInternalInLinks', 8: 'numExternalInLinks', 9: 'trustRank', 10: 'avg_contentLength', 11: 'avg_textSize', 12: 'avg_textQuality', 13: 'avg_pathDepth', 14: 'avg_domainDepth', 15: 'avg_numInternalOutLinks', 16: 'avg_numExternalOutLinks', 17: 'avg_numInternalInLinks', 18: 'avg_numExternalInLinks', 19: 'avg_trustRank', 20: 'contentLength-1', 21: 'textSize-1', 22: 'textQuality-1', 23: 'diffInternalOutLinks-1', 24: 'diffExternalOutLinks-1', 25: 'contentLength-2', 26: 'textSize-2', 27: 'textQuality-2', 28: 'diffInternalOutLinks-2', 29: 'diffExternalOutLinks-2', 30: 'contentLength-3', 31: 'textSize-3', 32: 'textQuality-3', 33: 'diffInternalOutLinks-3', 34: 'diffExternalOutLinks-3', 35: 'contentLength-4', 36: 'textSize-4', 37: 'textQuality-4', 38: 'diffInternalOutLinks-4', 39: 'diffExternalOutLinks-4', 40: 'contentLength-5', 41: 'textSize-5', 42: 'textQuality-5', 43: 'diffInternalOutLinks-5', 44: 'diffExternalOutLinks-5', 45: 'contentLength-6', 46: 'textSize-6', 47: 'textQuality-6', 48: 'diffInternalOutLinks-6', 49: 'diffExternalOutLinks-6', 50: 'contentLength-7', 51: 'textSize-7', 52: 'textQuality-7', 53: 'diffInternalOutLinks-7', 54: 'diffExternalOutLinks-7', 55: 'contentLength-8', 56: 'textSize-8', 57: 'textQuality-8', 58: 'diffInternalOutLinks-8', 59: 'diffExternalOutLinks-8', 60: 'numInternalInLinks-1', 61: 'numExternalInLinks-1', 62: 'trustRank-1', 63: 'numInternalInLinks-2', 64: 'numExternalInLinks-2', 65: 'trustRank-2', 66: 'numInternalInLinks-3', 67: 'numExternalInLinks-3', 68: 'trustRank-3', 69: 'numInternalInLinks-4', 70: 'numExternalInLinks-4', 71: 'trustRank-4', 72: 'numInternalInLinks-5', 73: 'numExternalInLinks-5', 74: 'trustRank-5', 75: 'numInternalInLinks-6', 76: 'numExternalInLinks-6', 77: 'trustRank-6', 78: 'numInternalInLinks-7', 79: 'numExternalInLinks-7', 80: 'trustRank-7', 81: 'numInternalInLinks-8', 82: 'numExternalInLinks-8', 83: 'trustRank-8', 84: 'avg_linkExternalChangeRate', 85: 'avg_linkInternalChangeRate'} 

Model: ET

Hyperparameter tuning on 96080 samples

	Scores on the development set:

	mean 0.86834, stdev 0.00299 for parameters {'min_samples_leaf': 2, 'n_estimators': 200}
	mean 0.86854, stdev 0.00314 for parameters {'min_samples_leaf': 2, 'n_estimators': 300}
	mean 0.86910, stdev 0.00300 for parameters {'min_samples_leaf': 2, 'n_estimators': 400}
	mean 0.86888, stdev 0.00335 for parameters {'min_samples_leaf': 2, 'n_estimators': 500}
	mean 0.85224, stdev 0.00257 for parameters {'min_samples_leaf': 5, 'n_estimators': 200}
	mean 0.85232, stdev 0.00311 for parameters {'min_samples_leaf': 5, 'n_estimators': 300}
	mean 0.85243, stdev 0.00293 for parameters {'min_samples_leaf': 5, 'n_estimators': 400}
	mean 0.85284, stdev 0.00299 for parameters {'min_samples_leaf': 5, 'n_estimators': 500}
	mean 0.83145, stdev 0.00345 for parameters {'min_samples_leaf': 10, 'n_estimators': 200}
	mean 0.83125, stdev 0.00358 for parameters {'min_samples_leaf': 10, 'n_estimators': 300}
	mean 0.83159, stdev 0.00317 for parameters {'min_samples_leaf': 10, 'n_estimators': 400}
	mean 0.83184, stdev 0.00353 for parameters {'min_samples_leaf': 10, 'n_estimators': 500}
	mean 0.81806, stdev 0.00265 for parameters {'min_samples_leaf': 15, 'n_estimators': 200}
	mean 0.81863, stdev 0.00304 for parameters {'min_samples_leaf': 15, 'n_estimators': 300}
	mean 0.81843, stdev 0.00271 for parameters {'min_samples_leaf': 15, 'n_estimators': 400}
	mean 0.81867, stdev 0.00330 for parameters {'min_samples_leaf': 15, 'n_estimators': 500}
	mean 0.80937, stdev 0.00371 for parameters {'min_samples_leaf': 20, 'n_estimators': 200}
	mean 0.80958, stdev 0.00340 for parameters {'min_samples_leaf': 20, 'n_estimators': 300}
	mean 0.80973, stdev 0.00282 for parameters {'min_samples_leaf': 20, 'n_estimators': 400}
	mean 0.80963, stdev 0.00318 for parameters {'min_samples_leaf': 20, 'n_estimators': 500}
	mean 0.80083, stdev 0.00172 for parameters {'min_samples_leaf': 25, 'n_estimators': 200}
	mean 0.80159, stdev 0.00214 for parameters {'min_samples_leaf': 25, 'n_estimators': 300}
	mean 0.80173, stdev 0.00221 for parameters {'min_samples_leaf': 25, 'n_estimators': 400}
	mean 0.80240, stdev 0.00226 for parameters {'min_samples_leaf': 25, 'n_estimators': 500}

	Best parameters on the development set: {'min_samples_leaf': 2, 'n_estimators': 400}

Retraining on 288242 samples
	Testing on 96081 samples
		Test Recall 0.8562716150384887
		Test Precision 0.9274953677596068
		Test F1 score 0.8904615503606165
		Test Accuracy (b) 0.9151281474527608

Top features in ascending order of importance:
	 ['numExternalInLinks-5', 'numExternalInLinks-6', 'numExternalInLinks-3', 'numExternalInLinks-8', 'numExternalInLinks', 'numExternalInLinks-1', 'numExternalInLinks-4', 'numExternalInLinks-2', 'numExternalInLinks-7', 'diffExternalOutLinks-7', 'diffExternalOutLinks-5', 'diffExternalOutLinks-2', 'diffExternalOutLinks-6', 'diffExternalOutLinks-3', 'avg_numExternalInLinks', 'diffExternalOutLinks-8', 'diffExternalOutLinks-4', 'trustRank-6', 'textQuality-4', 'trustRank-3', 'trustRank-1', 'trustRank-2', 'diffExternalOutLinks-1', 'trustRank-5', 'trustRank-8', 'trustRank-7', 'textQuality-5', 'textSize-8', 'trustRank', 'textQuality-7', 'textQuality-1', 'textQuality-8', 'textQuality-3', 'textQuality-6', 'trustRank-4', 'avg_trustRank', 'textQuality', 'textQuality-2', 'textSize-1', 'domainDepth', 'textSize-2', 'textSize-7', 'textSize-4', 'textSize-6', 'textSize', 'avg_domainDepth', 'contentLength', 'textSize-5', 'contentLength-3', 'avg_numInternalOutLinks', 'textSize-3', 'contentLength-8', 'contentLength-6', 'numExternalOutLinks', 'avg_numExternalOutLinks', 'contentLength-5', 'avg_contentLength', 'contentLength-4', 'contentLength-7', 'contentLength-1', 'avg_textQuality', 'contentLength-2', 'pathDepth', 'avg_numInternalInLinks', 'avg_textSize', 'numInternalInLinks-8', 'numInternalInLinks-6', 'numInternalInLinks-4', 'numInternalInLinks-1', 'numInternalInLinks', 'numInternalInLinks-2', 'numInternalInLinks-5', 'numInternalInLinks-3', 'numInternalInLinks-7', 'numInternalOutLinks', 'avg_pathDepth', 'diffInternalOutLinks-5', 'diffInternalOutLinks-7', 'diffInternalOutLinks-8', 'diffInternalOutLinks-6', 'diffInternalOutLinks-4', 'diffInternalOutLinks-2', 'avg_linkExternalChangeRate', 'diffInternalOutLinks-3', 'diffInternalOutLinks-1', 'avg_linkInternalChangeRate'] or [73, 76, 67, 82, 8, 61, 70, 64, 79, 54, 44, 29, 49, 34, 18, 59, 39, 77, 37, 68, 62, 65, 24, 74, 83, 80, 42, 56, 9, 52, 22, 57, 32, 47, 71, 19, 2, 27, 21, 4, 26, 51, 36, 46, 1, 14, 0, 41, 30, 15, 31, 55, 45, 6, 16, 40, 10, 35, 50, 20, 12, 25, 3, 17, 11, 81, 75, 69, 60, 7, 63, 72, 66, 78, 5, 13, 43, 53, 58, 48, 38, 28, 84, 33, 23, 85]

Refitting on two features for decision boundaries
	 [84, 33] F1 score: 0.7494446758295155
	 [84, 23] F1 score: 0.7536708305939076
	 [84, 85] F1 score: 0.7061808893220853
	 [33, 23] F1 score: 0.7776849220940814
	 [33, 85] F1 score: 0.7698979227639374
	 [23, 85] F1 score: 0.7620550276556518

________________________________________________________________________________
Random state: 1
2021/06/21 10:36:48

Target: diffInternalOutLinks

Final enumerated feature set (SP_SN_DP8_DN8_DPRate):
	 {0: 'contentLength', 1: 'textSize', 2: 'textQuality', 3: 'pathDepth', 4: 'domainDepth', 5: 'numInternalOutLinks', 6: 'numExternalOutLinks', 7: 'numInternalInLinks', 8: 'numExternalInLinks', 9: 'trustRank', 10: 'avg_contentLength', 11: 'avg_textSize', 12: 'avg_textQuality', 13: 'avg_pathDepth', 14: 'avg_domainDepth', 15: 'avg_numInternalOutLinks', 16: 'avg_numExternalOutLinks', 17: 'avg_numInternalInLinks', 18: 'avg_numExternalInLinks', 19: 'avg_trustRank', 20: 'contentLength-1', 21: 'textSize-1', 22: 'textQuality-1', 23: 'diffInternalOutLinks-1', 24: 'diffExternalOutLinks-1', 25: 'contentLength-2', 26: 'textSize-2', 27: 'textQuality-2', 28: 'diffInternalOutLinks-2', 29: 'diffExternalOutLinks-2', 30: 'contentLength-3', 31: 'textSize-3', 32: 'textQuality-3', 33: 'diffInternalOutLinks-3', 34: 'diffExternalOutLinks-3', 35: 'contentLength-4', 36: 'textSize-4', 37: 'textQuality-4', 38: 'diffInternalOutLinks-4', 39: 'diffExternalOutLinks-4', 40: 'contentLength-5', 41: 'textSize-5', 42: 'textQuality-5', 43: 'diffInternalOutLinks-5', 44: 'diffExternalOutLinks-5', 45: 'contentLength-6', 46: 'textSize-6', 47: 'textQuality-6', 48: 'diffInternalOutLinks-6', 49: 'diffExternalOutLinks-6', 50: 'contentLength-7', 51: 'textSize-7', 52: 'textQuality-7', 53: 'diffInternalOutLinks-7', 54: 'diffExternalOutLinks-7', 55: 'contentLength-8', 56: 'textSize-8', 57: 'textQuality-8', 58: 'diffInternalOutLinks-8', 59: 'diffExternalOutLinks-8', 60: 'numInternalInLinks-1', 61: 'numExternalInLinks-1', 62: 'trustRank-1', 63: 'numInternalInLinks-2', 64: 'numExternalInLinks-2', 65: 'trustRank-2', 66: 'numInternalInLinks-3', 67: 'numExternalInLinks-3', 68: 'trustRank-3', 69: 'numInternalInLinks-4', 70: 'numExternalInLinks-4', 71: 'trustRank-4', 72: 'numInternalInLinks-5', 73: 'numExternalInLinks-5', 74: 'trustRank-5', 75: 'numInternalInLinks-6', 76: 'numExternalInLinks-6', 77: 'trustRank-6', 78: 'numInternalInLinks-7', 79: 'numExternalInLinks-7', 80: 'trustRank-7', 81: 'numInternalInLinks-8', 82: 'numExternalInLinks-8', 83: 'trustRank-8', 84: 'avg_linkExternalChangeRate', 85: 'avg_linkInternalChangeRate'} 

Model: ET

Retraining on 288242 samples
	Testing on 96081 samples
		Test Recall 0.8560423688011555
		Test Precision 0.9300285679797208
		Test F1 score 0.8915030663015389
		Test Accuracy (b) 0.9154343285812379

________________________________________________________________________________
Random state: 2
2021/06/21 10:39:06

Target: diffInternalOutLinks

Final enumerated feature set (SP_SN_DP8_DN8_DPRate):
	 {0: 'contentLength', 1: 'textSize', 2: 'textQuality', 3: 'pathDepth', 4: 'domainDepth', 5: 'numInternalOutLinks', 6: 'numExternalOutLinks', 7: 'numInternalInLinks', 8: 'numExternalInLinks', 9: 'trustRank', 10: 'avg_contentLength', 11: 'avg_textSize', 12: 'avg_textQuality', 13: 'avg_pathDepth', 14: 'avg_domainDepth', 15: 'avg_numInternalOutLinks', 16: 'avg_numExternalOutLinks', 17: 'avg_numInternalInLinks', 18: 'avg_numExternalInLinks', 19: 'avg_trustRank', 20: 'contentLength-1', 21: 'textSize-1', 22: 'textQuality-1', 23: 'diffInternalOutLinks-1', 24: 'diffExternalOutLinks-1', 25: 'contentLength-2', 26: 'textSize-2', 27: 'textQuality-2', 28: 'diffInternalOutLinks-2', 29: 'diffExternalOutLinks-2', 30: 'contentLength-3', 31: 'textSize-3', 32: 'textQuality-3', 33: 'diffInternalOutLinks-3', 34: 'diffExternalOutLinks-3', 35: 'contentLength-4', 36: 'textSize-4', 37: 'textQuality-4', 38: 'diffInternalOutLinks-4', 39: 'diffExternalOutLinks-4', 40: 'contentLength-5', 41: 'textSize-5', 42: 'textQuality-5', 43: 'diffInternalOutLinks-5', 44: 'diffExternalOutLinks-5', 45: 'contentLength-6', 46: 'textSize-6', 47: 'textQuality-6', 48: 'diffInternalOutLinks-6', 49: 'diffExternalOutLinks-6', 50: 'contentLength-7', 51: 'textSize-7', 52: 'textQuality-7', 53: 'diffInternalOutLinks-7', 54: 'diffExternalOutLinks-7', 55: 'contentLength-8', 56: 'textSize-8', 57: 'textQuality-8', 58: 'diffInternalOutLinks-8', 59: 'diffExternalOutLinks-8', 60: 'numInternalInLinks-1', 61: 'numExternalInLinks-1', 62: 'trustRank-1', 63: 'numInternalInLinks-2', 64: 'numExternalInLinks-2', 65: 'trustRank-2', 66: 'numInternalInLinks-3', 67: 'numExternalInLinks-3', 68: 'trustRank-3', 69: 'numInternalInLinks-4', 70: 'numExternalInLinks-4', 71: 'trustRank-4', 72: 'numInternalInLinks-5', 73: 'numExternalInLinks-5', 74: 'trustRank-5', 75: 'numInternalInLinks-6', 76: 'numExternalInLinks-6', 77: 'trustRank-6', 78: 'numInternalInLinks-7', 79: 'numExternalInLinks-7', 80: 'trustRank-7', 81: 'numInternalInLinks-8', 82: 'numExternalInLinks-8', 83: 'trustRank-8', 84: 'avg_linkExternalChangeRate', 85: 'avg_linkInternalChangeRate'} 

Model: ET

Retraining on 288242 samples
	Testing on 96081 samples
		Test Recall 0.8583681466967356
		Test Precision 0.9294635708566853
		Test F1 score 0.8925022583559169
		Test Accuracy (b) 0.9164218761065089
