------------------------------------------------------------
diffInternalOutLinks  -->  DP1

________________________________________________________________________________
Random state: 0

Target: diffInternalOutLinks

Final enumerated feature set (SP_SN_DP1_DN1_DPRate):
	 {0: 'contentLength', 1: 'textSize', 2: 'textQuality', 3: 'pathDepth', 4: 'domainDepth', 5: 'numInternalOutLinks', 6: 'numExternalOutLinks', 7: 'numInternalInLinks', 8: 'numExternalInLinks', 9: 'trustRank', 10: 'avg_contentLength', 11: 'avg_textSize', 12: 'avg_textQuality', 13: 'avg_pathDepth', 14: 'avg_domainDepth', 15: 'avg_numInternalOutLinks', 16: 'avg_numExternalOutLinks', 17: 'avg_numInternalInLinks', 18: 'avg_numExternalInLinks', 19: 'avg_trustRank', 20: 'contentLength-1', 21: 'textSize-1', 22: 'textQuality-1', 23: 'diffInternalOutLinks-1', 24: 'diffExternalOutLinks-1', 25: 'numInternalInLinks-1', 26: 'numExternalInLinks-1', 27: 'trustRank-1', 28: 'avg_linkExternalChangeRate', 29: 'avg_linkInternalChangeRate'} 

Model: ET

Hyperparameter tuning on 96080 samples

	Scores on the development set:

	mean 0.87894, stdev 0.00367 for parameters {'min_samples_leaf': 2, 'n_estimators': 200}
	mean 0.87938, stdev 0.00389 for parameters {'min_samples_leaf': 2, 'n_estimators': 300}
	mean 0.87944, stdev 0.00372 for parameters {'min_samples_leaf': 2, 'n_estimators': 400}
	mean 0.87952, stdev 0.00398 for parameters {'min_samples_leaf': 2, 'n_estimators': 500}
	mean 0.87045, stdev 0.00386 for parameters {'min_samples_leaf': 5, 'n_estimators': 200}
	mean 0.87134, stdev 0.00355 for parameters {'min_samples_leaf': 5, 'n_estimators': 300}
	mean 0.87144, stdev 0.00327 for parameters {'min_samples_leaf': 5, 'n_estimators': 400}
	mean 0.87159, stdev 0.00323 for parameters {'min_samples_leaf': 5, 'n_estimators': 500}
	mean 0.85651, stdev 0.00395 for parameters {'min_samples_leaf': 10, 'n_estimators': 200}
	mean 0.85688, stdev 0.00382 for parameters {'min_samples_leaf': 10, 'n_estimators': 300}
	mean 0.85746, stdev 0.00355 for parameters {'min_samples_leaf': 10, 'n_estimators': 400}
	mean 0.85764, stdev 0.00373 for parameters {'min_samples_leaf': 10, 'n_estimators': 500}
	mean 0.84934, stdev 0.00397 for parameters {'min_samples_leaf': 15, 'n_estimators': 200}
	mean 0.84950, stdev 0.00381 for parameters {'min_samples_leaf': 15, 'n_estimators': 300}
	mean 0.84969, stdev 0.00393 for parameters {'min_samples_leaf': 15, 'n_estimators': 400}
	mean 0.84995, stdev 0.00397 for parameters {'min_samples_leaf': 15, 'n_estimators': 500}
	mean 0.84400, stdev 0.00323 for parameters {'min_samples_leaf': 20, 'n_estimators': 200}
	mean 0.84486, stdev 0.00318 for parameters {'min_samples_leaf': 20, 'n_estimators': 300}
	mean 0.84514, stdev 0.00344 for parameters {'min_samples_leaf': 20, 'n_estimators': 400}
	mean 0.84485, stdev 0.00373 for parameters {'min_samples_leaf': 20, 'n_estimators': 500}
	mean 0.84166, stdev 0.00387 for parameters {'min_samples_leaf': 25, 'n_estimators': 200}
	mean 0.84167, stdev 0.00369 for parameters {'min_samples_leaf': 25, 'n_estimators': 300}
	mean 0.84177, stdev 0.00378 for parameters {'min_samples_leaf': 25, 'n_estimators': 400}
	mean 0.84163, stdev 0.00379 for parameters {'min_samples_leaf': 25, 'n_estimators': 500}

	Best parameters on the development set: {'min_samples_leaf': 2, 'n_estimators': 500}

Retraining on 288242 samples
	Testing on 96081 samples
		Test Recall 0.8405786322561452
		Test Precision 0.8859102488732118
		Test F1 score 0.8626493149639354
		Test Accuracy (b) 0.8992530392094427

Top features in ascending order of importance:
	 ['numExternalInLinks-1', 'numExternalInLinks', 'diffExternalOutLinks-1', 'avg_numExternalInLinks', 'trustRank', 'trustRank-1', 'domainDepth', 'textQuality-1', 'textQuality', 'numExternalOutLinks', 'avg_domainDepth', 'textSize-1', 'textSize', 'avg_numExternalOutLinks', 'avg_trustRank', 'contentLength', 'contentLength-1', 'pathDepth', 'avg_textQuality', 'avg_contentLength', 'avg_numInternalOutLinks', 'avg_textSize', 'numInternalOutLinks', 'avg_pathDepth', 'avg_numInternalInLinks', 'numInternalInLinks-1', 'numInternalInLinks', 'avg_linkExternalChangeRate', 'diffInternalOutLinks-1', 'avg_linkInternalChangeRate'] or [26, 8, 24, 18, 9, 27, 4, 22, 2, 6, 14, 21, 1, 16, 19, 0, 20, 3, 12, 10, 15, 11, 5, 13, 17, 25, 7, 28, 23, 29]

Refitting on two features for decision boundaries
	 [7, 28] F1 score: 0.49862641909111965
	 [7, 23] F1 score: 0.7851548202913402
	 [7, 29] F1 score: 0.7269108690057476
	 [28, 23] F1 score: 0.7536480686695279
	 [28, 29] F1 score: 0.7061710137133638
	 [23, 29] F1 score: 0.7629607218494723

________________________________________________________________________________
Random state: 1

Target: diffInternalOutLinks

Final enumerated feature set (SP_SN_DP1_DN1_DPRate):
	 {0: 'contentLength', 1: 'textSize', 2: 'textQuality', 3: 'pathDepth', 4: 'domainDepth', 5: 'numInternalOutLinks', 6: 'numExternalOutLinks', 7: 'numInternalInLinks', 8: 'numExternalInLinks', 9: 'trustRank', 10: 'avg_contentLength', 11: 'avg_textSize', 12: 'avg_textQuality', 13: 'avg_pathDepth', 14: 'avg_domainDepth', 15: 'avg_numInternalOutLinks', 16: 'avg_numExternalOutLinks', 17: 'avg_numInternalInLinks', 18: 'avg_numExternalInLinks', 19: 'avg_trustRank', 20: 'contentLength-1', 21: 'textSize-1', 22: 'textQuality-1', 23: 'diffInternalOutLinks-1', 24: 'diffExternalOutLinks-1', 25: 'numInternalInLinks-1', 26: 'numExternalInLinks-1', 27: 'trustRank-1', 28: 'avg_linkExternalChangeRate', 29: 'avg_linkInternalChangeRate'} 

Model: ET

Retraining on 288242 samples
	Testing on 96081 samples
		Test Recall 0.8394874263916151
		Test Precision 0.8836692526607149
		Test F1 score 0.8610119273721796
		Test Accuracy (b) 0.8981455661199536

________________________________________________________________________________
Random state: 2

Target: diffInternalOutLinks

Final enumerated feature set (SP_SN_DP1_DN1_DPRate):
	 {0: 'contentLength', 1: 'textSize', 2: 'textQuality', 3: 'pathDepth', 4: 'domainDepth', 5: 'numInternalOutLinks', 6: 'numExternalOutLinks', 7: 'numInternalInLinks', 8: 'numExternalInLinks', 9: 'trustRank', 10: 'avg_contentLength', 11: 'avg_textSize', 12: 'avg_textQuality', 13: 'avg_pathDepth', 14: 'avg_domainDepth', 15: 'avg_numInternalOutLinks', 16: 'avg_numExternalOutLinks', 17: 'avg_numInternalInLinks', 18: 'avg_numExternalInLinks', 19: 'avg_trustRank', 20: 'contentLength-1', 21: 'textSize-1', 22: 'textQuality-1', 23: 'diffInternalOutLinks-1', 24: 'diffExternalOutLinks-1', 25: 'numInternalInLinks-1', 26: 'numExternalInLinks-1', 27: 'trustRank-1', 28: 'avg_linkExternalChangeRate', 29: 'avg_linkInternalChangeRate'} 

Model: ET

Retraining on 288242 samples
	Testing on 96081 samples
		Test Recall 0.8419534918111575
		Test Precision 0.8864237895064612
		Test F1 score 0.8636165412108228
		Test Accuracy (b) 0.8998416201667909
------------------------------------------------------------
diffInternalOutLinks  -->  DP2

________________________________________________________________________________
Random state: 0

Target: diffInternalOutLinks

Final enumerated feature set (SP_SN_DP2_DN2_DPRate):
	 {0: 'contentLength', 1: 'textSize', 2: 'textQuality', 3: 'pathDepth', 4: 'domainDepth', 5: 'numInternalOutLinks', 6: 'numExternalOutLinks', 7: 'numInternalInLinks', 8: 'numExternalInLinks', 9: 'trustRank', 10: 'avg_contentLength', 11: 'avg_textSize', 12: 'avg_textQuality', 13: 'avg_pathDepth', 14: 'avg_domainDepth', 15: 'avg_numInternalOutLinks', 16: 'avg_numExternalOutLinks', 17: 'avg_numInternalInLinks', 18: 'avg_numExternalInLinks', 19: 'avg_trustRank', 20: 'contentLength-1', 21: 'textSize-1', 22: 'textQuality-1', 23: 'diffInternalOutLinks-1', 24: 'diffExternalOutLinks-1', 25: 'contentLength-2', 26: 'textSize-2', 27: 'textQuality-2', 28: 'diffInternalOutLinks-2', 29: 'diffExternalOutLinks-2', 30: 'numInternalInLinks-1', 31: 'numExternalInLinks-1', 32: 'trustRank-1', 33: 'numInternalInLinks-2', 34: 'numExternalInLinks-2', 35: 'trustRank-2', 36: 'avg_linkExternalChangeRate', 37: 'avg_linkInternalChangeRate'} 

Model: ET

Hyperparameter tuning on 96080 samples

	Scores on the development set:

	mean 0.88836, stdev 0.00292 for parameters {'min_samples_leaf': 2, 'n_estimators': 200}
	mean 0.88852, stdev 0.00302 for parameters {'min_samples_leaf': 2, 'n_estimators': 300}
	mean 0.88854, stdev 0.00284 for parameters {'min_samples_leaf': 2, 'n_estimators': 400}
	mean 0.88827, stdev 0.00264 for parameters {'min_samples_leaf': 2, 'n_estimators': 500}
	mean 0.88181, stdev 0.00211 for parameters {'min_samples_leaf': 5, 'n_estimators': 200}
	mean 0.88150, stdev 0.00185 for parameters {'min_samples_leaf': 5, 'n_estimators': 300}
	mean 0.88121, stdev 0.00229 for parameters {'min_samples_leaf': 5, 'n_estimators': 400}
	mean 0.88117, stdev 0.00199 for parameters {'min_samples_leaf': 5, 'n_estimators': 500}
	mean 0.86982, stdev 0.00331 for parameters {'min_samples_leaf': 10, 'n_estimators': 200}
	mean 0.86915, stdev 0.00369 for parameters {'min_samples_leaf': 10, 'n_estimators': 300}
	mean 0.86915, stdev 0.00377 for parameters {'min_samples_leaf': 10, 'n_estimators': 400}
	mean 0.86875, stdev 0.00379 for parameters {'min_samples_leaf': 10, 'n_estimators': 500}
	mean 0.86125, stdev 0.00337 for parameters {'min_samples_leaf': 15, 'n_estimators': 200}
	mean 0.86090, stdev 0.00380 for parameters {'min_samples_leaf': 15, 'n_estimators': 300}
	mean 0.86068, stdev 0.00348 for parameters {'min_samples_leaf': 15, 'n_estimators': 400}
	mean 0.86026, stdev 0.00362 for parameters {'min_samples_leaf': 15, 'n_estimators': 500}
	mean 0.85570, stdev 0.00388 for parameters {'min_samples_leaf': 20, 'n_estimators': 200}
	mean 0.85495, stdev 0.00413 for parameters {'min_samples_leaf': 20, 'n_estimators': 300}
	mean 0.85465, stdev 0.00376 for parameters {'min_samples_leaf': 20, 'n_estimators': 400}
	mean 0.85406, stdev 0.00418 for parameters {'min_samples_leaf': 20, 'n_estimators': 500}
	mean 0.85222, stdev 0.00384 for parameters {'min_samples_leaf': 25, 'n_estimators': 200}
	mean 0.85100, stdev 0.00378 for parameters {'min_samples_leaf': 25, 'n_estimators': 300}
	mean 0.85062, stdev 0.00376 for parameters {'min_samples_leaf': 25, 'n_estimators': 400}
	mean 0.85053, stdev 0.00372 for parameters {'min_samples_leaf': 25, 'n_estimators': 500}

	Best parameters on the development set: {'min_samples_leaf': 2, 'n_estimators': 400}

Retraining on 288242 samples
	Testing on 96081 samples
		Test Recall 0.8487226209512476
		Test Precision 0.9028085443037974
		Test F1 score 0.8749305169538631
		Test Accuracy (b) 0.9066058544848736

Top features in ascending order of importance:
	 ['numExternalInLinks', 'numExternalInLinks-2', 'numExternalInLinks-1', 'diffExternalOutLinks-2', 'avg_numExternalInLinks', 'diffExternalOutLinks-1', 'textQuality-1', 'trustRank-2', 'trustRank-1', 'trustRank', 'textQuality-2', 'textQuality', 'domainDepth', 'textSize', 'avg_domainDepth', 'numExternalOutLinks', 'avg_trustRank', 'textSize-2', 'textSize-1', 'contentLength', 'contentLength-2', 'avg_numExternalOutLinks', 'contentLength-1', 'pathDepth', 'avg_textQuality', 'avg_contentLength', 'avg_numInternalOutLinks', 'avg_textSize', 'numInternalOutLinks', 'avg_numInternalInLinks', 'avg_pathDepth', 'numInternalInLinks', 'numInternalInLinks-1', 'numInternalInLinks-2', 'avg_linkExternalChangeRate', 'diffInternalOutLinks-2', 'diffInternalOutLinks-1', 'avg_linkInternalChangeRate'] or [8, 34, 31, 29, 18, 24, 22, 35, 32, 9, 27, 2, 4, 1, 14, 6, 19, 26, 21, 0, 25, 16, 20, 3, 12, 10, 15, 11, 5, 17, 13, 7, 30, 33, 36, 28, 23, 37]

Refitting on two features for decision boundaries
	 [36, 28] F1 score: 0.7448387220791204
	 [36, 23] F1 score: 0.7536708305939076
	 [36, 37] F1 score: 0.7061808893220853
	 [28, 23] F1 score: 0.755848748639826
	 [28, 37] F1 score: 0.7561013794423086
	 [23, 37] F1 score: 0.7620550276556518

________________________________________________________________________________
Random state: 1

Target: diffInternalOutLinks

Final enumerated feature set (SP_SN_DP2_DN2_DPRate):
	 {0: 'contentLength', 1: 'textSize', 2: 'textQuality', 3: 'pathDepth', 4: 'domainDepth', 5: 'numInternalOutLinks', 6: 'numExternalOutLinks', 7: 'numInternalInLinks', 8: 'numExternalInLinks', 9: 'trustRank', 10: 'avg_contentLength', 11: 'avg_textSize', 12: 'avg_textQuality', 13: 'avg_pathDepth', 14: 'avg_domainDepth', 15: 'avg_numInternalOutLinks', 16: 'avg_numExternalOutLinks', 17: 'avg_numInternalInLinks', 18: 'avg_numExternalInLinks', 19: 'avg_trustRank', 20: 'contentLength-1', 21: 'textSize-1', 22: 'textQuality-1', 23: 'diffInternalOutLinks-1', 24: 'diffExternalOutLinks-1', 25: 'contentLength-2', 26: 'textSize-2', 27: 'textQuality-2', 28: 'diffInternalOutLinks-2', 29: 'diffExternalOutLinks-2', 30: 'numInternalInLinks-1', 31: 'numExternalInLinks-1', 32: 'trustRank-1', 33: 'numInternalInLinks-2', 34: 'numExternalInLinks-2', 35: 'trustRank-2', 36: 'avg_linkExternalChangeRate', 37: 'avg_linkInternalChangeRate'} 

Model: ET

Retraining on 288242 samples
	Testing on 96081 samples
		Test Recall 0.8489315210547758
		Test Precision 0.9014826758957014
		Test F1 score 0.8744182497901885
		Test Accuracy (b) 0.9063346082401846

________________________________________________________________________________
Random state: 2

Target: diffInternalOutLinks

Final enumerated feature set (SP_SN_DP2_DN2_DPRate):
	 {0: 'contentLength', 1: 'textSize', 2: 'textQuality', 3: 'pathDepth', 4: 'domainDepth', 5: 'numInternalOutLinks', 6: 'numExternalOutLinks', 7: 'numInternalInLinks', 8: 'numExternalInLinks', 9: 'trustRank', 10: 'avg_contentLength', 11: 'avg_textSize', 12: 'avg_textQuality', 13: 'avg_pathDepth', 14: 'avg_domainDepth', 15: 'avg_numInternalOutLinks', 16: 'avg_numExternalOutLinks', 17: 'avg_numInternalInLinks', 18: 'avg_numExternalInLinks', 19: 'avg_trustRank', 20: 'contentLength-1', 21: 'textSize-1', 22: 'textQuality-1', 23: 'diffInternalOutLinks-1', 24: 'diffExternalOutLinks-1', 25: 'contentLength-2', 26: 'textSize-2', 27: 'textQuality-2', 28: 'diffInternalOutLinks-2', 29: 'diffExternalOutLinks-2', 30: 'numInternalInLinks-1', 31: 'numExternalInLinks-1', 32: 'trustRank-1', 33: 'numInternalInLinks-2', 34: 'numExternalInLinks-2', 35: 'trustRank-2', 36: 'avg_linkExternalChangeRate', 37: 'avg_linkInternalChangeRate'} 

Model: ET

Retraining on 288242 samples
	Testing on 96081 samples
		Test Recall 0.8501238493105105
		Test Precision 0.9018000705910035
		Test F1 score 0.875199817309888
		Test Accuracy (b) 0.9069254082570631
------------------------------------------------------------
diffInternalOutLinks  -->  DP3

________________________________________________________________________________
Random state: 0

Target: diffInternalOutLinks

Final enumerated feature set (SP_SN_DP3_DN3_DPRate):
	 {0: 'contentLength', 1: 'textSize', 2: 'textQuality', 3: 'pathDepth', 4: 'domainDepth', 5: 'numInternalOutLinks', 6: 'numExternalOutLinks', 7: 'numInternalInLinks', 8: 'numExternalInLinks', 9: 'trustRank', 10: 'avg_contentLength', 11: 'avg_textSize', 12: 'avg_textQuality', 13: 'avg_pathDepth', 14: 'avg_domainDepth', 15: 'avg_numInternalOutLinks', 16: 'avg_numExternalOutLinks', 17: 'avg_numInternalInLinks', 18: 'avg_numExternalInLinks', 19: 'avg_trustRank', 20: 'contentLength-1', 21: 'textSize-1', 22: 'textQuality-1', 23: 'diffInternalOutLinks-1', 24: 'diffExternalOutLinks-1', 25: 'contentLength-2', 26: 'textSize-2', 27: 'textQuality-2', 28: 'diffInternalOutLinks-2', 29: 'diffExternalOutLinks-2', 30: 'contentLength-3', 31: 'textSize-3', 32: 'textQuality-3', 33: 'diffInternalOutLinks-3', 34: 'diffExternalOutLinks-3', 35: 'numInternalInLinks-1', 36: 'numExternalInLinks-1', 37: 'trustRank-1', 38: 'numInternalInLinks-2', 39: 'numExternalInLinks-2', 40: 'trustRank-2', 41: 'numInternalInLinks-3', 42: 'numExternalInLinks-3', 43: 'trustRank-3', 44: 'avg_linkExternalChangeRate', 45: 'avg_linkInternalChangeRate'} 

Model: ET

Hyperparameter tuning on 96080 samples

	Scores on the development set:

	mean 0.89247, stdev 0.00189 for parameters {'min_samples_leaf': 2, 'n_estimators': 200}
	mean 0.89268, stdev 0.00262 for parameters {'min_samples_leaf': 2, 'n_estimators': 300}
	mean 0.89251, stdev 0.00239 for parameters {'min_samples_leaf': 2, 'n_estimators': 400}
	mean 0.89304, stdev 0.00249 for parameters {'min_samples_leaf': 2, 'n_estimators': 500}
	mean 0.88598, stdev 0.00161 for parameters {'min_samples_leaf': 5, 'n_estimators': 200}
	mean 0.88642, stdev 0.00170 for parameters {'min_samples_leaf': 5, 'n_estimators': 300}
	mean 0.88635, stdev 0.00186 for parameters {'min_samples_leaf': 5, 'n_estimators': 400}
	mean 0.88611, stdev 0.00195 for parameters {'min_samples_leaf': 5, 'n_estimators': 500}
	mean 0.87384, stdev 0.00266 for parameters {'min_samples_leaf': 10, 'n_estimators': 200}
	mean 0.87443, stdev 0.00299 for parameters {'min_samples_leaf': 10, 'n_estimators': 300}
	mean 0.87448, stdev 0.00270 for parameters {'min_samples_leaf': 10, 'n_estimators': 400}
	mean 0.87453, stdev 0.00240 for parameters {'min_samples_leaf': 10, 'n_estimators': 500}
	mean 0.86695, stdev 0.00279 for parameters {'min_samples_leaf': 15, 'n_estimators': 200}
	mean 0.86644, stdev 0.00277 for parameters {'min_samples_leaf': 15, 'n_estimators': 300}
	mean 0.86719, stdev 0.00280 for parameters {'min_samples_leaf': 15, 'n_estimators': 400}
	mean 0.86691, stdev 0.00247 for parameters {'min_samples_leaf': 15, 'n_estimators': 500}
	mean 0.86050, stdev 0.00326 for parameters {'min_samples_leaf': 20, 'n_estimators': 200}
	mean 0.86111, stdev 0.00320 for parameters {'min_samples_leaf': 20, 'n_estimators': 300}
	mean 0.86141, stdev 0.00362 for parameters {'min_samples_leaf': 20, 'n_estimators': 400}
	mean 0.86138, stdev 0.00323 for parameters {'min_samples_leaf': 20, 'n_estimators': 500}
	mean 0.85669, stdev 0.00289 for parameters {'min_samples_leaf': 25, 'n_estimators': 200}
	mean 0.85664, stdev 0.00362 for parameters {'min_samples_leaf': 25, 'n_estimators': 300}
	mean 0.85695, stdev 0.00350 for parameters {'min_samples_leaf': 25, 'n_estimators': 400}
	mean 0.85654, stdev 0.00348 for parameters {'min_samples_leaf': 25, 'n_estimators': 500}

	Best parameters on the development set: {'min_samples_leaf': 2, 'n_estimators': 500}

Retraining on 288242 samples
	Testing on 96081 samples
		Test Recall 0.8540403852590086
		Test Precision 0.909904912836767
		Test F1 score 0.8810880282365579
		Test Accuracy (b) 0.9105871820788467

Top features in ascending order of importance:
	 ['numExternalInLinks-1', 'numExternalInLinks-2', 'numExternalInLinks-3', 'numExternalInLinks', 'diffExternalOutLinks-2', 'diffExternalOutLinks-1', 'diffExternalOutLinks-3', 'avg_numExternalInLinks', 'trustRank-1', 'trustRank-2', 'trustRank', 'trustRank-3', 'textQuality-2', 'textQuality', 'textQuality-3', 'domainDepth', 'textQuality-1', 'textSize-3', 'textSize-2', 'contentLength', 'textSize', 'avg_domainDepth', 'avg_numExternalOutLinks', 'avg_trustRank', 'contentLength-3', 'numExternalOutLinks', 'textSize-1', 'contentLength-1', 'avg_contentLength', 'contentLength-2', 'avg_numInternalOutLinks', 'pathDepth', 'avg_textQuality', 'avg_textSize', 'numInternalOutLinks', 'avg_numInternalInLinks', 'avg_pathDepth', 'numInternalInLinks', 'numInternalInLinks-1', 'numInternalInLinks-3', 'numInternalInLinks-2', 'avg_linkExternalChangeRate', 'diffInternalOutLinks-2', 'diffInternalOutLinks-3', 'diffInternalOutLinks-1', 'avg_linkInternalChangeRate'] or [36, 39, 42, 8, 29, 24, 34, 18, 37, 40, 9, 43, 27, 2, 32, 4, 22, 31, 26, 0, 1, 14, 16, 19, 30, 6, 21, 20, 10, 25, 15, 3, 12, 11, 5, 17, 13, 7, 35, 41, 38, 44, 28, 33, 23, 45]

Refitting on two features for decision boundaries
	 [28, 33] F1 score: 0.7757677105503192
	 [28, 23] F1 score: 0.7559130094710172
	 [28, 45] F1 score: 0.7556458192296343
	 [33, 23] F1 score: 0.7781372002230897
	 [33, 45] F1 score: 0.7694995009268502
	 [23, 45] F1 score: 0.7629607218494723

________________________________________________________________________________
Random state: 1

Target: diffInternalOutLinks

Final enumerated feature set (SP_SN_DP3_DN3_DPRate):
	 {0: 'contentLength', 1: 'textSize', 2: 'textQuality', 3: 'pathDepth', 4: 'domainDepth', 5: 'numInternalOutLinks', 6: 'numExternalOutLinks', 7: 'numInternalInLinks', 8: 'numExternalInLinks', 9: 'trustRank', 10: 'avg_contentLength', 11: 'avg_textSize', 12: 'avg_textQuality', 13: 'avg_pathDepth', 14: 'avg_domainDepth', 15: 'avg_numInternalOutLinks', 16: 'avg_numExternalOutLinks', 17: 'avg_numInternalInLinks', 18: 'avg_numExternalInLinks', 19: 'avg_trustRank', 20: 'contentLength-1', 21: 'textSize-1', 22: 'textQuality-1', 23: 'diffInternalOutLinks-1', 24: 'diffExternalOutLinks-1', 25: 'contentLength-2', 26: 'textSize-2', 27: 'textQuality-2', 28: 'diffInternalOutLinks-2', 29: 'diffExternalOutLinks-2', 30: 'contentLength-3', 31: 'textSize-3', 32: 'textQuality-3', 33: 'diffInternalOutLinks-3', 34: 'diffExternalOutLinks-3', 35: 'numInternalInLinks-1', 36: 'numExternalInLinks-1', 37: 'trustRank-1', 38: 'numInternalInLinks-2', 39: 'numExternalInLinks-2', 40: 'trustRank-2', 41: 'numInternalInLinks-3', 42: 'numExternalInLinks-3', 43: 'trustRank-3', 44: 'avg_linkExternalChangeRate', 45: 'avg_linkInternalChangeRate'} 

Model: ET

Retraining on 288242 samples
	Testing on 96081 samples
		Test Recall 0.8530054442428058
		Test Precision 0.9094211482271184
		Test F1 score 0.8803103560303476
		Test Accuracy (b) 0.9098987846575928

________________________________________________________________________________
Random state: 2

Target: diffInternalOutLinks

Final enumerated feature set (SP_SN_DP3_DN3_DPRate):
	 {0: 'contentLength', 1: 'textSize', 2: 'textQuality', 3: 'pathDepth', 4: 'domainDepth', 5: 'numInternalOutLinks', 6: 'numExternalOutLinks', 7: 'numInternalInLinks', 8: 'numExternalInLinks', 9: 'trustRank', 10: 'avg_contentLength', 11: 'avg_textSize', 12: 'avg_textQuality', 13: 'avg_pathDepth', 14: 'avg_domainDepth', 15: 'avg_numInternalOutLinks', 16: 'avg_numExternalOutLinks', 17: 'avg_numInternalInLinks', 18: 'avg_numExternalInLinks', 19: 'avg_trustRank', 20: 'contentLength-1', 21: 'textSize-1', 22: 'textQuality-1', 23: 'diffInternalOutLinks-1', 24: 'diffExternalOutLinks-1', 25: 'contentLength-2', 26: 'textSize-2', 27: 'textQuality-2', 28: 'diffInternalOutLinks-2', 29: 'diffExternalOutLinks-2', 30: 'contentLength-3', 31: 'textSize-3', 32: 'textQuality-3', 33: 'diffInternalOutLinks-3', 34: 'diffExternalOutLinks-3', 35: 'numInternalInLinks-1', 36: 'numExternalInLinks-1', 37: 'trustRank-1', 38: 'numInternalInLinks-2', 39: 'numExternalInLinks-2', 40: 'trustRank-2', 41: 'numInternalInLinks-3', 42: 'numExternalInLinks-3', 43: 'trustRank-3', 44: 'avg_linkExternalChangeRate', 45: 'avg_linkInternalChangeRate'} 

Model: ET

Retraining on 288242 samples
	Testing on 96081 samples
		Test Recall 0.8560020703168324
		Test Precision 0.9108217615357381
		Test F1 score 0.8825614636935393
		Test Accuracy (b) 0.9115811139624491
------------------------------------------------------------
diffInternalOutLinks  -->  DP4

________________________________________________________________________________
Random state: 0

Target: diffInternalOutLinks

Final enumerated feature set (SP_SN_DP4_DN4_DPRate):
	 {0: 'contentLength', 1: 'textSize', 2: 'textQuality', 3: 'pathDepth', 4: 'domainDepth', 5: 'numInternalOutLinks', 6: 'numExternalOutLinks', 7: 'numInternalInLinks', 8: 'numExternalInLinks', 9: 'trustRank', 10: 'avg_contentLength', 11: 'avg_textSize', 12: 'avg_textQuality', 13: 'avg_pathDepth', 14: 'avg_domainDepth', 15: 'avg_numInternalOutLinks', 16: 'avg_numExternalOutLinks', 17: 'avg_numInternalInLinks', 18: 'avg_numExternalInLinks', 19: 'avg_trustRank', 20: 'contentLength-1', 21: 'textSize-1', 22: 'textQuality-1', 23: 'diffInternalOutLinks-1', 24: 'diffExternalOutLinks-1', 25: 'contentLength-2', 26: 'textSize-2', 27: 'textQuality-2', 28: 'diffInternalOutLinks-2', 29: 'diffExternalOutLinks-2', 30: 'contentLength-3', 31: 'textSize-3', 32: 'textQuality-3', 33: 'diffInternalOutLinks-3', 34: 'diffExternalOutLinks-3', 35: 'contentLength-4', 36: 'textSize-4', 37: 'textQuality-4', 38: 'diffInternalOutLinks-4', 39: 'diffExternalOutLinks-4', 40: 'numInternalInLinks-1', 41: 'numExternalInLinks-1', 42: 'trustRank-1', 43: 'numInternalInLinks-2', 44: 'numExternalInLinks-2', 45: 'trustRank-2', 46: 'numInternalInLinks-3', 47: 'numExternalInLinks-3', 48: 'trustRank-3', 49: 'numInternalInLinks-4', 50: 'numExternalInLinks-4', 51: 'trustRank-4', 52: 'avg_linkExternalChangeRate', 53: 'avg_linkInternalChangeRate'} 

Model: ET

Hyperparameter tuning on 96080 samples

	Scores on the development set:

	mean 0.89424, stdev 0.00234 for parameters {'min_samples_leaf': 2, 'n_estimators': 200}
	mean 0.89495, stdev 0.00187 for parameters {'min_samples_leaf': 2, 'n_estimators': 300}
	mean 0.89470, stdev 0.00213 for parameters {'min_samples_leaf': 2, 'n_estimators': 400}
	mean 0.89500, stdev 0.00190 for parameters {'min_samples_leaf': 2, 'n_estimators': 500}
	mean 0.89037, stdev 0.00226 for parameters {'min_samples_leaf': 5, 'n_estimators': 200}
	mean 0.89003, stdev 0.00220 for parameters {'min_samples_leaf': 5, 'n_estimators': 300}
	mean 0.89021, stdev 0.00243 for parameters {'min_samples_leaf': 5, 'n_estimators': 400}
	mean 0.89005, stdev 0.00223 for parameters {'min_samples_leaf': 5, 'n_estimators': 500}
	mean 0.87885, stdev 0.00228 for parameters {'min_samples_leaf': 10, 'n_estimators': 200}
	mean 0.87924, stdev 0.00178 for parameters {'min_samples_leaf': 10, 'n_estimators': 300}
	mean 0.87940, stdev 0.00191 for parameters {'min_samples_leaf': 10, 'n_estimators': 400}
	mean 0.87954, stdev 0.00210 for parameters {'min_samples_leaf': 10, 'n_estimators': 500}
	mean 0.87094, stdev 0.00252 for parameters {'min_samples_leaf': 15, 'n_estimators': 200}
	mean 0.87164, stdev 0.00234 for parameters {'min_samples_leaf': 15, 'n_estimators': 300}
	mean 0.87216, stdev 0.00264 for parameters {'min_samples_leaf': 15, 'n_estimators': 400}
	mean 0.87203, stdev 0.00243 for parameters {'min_samples_leaf': 15, 'n_estimators': 500}
	mean 0.86595, stdev 0.00305 for parameters {'min_samples_leaf': 20, 'n_estimators': 200}
	mean 0.86601, stdev 0.00330 for parameters {'min_samples_leaf': 20, 'n_estimators': 300}
	mean 0.86623, stdev 0.00333 for parameters {'min_samples_leaf': 20, 'n_estimators': 400}
	mean 0.86641, stdev 0.00340 for parameters {'min_samples_leaf': 20, 'n_estimators': 500}
	mean 0.86142, stdev 0.00386 for parameters {'min_samples_leaf': 25, 'n_estimators': 200}
	mean 0.86159, stdev 0.00382 for parameters {'min_samples_leaf': 25, 'n_estimators': 300}
	mean 0.86175, stdev 0.00366 for parameters {'min_samples_leaf': 25, 'n_estimators': 400}
	mean 0.86192, stdev 0.00384 for parameters {'min_samples_leaf': 25, 'n_estimators': 500}

	Best parameters on the development set: {'min_samples_leaf': 2, 'n_estimators': 500}

Retraining on 288242 samples
	Testing on 96081 samples
		Test Recall 0.8538916366070433
		Test Precision 0.9194730308733432
		Test F1 score 0.8854696899583526
		Test Accuracy (b) 0.9124133714181335

Top features in ascending order of importance:
	 ['numExternalInLinks', 'numExternalInLinks-2', 'numExternalInLinks-4', 'numExternalInLinks-3', 'numExternalInLinks-1', 'diffExternalOutLinks-2', 'diffExternalOutLinks-3', 'diffExternalOutLinks-4', 'diffExternalOutLinks-1', 'textQuality-1', 'avg_numExternalInLinks', 'textQuality', 'trustRank', 'trustRank-4', 'textQuality-4', 'trustRank-1', 'textQuality-3', 'trustRank-3', 'trustRank-2', 'textQuality-2', 'textSize-3', 'textSize', 'domainDepth', 'textSize-1', 'textSize-4', 'textSize-2', 'avg_domainDepth', 'contentLength', 'numExternalOutLinks', 'avg_trustRank', 'avg_numExternalOutLinks', 'contentLength-3', 'contentLength-4', 'contentLength-2', 'avg_numInternalOutLinks', 'contentLength-1', 'avg_textQuality', 'avg_contentLength', 'pathDepth', 'avg_textSize', 'numInternalOutLinks', 'avg_numInternalInLinks', 'numInternalInLinks', 'avg_pathDepth', 'numInternalInLinks-3', 'numInternalInLinks-4', 'numInternalInLinks-1', 'numInternalInLinks-2', 'avg_linkExternalChangeRate', 'diffInternalOutLinks-4', 'diffInternalOutLinks-2', 'diffInternalOutLinks-3', 'diffInternalOutLinks-1', 'avg_linkInternalChangeRate'] or [8, 44, 50, 47, 41, 29, 34, 39, 24, 22, 18, 2, 9, 51, 37, 42, 32, 48, 45, 27, 31, 1, 4, 21, 36, 26, 14, 0, 6, 19, 16, 30, 35, 25, 15, 20, 12, 10, 3, 11, 5, 17, 7, 13, 46, 49, 40, 43, 52, 38, 28, 33, 23, 53]

Refitting on two features for decision boundaries
	 [28, 33] F1 score: 0.7757677105503192
	 [28, 23] F1 score: 0.7559130094710172
	 [28, 53] F1 score: 0.7556458192296343
	 [33, 23] F1 score: 0.7781372002230897
	 [33, 53] F1 score: 0.7694995009268502
	 [23, 53] F1 score: 0.7629607218494723

________________________________________________________________________________
Random state: 1

Target: diffInternalOutLinks

Final enumerated feature set (SP_SN_DP4_DN4_DPRate):
	 {0: 'contentLength', 1: 'textSize', 2: 'textQuality', 3: 'pathDepth', 4: 'domainDepth', 5: 'numInternalOutLinks', 6: 'numExternalOutLinks', 7: 'numInternalInLinks', 8: 'numExternalInLinks', 9: 'trustRank', 10: 'avg_contentLength', 11: 'avg_textSize', 12: 'avg_textQuality', 13: 'avg_pathDepth', 14: 'avg_domainDepth', 15: 'avg_numInternalOutLinks', 16: 'avg_numExternalOutLinks', 17: 'avg_numInternalInLinks', 18: 'avg_numExternalInLinks', 19: 'avg_trustRank', 20: 'contentLength-1', 21: 'textSize-1', 22: 'textQuality-1', 23: 'diffInternalOutLinks-1', 24: 'diffExternalOutLinks-1', 25: 'contentLength-2', 26: 'textSize-2', 27: 'textQuality-2', 28: 'diffInternalOutLinks-2', 29: 'diffExternalOutLinks-2', 30: 'contentLength-3', 31: 'textSize-3', 32: 'textQuality-3', 33: 'diffInternalOutLinks-3', 34: 'diffExternalOutLinks-3', 35: 'contentLength-4', 36: 'textSize-4', 37: 'textQuality-4', 38: 'diffInternalOutLinks-4', 39: 'diffExternalOutLinks-4', 40: 'numInternalInLinks-1', 41: 'numExternalInLinks-1', 42: 'trustRank-1', 43: 'numInternalInLinks-2', 44: 'numExternalInLinks-2', 45: 'trustRank-2', 46: 'numInternalInLinks-3', 47: 'numExternalInLinks-3', 48: 'trustRank-3', 49: 'numInternalInLinks-4', 50: 'numExternalInLinks-4', 51: 'trustRank-4', 52: 'avg_linkExternalChangeRate', 53: 'avg_linkInternalChangeRate'} 

Model: ET

Retraining on 288242 samples
	Testing on 96081 samples
		Test Recall 0.8528943372467687
		Test Precision 0.9192846592950381
		Test F1 score 0.8848459233074618
		Test Accuracy (b) 0.9118119630646119

________________________________________________________________________________
Random state: 2

Target: diffInternalOutLinks

Final enumerated feature set (SP_SN_DP4_DN4_DPRate):
	 {0: 'contentLength', 1: 'textSize', 2: 'textQuality', 3: 'pathDepth', 4: 'domainDepth', 5: 'numInternalOutLinks', 6: 'numExternalOutLinks', 7: 'numInternalInLinks', 8: 'numExternalInLinks', 9: 'trustRank', 10: 'avg_contentLength', 11: 'avg_textSize', 12: 'avg_textQuality', 13: 'avg_pathDepth', 14: 'avg_domainDepth', 15: 'avg_numInternalOutLinks', 16: 'avg_numExternalOutLinks', 17: 'avg_numInternalInLinks', 18: 'avg_numExternalInLinks', 19: 'avg_trustRank', 20: 'contentLength-1', 21: 'textSize-1', 22: 'textQuality-1', 23: 'diffInternalOutLinks-1', 24: 'diffExternalOutLinks-1', 25: 'contentLength-2', 26: 'textSize-2', 27: 'textQuality-2', 28: 'diffInternalOutLinks-2', 29: 'diffExternalOutLinks-2', 30: 'contentLength-3', 31: 'textSize-3', 32: 'textQuality-3', 33: 'diffInternalOutLinks-3', 34: 'diffExternalOutLinks-3', 35: 'contentLength-4', 36: 'textSize-4', 37: 'textQuality-4', 38: 'diffInternalOutLinks-4', 39: 'diffExternalOutLinks-4', 40: 'numInternalInLinks-1', 41: 'numExternalInLinks-1', 42: 'trustRank-1', 43: 'numInternalInLinks-2', 44: 'numExternalInLinks-2', 45: 'trustRank-2', 46: 'numInternalInLinks-3', 47: 'numExternalInLinks-3', 48: 'trustRank-3', 49: 'numInternalInLinks-4', 50: 'numExternalInLinks-4', 51: 'trustRank-4', 52: 'avg_linkExternalChangeRate', 53: 'avg_linkInternalChangeRate'} 

Model: ET

Retraining on 288242 samples
	Testing on 96081 samples
		Test Recall 0.8564826795815003
		Test Precision 0.9190336401142495
		Test F1 score 0.8866563331228353
		Test Accuracy (b) 0.9134583406019681
------------------------------------------------------------
diffInternalOutLinks  -->  DP5

________________________________________________________________________________
Random state: 0

Target: diffInternalOutLinks

Final enumerated feature set (SP_SN_DP5_DN5_DPRate):
	 {0: 'contentLength', 1: 'textSize', 2: 'textQuality', 3: 'pathDepth', 4: 'domainDepth', 5: 'numInternalOutLinks', 6: 'numExternalOutLinks', 7: 'numInternalInLinks', 8: 'numExternalInLinks', 9: 'trustRank', 10: 'avg_contentLength', 11: 'avg_textSize', 12: 'avg_textQuality', 13: 'avg_pathDepth', 14: 'avg_domainDepth', 15: 'avg_numInternalOutLinks', 16: 'avg_numExternalOutLinks', 17: 'avg_numInternalInLinks', 18: 'avg_numExternalInLinks', 19: 'avg_trustRank', 20: 'contentLength-1', 21: 'textSize-1', 22: 'textQuality-1', 23: 'diffInternalOutLinks-1', 24: 'diffExternalOutLinks-1', 25: 'contentLength-2', 26: 'textSize-2', 27: 'textQuality-2', 28: 'diffInternalOutLinks-2', 29: 'diffExternalOutLinks-2', 30: 'contentLength-3', 31: 'textSize-3', 32: 'textQuality-3', 33: 'diffInternalOutLinks-3', 34: 'diffExternalOutLinks-3', 35: 'contentLength-4', 36: 'textSize-4', 37: 'textQuality-4', 38: 'diffInternalOutLinks-4', 39: 'diffExternalOutLinks-4', 40: 'contentLength-5', 41: 'textSize-5', 42: 'textQuality-5', 43: 'diffInternalOutLinks-5', 44: 'diffExternalOutLinks-5', 45: 'numInternalInLinks-1', 46: 'numExternalInLinks-1', 47: 'trustRank-1', 48: 'numInternalInLinks-2', 49: 'numExternalInLinks-2', 50: 'trustRank-2', 51: 'numInternalInLinks-3', 52: 'numExternalInLinks-3', 53: 'trustRank-3', 54: 'numInternalInLinks-4', 55: 'numExternalInLinks-4', 56: 'trustRank-4', 57: 'numInternalInLinks-5', 58: 'numExternalInLinks-5', 59: 'trustRank-5', 60: 'avg_linkExternalChangeRate', 61: 'avg_linkInternalChangeRate'} 

Model: ET

Hyperparameter tuning on 96080 samples

	Scores on the development set:

	mean 0.89483, stdev 0.00276 for parameters {'min_samples_leaf': 2, 'n_estimators': 200}
	mean 0.89508, stdev 0.00308 for parameters {'min_samples_leaf': 2, 'n_estimators': 300}
	mean 0.89498, stdev 0.00259 for parameters {'min_samples_leaf': 2, 'n_estimators': 400}
	mean 0.89490, stdev 0.00258 for parameters {'min_samples_leaf': 2, 'n_estimators': 500}
	mean 0.89131, stdev 0.00227 for parameters {'min_samples_leaf': 5, 'n_estimators': 200}
	mean 0.89168, stdev 0.00231 for parameters {'min_samples_leaf': 5, 'n_estimators': 300}
	mean 0.89129, stdev 0.00212 for parameters {'min_samples_leaf': 5, 'n_estimators': 400}
	mean 0.89117, stdev 0.00220 for parameters {'min_samples_leaf': 5, 'n_estimators': 500}
	mean 0.88053, stdev 0.00301 for parameters {'min_samples_leaf': 10, 'n_estimators': 200}
	mean 0.88078, stdev 0.00229 for parameters {'min_samples_leaf': 10, 'n_estimators': 300}
	mean 0.88075, stdev 0.00254 for parameters {'min_samples_leaf': 10, 'n_estimators': 400}
	mean 0.88073, stdev 0.00262 for parameters {'min_samples_leaf': 10, 'n_estimators': 500}
	mean 0.87219, stdev 0.00309 for parameters {'min_samples_leaf': 15, 'n_estimators': 200}
	mean 0.87294, stdev 0.00289 for parameters {'min_samples_leaf': 15, 'n_estimators': 300}
	mean 0.87300, stdev 0.00276 for parameters {'min_samples_leaf': 15, 'n_estimators': 400}
	mean 0.87284, stdev 0.00284 for parameters {'min_samples_leaf': 15, 'n_estimators': 500}
	mean 0.86716, stdev 0.00242 for parameters {'min_samples_leaf': 20, 'n_estimators': 200}
	mean 0.86761, stdev 0.00273 for parameters {'min_samples_leaf': 20, 'n_estimators': 300}
	mean 0.86741, stdev 0.00275 for parameters {'min_samples_leaf': 20, 'n_estimators': 400}
	mean 0.86736, stdev 0.00283 for parameters {'min_samples_leaf': 20, 'n_estimators': 500}
	mean 0.86191, stdev 0.00320 for parameters {'min_samples_leaf': 25, 'n_estimators': 200}
	mean 0.86311, stdev 0.00316 for parameters {'min_samples_leaf': 25, 'n_estimators': 300}
	mean 0.86285, stdev 0.00339 for parameters {'min_samples_leaf': 25, 'n_estimators': 400}
	mean 0.86317, stdev 0.00332 for parameters {'min_samples_leaf': 25, 'n_estimators': 500}

	Best parameters on the development set: {'min_samples_leaf': 2, 'n_estimators': 300}

Retraining on 288242 samples
	Testing on 96081 samples
		Test Recall 0.8529619575322599
		Test Precision 0.9214977301032502
		Test F1 score 0.885906299486308
		Test Accuracy (b) 0.9123604411161805

Top features in ascending order of importance:
	 ['numExternalInLinks-3', 'numExternalInLinks-4', 'numExternalInLinks-5', 'numExternalInLinks-1', 'numExternalInLinks', 'numExternalInLinks-2', 'diffExternalOutLinks-5', 'diffExternalOutLinks-2', 'diffExternalOutLinks-4', 'diffExternalOutLinks-3', 'diffExternalOutLinks-1', 'avg_numExternalInLinks', 'trustRank-2', 'textQuality-5', 'textQuality-4', 'trustRank-4', 'trustRank-5', 'trustRank-3', 'textQuality-1', 'trustRank-1', 'trustRank', 'textQuality-3', 'domainDepth', 'textQuality-2', 'textSize', 'textQuality', 'textSize-5', 'avg_trustRank', 'avg_domainDepth', 'textSize-4', 'textSize-2', 'textSize-3', 'textSize-1', 'contentLength-5', 'contentLength', 'numExternalOutLinks', 'avg_numExternalOutLinks', 'contentLength-3', 'contentLength-4', 'contentLength-1', 'contentLength-2', 'avg_numInternalOutLinks', 'avg_textQuality', 'avg_contentLength', 'pathDepth', 'avg_textSize', 'numInternalOutLinks', 'avg_numInternalInLinks', 'numInternalInLinks-3', 'numInternalInLinks-4', 'numInternalInLinks', 'avg_pathDepth', 'numInternalInLinks-5', 'numInternalInLinks-1', 'numInternalInLinks-2', 'diffInternalOutLinks-5', 'avg_linkExternalChangeRate', 'diffInternalOutLinks-4', 'diffInternalOutLinks-2', 'diffInternalOutLinks-3', 'diffInternalOutLinks-1', 'avg_linkInternalChangeRate'] or [52, 55, 58, 46, 8, 49, 44, 29, 39, 34, 24, 18, 50, 42, 37, 56, 59, 53, 22, 47, 9, 32, 4, 27, 1, 2, 41, 19, 14, 36, 26, 31, 21, 40, 0, 6, 16, 30, 35, 20, 25, 15, 12, 10, 3, 11, 5, 17, 51, 54, 7, 13, 57, 45, 48, 43, 60, 38, 28, 33, 23, 61]

Refitting on two features for decision boundaries
	 [28, 33] F1 score: 0.7637387428035156
	 [28, 23] F1 score: 0.7558615999319902
	 [28, 61] F1 score: 0.75625043526708
	 [33, 23] F1 score: 0.7777406292952932
	 [33, 61] F1 score: 0.7694144481271606
	 [23, 61] F1 score: 0.7615981888607863

________________________________________________________________________________
Random state: 1

Target: diffInternalOutLinks

Final enumerated feature set (SP_SN_DP5_DN5_DPRate):
	 {0: 'contentLength', 1: 'textSize', 2: 'textQuality', 3: 'pathDepth', 4: 'domainDepth', 5: 'numInternalOutLinks', 6: 'numExternalOutLinks', 7: 'numInternalInLinks', 8: 'numExternalInLinks', 9: 'trustRank', 10: 'avg_contentLength', 11: 'avg_textSize', 12: 'avg_textQuality', 13: 'avg_pathDepth', 14: 'avg_domainDepth', 15: 'avg_numInternalOutLinks', 16: 'avg_numExternalOutLinks', 17: 'avg_numInternalInLinks', 18: 'avg_numExternalInLinks', 19: 'avg_trustRank', 20: 'contentLength-1', 21: 'textSize-1', 22: 'textQuality-1', 23: 'diffInternalOutLinks-1', 24: 'diffExternalOutLinks-1', 25: 'contentLength-2', 26: 'textSize-2', 27: 'textQuality-2', 28: 'diffInternalOutLinks-2', 29: 'diffExternalOutLinks-2', 30: 'contentLength-3', 31: 'textSize-3', 32: 'textQuality-3', 33: 'diffInternalOutLinks-3', 34: 'diffExternalOutLinks-3', 35: 'contentLength-4', 36: 'textSize-4', 37: 'textQuality-4', 38: 'diffInternalOutLinks-4', 39: 'diffExternalOutLinks-4', 40: 'contentLength-5', 41: 'textSize-5', 42: 'textQuality-5', 43: 'diffInternalOutLinks-5', 44: 'diffExternalOutLinks-5', 45: 'numInternalInLinks-1', 46: 'numExternalInLinks-1', 47: 'trustRank-1', 48: 'numInternalInLinks-2', 49: 'numExternalInLinks-2', 50: 'trustRank-2', 51: 'numInternalInLinks-3', 52: 'numExternalInLinks-3', 53: 'trustRank-3', 54: 'numInternalInLinks-4', 55: 'numExternalInLinks-4', 56: 'trustRank-4', 57: 'numInternalInLinks-5', 58: 'numExternalInLinks-5', 59: 'trustRank-5', 60: 'avg_linkExternalChangeRate', 61: 'avg_linkInternalChangeRate'} 

Model: ET

Retraining on 288242 samples
	Testing on 96081 samples
		Test Recall 0.8517462316210511
		Test Precision 0.9209883464819191
		Test F1 score 0.8850150080812746
		Test Accuracy (b) 0.9115925715140577

________________________________________________________________________________
Random state: 2

Target: diffInternalOutLinks

Final enumerated feature set (SP_SN_DP5_DN5_DPRate):
	 {0: 'contentLength', 1: 'textSize', 2: 'textQuality', 3: 'pathDepth', 4: 'domainDepth', 5: 'numInternalOutLinks', 6: 'numExternalOutLinks', 7: 'numInternalInLinks', 8: 'numExternalInLinks', 9: 'trustRank', 10: 'avg_contentLength', 11: 'avg_textSize', 12: 'avg_textQuality', 13: 'avg_pathDepth', 14: 'avg_domainDepth', 15: 'avg_numInternalOutLinks', 16: 'avg_numExternalOutLinks', 17: 'avg_numInternalInLinks', 18: 'avg_numExternalInLinks', 19: 'avg_trustRank', 20: 'contentLength-1', 21: 'textSize-1', 22: 'textQuality-1', 23: 'diffInternalOutLinks-1', 24: 'diffExternalOutLinks-1', 25: 'contentLength-2', 26: 'textSize-2', 27: 'textQuality-2', 28: 'diffInternalOutLinks-2', 29: 'diffExternalOutLinks-2', 30: 'contentLength-3', 31: 'textSize-3', 32: 'textQuality-3', 33: 'diffInternalOutLinks-3', 34: 'diffExternalOutLinks-3', 35: 'contentLength-4', 36: 'textSize-4', 37: 'textQuality-4', 38: 'diffInternalOutLinks-4', 39: 'diffExternalOutLinks-4', 40: 'contentLength-5', 41: 'textSize-5', 42: 'textQuality-5', 43: 'diffInternalOutLinks-5', 44: 'diffExternalOutLinks-5', 45: 'numInternalInLinks-1', 46: 'numExternalInLinks-1', 47: 'trustRank-1', 48: 'numInternalInLinks-2', 49: 'numExternalInLinks-2', 50: 'trustRank-2', 51: 'numInternalInLinks-3', 52: 'numExternalInLinks-3', 53: 'trustRank-3', 54: 'numInternalInLinks-4', 55: 'numExternalInLinks-4', 56: 'trustRank-4', 57: 'numInternalInLinks-5', 58: 'numExternalInLinks-5', 59: 'trustRank-5', 60: 'avg_linkExternalChangeRate', 61: 'avg_linkInternalChangeRate'} 

Model: ET

Retraining on 288242 samples
	Testing on 96081 samples
		Test Recall 0.8560020703168324
		Test Precision 0.9214422158548233
		Test F1 score 0.8875174885485942
		Test Accuracy (b) 0.913703318157605
------------------------------------------------------------
diffInternalOutLinks  -->  DP6

________________________________________________________________________________
Random state: 0

Target: diffInternalOutLinks

Final enumerated feature set (SP_SN_DP6_DN6_DPRate):
	 {0: 'contentLength', 1: 'textSize', 2: 'textQuality', 3: 'pathDepth', 4: 'domainDepth', 5: 'numInternalOutLinks', 6: 'numExternalOutLinks', 7: 'numInternalInLinks', 8: 'numExternalInLinks', 9: 'trustRank', 10: 'avg_contentLength', 11: 'avg_textSize', 12: 'avg_textQuality', 13: 'avg_pathDepth', 14: 'avg_domainDepth', 15: 'avg_numInternalOutLinks', 16: 'avg_numExternalOutLinks', 17: 'avg_numInternalInLinks', 18: 'avg_numExternalInLinks', 19: 'avg_trustRank', 20: 'contentLength-1', 21: 'textSize-1', 22: 'textQuality-1', 23: 'diffInternalOutLinks-1', 24: 'diffExternalOutLinks-1', 25: 'contentLength-2', 26: 'textSize-2', 27: 'textQuality-2', 28: 'diffInternalOutLinks-2', 29: 'diffExternalOutLinks-2', 30: 'contentLength-3', 31: 'textSize-3', 32: 'textQuality-3', 33: 'diffInternalOutLinks-3', 34: 'diffExternalOutLinks-3', 35: 'contentLength-4', 36: 'textSize-4', 37: 'textQuality-4', 38: 'diffInternalOutLinks-4', 39: 'diffExternalOutLinks-4', 40: 'contentLength-5', 41: 'textSize-5', 42: 'textQuality-5', 43: 'diffInternalOutLinks-5', 44: 'diffExternalOutLinks-5', 45: 'contentLength-6', 46: 'textSize-6', 47: 'textQuality-6', 48: 'diffInternalOutLinks-6', 49: 'diffExternalOutLinks-6', 50: 'numInternalInLinks-1', 51: 'numExternalInLinks-1', 52: 'trustRank-1', 53: 'numInternalInLinks-2', 54: 'numExternalInLinks-2', 55: 'trustRank-2', 56: 'numInternalInLinks-3', 57: 'numExternalInLinks-3', 58: 'trustRank-3', 59: 'numInternalInLinks-4', 60: 'numExternalInLinks-4', 61: 'trustRank-4', 62: 'numInternalInLinks-5', 63: 'numExternalInLinks-5', 64: 'trustRank-5', 65: 'numInternalInLinks-6', 66: 'numExternalInLinks-6', 67: 'trustRank-6', 68: 'avg_linkExternalChangeRate', 69: 'avg_linkInternalChangeRate'} 

Model: ET

Hyperparameter tuning on 96080 samples

	Scores on the development set:

	mean 0.89660, stdev 0.00336 for parameters {'min_samples_leaf': 2, 'n_estimators': 200}
	mean 0.89681, stdev 0.00300 for parameters {'min_samples_leaf': 2, 'n_estimators': 300}
	mean 0.89705, stdev 0.00316 for parameters {'min_samples_leaf': 2, 'n_estimators': 400}
	mean 0.89684, stdev 0.00324 for parameters {'min_samples_leaf': 2, 'n_estimators': 500}
	mean 0.89386, stdev 0.00243 for parameters {'min_samples_leaf': 5, 'n_estimators': 200}
	mean 0.89394, stdev 0.00257 for parameters {'min_samples_leaf': 5, 'n_estimators': 300}
	mean 0.89437, stdev 0.00269 for parameters {'min_samples_leaf': 5, 'n_estimators': 400}
	mean 0.89396, stdev 0.00291 for parameters {'min_samples_leaf': 5, 'n_estimators': 500}
	mean 0.88295, stdev 0.00218 for parameters {'min_samples_leaf': 10, 'n_estimators': 200}
	mean 0.88368, stdev 0.00235 for parameters {'min_samples_leaf': 10, 'n_estimators': 300}
	mean 0.88379, stdev 0.00229 for parameters {'min_samples_leaf': 10, 'n_estimators': 400}
	mean 0.88383, stdev 0.00238 for parameters {'min_samples_leaf': 10, 'n_estimators': 500}
	mean 0.87560, stdev 0.00222 for parameters {'min_samples_leaf': 15, 'n_estimators': 200}
	mean 0.87577, stdev 0.00208 for parameters {'min_samples_leaf': 15, 'n_estimators': 300}
	mean 0.87635, stdev 0.00194 for parameters {'min_samples_leaf': 15, 'n_estimators': 400}
	mean 0.87622, stdev 0.00204 for parameters {'min_samples_leaf': 15, 'n_estimators': 500}
	mean 0.87000, stdev 0.00267 for parameters {'min_samples_leaf': 20, 'n_estimators': 200}
	mean 0.87075, stdev 0.00308 for parameters {'min_samples_leaf': 20, 'n_estimators': 300}
	mean 0.87145, stdev 0.00256 for parameters {'min_samples_leaf': 20, 'n_estimators': 400}
	mean 0.87132, stdev 0.00217 for parameters {'min_samples_leaf': 20, 'n_estimators': 500}
	mean 0.86643, stdev 0.00346 for parameters {'min_samples_leaf': 25, 'n_estimators': 200}
	mean 0.86673, stdev 0.00302 for parameters {'min_samples_leaf': 25, 'n_estimators': 300}
	mean 0.86696, stdev 0.00308 for parameters {'min_samples_leaf': 25, 'n_estimators': 400}
	mean 0.86691, stdev 0.00311 for parameters {'min_samples_leaf': 25, 'n_estimators': 500}

	Best parameters on the development set: {'min_samples_leaf': 2, 'n_estimators': 400}

Retraining on 288242 samples
	Testing on 96081 samples
		Test Recall 0.855974117734558
		Test Precision 0.925718881962598
		Test F1 score 0.8894814127830589
		Test Accuracy (b) 0.9146397543435039

Top features in ascending order of importance:
	 ['numExternalInLinks', 'numExternalInLinks-6', 'numExternalInLinks-5', 'numExternalInLinks-2', 'numExternalInLinks-1', 'numExternalInLinks-3', 'numExternalInLinks-4', 'diffExternalOutLinks-5', 'diffExternalOutLinks-2', 'diffExternalOutLinks-6', 'diffExternalOutLinks-3', 'diffExternalOutLinks-4', 'diffExternalOutLinks-1', 'avg_numExternalInLinks', 'trustRank-4', 'trustRank-1', 'trustRank-2', 'textQuality-5', 'trustRank-6', 'textQuality-3', 'trustRank-5', 'textQuality-2', 'textQuality-6', 'trustRank-3', 'domainDepth', 'textQuality', 'trustRank', 'textQuality-1', 'textSize-5', 'textSize-6', 'textQuality-4', 'textSize', 'textSize-3', 'textSize-1', 'avg_domainDepth', 'textSize-2', 'textSize-4', 'avg_trustRank', 'contentLength-6', 'contentLength', 'avg_numExternalOutLinks', 'contentLength-1', 'contentLength-5', 'numExternalOutLinks', 'avg_numInternalOutLinks', 'contentLength-3', 'contentLength-4', 'contentLength-2', 'avg_textSize', 'avg_contentLength', 'avg_textQuality', 'pathDepth', 'numInternalInLinks-5', 'avg_numInternalInLinks', 'numInternalInLinks-6', 'numInternalOutLinks', 'avg_pathDepth', 'numInternalInLinks-2', 'numInternalInLinks-4', 'numInternalInLinks', 'numInternalInLinks-1', 'numInternalInLinks-3', 'diffInternalOutLinks-5', 'diffInternalOutLinks-6', 'avg_linkExternalChangeRate', 'diffInternalOutLinks-4', 'diffInternalOutLinks-2', 'diffInternalOutLinks-3', 'diffInternalOutLinks-1', 'avg_linkInternalChangeRate'] or [8, 66, 63, 54, 51, 57, 60, 44, 29, 49, 34, 39, 24, 18, 61, 52, 55, 42, 67, 32, 64, 27, 47, 58, 4, 2, 9, 22, 41, 46, 37, 1, 31, 21, 14, 26, 36, 19, 45, 0, 16, 20, 40, 6, 15, 30, 35, 25, 11, 10, 12, 3, 62, 17, 65, 5, 13, 53, 59, 7, 50, 56, 43, 48, 68, 38, 28, 33, 23, 69]

Refitting on two features for decision boundaries
	 [28, 33] F1 score: 0.7637938814186445
	 [28, 23] F1 score: 0.755848748639826
	 [28, 69] F1 score: 0.7561013794423086
	 [33, 23] F1 score: 0.7776849220940814
	 [33, 69] F1 score: 0.7698979227639374
	 [23, 69] F1 score: 0.7620550276556518

________________________________________________________________________________
Random state: 1

Target: diffInternalOutLinks

Final enumerated feature set (SP_SN_DP6_DN6_DPRate):
	 {0: 'contentLength', 1: 'textSize', 2: 'textQuality', 3: 'pathDepth', 4: 'domainDepth', 5: 'numInternalOutLinks', 6: 'numExternalOutLinks', 7: 'numInternalInLinks', 8: 'numExternalInLinks', 9: 'trustRank', 10: 'avg_contentLength', 11: 'avg_textSize', 12: 'avg_textQuality', 13: 'avg_pathDepth', 14: 'avg_domainDepth', 15: 'avg_numInternalOutLinks', 16: 'avg_numExternalOutLinks', 17: 'avg_numInternalInLinks', 18: 'avg_numExternalInLinks', 19: 'avg_trustRank', 20: 'contentLength-1', 21: 'textSize-1', 22: 'textQuality-1', 23: 'diffInternalOutLinks-1', 24: 'diffExternalOutLinks-1', 25: 'contentLength-2', 26: 'textSize-2', 27: 'textQuality-2', 28: 'diffInternalOutLinks-2', 29: 'diffExternalOutLinks-2', 30: 'contentLength-3', 31: 'textSize-3', 32: 'textQuality-3', 33: 'diffInternalOutLinks-3', 34: 'diffExternalOutLinks-3', 35: 'contentLength-4', 36: 'textSize-4', 37: 'textQuality-4', 38: 'diffInternalOutLinks-4', 39: 'diffExternalOutLinks-4', 40: 'contentLength-5', 41: 'textSize-5', 42: 'textQuality-5', 43: 'diffInternalOutLinks-5', 44: 'diffExternalOutLinks-5', 45: 'contentLength-6', 46: 'textSize-6', 47: 'textQuality-6', 48: 'diffInternalOutLinks-6', 49: 'diffExternalOutLinks-6', 50: 'numInternalInLinks-1', 51: 'numExternalInLinks-1', 52: 'trustRank-1', 53: 'numInternalInLinks-2', 54: 'numExternalInLinks-2', 55: 'trustRank-2', 56: 'numInternalInLinks-3', 57: 'numExternalInLinks-3', 58: 'trustRank-3', 59: 'numInternalInLinks-4', 60: 'numExternalInLinks-4', 61: 'trustRank-4', 62: 'numInternalInLinks-5', 63: 'numExternalInLinks-5', 64: 'trustRank-5', 65: 'numInternalInLinks-6', 66: 'numExternalInLinks-6', 67: 'trustRank-6', 68: 'avg_linkExternalChangeRate', 69: 'avg_linkInternalChangeRate'} 

Model: ET

Retraining on 288242 samples
	Testing on 96081 samples
		Test Recall 0.854079478537832
		Test Precision 0.926144578313253
		Test F1 score 0.888653397815071
		Test Accuracy (b) 0.913729084955077

________________________________________________________________________________
Random state: 2

Target: diffInternalOutLinks

Final enumerated feature set (SP_SN_DP6_DN6_DPRate):
	 {0: 'contentLength', 1: 'textSize', 2: 'textQuality', 3: 'pathDepth', 4: 'domainDepth', 5: 'numInternalOutLinks', 6: 'numExternalOutLinks', 7: 'numInternalInLinks', 8: 'numExternalInLinks', 9: 'trustRank', 10: 'avg_contentLength', 11: 'avg_textSize', 12: 'avg_textQuality', 13: 'avg_pathDepth', 14: 'avg_domainDepth', 15: 'avg_numInternalOutLinks', 16: 'avg_numExternalOutLinks', 17: 'avg_numInternalInLinks', 18: 'avg_numExternalInLinks', 19: 'avg_trustRank', 20: 'contentLength-1', 21: 'textSize-1', 22: 'textQuality-1', 23: 'diffInternalOutLinks-1', 24: 'diffExternalOutLinks-1', 25: 'contentLength-2', 26: 'textSize-2', 27: 'textQuality-2', 28: 'diffInternalOutLinks-2', 29: 'diffExternalOutLinks-2', 30: 'contentLength-3', 31: 'textSize-3', 32: 'textQuality-3', 33: 'diffInternalOutLinks-3', 34: 'diffExternalOutLinks-3', 35: 'contentLength-4', 36: 'textSize-4', 37: 'textQuality-4', 38: 'diffInternalOutLinks-4', 39: 'diffExternalOutLinks-4', 40: 'contentLength-5', 41: 'textSize-5', 42: 'textQuality-5', 43: 'diffInternalOutLinks-5', 44: 'diffExternalOutLinks-5', 45: 'contentLength-6', 46: 'textSize-6', 47: 'textQuality-6', 48: 'diffInternalOutLinks-6', 49: 'diffExternalOutLinks-6', 50: 'numInternalInLinks-1', 51: 'numExternalInLinks-1', 52: 'trustRank-1', 53: 'numInternalInLinks-2', 54: 'numExternalInLinks-2', 55: 'trustRank-2', 56: 'numInternalInLinks-3', 57: 'numExternalInLinks-3', 58: 'trustRank-3', 59: 'numInternalInLinks-4', 60: 'numExternalInLinks-4', 61: 'trustRank-4', 62: 'numInternalInLinks-5', 63: 'numExternalInLinks-5', 64: 'trustRank-5', 65: 'numInternalInLinks-6', 66: 'numExternalInLinks-6', 67: 'trustRank-6', 68: 'avg_linkExternalChangeRate', 69: 'avg_linkInternalChangeRate'} 

Model: ET

Retraining on 288242 samples
	Testing on 96081 samples
		Test Recall 0.8575548079411438
		Test Precision 0.9256554531306117
		Test F1 score 0.8903047516696092
		Test Accuracy (b) 0.9152836619378915
------------------------------------------------------------
diffInternalOutLinks  -->  DP7

________________________________________________________________________________
Random state: 0

Target: diffInternalOutLinks

Final enumerated feature set (SP_SN_DP7_DN7_DPRate):
	 {0: 'contentLength', 1: 'textSize', 2: 'textQuality', 3: 'pathDepth', 4: 'domainDepth', 5: 'numInternalOutLinks', 6: 'numExternalOutLinks', 7: 'numInternalInLinks', 8: 'numExternalInLinks', 9: 'trustRank', 10: 'avg_contentLength', 11: 'avg_textSize', 12: 'avg_textQuality', 13: 'avg_pathDepth', 14: 'avg_domainDepth', 15: 'avg_numInternalOutLinks', 16: 'avg_numExternalOutLinks', 17: 'avg_numInternalInLinks', 18: 'avg_numExternalInLinks', 19: 'avg_trustRank', 20: 'contentLength-1', 21: 'textSize-1', 22: 'textQuality-1', 23: 'diffInternalOutLinks-1', 24: 'diffExternalOutLinks-1', 25: 'contentLength-2', 26: 'textSize-2', 27: 'textQuality-2', 28: 'diffInternalOutLinks-2', 29: 'diffExternalOutLinks-2', 30: 'contentLength-3', 31: 'textSize-3', 32: 'textQuality-3', 33: 'diffInternalOutLinks-3', 34: 'diffExternalOutLinks-3', 35: 'contentLength-4', 36: 'textSize-4', 37: 'textQuality-4', 38: 'diffInternalOutLinks-4', 39: 'diffExternalOutLinks-4', 40: 'contentLength-5', 41: 'textSize-5', 42: 'textQuality-5', 43: 'diffInternalOutLinks-5', 44: 'diffExternalOutLinks-5', 45: 'contentLength-6', 46: 'textSize-6', 47: 'textQuality-6', 48: 'diffInternalOutLinks-6', 49: 'diffExternalOutLinks-6', 50: 'contentLength-7', 51: 'textSize-7', 52: 'textQuality-7', 53: 'diffInternalOutLinks-7', 54: 'diffExternalOutLinks-7', 55: 'numInternalInLinks-1', 56: 'numExternalInLinks-1', 57: 'trustRank-1', 58: 'numInternalInLinks-2', 59: 'numExternalInLinks-2', 60: 'trustRank-2', 61: 'numInternalInLinks-3', 62: 'numExternalInLinks-3', 63: 'trustRank-3', 64: 'numInternalInLinks-4', 65: 'numExternalInLinks-4', 66: 'trustRank-4', 67: 'numInternalInLinks-5', 68: 'numExternalInLinks-5', 69: 'trustRank-5', 70: 'numInternalInLinks-6', 71: 'numExternalInLinks-6', 72: 'trustRank-6', 73: 'numInternalInLinks-7', 74: 'numExternalInLinks-7', 75: 'trustRank-7', 76: 'avg_linkExternalChangeRate', 77: 'avg_linkInternalChangeRate'} 

Model: ET

Hyperparameter tuning on 96080 samples

	Scores on the development set:

	mean 0.89709, stdev 0.00270 for parameters {'min_samples_leaf': 2, 'n_estimators': 200}
	mean 0.89726, stdev 0.00275 for parameters {'min_samples_leaf': 2, 'n_estimators': 300}
	mean 0.89705, stdev 0.00285 for parameters {'min_samples_leaf': 2, 'n_estimators': 400}
	mean 0.89728, stdev 0.00305 for parameters {'min_samples_leaf': 2, 'n_estimators': 500}
	mean 0.89397, stdev 0.00284 for parameters {'min_samples_leaf': 5, 'n_estimators': 200}
	mean 0.89442, stdev 0.00277 for parameters {'min_samples_leaf': 5, 'n_estimators': 300}
	mean 0.89423, stdev 0.00238 for parameters {'min_samples_leaf': 5, 'n_estimators': 400}
	mean 0.89440, stdev 0.00255 for parameters {'min_samples_leaf': 5, 'n_estimators': 500}
	mean 0.88416, stdev 0.00270 for parameters {'min_samples_leaf': 10, 'n_estimators': 200}
	mean 0.88420, stdev 0.00240 for parameters {'min_samples_leaf': 10, 'n_estimators': 300}
	mean 0.88437, stdev 0.00262 for parameters {'min_samples_leaf': 10, 'n_estimators': 400}
	mean 0.88460, stdev 0.00237 for parameters {'min_samples_leaf': 10, 'n_estimators': 500}
	mean 0.87696, stdev 0.00208 for parameters {'min_samples_leaf': 15, 'n_estimators': 200}
	mean 0.87702, stdev 0.00227 for parameters {'min_samples_leaf': 15, 'n_estimators': 300}
	mean 0.87672, stdev 0.00221 for parameters {'min_samples_leaf': 15, 'n_estimators': 400}
	mean 0.87689, stdev 0.00201 for parameters {'min_samples_leaf': 15, 'n_estimators': 500}
	mean 0.87148, stdev 0.00279 for parameters {'min_samples_leaf': 20, 'n_estimators': 200}
	mean 0.87184, stdev 0.00283 for parameters {'min_samples_leaf': 20, 'n_estimators': 300}
	mean 0.87166, stdev 0.00258 for parameters {'min_samples_leaf': 20, 'n_estimators': 400}
	mean 0.87209, stdev 0.00262 for parameters {'min_samples_leaf': 20, 'n_estimators': 500}
	mean 0.86812, stdev 0.00285 for parameters {'min_samples_leaf': 25, 'n_estimators': 200}
	mean 0.86803, stdev 0.00303 for parameters {'min_samples_leaf': 25, 'n_estimators': 300}
	mean 0.86784, stdev 0.00268 for parameters {'min_samples_leaf': 25, 'n_estimators': 400}
	mean 0.86777, stdev 0.00258 for parameters {'min_samples_leaf': 25, 'n_estimators': 500}

	Best parameters on the development set: {'min_samples_leaf': 2, 'n_estimators': 500}

Retraining on 288242 samples
	Testing on 96081 samples
		Test Recall 0.8557881819196014
		Test Precision 0.9258156656072736
		Test F1 score 0.8894256782870835
		Test Accuracy (b) 0.9145684658694697

Top features in ascending order of importance:
	 ['numExternalInLinks-4', 'numExternalInLinks', 'numExternalInLinks-7', 'numExternalInLinks-2', 'numExternalInLinks-6', 'numExternalInLinks-5', 'numExternalInLinks-3', 'numExternalInLinks-1', 'diffExternalOutLinks-5', 'diffExternalOutLinks-6', 'diffExternalOutLinks-2', 'diffExternalOutLinks-3', 'diffExternalOutLinks-7', 'diffExternalOutLinks-1', 'diffExternalOutLinks-4', 'avg_numExternalInLinks', 'trustRank', 'trustRank-6', 'trustRank-1', 'trustRank-3', 'trustRank-7', 'trustRank-4', 'textQuality-2', 'textQuality-1', 'textQuality-3', 'trustRank-5', 'textQuality', 'trustRank-2', 'textQuality-6', 'textQuality-5', 'textQuality-4', 'textSize-4', 'textQuality-7', 'textSize', 'domainDepth', 'textSize-6', 'textSize-2', 'textSize-3', 'avg_domainDepth', 'textSize-1', 'avg_trustRank', 'textSize-7', 'contentLength', 'avg_numExternalOutLinks', 'contentLength-6', 'textSize-5', 'numExternalOutLinks', 'contentLength-2', 'contentLength-3', 'avg_contentLength', 'contentLength-5', 'contentLength-1', 'contentLength-7', 'pathDepth', 'contentLength-4', 'avg_numInternalOutLinks', 'avg_textQuality', 'avg_textSize', 'numInternalOutLinks', 'avg_numInternalInLinks', 'numInternalInLinks-7', 'numInternalInLinks-5', 'numInternalInLinks-2', 'numInternalInLinks-6', 'numInternalInLinks-4', 'numInternalInLinks', 'numInternalInLinks-1', 'numInternalInLinks-3', 'avg_pathDepth', 'diffInternalOutLinks-7', 'diffInternalOutLinks-5', 'diffInternalOutLinks-6', 'diffInternalOutLinks-4', 'diffInternalOutLinks-3', 'diffInternalOutLinks-2', 'avg_linkExternalChangeRate', 'diffInternalOutLinks-1', 'avg_linkInternalChangeRate'] or [65, 8, 74, 59, 71, 68, 62, 56, 44, 49, 29, 34, 54, 24, 39, 18, 9, 72, 57, 63, 75, 66, 27, 22, 32, 69, 2, 60, 47, 42, 37, 36, 52, 1, 4, 46, 26, 31, 14, 21, 19, 51, 0, 16, 45, 41, 6, 25, 30, 10, 40, 20, 50, 3, 35, 15, 12, 11, 5, 17, 73, 67, 58, 70, 64, 7, 55, 61, 13, 53, 43, 48, 38, 33, 28, 76, 23, 77]

Refitting on two features for decision boundaries
	 [28, 76] F1 score: 0.7425810640491921
	 [28, 23] F1 score: 0.7559130094710172
	 [28, 77] F1 score: 0.7556458192296343
	 [76, 23] F1 score: 0.7536480686695279
	 [76, 77] F1 score: 0.7061710137133638
	 [23, 77] F1 score: 0.7629607218494723

________________________________________________________________________________
Random state: 1

Target: diffInternalOutLinks

Final enumerated feature set (SP_SN_DP7_DN7_DPRate):
	 {0: 'contentLength', 1: 'textSize', 2: 'textQuality', 3: 'pathDepth', 4: 'domainDepth', 5: 'numInternalOutLinks', 6: 'numExternalOutLinks', 7: 'numInternalInLinks', 8: 'numExternalInLinks', 9: 'trustRank', 10: 'avg_contentLength', 11: 'avg_textSize', 12: 'avg_textQuality', 13: 'avg_pathDepth', 14: 'avg_domainDepth', 15: 'avg_numInternalOutLinks', 16: 'avg_numExternalOutLinks', 17: 'avg_numInternalInLinks', 18: 'avg_numExternalInLinks', 19: 'avg_trustRank', 20: 'contentLength-1', 21: 'textSize-1', 22: 'textQuality-1', 23: 'diffInternalOutLinks-1', 24: 'diffExternalOutLinks-1', 25: 'contentLength-2', 26: 'textSize-2', 27: 'textQuality-2', 28: 'diffInternalOutLinks-2', 29: 'diffExternalOutLinks-2', 30: 'contentLength-3', 31: 'textSize-3', 32: 'textQuality-3', 33: 'diffInternalOutLinks-3', 34: 'diffExternalOutLinks-3', 35: 'contentLength-4', 36: 'textSize-4', 37: 'textQuality-4', 38: 'diffInternalOutLinks-4', 39: 'diffExternalOutLinks-4', 40: 'contentLength-5', 41: 'textSize-5', 42: 'textQuality-5', 43: 'diffInternalOutLinks-5', 44: 'diffExternalOutLinks-5', 45: 'contentLength-6', 46: 'textSize-6', 47: 'textQuality-6', 48: 'diffInternalOutLinks-6', 49: 'diffExternalOutLinks-6', 50: 'contentLength-7', 51: 'textSize-7', 52: 'textQuality-7', 53: 'diffInternalOutLinks-7', 54: 'diffExternalOutLinks-7', 55: 'numInternalInLinks-1', 56: 'numExternalInLinks-1', 57: 'trustRank-1', 58: 'numInternalInLinks-2', 59: 'numExternalInLinks-2', 60: 'trustRank-2', 61: 'numInternalInLinks-3', 62: 'numExternalInLinks-3', 63: 'trustRank-3', 64: 'numInternalInLinks-4', 65: 'numExternalInLinks-4', 66: 'trustRank-4', 67: 'numInternalInLinks-5', 68: 'numExternalInLinks-5', 69: 'trustRank-5', 70: 'numInternalInLinks-6', 71: 'numExternalInLinks-6', 72: 'trustRank-6', 73: 'numInternalInLinks-7', 74: 'numExternalInLinks-7', 75: 'trustRank-7', 76: 'avg_linkExternalChangeRate', 77: 'avg_linkInternalChangeRate'} 

Model: ET

Retraining on 288242 samples
	Testing on 96081 samples
		Test Recall 0.854486870856635
		Test Precision 0.9272566513945825
		Test F1 score 0.8893857332845055
		Test Accuracy (b) 0.9141426826778832

________________________________________________________________________________
Random state: 2

Target: diffInternalOutLinks

Final enumerated feature set (SP_SN_DP7_DN7_DPRate):
	 {0: 'contentLength', 1: 'textSize', 2: 'textQuality', 3: 'pathDepth', 4: 'domainDepth', 5: 'numInternalOutLinks', 6: 'numExternalOutLinks', 7: 'numInternalInLinks', 8: 'numExternalInLinks', 9: 'trustRank', 10: 'avg_contentLength', 11: 'avg_textSize', 12: 'avg_textQuality', 13: 'avg_pathDepth', 14: 'avg_domainDepth', 15: 'avg_numInternalOutLinks', 16: 'avg_numExternalOutLinks', 17: 'avg_numInternalInLinks', 18: 'avg_numExternalInLinks', 19: 'avg_trustRank', 20: 'contentLength-1', 21: 'textSize-1', 22: 'textQuality-1', 23: 'diffInternalOutLinks-1', 24: 'diffExternalOutLinks-1', 25: 'contentLength-2', 26: 'textSize-2', 27: 'textQuality-2', 28: 'diffInternalOutLinks-2', 29: 'diffExternalOutLinks-2', 30: 'contentLength-3', 31: 'textSize-3', 32: 'textQuality-3', 33: 'diffInternalOutLinks-3', 34: 'diffExternalOutLinks-3', 35: 'contentLength-4', 36: 'textSize-4', 37: 'textQuality-4', 38: 'diffInternalOutLinks-4', 39: 'diffExternalOutLinks-4', 40: 'contentLength-5', 41: 'textSize-5', 42: 'textQuality-5', 43: 'diffInternalOutLinks-5', 44: 'diffExternalOutLinks-5', 45: 'contentLength-6', 46: 'textSize-6', 47: 'textQuality-6', 48: 'diffInternalOutLinks-6', 49: 'diffExternalOutLinks-6', 50: 'contentLength-7', 51: 'textSize-7', 52: 'textQuality-7', 53: 'diffInternalOutLinks-7', 54: 'diffExternalOutLinks-7', 55: 'numInternalInLinks-1', 56: 'numExternalInLinks-1', 57: 'trustRank-1', 58: 'numInternalInLinks-2', 59: 'numExternalInLinks-2', 60: 'trustRank-2', 61: 'numInternalInLinks-3', 62: 'numExternalInLinks-3', 63: 'trustRank-3', 64: 'numInternalInLinks-4', 65: 'numExternalInLinks-4', 66: 'trustRank-4', 67: 'numInternalInLinks-5', 68: 'numExternalInLinks-5', 69: 'trustRank-5', 70: 'numInternalInLinks-6', 71: 'numExternalInLinks-6', 72: 'trustRank-6', 73: 'numInternalInLinks-7', 74: 'numExternalInLinks-7', 75: 'trustRank-7', 76: 'avg_linkExternalChangeRate', 77: 'avg_linkInternalChangeRate'} 

Model: ET

Retraining on 288242 samples
	Testing on 96081 samples
		Test Recall 0.8577766276017598
		Test Precision 0.9267084714622359
		Test F1 score 0.8909111853473102
		Test Accuracy (b) 0.9155973762646648
------------------------------------------------------------
diffInternalOutLinks  -->  DP8

________________________________________________________________________________
Random state: 0

Target: diffInternalOutLinks

Final enumerated feature set (SP_SN_DP8_DN8_DPRate):
	 {0: 'contentLength', 1: 'textSize', 2: 'textQuality', 3: 'pathDepth', 4: 'domainDepth', 5: 'numInternalOutLinks', 6: 'numExternalOutLinks', 7: 'numInternalInLinks', 8: 'numExternalInLinks', 9: 'trustRank', 10: 'avg_contentLength', 11: 'avg_textSize', 12: 'avg_textQuality', 13: 'avg_pathDepth', 14: 'avg_domainDepth', 15: 'avg_numInternalOutLinks', 16: 'avg_numExternalOutLinks', 17: 'avg_numInternalInLinks', 18: 'avg_numExternalInLinks', 19: 'avg_trustRank', 20: 'contentLength-1', 21: 'textSize-1', 22: 'textQuality-1', 23: 'diffInternalOutLinks-1', 24: 'diffExternalOutLinks-1', 25: 'contentLength-2', 26: 'textSize-2', 27: 'textQuality-2', 28: 'diffInternalOutLinks-2', 29: 'diffExternalOutLinks-2', 30: 'contentLength-3', 31: 'textSize-3', 32: 'textQuality-3', 33: 'diffInternalOutLinks-3', 34: 'diffExternalOutLinks-3', 35: 'contentLength-4', 36: 'textSize-4', 37: 'textQuality-4', 38: 'diffInternalOutLinks-4', 39: 'diffExternalOutLinks-4', 40: 'contentLength-5', 41: 'textSize-5', 42: 'textQuality-5', 43: 'diffInternalOutLinks-5', 44: 'diffExternalOutLinks-5', 45: 'contentLength-6', 46: 'textSize-6', 47: 'textQuality-6', 48: 'diffInternalOutLinks-6', 49: 'diffExternalOutLinks-6', 50: 'contentLength-7', 51: 'textSize-7', 52: 'textQuality-7', 53: 'diffInternalOutLinks-7', 54: 'diffExternalOutLinks-7', 55: 'contentLength-8', 56: 'textSize-8', 57: 'textQuality-8', 58: 'diffInternalOutLinks-8', 59: 'diffExternalOutLinks-8', 60: 'numInternalInLinks-1', 61: 'numExternalInLinks-1', 62: 'trustRank-1', 63: 'numInternalInLinks-2', 64: 'numExternalInLinks-2', 65: 'trustRank-2', 66: 'numInternalInLinks-3', 67: 'numExternalInLinks-3', 68: 'trustRank-3', 69: 'numInternalInLinks-4', 70: 'numExternalInLinks-4', 71: 'trustRank-4', 72: 'numInternalInLinks-5', 73: 'numExternalInLinks-5', 74: 'trustRank-5', 75: 'numInternalInLinks-6', 76: 'numExternalInLinks-6', 77: 'trustRank-6', 78: 'numInternalInLinks-7', 79: 'numExternalInLinks-7', 80: 'trustRank-7', 81: 'numInternalInLinks-8', 82: 'numExternalInLinks-8', 83: 'trustRank-8', 84: 'avg_linkExternalChangeRate', 85: 'avg_linkInternalChangeRate'} 

Model: ET

Hyperparameter tuning on 96080 samples

	Scores on the development set:

	mean 0.89833, stdev 0.00251 for parameters {'min_samples_leaf': 2, 'n_estimators': 200}
	mean 0.89850, stdev 0.00270 for parameters {'min_samples_leaf': 2, 'n_estimators': 300}
	mean 0.89882, stdev 0.00255 for parameters {'min_samples_leaf': 2, 'n_estimators': 400}
	mean 0.89860, stdev 0.00279 for parameters {'min_samples_leaf': 2, 'n_estimators': 500}
	mean 0.89637, stdev 0.00177 for parameters {'min_samples_leaf': 5, 'n_estimators': 200}
	mean 0.89633, stdev 0.00195 for parameters {'min_samples_leaf': 5, 'n_estimators': 300}
	mean 0.89631, stdev 0.00203 for parameters {'min_samples_leaf': 5, 'n_estimators': 400}
	mean 0.89653, stdev 0.00207 for parameters {'min_samples_leaf': 5, 'n_estimators': 500}
	mean 0.88695, stdev 0.00237 for parameters {'min_samples_leaf': 10, 'n_estimators': 200}
	mean 0.88690, stdev 0.00221 for parameters {'min_samples_leaf': 10, 'n_estimators': 300}
	mean 0.88720, stdev 0.00199 for parameters {'min_samples_leaf': 10, 'n_estimators': 400}
	mean 0.88718, stdev 0.00223 for parameters {'min_samples_leaf': 10, 'n_estimators': 500}
	mean 0.88023, stdev 0.00165 for parameters {'min_samples_leaf': 15, 'n_estimators': 200}
	mean 0.88053, stdev 0.00185 for parameters {'min_samples_leaf': 15, 'n_estimators': 300}
	mean 0.88037, stdev 0.00174 for parameters {'min_samples_leaf': 15, 'n_estimators': 400}
	mean 0.88038, stdev 0.00204 for parameters {'min_samples_leaf': 15, 'n_estimators': 500}
	mean 0.87508, stdev 0.00224 for parameters {'min_samples_leaf': 20, 'n_estimators': 200}
	mean 0.87522, stdev 0.00203 for parameters {'min_samples_leaf': 20, 'n_estimators': 300}
	mean 0.87547, stdev 0.00162 for parameters {'min_samples_leaf': 20, 'n_estimators': 400}
	mean 0.87525, stdev 0.00191 for parameters {'min_samples_leaf': 20, 'n_estimators': 500}
	mean 0.87029, stdev 0.00132 for parameters {'min_samples_leaf': 25, 'n_estimators': 200}
	mean 0.87061, stdev 0.00145 for parameters {'min_samples_leaf': 25, 'n_estimators': 300}
	mean 0.87068, stdev 0.00161 for parameters {'min_samples_leaf': 25, 'n_estimators': 400}
	mean 0.87104, stdev 0.00166 for parameters {'min_samples_leaf': 25, 'n_estimators': 500}

	Best parameters on the development set: {'min_samples_leaf': 2, 'n_estimators': 400}

Retraining on 288242 samples
	Testing on 96081 samples
		Test Recall 0.8562716150384887
		Test Precision 0.9274953677596068
		Test F1 score 0.8904615503606165
		Test Accuracy (b) 0.9151281474527608

Top features in ascending order of importance:
	 ['numExternalInLinks-5', 'numExternalInLinks-6', 'numExternalInLinks-3', 'numExternalInLinks-8', 'numExternalInLinks', 'numExternalInLinks-1', 'numExternalInLinks-4', 'numExternalInLinks-2', 'numExternalInLinks-7', 'diffExternalOutLinks-7', 'diffExternalOutLinks-5', 'diffExternalOutLinks-2', 'diffExternalOutLinks-6', 'diffExternalOutLinks-3', 'avg_numExternalInLinks', 'diffExternalOutLinks-8', 'diffExternalOutLinks-4', 'trustRank-6', 'textQuality-4', 'trustRank-3', 'trustRank-1', 'trustRank-2', 'diffExternalOutLinks-1', 'trustRank-5', 'trustRank-8', 'trustRank-7', 'textQuality-5', 'textSize-8', 'trustRank', 'textQuality-7', 'textQuality-1', 'textQuality-8', 'textQuality-3', 'textQuality-6', 'trustRank-4', 'avg_trustRank', 'textQuality', 'textQuality-2', 'textSize-1', 'domainDepth', 'textSize-2', 'textSize-7', 'textSize-4', 'textSize-6', 'textSize', 'avg_domainDepth', 'contentLength', 'textSize-5', 'contentLength-3', 'avg_numInternalOutLinks', 'textSize-3', 'contentLength-8', 'contentLength-6', 'numExternalOutLinks', 'avg_numExternalOutLinks', 'contentLength-5', 'avg_contentLength', 'contentLength-4', 'contentLength-7', 'contentLength-1', 'avg_textQuality', 'contentLength-2', 'pathDepth', 'avg_numInternalInLinks', 'avg_textSize', 'numInternalInLinks-8', 'numInternalInLinks-6', 'numInternalInLinks-4', 'numInternalInLinks-1', 'numInternalInLinks', 'numInternalInLinks-2', 'numInternalInLinks-5', 'numInternalInLinks-3', 'numInternalInLinks-7', 'numInternalOutLinks', 'avg_pathDepth', 'diffInternalOutLinks-5', 'diffInternalOutLinks-7', 'diffInternalOutLinks-8', 'diffInternalOutLinks-6', 'diffInternalOutLinks-4', 'diffInternalOutLinks-2', 'avg_linkExternalChangeRate', 'diffInternalOutLinks-3', 'diffInternalOutLinks-1', 'avg_linkInternalChangeRate'] or [73, 76, 67, 82, 8, 61, 70, 64, 79, 54, 44, 29, 49, 34, 18, 59, 39, 77, 37, 68, 62, 65, 24, 74, 83, 80, 42, 56, 9, 52, 22, 57, 32, 47, 71, 19, 2, 27, 21, 4, 26, 51, 36, 46, 1, 14, 0, 41, 30, 15, 31, 55, 45, 6, 16, 40, 10, 35, 50, 20, 12, 25, 3, 17, 11, 81, 75, 69, 60, 7, 63, 72, 66, 78, 5, 13, 43, 53, 58, 48, 38, 28, 84, 33, 23, 85]

Refitting on two features for decision boundaries
	 [84, 33] F1 score: 0.7494446758295155
	 [84, 23] F1 score: 0.7536708305939076
	 [84, 85] F1 score: 0.7061808893220853
	 [33, 23] F1 score: 0.7776849220940814
	 [33, 85] F1 score: 0.7698979227639374
	 [23, 85] F1 score: 0.7620550276556518

________________________________________________________________________________
Random state: 1

Target: diffInternalOutLinks

Final enumerated feature set (SP_SN_DP8_DN8_DPRate):
	 {0: 'contentLength', 1: 'textSize', 2: 'textQuality', 3: 'pathDepth', 4: 'domainDepth', 5: 'numInternalOutLinks', 6: 'numExternalOutLinks', 7: 'numInternalInLinks', 8: 'numExternalInLinks', 9: 'trustRank', 10: 'avg_contentLength', 11: 'avg_textSize', 12: 'avg_textQuality', 13: 'avg_pathDepth', 14: 'avg_domainDepth', 15: 'avg_numInternalOutLinks', 16: 'avg_numExternalOutLinks', 17: 'avg_numInternalInLinks', 18: 'avg_numExternalInLinks', 19: 'avg_trustRank', 20: 'contentLength-1', 21: 'textSize-1', 22: 'textQuality-1', 23: 'diffInternalOutLinks-1', 24: 'diffExternalOutLinks-1', 25: 'contentLength-2', 26: 'textSize-2', 27: 'textQuality-2', 28: 'diffInternalOutLinks-2', 29: 'diffExternalOutLinks-2', 30: 'contentLength-3', 31: 'textSize-3', 32: 'textQuality-3', 33: 'diffInternalOutLinks-3', 34: 'diffExternalOutLinks-3', 35: 'contentLength-4', 36: 'textSize-4', 37: 'textQuality-4', 38: 'diffInternalOutLinks-4', 39: 'diffExternalOutLinks-4', 40: 'contentLength-5', 41: 'textSize-5', 42: 'textQuality-5', 43: 'diffInternalOutLinks-5', 44: 'diffExternalOutLinks-5', 45: 'contentLength-6', 46: 'textSize-6', 47: 'textQuality-6', 48: 'diffInternalOutLinks-6', 49: 'diffExternalOutLinks-6', 50: 'contentLength-7', 51: 'textSize-7', 52: 'textQuality-7', 53: 'diffInternalOutLinks-7', 54: 'diffExternalOutLinks-7', 55: 'contentLength-8', 56: 'textSize-8', 57: 'textQuality-8', 58: 'diffInternalOutLinks-8', 59: 'diffExternalOutLinks-8', 60: 'numInternalInLinks-1', 61: 'numExternalInLinks-1', 62: 'trustRank-1', 63: 'numInternalInLinks-2', 64: 'numExternalInLinks-2', 65: 'trustRank-2', 66: 'numInternalInLinks-3', 67: 'numExternalInLinks-3', 68: 'trustRank-3', 69: 'numInternalInLinks-4', 70: 'numExternalInLinks-4', 71: 'trustRank-4', 72: 'numInternalInLinks-5', 73: 'numExternalInLinks-5', 74: 'trustRank-5', 75: 'numInternalInLinks-6', 76: 'numExternalInLinks-6', 77: 'trustRank-6', 78: 'numInternalInLinks-7', 79: 'numExternalInLinks-7', 80: 'trustRank-7', 81: 'numInternalInLinks-8', 82: 'numExternalInLinks-8', 83: 'trustRank-8', 84: 'avg_linkExternalChangeRate', 85: 'avg_linkInternalChangeRate'} 

Model: ET

Retraining on 288242 samples
	Testing on 96081 samples
		Test Recall 0.8560423688011555
		Test Precision 0.9300285679797208
		Test F1 score 0.8915030663015389
		Test Accuracy (b) 0.9154343285812379

________________________________________________________________________________
Random state: 2

Target: diffInternalOutLinks

Final enumerated feature set (SP_SN_DP8_DN8_DPRate):
	 {0: 'contentLength', 1: 'textSize', 2: 'textQuality', 3: 'pathDepth', 4: 'domainDepth', 5: 'numInternalOutLinks', 6: 'numExternalOutLinks', 7: 'numInternalInLinks', 8: 'numExternalInLinks', 9: 'trustRank', 10: 'avg_contentLength', 11: 'avg_textSize', 12: 'avg_textQuality', 13: 'avg_pathDepth', 14: 'avg_domainDepth', 15: 'avg_numInternalOutLinks', 16: 'avg_numExternalOutLinks', 17: 'avg_numInternalInLinks', 18: 'avg_numExternalInLinks', 19: 'avg_trustRank', 20: 'contentLength-1', 21: 'textSize-1', 22: 'textQuality-1', 23: 'diffInternalOutLinks-1', 24: 'diffExternalOutLinks-1', 25: 'contentLength-2', 26: 'textSize-2', 27: 'textQuality-2', 28: 'diffInternalOutLinks-2', 29: 'diffExternalOutLinks-2', 30: 'contentLength-3', 31: 'textSize-3', 32: 'textQuality-3', 33: 'diffInternalOutLinks-3', 34: 'diffExternalOutLinks-3', 35: 'contentLength-4', 36: 'textSize-4', 37: 'textQuality-4', 38: 'diffInternalOutLinks-4', 39: 'diffExternalOutLinks-4', 40: 'contentLength-5', 41: 'textSize-5', 42: 'textQuality-5', 43: 'diffInternalOutLinks-5', 44: 'diffExternalOutLinks-5', 45: 'contentLength-6', 46: 'textSize-6', 47: 'textQuality-6', 48: 'diffInternalOutLinks-6', 49: 'diffExternalOutLinks-6', 50: 'contentLength-7', 51: 'textSize-7', 52: 'textQuality-7', 53: 'diffInternalOutLinks-7', 54: 'diffExternalOutLinks-7', 55: 'contentLength-8', 56: 'textSize-8', 57: 'textQuality-8', 58: 'diffInternalOutLinks-8', 59: 'diffExternalOutLinks-8', 60: 'numInternalInLinks-1', 61: 'numExternalInLinks-1', 62: 'trustRank-1', 63: 'numInternalInLinks-2', 64: 'numExternalInLinks-2', 65: 'trustRank-2', 66: 'numInternalInLinks-3', 67: 'numExternalInLinks-3', 68: 'trustRank-3', 69: 'numInternalInLinks-4', 70: 'numExternalInLinks-4', 71: 'trustRank-4', 72: 'numInternalInLinks-5', 73: 'numExternalInLinks-5', 74: 'trustRank-5', 75: 'numInternalInLinks-6', 76: 'numExternalInLinks-6', 77: 'trustRank-6', 78: 'numInternalInLinks-7', 79: 'numExternalInLinks-7', 80: 'trustRank-7', 81: 'numInternalInLinks-8', 82: 'numExternalInLinks-8', 83: 'trustRank-8', 84: 'avg_linkExternalChangeRate', 85: 'avg_linkInternalChangeRate'} 

Model: ET

Retraining on 288242 samples
	Testing on 96081 samples
		Test Recall 0.8583681466967356
		Test Precision 0.9294635708566853
		Test F1 score 0.8925022583559169
		Test Accuracy (b) 0.9164218761065089
