------------------------------------------------------------
diffExternalOutLinks  -->  DP1

________________________________________________________________________________
Random state: 0

Target: diffExternalOutLinks

Final enumerated feature set (SP_SN):
	 {0: 'contentLength', 1: 'textSize', 2: 'textQuality', 3: 'pathDepth', 4: 'domainDepth', 5: 'numInternalOutLinks', 6: 'numExternalOutLinks', 7: 'numInternalInLinks', 8: 'numExternalInLinks', 9: 'trustRank', 10: 'avg_contentLength', 11: 'avg_textSize', 12: 'avg_textQuality', 13: 'avg_pathDepth', 14: 'avg_domainDepth', 15: 'avg_numInternalOutLinks', 16: 'avg_numExternalOutLinks', 17: 'avg_numInternalInLinks', 18: 'avg_numExternalInLinks', 19: 'avg_trustRank'} 

Model: ET

Hyperparameter tuning on 96080 samples

	Scores on the development set:

	mean 0.51692, stdev 0.00879 for parameters {'min_samples_leaf': 2, 'n_estimators': 200}
	mean 0.51903, stdev 0.01071 for parameters {'min_samples_leaf': 2, 'n_estimators': 300}
	mean 0.51972, stdev 0.00954 for parameters {'min_samples_leaf': 2, 'n_estimators': 400}
	mean 0.52044, stdev 0.01104 for parameters {'min_samples_leaf': 2, 'n_estimators': 500}
	mean 0.53100, stdev 0.00492 for parameters {'min_samples_leaf': 5, 'n_estimators': 200}
	mean 0.53371, stdev 0.00636 for parameters {'min_samples_leaf': 5, 'n_estimators': 300}
	mean 0.53297, stdev 0.00666 for parameters {'min_samples_leaf': 5, 'n_estimators': 400}
	mean 0.53477, stdev 0.00696 for parameters {'min_samples_leaf': 5, 'n_estimators': 500}
	mean 0.42596, stdev 0.00593 for parameters {'min_samples_leaf': 10, 'n_estimators': 200}
	mean 0.42723, stdev 0.00556 for parameters {'min_samples_leaf': 10, 'n_estimators': 300}
	mean 0.42724, stdev 0.00664 for parameters {'min_samples_leaf': 10, 'n_estimators': 400}
	mean 0.42830, stdev 0.00654 for parameters {'min_samples_leaf': 10, 'n_estimators': 500}
	mean 0.37659, stdev 0.00552 for parameters {'min_samples_leaf': 15, 'n_estimators': 200}
	mean 0.37751, stdev 0.00643 for parameters {'min_samples_leaf': 15, 'n_estimators': 300}
	mean 0.37815, stdev 0.00635 for parameters {'min_samples_leaf': 15, 'n_estimators': 400}
	mean 0.37826, stdev 0.00646 for parameters {'min_samples_leaf': 15, 'n_estimators': 500}
	mean 0.35068, stdev 0.00391 for parameters {'min_samples_leaf': 20, 'n_estimators': 200}
	mean 0.35021, stdev 0.00398 for parameters {'min_samples_leaf': 20, 'n_estimators': 300}
	mean 0.35147, stdev 0.00356 for parameters {'min_samples_leaf': 20, 'n_estimators': 400}
	mean 0.35126, stdev 0.00385 for parameters {'min_samples_leaf': 20, 'n_estimators': 500}
	mean 0.33334, stdev 0.00357 for parameters {'min_samples_leaf': 25, 'n_estimators': 200}
	mean 0.33515, stdev 0.00428 for parameters {'min_samples_leaf': 25, 'n_estimators': 300}
	mean 0.33492, stdev 0.00547 for parameters {'min_samples_leaf': 25, 'n_estimators': 400}
	mean 0.33448, stdev 0.00486 for parameters {'min_samples_leaf': 25, 'n_estimators': 500}

	Best parameters on the development set: {'min_samples_leaf': 5, 'n_estimators': 500}

Retraining on 288242 samples
	Testing on 96081 samples
		Test Recall 0.6678162505173127
		Test Precision 0.5936963453519745
		Test F1 score 0.6285788482763098
		Test Accuracy (b) 0.815260565820616

Top features in ascending order of importance:
	 ['contentLength', 'textSize', 'numExternalInLinks', 'avg_contentLength', 'trustRank', 'avg_numExternalOutLinks', 'avg_numExternalInLinks', 'domainDepth', 'numInternalOutLinks', 'avg_domainDepth', 'textQuality', 'avg_numInternalOutLinks', 'avg_trustRank', 'avg_textSize', 'numExternalOutLinks', 'numInternalInLinks', 'avg_numInternalInLinks', 'avg_textQuality', 'avg_pathDepth', 'pathDepth'] or [0, 1, 8, 10, 9, 16, 18, 4, 5, 14, 2, 15, 19, 11, 6, 7, 17, 12, 13, 3]

Refitting on two features for decision boundaries
	 [17, 12] F1 score: 0.18687678683494874
	 [17, 13] F1 score: 0.19123289794969187
	 [17, 3] F1 score: 0.15779826262518928
	 [12, 13] F1 score: 0.2018679685841647
	 [12, 3] F1 score: 0.15982633471270605
	 [13, 3] F1 score: 0.14706361583762018

________________________________________________________________________________
Random state: 1

Target: diffExternalOutLinks

Final enumerated feature set (SP_SN):
	 {0: 'contentLength', 1: 'textSize', 2: 'textQuality', 3: 'pathDepth', 4: 'domainDepth', 5: 'numInternalOutLinks', 6: 'numExternalOutLinks', 7: 'numInternalInLinks', 8: 'numExternalInLinks', 9: 'trustRank', 10: 'avg_contentLength', 11: 'avg_textSize', 12: 'avg_textQuality', 13: 'avg_pathDepth', 14: 'avg_domainDepth', 15: 'avg_numInternalOutLinks', 16: 'avg_numExternalOutLinks', 17: 'avg_numInternalInLinks', 18: 'avg_numExternalInLinks', 19: 'avg_trustRank'} 

Model: ET

Retraining on 288242 samples
	Testing on 96081 samples
		Test Recall 0.6639175257731958
		Test Precision 0.5988098189933052
		Test F1 score 0.6296851574212894
		Test Accuracy (b) 0.8137392732124769

________________________________________________________________________________
Random state: 2

Target: diffExternalOutLinks

Final enumerated feature set (SP_SN):
	 {0: 'contentLength', 1: 'textSize', 2: 'textQuality', 3: 'pathDepth', 4: 'domainDepth', 5: 'numInternalOutLinks', 6: 'numExternalOutLinks', 7: 'numInternalInLinks', 8: 'numExternalInLinks', 9: 'trustRank', 10: 'avg_contentLength', 11: 'avg_textSize', 12: 'avg_textQuality', 13: 'avg_pathDepth', 14: 'avg_domainDepth', 15: 'avg_numInternalOutLinks', 16: 'avg_numExternalOutLinks', 17: 'avg_numInternalInLinks', 18: 'avg_numExternalInLinks', 19: 'avg_trustRank'} 

Model: ET

Retraining on 288242 samples
	Testing on 96081 samples
		Test Recall 0.6657088122605364
		Test Precision 0.5906993686255464
		Test F1 score 0.6259650025733402
		Test Accuracy (b) 0.8138677773129476
------------------------------------------------------------
diffExternalOutLinks  -->  DP2

________________________________________________________________________________
Random state: 0

Target: diffExternalOutLinks

Final enumerated feature set (SP_SN):
	 {0: 'contentLength', 1: 'textSize', 2: 'textQuality', 3: 'pathDepth', 4: 'domainDepth', 5: 'numInternalOutLinks', 6: 'numExternalOutLinks', 7: 'numInternalInLinks', 8: 'numExternalInLinks', 9: 'trustRank', 10: 'avg_contentLength', 11: 'avg_textSize', 12: 'avg_textQuality', 13: 'avg_pathDepth', 14: 'avg_domainDepth', 15: 'avg_numInternalOutLinks', 16: 'avg_numExternalOutLinks', 17: 'avg_numInternalInLinks', 18: 'avg_numExternalInLinks', 19: 'avg_trustRank'} 

Model: ET

Hyperparameter tuning on 96080 samples

	Scores on the development set:

	mean 0.51692, stdev 0.00879 for parameters {'min_samples_leaf': 2, 'n_estimators': 200}
	mean 0.51903, stdev 0.01071 for parameters {'min_samples_leaf': 2, 'n_estimators': 300}
	mean 0.51972, stdev 0.00954 for parameters {'min_samples_leaf': 2, 'n_estimators': 400}
	mean 0.52044, stdev 0.01104 for parameters {'min_samples_leaf': 2, 'n_estimators': 500}
	mean 0.53100, stdev 0.00492 for parameters {'min_samples_leaf': 5, 'n_estimators': 200}
	mean 0.53371, stdev 0.00636 for parameters {'min_samples_leaf': 5, 'n_estimators': 300}
	mean 0.53297, stdev 0.00666 for parameters {'min_samples_leaf': 5, 'n_estimators': 400}
	mean 0.53477, stdev 0.00696 for parameters {'min_samples_leaf': 5, 'n_estimators': 500}
	mean 0.42596, stdev 0.00593 for parameters {'min_samples_leaf': 10, 'n_estimators': 200}
	mean 0.42723, stdev 0.00556 for parameters {'min_samples_leaf': 10, 'n_estimators': 300}
	mean 0.42724, stdev 0.00664 for parameters {'min_samples_leaf': 10, 'n_estimators': 400}
	mean 0.42830, stdev 0.00654 for parameters {'min_samples_leaf': 10, 'n_estimators': 500}
	mean 0.37659, stdev 0.00552 for parameters {'min_samples_leaf': 15, 'n_estimators': 200}
	mean 0.37751, stdev 0.00643 for parameters {'min_samples_leaf': 15, 'n_estimators': 300}
	mean 0.37815, stdev 0.00635 for parameters {'min_samples_leaf': 15, 'n_estimators': 400}
	mean 0.37826, stdev 0.00646 for parameters {'min_samples_leaf': 15, 'n_estimators': 500}
	mean 0.35068, stdev 0.00391 for parameters {'min_samples_leaf': 20, 'n_estimators': 200}
	mean 0.35021, stdev 0.00398 for parameters {'min_samples_leaf': 20, 'n_estimators': 300}
	mean 0.35147, stdev 0.00356 for parameters {'min_samples_leaf': 20, 'n_estimators': 400}
	mean 0.35126, stdev 0.00385 for parameters {'min_samples_leaf': 20, 'n_estimators': 500}
	mean 0.33334, stdev 0.00357 for parameters {'min_samples_leaf': 25, 'n_estimators': 200}
	mean 0.33515, stdev 0.00428 for parameters {'min_samples_leaf': 25, 'n_estimators': 300}
	mean 0.33492, stdev 0.00547 for parameters {'min_samples_leaf': 25, 'n_estimators': 400}
	mean 0.33448, stdev 0.00486 for parameters {'min_samples_leaf': 25, 'n_estimators': 500}

	Best parameters on the development set: {'min_samples_leaf': 5, 'n_estimators': 500}

Retraining on 288242 samples
	Testing on 96081 samples
		Test Recall 0.6678162505173127
		Test Precision 0.5936963453519745
		Test F1 score 0.6285788482763098
		Test Accuracy (b) 0.815260565820616

Top features in ascending order of importance:
	 ['contentLength', 'textSize', 'numExternalInLinks', 'avg_contentLength', 'trustRank', 'avg_numExternalOutLinks', 'avg_numExternalInLinks', 'domainDepth', 'numInternalOutLinks', 'avg_domainDepth', 'textQuality', 'avg_numInternalOutLinks', 'avg_trustRank', 'avg_textSize', 'numExternalOutLinks', 'numInternalInLinks', 'avg_numInternalInLinks', 'avg_textQuality', 'avg_pathDepth', 'pathDepth'] or [0, 1, 8, 10, 9, 16, 18, 4, 5, 14, 2, 15, 19, 11, 6, 7, 17, 12, 13, 3]

Refitting on two features for decision boundaries
	 [17, 12] F1 score: 0.18687678683494874
	 [17, 13] F1 score: 0.19123289794969187
	 [17, 3] F1 score: 0.15779826262518928
	 [12, 13] F1 score: 0.2018679685841647
	 [12, 3] F1 score: 0.15982633471270605
	 [13, 3] F1 score: 0.14706361583762018

________________________________________________________________________________
Random state: 1

Target: diffExternalOutLinks

Final enumerated feature set (SP_SN):
	 {0: 'contentLength', 1: 'textSize', 2: 'textQuality', 3: 'pathDepth', 4: 'domainDepth', 5: 'numInternalOutLinks', 6: 'numExternalOutLinks', 7: 'numInternalInLinks', 8: 'numExternalInLinks', 9: 'trustRank', 10: 'avg_contentLength', 11: 'avg_textSize', 12: 'avg_textQuality', 13: 'avg_pathDepth', 14: 'avg_domainDepth', 15: 'avg_numInternalOutLinks', 16: 'avg_numExternalOutLinks', 17: 'avg_numInternalInLinks', 18: 'avg_numExternalInLinks', 19: 'avg_trustRank'} 

Model: ET

Retraining on 288242 samples
	Testing on 96081 samples
		Test Recall 0.6639175257731958
		Test Precision 0.5988098189933052
		Test F1 score 0.6296851574212894
		Test Accuracy (b) 0.8137392732124769

________________________________________________________________________________
Random state: 2

Target: diffExternalOutLinks

Final enumerated feature set (SP_SN):
	 {0: 'contentLength', 1: 'textSize', 2: 'textQuality', 3: 'pathDepth', 4: 'domainDepth', 5: 'numInternalOutLinks', 6: 'numExternalOutLinks', 7: 'numInternalInLinks', 8: 'numExternalInLinks', 9: 'trustRank', 10: 'avg_contentLength', 11: 'avg_textSize', 12: 'avg_textQuality', 13: 'avg_pathDepth', 14: 'avg_domainDepth', 15: 'avg_numInternalOutLinks', 16: 'avg_numExternalOutLinks', 17: 'avg_numInternalInLinks', 18: 'avg_numExternalInLinks', 19: 'avg_trustRank'} 

Model: ET

Retraining on 288242 samples
	Testing on 96081 samples
		Test Recall 0.6657088122605364
		Test Precision 0.5906993686255464
		Test F1 score 0.6259650025733402
		Test Accuracy (b) 0.8138677773129476
------------------------------------------------------------
diffExternalOutLinks  -->  DP3

________________________________________________________________________________
Random state: 0

Target: diffExternalOutLinks

Final enumerated feature set (SP_SN):
	 {0: 'contentLength', 1: 'textSize', 2: 'textQuality', 3: 'pathDepth', 4: 'domainDepth', 5: 'numInternalOutLinks', 6: 'numExternalOutLinks', 7: 'numInternalInLinks', 8: 'numExternalInLinks', 9: 'trustRank', 10: 'avg_contentLength', 11: 'avg_textSize', 12: 'avg_textQuality', 13: 'avg_pathDepth', 14: 'avg_domainDepth', 15: 'avg_numInternalOutLinks', 16: 'avg_numExternalOutLinks', 17: 'avg_numInternalInLinks', 18: 'avg_numExternalInLinks', 19: 'avg_trustRank'} 

Model: ET

Hyperparameter tuning on 96080 samples

	Scores on the development set:

	mean 0.51692, stdev 0.00879 for parameters {'min_samples_leaf': 2, 'n_estimators': 200}
	mean 0.51903, stdev 0.01071 for parameters {'min_samples_leaf': 2, 'n_estimators': 300}
	mean 0.51972, stdev 0.00954 for parameters {'min_samples_leaf': 2, 'n_estimators': 400}
	mean 0.52044, stdev 0.01104 for parameters {'min_samples_leaf': 2, 'n_estimators': 500}
	mean 0.53100, stdev 0.00492 for parameters {'min_samples_leaf': 5, 'n_estimators': 200}
	mean 0.53371, stdev 0.00636 for parameters {'min_samples_leaf': 5, 'n_estimators': 300}
	mean 0.53297, stdev 0.00666 for parameters {'min_samples_leaf': 5, 'n_estimators': 400}
	mean 0.53477, stdev 0.00696 for parameters {'min_samples_leaf': 5, 'n_estimators': 500}
	mean 0.42596, stdev 0.00593 for parameters {'min_samples_leaf': 10, 'n_estimators': 200}
	mean 0.42723, stdev 0.00556 for parameters {'min_samples_leaf': 10, 'n_estimators': 300}
	mean 0.42724, stdev 0.00664 for parameters {'min_samples_leaf': 10, 'n_estimators': 400}
	mean 0.42830, stdev 0.00654 for parameters {'min_samples_leaf': 10, 'n_estimators': 500}
	mean 0.37659, stdev 0.00552 for parameters {'min_samples_leaf': 15, 'n_estimators': 200}
	mean 0.37751, stdev 0.00643 for parameters {'min_samples_leaf': 15, 'n_estimators': 300}
	mean 0.37815, stdev 0.00635 for parameters {'min_samples_leaf': 15, 'n_estimators': 400}
	mean 0.37826, stdev 0.00646 for parameters {'min_samples_leaf': 15, 'n_estimators': 500}
	mean 0.35068, stdev 0.00391 for parameters {'min_samples_leaf': 20, 'n_estimators': 200}
	mean 0.35021, stdev 0.00398 for parameters {'min_samples_leaf': 20, 'n_estimators': 300}
	mean 0.35147, stdev 0.00356 for parameters {'min_samples_leaf': 20, 'n_estimators': 400}
	mean 0.35126, stdev 0.00385 for parameters {'min_samples_leaf': 20, 'n_estimators': 500}
	mean 0.33334, stdev 0.00357 for parameters {'min_samples_leaf': 25, 'n_estimators': 200}
	mean 0.33515, stdev 0.00428 for parameters {'min_samples_leaf': 25, 'n_estimators': 300}
	mean 0.33492, stdev 0.00547 for parameters {'min_samples_leaf': 25, 'n_estimators': 400}
	mean 0.33448, stdev 0.00486 for parameters {'min_samples_leaf': 25, 'n_estimators': 500}

	Best parameters on the development set: {'min_samples_leaf': 5, 'n_estimators': 500}

Retraining on 288242 samples
	Testing on 96081 samples
		Test Recall 0.6678162505173127
		Test Precision 0.5936963453519745
		Test F1 score 0.6285788482763098
		Test Accuracy (b) 0.815260565820616

Top features in ascending order of importance:
	 ['contentLength', 'textSize', 'numExternalInLinks', 'avg_contentLength', 'trustRank', 'avg_numExternalOutLinks', 'avg_numExternalInLinks', 'domainDepth', 'numInternalOutLinks', 'avg_domainDepth', 'textQuality', 'avg_numInternalOutLinks', 'avg_trustRank', 'avg_textSize', 'numExternalOutLinks', 'numInternalInLinks', 'avg_numInternalInLinks', 'avg_textQuality', 'avg_pathDepth', 'pathDepth'] or [0, 1, 8, 10, 9, 16, 18, 4, 5, 14, 2, 15, 19, 11, 6, 7, 17, 12, 13, 3]

Refitting on two features for decision boundaries
	 [17, 12] F1 score: 0.18687678683494874
	 [17, 13] F1 score: 0.19123289794969187
	 [17, 3] F1 score: 0.15779826262518928
	 [12, 13] F1 score: 0.2018679685841647
	 [12, 3] F1 score: 0.15982633471270605
	 [13, 3] F1 score: 0.14706361583762018

________________________________________________________________________________
Random state: 1

Target: diffExternalOutLinks

Final enumerated feature set (SP_SN):
	 {0: 'contentLength', 1: 'textSize', 2: 'textQuality', 3: 'pathDepth', 4: 'domainDepth', 5: 'numInternalOutLinks', 6: 'numExternalOutLinks', 7: 'numInternalInLinks', 8: 'numExternalInLinks', 9: 'trustRank', 10: 'avg_contentLength', 11: 'avg_textSize', 12: 'avg_textQuality', 13: 'avg_pathDepth', 14: 'avg_domainDepth', 15: 'avg_numInternalOutLinks', 16: 'avg_numExternalOutLinks', 17: 'avg_numInternalInLinks', 18: 'avg_numExternalInLinks', 19: 'avg_trustRank'} 

Model: ET

Retraining on 288242 samples
	Testing on 96081 samples
		Test Recall 0.6639175257731958
		Test Precision 0.5988098189933052
		Test F1 score 0.6296851574212894
		Test Accuracy (b) 0.8137392732124769

________________________________________________________________________________
Random state: 2

Target: diffExternalOutLinks

Final enumerated feature set (SP_SN):
	 {0: 'contentLength', 1: 'textSize', 2: 'textQuality', 3: 'pathDepth', 4: 'domainDepth', 5: 'numInternalOutLinks', 6: 'numExternalOutLinks', 7: 'numInternalInLinks', 8: 'numExternalInLinks', 9: 'trustRank', 10: 'avg_contentLength', 11: 'avg_textSize', 12: 'avg_textQuality', 13: 'avg_pathDepth', 14: 'avg_domainDepth', 15: 'avg_numInternalOutLinks', 16: 'avg_numExternalOutLinks', 17: 'avg_numInternalInLinks', 18: 'avg_numExternalInLinks', 19: 'avg_trustRank'} 

Model: ET

Retraining on 288242 samples
	Testing on 96081 samples
		Test Recall 0.6657088122605364
		Test Precision 0.5906993686255464
		Test F1 score 0.6259650025733402
		Test Accuracy (b) 0.8138677773129476
------------------------------------------------------------
diffExternalOutLinks  -->  DP4

________________________________________________________________________________
Random state: 0

Target: diffExternalOutLinks

Final enumerated feature set (SP_SN):
	 {0: 'contentLength', 1: 'textSize', 2: 'textQuality', 3: 'pathDepth', 4: 'domainDepth', 5: 'numInternalOutLinks', 6: 'numExternalOutLinks', 7: 'numInternalInLinks', 8: 'numExternalInLinks', 9: 'trustRank', 10: 'avg_contentLength', 11: 'avg_textSize', 12: 'avg_textQuality', 13: 'avg_pathDepth', 14: 'avg_domainDepth', 15: 'avg_numInternalOutLinks', 16: 'avg_numExternalOutLinks', 17: 'avg_numInternalInLinks', 18: 'avg_numExternalInLinks', 19: 'avg_trustRank'} 

Model: ET

Hyperparameter tuning on 96080 samples

	Scores on the development set:

	mean 0.51692, stdev 0.00879 for parameters {'min_samples_leaf': 2, 'n_estimators': 200}
	mean 0.51903, stdev 0.01071 for parameters {'min_samples_leaf': 2, 'n_estimators': 300}
	mean 0.51972, stdev 0.00954 for parameters {'min_samples_leaf': 2, 'n_estimators': 400}
	mean 0.52044, stdev 0.01104 for parameters {'min_samples_leaf': 2, 'n_estimators': 500}
	mean 0.53100, stdev 0.00492 for parameters {'min_samples_leaf': 5, 'n_estimators': 200}
	mean 0.53371, stdev 0.00636 for parameters {'min_samples_leaf': 5, 'n_estimators': 300}
	mean 0.53297, stdev 0.00666 for parameters {'min_samples_leaf': 5, 'n_estimators': 400}
	mean 0.53477, stdev 0.00696 for parameters {'min_samples_leaf': 5, 'n_estimators': 500}
	mean 0.42596, stdev 0.00593 for parameters {'min_samples_leaf': 10, 'n_estimators': 200}
	mean 0.42723, stdev 0.00556 for parameters {'min_samples_leaf': 10, 'n_estimators': 300}
	mean 0.42724, stdev 0.00664 for parameters {'min_samples_leaf': 10, 'n_estimators': 400}
	mean 0.42830, stdev 0.00654 for parameters {'min_samples_leaf': 10, 'n_estimators': 500}
	mean 0.37659, stdev 0.00552 for parameters {'min_samples_leaf': 15, 'n_estimators': 200}
	mean 0.37751, stdev 0.00643 for parameters {'min_samples_leaf': 15, 'n_estimators': 300}
	mean 0.37815, stdev 0.00635 for parameters {'min_samples_leaf': 15, 'n_estimators': 400}
	mean 0.37826, stdev 0.00646 for parameters {'min_samples_leaf': 15, 'n_estimators': 500}
	mean 0.35068, stdev 0.00391 for parameters {'min_samples_leaf': 20, 'n_estimators': 200}
	mean 0.35021, stdev 0.00398 for parameters {'min_samples_leaf': 20, 'n_estimators': 300}
	mean 0.35147, stdev 0.00356 for parameters {'min_samples_leaf': 20, 'n_estimators': 400}
	mean 0.35126, stdev 0.00385 for parameters {'min_samples_leaf': 20, 'n_estimators': 500}
	mean 0.33334, stdev 0.00357 for parameters {'min_samples_leaf': 25, 'n_estimators': 200}
	mean 0.33515, stdev 0.00428 for parameters {'min_samples_leaf': 25, 'n_estimators': 300}
	mean 0.33492, stdev 0.00547 for parameters {'min_samples_leaf': 25, 'n_estimators': 400}
	mean 0.33448, stdev 0.00486 for parameters {'min_samples_leaf': 25, 'n_estimators': 500}

	Best parameters on the development set: {'min_samples_leaf': 5, 'n_estimators': 500}

Retraining on 288242 samples
	Testing on 96081 samples
		Test Recall 0.6678162505173127
		Test Precision 0.5936963453519745
		Test F1 score 0.6285788482763098
		Test Accuracy (b) 0.815260565820616

Top features in ascending order of importance:
	 ['contentLength', 'textSize', 'numExternalInLinks', 'avg_contentLength', 'trustRank', 'avg_numExternalOutLinks', 'avg_numExternalInLinks', 'domainDepth', 'numInternalOutLinks', 'avg_domainDepth', 'textQuality', 'avg_numInternalOutLinks', 'avg_trustRank', 'avg_textSize', 'numExternalOutLinks', 'numInternalInLinks', 'avg_numInternalInLinks', 'avg_textQuality', 'avg_pathDepth', 'pathDepth'] or [0, 1, 8, 10, 9, 16, 18, 4, 5, 14, 2, 15, 19, 11, 6, 7, 17, 12, 13, 3]

Refitting on two features for decision boundaries
	 [17, 12] F1 score: 0.18687678683494874
	 [17, 13] F1 score: 0.19123289794969187
	 [17, 3] F1 score: 0.15779826262518928
	 [12, 13] F1 score: 0.2018679685841647
	 [12, 3] F1 score: 0.15982633471270605
	 [13, 3] F1 score: 0.14706361583762018

________________________________________________________________________________
Random state: 1

Target: diffExternalOutLinks

Final enumerated feature set (SP_SN):
	 {0: 'contentLength', 1: 'textSize', 2: 'textQuality', 3: 'pathDepth', 4: 'domainDepth', 5: 'numInternalOutLinks', 6: 'numExternalOutLinks', 7: 'numInternalInLinks', 8: 'numExternalInLinks', 9: 'trustRank', 10: 'avg_contentLength', 11: 'avg_textSize', 12: 'avg_textQuality', 13: 'avg_pathDepth', 14: 'avg_domainDepth', 15: 'avg_numInternalOutLinks', 16: 'avg_numExternalOutLinks', 17: 'avg_numInternalInLinks', 18: 'avg_numExternalInLinks', 19: 'avg_trustRank'} 

Model: ET

Retraining on 288242 samples
	Testing on 96081 samples
		Test Recall 0.6639175257731958
		Test Precision 0.5988098189933052
		Test F1 score 0.6296851574212894
		Test Accuracy (b) 0.8137392732124769

________________________________________________________________________________
Random state: 2

Target: diffExternalOutLinks

Final enumerated feature set (SP_SN):
	 {0: 'contentLength', 1: 'textSize', 2: 'textQuality', 3: 'pathDepth', 4: 'domainDepth', 5: 'numInternalOutLinks', 6: 'numExternalOutLinks', 7: 'numInternalInLinks', 8: 'numExternalInLinks', 9: 'trustRank', 10: 'avg_contentLength', 11: 'avg_textSize', 12: 'avg_textQuality', 13: 'avg_pathDepth', 14: 'avg_domainDepth', 15: 'avg_numInternalOutLinks', 16: 'avg_numExternalOutLinks', 17: 'avg_numInternalInLinks', 18: 'avg_numExternalInLinks', 19: 'avg_trustRank'} 

Model: ET

Retraining on 288242 samples
	Testing on 96081 samples
		Test Recall 0.6657088122605364
		Test Precision 0.5906993686255464
		Test F1 score 0.6259650025733402
		Test Accuracy (b) 0.8138677773129476
------------------------------------------------------------
diffExternalOutLinks  -->  DP5

________________________________________________________________________________
Random state: 0

Target: diffExternalOutLinks

Final enumerated feature set (SP_SN):
	 {0: 'contentLength', 1: 'textSize', 2: 'textQuality', 3: 'pathDepth', 4: 'domainDepth', 5: 'numInternalOutLinks', 6: 'numExternalOutLinks', 7: 'numInternalInLinks', 8: 'numExternalInLinks', 9: 'trustRank', 10: 'avg_contentLength', 11: 'avg_textSize', 12: 'avg_textQuality', 13: 'avg_pathDepth', 14: 'avg_domainDepth', 15: 'avg_numInternalOutLinks', 16: 'avg_numExternalOutLinks', 17: 'avg_numInternalInLinks', 18: 'avg_numExternalInLinks', 19: 'avg_trustRank'} 

Model: ET

Hyperparameter tuning on 96080 samples

	Scores on the development set:

	mean 0.51692, stdev 0.00879 for parameters {'min_samples_leaf': 2, 'n_estimators': 200}
	mean 0.51903, stdev 0.01071 for parameters {'min_samples_leaf': 2, 'n_estimators': 300}
	mean 0.51972, stdev 0.00954 for parameters {'min_samples_leaf': 2, 'n_estimators': 400}
	mean 0.52044, stdev 0.01104 for parameters {'min_samples_leaf': 2, 'n_estimators': 500}
	mean 0.53100, stdev 0.00492 for parameters {'min_samples_leaf': 5, 'n_estimators': 200}
	mean 0.53371, stdev 0.00636 for parameters {'min_samples_leaf': 5, 'n_estimators': 300}
	mean 0.53297, stdev 0.00666 for parameters {'min_samples_leaf': 5, 'n_estimators': 400}
	mean 0.53477, stdev 0.00696 for parameters {'min_samples_leaf': 5, 'n_estimators': 500}
	mean 0.42596, stdev 0.00593 for parameters {'min_samples_leaf': 10, 'n_estimators': 200}
	mean 0.42723, stdev 0.00556 for parameters {'min_samples_leaf': 10, 'n_estimators': 300}
	mean 0.42724, stdev 0.00664 for parameters {'min_samples_leaf': 10, 'n_estimators': 400}
	mean 0.42830, stdev 0.00654 for parameters {'min_samples_leaf': 10, 'n_estimators': 500}
	mean 0.37659, stdev 0.00552 for parameters {'min_samples_leaf': 15, 'n_estimators': 200}
	mean 0.37751, stdev 0.00643 for parameters {'min_samples_leaf': 15, 'n_estimators': 300}
	mean 0.37815, stdev 0.00635 for parameters {'min_samples_leaf': 15, 'n_estimators': 400}
	mean 0.37826, stdev 0.00646 for parameters {'min_samples_leaf': 15, 'n_estimators': 500}
	mean 0.35068, stdev 0.00391 for parameters {'min_samples_leaf': 20, 'n_estimators': 200}
	mean 0.35021, stdev 0.00398 for parameters {'min_samples_leaf': 20, 'n_estimators': 300}
	mean 0.35147, stdev 0.00356 for parameters {'min_samples_leaf': 20, 'n_estimators': 400}
	mean 0.35126, stdev 0.00385 for parameters {'min_samples_leaf': 20, 'n_estimators': 500}
	mean 0.33334, stdev 0.00357 for parameters {'min_samples_leaf': 25, 'n_estimators': 200}
	mean 0.33515, stdev 0.00428 for parameters {'min_samples_leaf': 25, 'n_estimators': 300}
	mean 0.33492, stdev 0.00547 for parameters {'min_samples_leaf': 25, 'n_estimators': 400}
	mean 0.33448, stdev 0.00486 for parameters {'min_samples_leaf': 25, 'n_estimators': 500}

	Best parameters on the development set: {'min_samples_leaf': 5, 'n_estimators': 500}

Retraining on 288242 samples
	Testing on 96081 samples
		Test Recall 0.6678162505173127
		Test Precision 0.5936963453519745
		Test F1 score 0.6285788482763098
		Test Accuracy (b) 0.815260565820616

Top features in ascending order of importance:
	 ['contentLength', 'textSize', 'numExternalInLinks', 'avg_contentLength', 'trustRank', 'avg_numExternalOutLinks', 'avg_numExternalInLinks', 'domainDepth', 'numInternalOutLinks', 'avg_domainDepth', 'textQuality', 'avg_numInternalOutLinks', 'avg_trustRank', 'avg_textSize', 'numExternalOutLinks', 'numInternalInLinks', 'avg_numInternalInLinks', 'avg_textQuality', 'avg_pathDepth', 'pathDepth'] or [0, 1, 8, 10, 9, 16, 18, 4, 5, 14, 2, 15, 19, 11, 6, 7, 17, 12, 13, 3]

Refitting on two features for decision boundaries
	 [17, 12] F1 score: 0.18687678683494874
	 [17, 13] F1 score: 0.19123289794969187
	 [17, 3] F1 score: 0.15779826262518928
	 [12, 13] F1 score: 0.2018679685841647
	 [12, 3] F1 score: 0.15982633471270605
	 [13, 3] F1 score: 0.14706361583762018

________________________________________________________________________________
Random state: 1

Target: diffExternalOutLinks

Final enumerated feature set (SP_SN):
	 {0: 'contentLength', 1: 'textSize', 2: 'textQuality', 3: 'pathDepth', 4: 'domainDepth', 5: 'numInternalOutLinks', 6: 'numExternalOutLinks', 7: 'numInternalInLinks', 8: 'numExternalInLinks', 9: 'trustRank', 10: 'avg_contentLength', 11: 'avg_textSize', 12: 'avg_textQuality', 13: 'avg_pathDepth', 14: 'avg_domainDepth', 15: 'avg_numInternalOutLinks', 16: 'avg_numExternalOutLinks', 17: 'avg_numInternalInLinks', 18: 'avg_numExternalInLinks', 19: 'avg_trustRank'} 

Model: ET

Retraining on 288242 samples
	Testing on 96081 samples
		Test Recall 0.6639175257731958
		Test Precision 0.5988098189933052
		Test F1 score 0.6296851574212894
		Test Accuracy (b) 0.8137392732124769

________________________________________________________________________________
Random state: 2

Target: diffExternalOutLinks

Final enumerated feature set (SP_SN):
	 {0: 'contentLength', 1: 'textSize', 2: 'textQuality', 3: 'pathDepth', 4: 'domainDepth', 5: 'numInternalOutLinks', 6: 'numExternalOutLinks', 7: 'numInternalInLinks', 8: 'numExternalInLinks', 9: 'trustRank', 10: 'avg_contentLength', 11: 'avg_textSize', 12: 'avg_textQuality', 13: 'avg_pathDepth', 14: 'avg_domainDepth', 15: 'avg_numInternalOutLinks', 16: 'avg_numExternalOutLinks', 17: 'avg_numInternalInLinks', 18: 'avg_numExternalInLinks', 19: 'avg_trustRank'} 

Model: ET

Retraining on 288242 samples
	Testing on 96081 samples
		Test Recall 0.6657088122605364
		Test Precision 0.5906993686255464
		Test F1 score 0.6259650025733402
		Test Accuracy (b) 0.8138677773129476
------------------------------------------------------------
diffExternalOutLinks  -->  DP6

________________________________________________________________________________
Random state: 0

Target: diffExternalOutLinks

Final enumerated feature set (SP_SN):
	 {0: 'contentLength', 1: 'textSize', 2: 'textQuality', 3: 'pathDepth', 4: 'domainDepth', 5: 'numInternalOutLinks', 6: 'numExternalOutLinks', 7: 'numInternalInLinks', 8: 'numExternalInLinks', 9: 'trustRank', 10: 'avg_contentLength', 11: 'avg_textSize', 12: 'avg_textQuality', 13: 'avg_pathDepth', 14: 'avg_domainDepth', 15: 'avg_numInternalOutLinks', 16: 'avg_numExternalOutLinks', 17: 'avg_numInternalInLinks', 18: 'avg_numExternalInLinks', 19: 'avg_trustRank'} 

Model: ET

Hyperparameter tuning on 96080 samples

	Scores on the development set:

	mean 0.51692, stdev 0.00879 for parameters {'min_samples_leaf': 2, 'n_estimators': 200}
	mean 0.51903, stdev 0.01071 for parameters {'min_samples_leaf': 2, 'n_estimators': 300}
	mean 0.51972, stdev 0.00954 for parameters {'min_samples_leaf': 2, 'n_estimators': 400}
	mean 0.52044, stdev 0.01104 for parameters {'min_samples_leaf': 2, 'n_estimators': 500}
	mean 0.53100, stdev 0.00492 for parameters {'min_samples_leaf': 5, 'n_estimators': 200}
	mean 0.53371, stdev 0.00636 for parameters {'min_samples_leaf': 5, 'n_estimators': 300}
	mean 0.53297, stdev 0.00666 for parameters {'min_samples_leaf': 5, 'n_estimators': 400}
	mean 0.53477, stdev 0.00696 for parameters {'min_samples_leaf': 5, 'n_estimators': 500}
	mean 0.42596, stdev 0.00593 for parameters {'min_samples_leaf': 10, 'n_estimators': 200}
	mean 0.42723, stdev 0.00556 for parameters {'min_samples_leaf': 10, 'n_estimators': 300}
	mean 0.42724, stdev 0.00664 for parameters {'min_samples_leaf': 10, 'n_estimators': 400}
	mean 0.42830, stdev 0.00654 for parameters {'min_samples_leaf': 10, 'n_estimators': 500}
	mean 0.37659, stdev 0.00552 for parameters {'min_samples_leaf': 15, 'n_estimators': 200}
	mean 0.37751, stdev 0.00643 for parameters {'min_samples_leaf': 15, 'n_estimators': 300}
	mean 0.37815, stdev 0.00635 for parameters {'min_samples_leaf': 15, 'n_estimators': 400}
	mean 0.37826, stdev 0.00646 for parameters {'min_samples_leaf': 15, 'n_estimators': 500}
	mean 0.35068, stdev 0.00391 for parameters {'min_samples_leaf': 20, 'n_estimators': 200}
	mean 0.35021, stdev 0.00398 for parameters {'min_samples_leaf': 20, 'n_estimators': 300}
	mean 0.35147, stdev 0.00356 for parameters {'min_samples_leaf': 20, 'n_estimators': 400}
	mean 0.35126, stdev 0.00385 for parameters {'min_samples_leaf': 20, 'n_estimators': 500}
	mean 0.33334, stdev 0.00357 for parameters {'min_samples_leaf': 25, 'n_estimators': 200}
	mean 0.33515, stdev 0.00428 for parameters {'min_samples_leaf': 25, 'n_estimators': 300}
	mean 0.33492, stdev 0.00547 for parameters {'min_samples_leaf': 25, 'n_estimators': 400}
	mean 0.33448, stdev 0.00486 for parameters {'min_samples_leaf': 25, 'n_estimators': 500}

	Best parameters on the development set: {'min_samples_leaf': 5, 'n_estimators': 500}

Retraining on 288242 samples
	Testing on 96081 samples
		Test Recall 0.6678162505173127
		Test Precision 0.5936963453519745
		Test F1 score 0.6285788482763098
		Test Accuracy (b) 0.815260565820616

Top features in ascending order of importance:
	 ['contentLength', 'textSize', 'numExternalInLinks', 'avg_contentLength', 'trustRank', 'avg_numExternalOutLinks', 'avg_numExternalInLinks', 'domainDepth', 'numInternalOutLinks', 'avg_domainDepth', 'textQuality', 'avg_numInternalOutLinks', 'avg_trustRank', 'avg_textSize', 'numExternalOutLinks', 'numInternalInLinks', 'avg_numInternalInLinks', 'avg_textQuality', 'avg_pathDepth', 'pathDepth'] or [0, 1, 8, 10, 9, 16, 18, 4, 5, 14, 2, 15, 19, 11, 6, 7, 17, 12, 13, 3]

Refitting on two features for decision boundaries
	 [17, 12] F1 score: 0.18687678683494874
	 [17, 13] F1 score: 0.19123289794969187
	 [17, 3] F1 score: 0.15779826262518928
	 [12, 13] F1 score: 0.2018679685841647
	 [12, 3] F1 score: 0.15982633471270605
	 [13, 3] F1 score: 0.14706361583762018

________________________________________________________________________________
Random state: 1

Target: diffExternalOutLinks

Final enumerated feature set (SP_SN):
	 {0: 'contentLength', 1: 'textSize', 2: 'textQuality', 3: 'pathDepth', 4: 'domainDepth', 5: 'numInternalOutLinks', 6: 'numExternalOutLinks', 7: 'numInternalInLinks', 8: 'numExternalInLinks', 9: 'trustRank', 10: 'avg_contentLength', 11: 'avg_textSize', 12: 'avg_textQuality', 13: 'avg_pathDepth', 14: 'avg_domainDepth', 15: 'avg_numInternalOutLinks', 16: 'avg_numExternalOutLinks', 17: 'avg_numInternalInLinks', 18: 'avg_numExternalInLinks', 19: 'avg_trustRank'} 

Model: ET

Retraining on 288242 samples
	Testing on 96081 samples
		Test Recall 0.6639175257731958
		Test Precision 0.5988098189933052
		Test F1 score 0.6296851574212894
		Test Accuracy (b) 0.8137392732124769

________________________________________________________________________________
Random state: 2

Target: diffExternalOutLinks

Final enumerated feature set (SP_SN):
	 {0: 'contentLength', 1: 'textSize', 2: 'textQuality', 3: 'pathDepth', 4: 'domainDepth', 5: 'numInternalOutLinks', 6: 'numExternalOutLinks', 7: 'numInternalInLinks', 8: 'numExternalInLinks', 9: 'trustRank', 10: 'avg_contentLength', 11: 'avg_textSize', 12: 'avg_textQuality', 13: 'avg_pathDepth', 14: 'avg_domainDepth', 15: 'avg_numInternalOutLinks', 16: 'avg_numExternalOutLinks', 17: 'avg_numInternalInLinks', 18: 'avg_numExternalInLinks', 19: 'avg_trustRank'} 

Model: ET

Retraining on 288242 samples
	Testing on 96081 samples
		Test Recall 0.6657088122605364
		Test Precision 0.5906993686255464
		Test F1 score 0.6259650025733402
		Test Accuracy (b) 0.8138677773129476
------------------------------------------------------------
diffExternalOutLinks  -->  DP7

________________________________________________________________________________
Random state: 0

Target: diffExternalOutLinks

Final enumerated feature set (SP_SN):
	 {0: 'contentLength', 1: 'textSize', 2: 'textQuality', 3: 'pathDepth', 4: 'domainDepth', 5: 'numInternalOutLinks', 6: 'numExternalOutLinks', 7: 'numInternalInLinks', 8: 'numExternalInLinks', 9: 'trustRank', 10: 'avg_contentLength', 11: 'avg_textSize', 12: 'avg_textQuality', 13: 'avg_pathDepth', 14: 'avg_domainDepth', 15: 'avg_numInternalOutLinks', 16: 'avg_numExternalOutLinks', 17: 'avg_numInternalInLinks', 18: 'avg_numExternalInLinks', 19: 'avg_trustRank'} 

Model: ET

Hyperparameter tuning on 96080 samples

	Scores on the development set:

	mean 0.51692, stdev 0.00879 for parameters {'min_samples_leaf': 2, 'n_estimators': 200}
	mean 0.51903, stdev 0.01071 for parameters {'min_samples_leaf': 2, 'n_estimators': 300}
	mean 0.51972, stdev 0.00954 for parameters {'min_samples_leaf': 2, 'n_estimators': 400}
	mean 0.52044, stdev 0.01104 for parameters {'min_samples_leaf': 2, 'n_estimators': 500}
	mean 0.53100, stdev 0.00492 for parameters {'min_samples_leaf': 5, 'n_estimators': 200}
	mean 0.53371, stdev 0.00636 for parameters {'min_samples_leaf': 5, 'n_estimators': 300}
	mean 0.53297, stdev 0.00666 for parameters {'min_samples_leaf': 5, 'n_estimators': 400}
	mean 0.53477, stdev 0.00696 for parameters {'min_samples_leaf': 5, 'n_estimators': 500}
	mean 0.42596, stdev 0.00593 for parameters {'min_samples_leaf': 10, 'n_estimators': 200}
	mean 0.42723, stdev 0.00556 for parameters {'min_samples_leaf': 10, 'n_estimators': 300}
	mean 0.42724, stdev 0.00664 for parameters {'min_samples_leaf': 10, 'n_estimators': 400}
	mean 0.42830, stdev 0.00654 for parameters {'min_samples_leaf': 10, 'n_estimators': 500}
	mean 0.37659, stdev 0.00552 for parameters {'min_samples_leaf': 15, 'n_estimators': 200}
	mean 0.37751, stdev 0.00643 for parameters {'min_samples_leaf': 15, 'n_estimators': 300}
	mean 0.37815, stdev 0.00635 for parameters {'min_samples_leaf': 15, 'n_estimators': 400}
	mean 0.37826, stdev 0.00646 for parameters {'min_samples_leaf': 15, 'n_estimators': 500}
	mean 0.35068, stdev 0.00391 for parameters {'min_samples_leaf': 20, 'n_estimators': 200}
	mean 0.35021, stdev 0.00398 for parameters {'min_samples_leaf': 20, 'n_estimators': 300}
	mean 0.35147, stdev 0.00356 for parameters {'min_samples_leaf': 20, 'n_estimators': 400}
	mean 0.35126, stdev 0.00385 for parameters {'min_samples_leaf': 20, 'n_estimators': 500}
	mean 0.33334, stdev 0.00357 for parameters {'min_samples_leaf': 25, 'n_estimators': 200}
	mean 0.33515, stdev 0.00428 for parameters {'min_samples_leaf': 25, 'n_estimators': 300}
	mean 0.33492, stdev 0.00547 for parameters {'min_samples_leaf': 25, 'n_estimators': 400}
	mean 0.33448, stdev 0.00486 for parameters {'min_samples_leaf': 25, 'n_estimators': 500}

	Best parameters on the development set: {'min_samples_leaf': 5, 'n_estimators': 500}

Retraining on 288242 samples
	Testing on 96081 samples
		Test Recall 0.6678162505173127
		Test Precision 0.5936963453519745
		Test F1 score 0.6285788482763098
		Test Accuracy (b) 0.815260565820616

Top features in ascending order of importance:
	 ['contentLength', 'textSize', 'numExternalInLinks', 'avg_contentLength', 'trustRank', 'avg_numExternalOutLinks', 'avg_numExternalInLinks', 'domainDepth', 'numInternalOutLinks', 'avg_domainDepth', 'textQuality', 'avg_numInternalOutLinks', 'avg_trustRank', 'avg_textSize', 'numExternalOutLinks', 'numInternalInLinks', 'avg_numInternalInLinks', 'avg_textQuality', 'avg_pathDepth', 'pathDepth'] or [0, 1, 8, 10, 9, 16, 18, 4, 5, 14, 2, 15, 19, 11, 6, 7, 17, 12, 13, 3]

Refitting on two features for decision boundaries
	 [17, 12] F1 score: 0.18687678683494874
	 [17, 13] F1 score: 0.19123289794969187
	 [17, 3] F1 score: 0.15779826262518928
	 [12, 13] F1 score: 0.2018679685841647
	 [12, 3] F1 score: 0.15982633471270605
	 [13, 3] F1 score: 0.14706361583762018

________________________________________________________________________________
Random state: 1

Target: diffExternalOutLinks

Final enumerated feature set (SP_SN):
	 {0: 'contentLength', 1: 'textSize', 2: 'textQuality', 3: 'pathDepth', 4: 'domainDepth', 5: 'numInternalOutLinks', 6: 'numExternalOutLinks', 7: 'numInternalInLinks', 8: 'numExternalInLinks', 9: 'trustRank', 10: 'avg_contentLength', 11: 'avg_textSize', 12: 'avg_textQuality', 13: 'avg_pathDepth', 14: 'avg_domainDepth', 15: 'avg_numInternalOutLinks', 16: 'avg_numExternalOutLinks', 17: 'avg_numInternalInLinks', 18: 'avg_numExternalInLinks', 19: 'avg_trustRank'} 

Model: ET

Retraining on 288242 samples
	Testing on 96081 samples
		Test Recall 0.6639175257731958
		Test Precision 0.5988098189933052
		Test F1 score 0.6296851574212894
		Test Accuracy (b) 0.8137392732124769

________________________________________________________________________________
Random state: 2

Target: diffExternalOutLinks

Final enumerated feature set (SP_SN):
	 {0: 'contentLength', 1: 'textSize', 2: 'textQuality', 3: 'pathDepth', 4: 'domainDepth', 5: 'numInternalOutLinks', 6: 'numExternalOutLinks', 7: 'numInternalInLinks', 8: 'numExternalInLinks', 9: 'trustRank', 10: 'avg_contentLength', 11: 'avg_textSize', 12: 'avg_textQuality', 13: 'avg_pathDepth', 14: 'avg_domainDepth', 15: 'avg_numInternalOutLinks', 16: 'avg_numExternalOutLinks', 17: 'avg_numInternalInLinks', 18: 'avg_numExternalInLinks', 19: 'avg_trustRank'} 

Model: ET

Retraining on 288242 samples
	Testing on 96081 samples
		Test Recall 0.6657088122605364
		Test Precision 0.5906993686255464
		Test F1 score 0.6259650025733402
		Test Accuracy (b) 0.8138677773129476
------------------------------------------------------------
diffExternalOutLinks  -->  DP8

________________________________________________________________________________
Random state: 0

Target: diffExternalOutLinks

Final enumerated feature set (SP_SN):
	 {0: 'contentLength', 1: 'textSize', 2: 'textQuality', 3: 'pathDepth', 4: 'domainDepth', 5: 'numInternalOutLinks', 6: 'numExternalOutLinks', 7: 'numInternalInLinks', 8: 'numExternalInLinks', 9: 'trustRank', 10: 'avg_contentLength', 11: 'avg_textSize', 12: 'avg_textQuality', 13: 'avg_pathDepth', 14: 'avg_domainDepth', 15: 'avg_numInternalOutLinks', 16: 'avg_numExternalOutLinks', 17: 'avg_numInternalInLinks', 18: 'avg_numExternalInLinks', 19: 'avg_trustRank'} 

Model: ET

Hyperparameter tuning on 96080 samples

	Scores on the development set:

	mean 0.51692, stdev 0.00879 for parameters {'min_samples_leaf': 2, 'n_estimators': 200}
	mean 0.51903, stdev 0.01071 for parameters {'min_samples_leaf': 2, 'n_estimators': 300}
	mean 0.51972, stdev 0.00954 for parameters {'min_samples_leaf': 2, 'n_estimators': 400}
	mean 0.52044, stdev 0.01104 for parameters {'min_samples_leaf': 2, 'n_estimators': 500}
	mean 0.53100, stdev 0.00492 for parameters {'min_samples_leaf': 5, 'n_estimators': 200}
	mean 0.53371, stdev 0.00636 for parameters {'min_samples_leaf': 5, 'n_estimators': 300}
	mean 0.53297, stdev 0.00666 for parameters {'min_samples_leaf': 5, 'n_estimators': 400}
	mean 0.53477, stdev 0.00696 for parameters {'min_samples_leaf': 5, 'n_estimators': 500}
	mean 0.42596, stdev 0.00593 for parameters {'min_samples_leaf': 10, 'n_estimators': 200}
	mean 0.42723, stdev 0.00556 for parameters {'min_samples_leaf': 10, 'n_estimators': 300}
	mean 0.42724, stdev 0.00664 for parameters {'min_samples_leaf': 10, 'n_estimators': 400}
	mean 0.42830, stdev 0.00654 for parameters {'min_samples_leaf': 10, 'n_estimators': 500}
	mean 0.37659, stdev 0.00552 for parameters {'min_samples_leaf': 15, 'n_estimators': 200}
	mean 0.37751, stdev 0.00643 for parameters {'min_samples_leaf': 15, 'n_estimators': 300}
	mean 0.37815, stdev 0.00635 for parameters {'min_samples_leaf': 15, 'n_estimators': 400}
	mean 0.37826, stdev 0.00646 for parameters {'min_samples_leaf': 15, 'n_estimators': 500}
	mean 0.35068, stdev 0.00391 for parameters {'min_samples_leaf': 20, 'n_estimators': 200}
	mean 0.35021, stdev 0.00398 for parameters {'min_samples_leaf': 20, 'n_estimators': 300}
	mean 0.35147, stdev 0.00356 for parameters {'min_samples_leaf': 20, 'n_estimators': 400}
	mean 0.35126, stdev 0.00385 for parameters {'min_samples_leaf': 20, 'n_estimators': 500}
	mean 0.33334, stdev 0.00357 for parameters {'min_samples_leaf': 25, 'n_estimators': 200}
	mean 0.33515, stdev 0.00428 for parameters {'min_samples_leaf': 25, 'n_estimators': 300}
	mean 0.33492, stdev 0.00547 for parameters {'min_samples_leaf': 25, 'n_estimators': 400}
	mean 0.33448, stdev 0.00486 for parameters {'min_samples_leaf': 25, 'n_estimators': 500}

	Best parameters on the development set: {'min_samples_leaf': 5, 'n_estimators': 500}

Retraining on 288242 samples
	Testing on 96081 samples
		Test Recall 0.6678162505173127
		Test Precision 0.5936963453519745
		Test F1 score 0.6285788482763098
		Test Accuracy (b) 0.815260565820616

Top features in ascending order of importance:
	 ['contentLength', 'textSize', 'numExternalInLinks', 'avg_contentLength', 'trustRank', 'avg_numExternalOutLinks', 'avg_numExternalInLinks', 'domainDepth', 'numInternalOutLinks', 'avg_domainDepth', 'textQuality', 'avg_numInternalOutLinks', 'avg_trustRank', 'avg_textSize', 'numExternalOutLinks', 'numInternalInLinks', 'avg_numInternalInLinks', 'avg_textQuality', 'avg_pathDepth', 'pathDepth'] or [0, 1, 8, 10, 9, 16, 18, 4, 5, 14, 2, 15, 19, 11, 6, 7, 17, 12, 13, 3]

Refitting on two features for decision boundaries
	 [17, 12] F1 score: 0.18687678683494874
	 [17, 13] F1 score: 0.19123289794969187
	 [17, 3] F1 score: 0.15779826262518928
	 [12, 13] F1 score: 0.2018679685841647
	 [12, 3] F1 score: 0.15982633471270605
	 [13, 3] F1 score: 0.14706361583762018

________________________________________________________________________________
Random state: 1

Target: diffExternalOutLinks

Final enumerated feature set (SP_SN):
	 {0: 'contentLength', 1: 'textSize', 2: 'textQuality', 3: 'pathDepth', 4: 'domainDepth', 5: 'numInternalOutLinks', 6: 'numExternalOutLinks', 7: 'numInternalInLinks', 8: 'numExternalInLinks', 9: 'trustRank', 10: 'avg_contentLength', 11: 'avg_textSize', 12: 'avg_textQuality', 13: 'avg_pathDepth', 14: 'avg_domainDepth', 15: 'avg_numInternalOutLinks', 16: 'avg_numExternalOutLinks', 17: 'avg_numInternalInLinks', 18: 'avg_numExternalInLinks', 19: 'avg_trustRank'} 

Model: ET

Retraining on 288242 samples
	Testing on 96081 samples
		Test Recall 0.6639175257731958
		Test Precision 0.5988098189933052
		Test F1 score 0.6296851574212894
		Test Accuracy (b) 0.8137392732124769

________________________________________________________________________________
Random state: 2

Target: diffExternalOutLinks

Final enumerated feature set (SP_SN):
	 {0: 'contentLength', 1: 'textSize', 2: 'textQuality', 3: 'pathDepth', 4: 'domainDepth', 5: 'numInternalOutLinks', 6: 'numExternalOutLinks', 7: 'numInternalInLinks', 8: 'numExternalInLinks', 9: 'trustRank', 10: 'avg_contentLength', 11: 'avg_textSize', 12: 'avg_textQuality', 13: 'avg_pathDepth', 14: 'avg_domainDepth', 15: 'avg_numInternalOutLinks', 16: 'avg_numExternalOutLinks', 17: 'avg_numInternalInLinks', 18: 'avg_numExternalInLinks', 19: 'avg_trustRank'} 

Model: ET

Retraining on 288242 samples
	Testing on 96081 samples
		Test Recall 0.6657088122605364
		Test Precision 0.5906993686255464
		Test F1 score 0.6259650025733402
		Test Accuracy (b) 0.8138677773129476
