------------------------------------------------------------
diffInternalOutLinks  -->  DP1

________________________________________________________________________________
Random state: 0

Target: diffInternalOutLinks

Final enumerated feature set (SP_SN_DP1):
	 {0: 'contentLength', 1: 'textSize', 2: 'textQuality', 3: 'pathDepth', 4: 'domainDepth', 5: 'numInternalOutLinks', 6: 'numExternalOutLinks', 7: 'numInternalInLinks', 8: 'numExternalInLinks', 9: 'trustRank', 10: 'avg_contentLength', 11: 'avg_textSize', 12: 'avg_textQuality', 13: 'avg_pathDepth', 14: 'avg_domainDepth', 15: 'avg_numInternalOutLinks', 16: 'avg_numExternalOutLinks', 17: 'avg_numInternalInLinks', 18: 'avg_numExternalInLinks', 19: 'avg_trustRank', 20: 'avg_linkExternalChangeRate', 21: 'avg_linkInternalChangeRate', 22: 'contentLength-1', 23: 'textSize-1', 24: 'textQuality-1', 25: 'diffInternalOutLinks-1', 26: 'diffExternalOutLinks-1'} 

Model: ET

Hyperparameter tuning on 96080 samples

	Scores on the development set:

	mean 0.87279, stdev 0.00348 for parameters {'min_samples_leaf': 5, 'n_estimators': 200}
	mean 0.87279, stdev 0.00374 for parameters {'min_samples_leaf': 5, 'n_estimators': 300}
	mean 0.87287, stdev 0.00387 for parameters {'min_samples_leaf': 5, 'n_estimators': 400}
	mean 0.87289, stdev 0.00322 for parameters {'min_samples_leaf': 5, 'n_estimators': 500}
	mean 0.85728, stdev 0.00316 for parameters {'min_samples_leaf': 10, 'n_estimators': 200}
	mean 0.85697, stdev 0.00300 for parameters {'min_samples_leaf': 10, 'n_estimators': 300}
	mean 0.85785, stdev 0.00322 for parameters {'min_samples_leaf': 10, 'n_estimators': 400}
	mean 0.85810, stdev 0.00288 for parameters {'min_samples_leaf': 10, 'n_estimators': 500}
	mean 0.84964, stdev 0.00377 for parameters {'min_samples_leaf': 15, 'n_estimators': 200}
	mean 0.84984, stdev 0.00364 for parameters {'min_samples_leaf': 15, 'n_estimators': 300}
	mean 0.84993, stdev 0.00348 for parameters {'min_samples_leaf': 15, 'n_estimators': 400}
	mean 0.84971, stdev 0.00327 for parameters {'min_samples_leaf': 15, 'n_estimators': 500}
	mean 0.84534, stdev 0.00351 for parameters {'min_samples_leaf': 20, 'n_estimators': 200}
	mean 0.84539, stdev 0.00358 for parameters {'min_samples_leaf': 20, 'n_estimators': 300}
	mean 0.84546, stdev 0.00354 for parameters {'min_samples_leaf': 20, 'n_estimators': 400}
	mean 0.84517, stdev 0.00337 for parameters {'min_samples_leaf': 20, 'n_estimators': 500}

	Best parameters on the development set: {'min_samples_leaf': 5, 'n_estimators': 500}

Retraining on 288242 samples
	Testing on 96081 samples
		Test Recall 0.8580194116990815
		Test Precision 0.8138624338624338
		Test F1 score 0.8353577958400462
		Test Accuracy (b) 0.8908755824212997

Top features in ascending order of importance:
	 ['numExternalInLinks', 'diffExternalOutLinks-1', 'avg_numExternalInLinks', 'trustRank', 'domainDepth', 'numExternalOutLinks', 'textQuality', 'textQuality-1', 'avg_domainDepth', 'textSize-1', 'textSize', 'contentLength', 'avg_trustRank', 'contentLength-1', 'avg_numExternalOutLinks', 'avg_textQuality', 'avg_textSize', 'pathDepth', 'avg_numInternalOutLinks', 'avg_contentLength', 'numInternalOutLinks', 'avg_pathDepth', 'numInternalInLinks', 'avg_numInternalInLinks', 'avg_linkExternalChangeRate', 'diffInternalOutLinks-1', 'avg_linkInternalChangeRate'] or [8, 26, 18, 9, 4, 6, 2, 24, 14, 23, 1, 0, 19, 22, 16, 12, 11, 3, 15, 10, 5, 13, 7, 17, 20, 25, 21]

Refitting on two features for decision boundaries
	 [17, 20] F1 score: 0.4668815003741772
	 [17, 25] F1 score: 0.757960972593522
	 [17, 21] F1 score: 0.7254851758922627
	 [20, 25] F1 score: 0.7484481548786414
	 [20, 21] F1 score: 0.7187103540436761
	 [25, 21] F1 score: 0.7475005854484535

________________________________________________________________________________
Random state: 1

Target: diffInternalOutLinks

Final enumerated feature set (SP_SN_DP1):
	 {0: 'contentLength', 1: 'textSize', 2: 'textQuality', 3: 'pathDepth', 4: 'domainDepth', 5: 'numInternalOutLinks', 6: 'numExternalOutLinks', 7: 'numInternalInLinks', 8: 'numExternalInLinks', 9: 'trustRank', 10: 'avg_contentLength', 11: 'avg_textSize', 12: 'avg_textQuality', 13: 'avg_pathDepth', 14: 'avg_domainDepth', 15: 'avg_numInternalOutLinks', 16: 'avg_numExternalOutLinks', 17: 'avg_numInternalInLinks', 18: 'avg_numExternalInLinks', 19: 'avg_trustRank', 20: 'avg_linkExternalChangeRate', 21: 'avg_linkInternalChangeRate', 22: 'contentLength-1', 23: 'textSize-1', 24: 'textQuality-1', 25: 'diffInternalOutLinks-1', 26: 'diffExternalOutLinks-1'} 

Model: ET

Retraining on 288242 samples
	Testing on 96081 samples
		Test Recall 0.8598940779971113
		Test Precision 0.8121021336131514
		Test F1 score 0.835315068985987
		Test Accuracy (b) 0.8910645838740623

________________________________________________________________________________
Random state: 2

Target: diffInternalOutLinks

Final enumerated feature set (SP_SN_DP1):
	 {0: 'contentLength', 1: 'textSize', 2: 'textQuality', 3: 'pathDepth', 4: 'domainDepth', 5: 'numInternalOutLinks', 6: 'numExternalOutLinks', 7: 'numInternalInLinks', 8: 'numExternalInLinks', 9: 'trustRank', 10: 'avg_contentLength', 11: 'avg_textSize', 12: 'avg_textQuality', 13: 'avg_pathDepth', 14: 'avg_domainDepth', 15: 'avg_numInternalOutLinks', 16: 'avg_numExternalOutLinks', 17: 'avg_numInternalInLinks', 18: 'avg_numExternalInLinks', 19: 'avg_trustRank', 20: 'avg_linkExternalChangeRate', 21: 'avg_linkInternalChangeRate', 22: 'contentLength-1', 23: 'textSize-1', 24: 'textQuality-1', 25: 'diffInternalOutLinks-1', 26: 'diffExternalOutLinks-1'} 

Model: ET

Retraining on 288242 samples
	Testing on 96081 samples
		Test Recall 0.8594772449998151
		Test Precision 0.8123842471258343
		Test F1 score 0.8352674882333921
		Test Accuracy (b) 0.8908508603026657
------------------------------------------------------------
diffInternalOutLinks  -->  DP2

________________________________________________________________________________
Random state: 0

Target: diffInternalOutLinks

Final enumerated feature set (SP_SN_DP2):
	 {0: 'contentLength', 1: 'textSize', 2: 'textQuality', 3: 'pathDepth', 4: 'domainDepth', 5: 'numInternalOutLinks', 6: 'numExternalOutLinks', 7: 'numInternalInLinks', 8: 'numExternalInLinks', 9: 'trustRank', 10: 'avg_contentLength', 11: 'avg_textSize', 12: 'avg_textQuality', 13: 'avg_pathDepth', 14: 'avg_domainDepth', 15: 'avg_numInternalOutLinks', 16: 'avg_numExternalOutLinks', 17: 'avg_numInternalInLinks', 18: 'avg_numExternalInLinks', 19: 'avg_trustRank', 20: 'avg_linkExternalChangeRate', 21: 'avg_linkInternalChangeRate', 22: 'contentLength-1', 23: 'textSize-1', 24: 'textQuality-1', 25: 'diffInternalOutLinks-1', 26: 'diffExternalOutLinks-1', 27: 'contentLength-2', 28: 'textSize-2', 29: 'textQuality-2', 30: 'diffInternalOutLinks-2', 31: 'diffExternalOutLinks-2'} 

Model: ET

Hyperparameter tuning on 96080 samples

	Scores on the development set:

	mean 0.87969, stdev 0.00209 for parameters {'min_samples_leaf': 5, 'n_estimators': 200}
	mean 0.87994, stdev 0.00246 for parameters {'min_samples_leaf': 5, 'n_estimators': 300}
	mean 0.88029, stdev 0.00255 for parameters {'min_samples_leaf': 5, 'n_estimators': 400}
	mean 0.87990, stdev 0.00245 for parameters {'min_samples_leaf': 5, 'n_estimators': 500}
	mean 0.86628, stdev 0.00319 for parameters {'min_samples_leaf': 10, 'n_estimators': 200}
	mean 0.86633, stdev 0.00358 for parameters {'min_samples_leaf': 10, 'n_estimators': 300}
	mean 0.86644, stdev 0.00350 for parameters {'min_samples_leaf': 10, 'n_estimators': 400}
	mean 0.86627, stdev 0.00314 for parameters {'min_samples_leaf': 10, 'n_estimators': 500}
	mean 0.85775, stdev 0.00360 for parameters {'min_samples_leaf': 15, 'n_estimators': 200}
	mean 0.85821, stdev 0.00350 for parameters {'min_samples_leaf': 15, 'n_estimators': 300}
	mean 0.85770, stdev 0.00332 for parameters {'min_samples_leaf': 15, 'n_estimators': 400}
	mean 0.85753, stdev 0.00368 for parameters {'min_samples_leaf': 15, 'n_estimators': 500}
	mean 0.85272, stdev 0.00372 for parameters {'min_samples_leaf': 20, 'n_estimators': 200}
	mean 0.85215, stdev 0.00395 for parameters {'min_samples_leaf': 20, 'n_estimators': 300}
	mean 0.85221, stdev 0.00375 for parameters {'min_samples_leaf': 20, 'n_estimators': 400}
	mean 0.85210, stdev 0.00377 for parameters {'min_samples_leaf': 20, 'n_estimators': 500}

	Best parameters on the development set: {'min_samples_leaf': 5, 'n_estimators': 400}

Retraining on 288242 samples
	Testing on 96081 samples
		Test Recall 0.8660890260682013
		Test Precision 0.8308658271199744
		Test F1 score 0.8481118677397037
		Test Accuracy (b) 0.8987837817145458

Top features in ascending order of importance:
	 ['numExternalInLinks', 'diffExternalOutLinks-2', 'diffExternalOutLinks-1', 'avg_numExternalInLinks', 'trustRank', 'domainDepth', 'contentLength', 'contentLength-2', 'numExternalOutLinks', 'textQuality-1', 'textSize', 'textQuality', 'contentLength-1', 'avg_domainDepth', 'textQuality-2', 'avg_trustRank', 'textSize-2', 'textSize-1', 'avg_numExternalOutLinks', 'pathDepth', 'avg_contentLength', 'avg_textQuality', 'avg_textSize', 'numInternalOutLinks', 'avg_numInternalOutLinks', 'avg_pathDepth', 'numInternalInLinks', 'avg_numInternalInLinks', 'avg_linkExternalChangeRate', 'diffInternalOutLinks-1', 'diffInternalOutLinks-2', 'avg_linkInternalChangeRate'] or [8, 31, 26, 18, 9, 4, 0, 27, 6, 24, 1, 2, 22, 14, 29, 19, 28, 23, 16, 3, 10, 12, 11, 5, 15, 13, 7, 17, 20, 25, 30, 21]

Refitting on two features for decision boundaries
	 [20, 25] F1 score: 0.747892059040325
	 [20, 30] F1 score: 0.7380639344878105
	 [20, 21] F1 score: 0.7188885504450536
	 [25, 30] F1 score: 0.7552711099039148
	 [25, 21] F1 score: 0.7487864956893429
	 [30, 21] F1 score: 0.7528726667706547

________________________________________________________________________________
Random state: 1

Target: diffInternalOutLinks

Final enumerated feature set (SP_SN_DP2):
	 {0: 'contentLength', 1: 'textSize', 2: 'textQuality', 3: 'pathDepth', 4: 'domainDepth', 5: 'numInternalOutLinks', 6: 'numExternalOutLinks', 7: 'numInternalInLinks', 8: 'numExternalInLinks', 9: 'trustRank', 10: 'avg_contentLength', 11: 'avg_textSize', 12: 'avg_textQuality', 13: 'avg_pathDepth', 14: 'avg_domainDepth', 15: 'avg_numInternalOutLinks', 16: 'avg_numExternalOutLinks', 17: 'avg_numInternalInLinks', 18: 'avg_numExternalInLinks', 19: 'avg_trustRank', 20: 'avg_linkExternalChangeRate', 21: 'avg_linkInternalChangeRate', 22: 'contentLength-1', 23: 'textSize-1', 24: 'textQuality-1', 25: 'diffInternalOutLinks-1', 26: 'diffExternalOutLinks-1', 27: 'contentLength-2', 28: 'textSize-2', 29: 'textQuality-2', 30: 'diffInternalOutLinks-2', 31: 'diffExternalOutLinks-2'} 

Model: ET

Retraining on 288242 samples
	Testing on 96081 samples
		Test Recall 0.867004925743491
		Test Precision 0.8274716340885794
		Test F1 score 0.8467771106127469
		Test Accuracy (b) 0.8981738583552429

________________________________________________________________________________
Random state: 2

Target: diffInternalOutLinks

Final enumerated feature set (SP_SN_DP2):
	 {0: 'contentLength', 1: 'textSize', 2: 'textQuality', 3: 'pathDepth', 4: 'domainDepth', 5: 'numInternalOutLinks', 6: 'numExternalOutLinks', 7: 'numInternalInLinks', 8: 'numExternalInLinks', 9: 'trustRank', 10: 'avg_contentLength', 11: 'avg_textSize', 12: 'avg_textQuality', 13: 'avg_pathDepth', 14: 'avg_domainDepth', 15: 'avg_numInternalOutLinks', 16: 'avg_numExternalOutLinks', 17: 'avg_numInternalInLinks', 18: 'avg_numExternalInLinks', 19: 'avg_trustRank', 20: 'avg_linkExternalChangeRate', 21: 'avg_linkInternalChangeRate', 22: 'contentLength-1', 23: 'textSize-1', 24: 'textQuality-1', 25: 'diffInternalOutLinks-1', 26: 'diffExternalOutLinks-1', 27: 'contentLength-2', 28: 'textSize-2', 29: 'textQuality-2', 30: 'diffInternalOutLinks-2', 31: 'diffExternalOutLinks-2'} 

Model: ET

Retraining on 288242 samples
	Testing on 96081 samples
		Test Recall 0.8669082036304484
		Test Precision 0.8297887398704837
		Test F1 score 0.847942431474651
		Test Accuracy (b) 0.8986151865295595
------------------------------------------------------------
diffInternalOutLinks  -->  DP3

________________________________________________________________________________
Random state: 0

Target: diffInternalOutLinks

Final enumerated feature set (SP_SN_DP3):
	 {0: 'contentLength', 1: 'textSize', 2: 'textQuality', 3: 'pathDepth', 4: 'domainDepth', 5: 'numInternalOutLinks', 6: 'numExternalOutLinks', 7: 'numInternalInLinks', 8: 'numExternalInLinks', 9: 'trustRank', 10: 'avg_contentLength', 11: 'avg_textSize', 12: 'avg_textQuality', 13: 'avg_pathDepth', 14: 'avg_domainDepth', 15: 'avg_numInternalOutLinks', 16: 'avg_numExternalOutLinks', 17: 'avg_numInternalInLinks', 18: 'avg_numExternalInLinks', 19: 'avg_trustRank', 20: 'avg_linkExternalChangeRate', 21: 'avg_linkInternalChangeRate', 22: 'contentLength-1', 23: 'textSize-1', 24: 'textQuality-1', 25: 'diffInternalOutLinks-1', 26: 'diffExternalOutLinks-1', 27: 'contentLength-2', 28: 'textSize-2', 29: 'textQuality-2', 30: 'diffInternalOutLinks-2', 31: 'diffExternalOutLinks-2', 32: 'contentLength-3', 33: 'textSize-3', 34: 'textQuality-3', 35: 'diffInternalOutLinks-3', 36: 'diffExternalOutLinks-3'} 

Model: ET

Hyperparameter tuning on 96080 samples

	Scores on the development set:

	mean 0.88868, stdev 0.00206 for parameters {'min_samples_leaf': 5, 'n_estimators': 200}
	mean 0.88906, stdev 0.00215 for parameters {'min_samples_leaf': 5, 'n_estimators': 300}
	mean 0.88896, stdev 0.00236 for parameters {'min_samples_leaf': 5, 'n_estimators': 400}
	mean 0.88911, stdev 0.00210 for parameters {'min_samples_leaf': 5, 'n_estimators': 500}
	mean 0.87673, stdev 0.00207 for parameters {'min_samples_leaf': 10, 'n_estimators': 200}
	mean 0.87674, stdev 0.00241 for parameters {'min_samples_leaf': 10, 'n_estimators': 300}
	mean 0.87663, stdev 0.00232 for parameters {'min_samples_leaf': 10, 'n_estimators': 400}
	mean 0.87655, stdev 0.00228 for parameters {'min_samples_leaf': 10, 'n_estimators': 500}
	mean 0.86841, stdev 0.00278 for parameters {'min_samples_leaf': 15, 'n_estimators': 200}
	mean 0.86833, stdev 0.00265 for parameters {'min_samples_leaf': 15, 'n_estimators': 300}
	mean 0.86829, stdev 0.00281 for parameters {'min_samples_leaf': 15, 'n_estimators': 400}
	mean 0.86833, stdev 0.00260 for parameters {'min_samples_leaf': 15, 'n_estimators': 500}
	mean 0.86203, stdev 0.00284 for parameters {'min_samples_leaf': 20, 'n_estimators': 200}
	mean 0.86230, stdev 0.00246 for parameters {'min_samples_leaf': 20, 'n_estimators': 300}
	mean 0.86223, stdev 0.00271 for parameters {'min_samples_leaf': 20, 'n_estimators': 400}
	mean 0.86206, stdev 0.00269 for parameters {'min_samples_leaf': 20, 'n_estimators': 500}

	Best parameters on the development set: {'min_samples_leaf': 5, 'n_estimators': 500}

Retraining on 288242 samples
	Testing on 96081 samples
		Test Recall 0.8715183518649362
		Test Precision 0.851011293075275
		Test F1 score 0.861142752158736
		Test Accuracy (b) 0.9061089374587001

Top features in ascending order of importance:
	 ['numExternalInLinks', 'diffExternalOutLinks-2', 'diffExternalOutLinks-3', 'diffExternalOutLinks-1', 'avg_numExternalInLinks', 'trustRank', 'contentLength', 'domainDepth', 'textQuality', 'contentLength-3', 'textQuality-1', 'contentLength-1', 'contentLength-2', 'numExternalOutLinks', 'textSize', 'textQuality-2', 'textSize-2', 'textQuality-3', 'textSize-3', 'textSize-1', 'avg_domainDepth', 'avg_trustRank', 'avg_numExternalOutLinks', 'avg_contentLength', 'pathDepth', 'avg_textQuality', 'avg_numInternalOutLinks', 'numInternalOutLinks', 'avg_textSize', 'avg_numInternalInLinks', 'numInternalInLinks', 'avg_pathDepth', 'avg_linkExternalChangeRate', 'diffInternalOutLinks-3', 'diffInternalOutLinks-2', 'diffInternalOutLinks-1', 'avg_linkInternalChangeRate'] or [8, 31, 36, 26, 18, 9, 0, 4, 2, 32, 24, 22, 27, 6, 1, 29, 28, 34, 33, 23, 14, 19, 16, 10, 3, 12, 15, 5, 11, 17, 7, 13, 20, 35, 30, 25, 21]

Refitting on two features for decision boundaries
	 [35, 30] F1 score: 0.7751502854000342
	 [35, 25] F1 score: 0.7771538703878726
	 [35, 21] F1 score: 0.7626826869027543
	 [30, 25] F1 score: 0.7552711099039148
	 [30, 21] F1 score: 0.7523325730872901
	 [25, 21] F1 score: 0.7475005854484535

________________________________________________________________________________
Random state: 1

Target: diffInternalOutLinks

Final enumerated feature set (SP_SN_DP3):
	 {0: 'contentLength', 1: 'textSize', 2: 'textQuality', 3: 'pathDepth', 4: 'domainDepth', 5: 'numInternalOutLinks', 6: 'numExternalOutLinks', 7: 'numInternalInLinks', 8: 'numExternalInLinks', 9: 'trustRank', 10: 'avg_contentLength', 11: 'avg_textSize', 12: 'avg_textQuality', 13: 'avg_pathDepth', 14: 'avg_domainDepth', 15: 'avg_numInternalOutLinks', 16: 'avg_numExternalOutLinks', 17: 'avg_numInternalInLinks', 18: 'avg_numExternalInLinks', 19: 'avg_trustRank', 20: 'avg_linkExternalChangeRate', 21: 'avg_linkInternalChangeRate', 22: 'contentLength-1', 23: 'textSize-1', 24: 'textQuality-1', 25: 'diffInternalOutLinks-1', 26: 'diffExternalOutLinks-1', 27: 'contentLength-2', 28: 'textSize-2', 29: 'textQuality-2', 30: 'diffInternalOutLinks-2', 31: 'diffExternalOutLinks-2', 32: 'contentLength-3', 33: 'textSize-3', 34: 'textQuality-3', 35: 'diffInternalOutLinks-3', 36: 'diffExternalOutLinks-3'} 

Model: ET

Retraining on 288242 samples
	Testing on 96081 samples
		Test Recall 0.8733750601829562
		Test Precision 0.8492203536317476
		Test F1 score 0.8611283549388351
		Test Accuracy (b) 0.9063820871267995

________________________________________________________________________________
Random state: 2

Target: diffInternalOutLinks

Final enumerated feature set (SP_SN_DP3):
	 {0: 'contentLength', 1: 'textSize', 2: 'textQuality', 3: 'pathDepth', 4: 'domainDepth', 5: 'numInternalOutLinks', 6: 'numExternalOutLinks', 7: 'numInternalInLinks', 8: 'numExternalInLinks', 9: 'trustRank', 10: 'avg_contentLength', 11: 'avg_textSize', 12: 'avg_textQuality', 13: 'avg_pathDepth', 14: 'avg_domainDepth', 15: 'avg_numInternalOutLinks', 16: 'avg_numExternalOutLinks', 17: 'avg_numInternalInLinks', 18: 'avg_numExternalInLinks', 19: 'avg_trustRank', 20: 'avg_linkExternalChangeRate', 21: 'avg_linkInternalChangeRate', 22: 'contentLength-1', 23: 'textSize-1', 24: 'textQuality-1', 25: 'diffInternalOutLinks-1', 26: 'diffExternalOutLinks-1', 27: 'contentLength-2', 28: 'textSize-2', 29: 'textQuality-2', 30: 'diffInternalOutLinks-2', 31: 'diffExternalOutLinks-2', 32: 'contentLength-3', 33: 'textSize-3', 34: 'textQuality-3', 35: 'diffInternalOutLinks-3', 36: 'diffExternalOutLinks-3'} 

Model: ET

Retraining on 288242 samples
	Testing on 96081 samples
		Test Recall 0.8731191541276941
		Test Precision 0.8521378314991882
		Test F1 score 0.8625009130085458
		Test Accuracy (b) 0.9068776904025886
------------------------------------------------------------
diffInternalOutLinks  -->  DP4

________________________________________________________________________________
Random state: 0

Target: diffInternalOutLinks

Final enumerated feature set (SP_SN_DP4):
	 {0: 'contentLength', 1: 'textSize', 2: 'textQuality', 3: 'pathDepth', 4: 'domainDepth', 5: 'numInternalOutLinks', 6: 'numExternalOutLinks', 7: 'numInternalInLinks', 8: 'numExternalInLinks', 9: 'trustRank', 10: 'avg_contentLength', 11: 'avg_textSize', 12: 'avg_textQuality', 13: 'avg_pathDepth', 14: 'avg_domainDepth', 15: 'avg_numInternalOutLinks', 16: 'avg_numExternalOutLinks', 17: 'avg_numInternalInLinks', 18: 'avg_numExternalInLinks', 19: 'avg_trustRank', 20: 'avg_linkExternalChangeRate', 21: 'avg_linkInternalChangeRate', 22: 'contentLength-1', 23: 'textSize-1', 24: 'textQuality-1', 25: 'diffInternalOutLinks-1', 26: 'diffExternalOutLinks-1', 27: 'contentLength-2', 28: 'textSize-2', 29: 'textQuality-2', 30: 'diffInternalOutLinks-2', 31: 'diffExternalOutLinks-2', 32: 'contentLength-3', 33: 'textSize-3', 34: 'textQuality-3', 35: 'diffInternalOutLinks-3', 36: 'diffExternalOutLinks-3', 37: 'contentLength-4', 38: 'textSize-4', 39: 'textQuality-4', 40: 'diffInternalOutLinks-4', 41: 'diffExternalOutLinks-4'} 

Model: ET

Hyperparameter tuning on 96080 samples

	Scores on the development set:

	mean 0.89113, stdev 0.00135 for parameters {'min_samples_leaf': 5, 'n_estimators': 200}
	mean 0.89080, stdev 0.00154 for parameters {'min_samples_leaf': 5, 'n_estimators': 300}
	mean 0.89138, stdev 0.00164 for parameters {'min_samples_leaf': 5, 'n_estimators': 400}
	mean 0.89132, stdev 0.00177 for parameters {'min_samples_leaf': 5, 'n_estimators': 500}
	mean 0.87872, stdev 0.00208 for parameters {'min_samples_leaf': 10, 'n_estimators': 200}
	mean 0.87842, stdev 0.00220 for parameters {'min_samples_leaf': 10, 'n_estimators': 300}
	mean 0.87856, stdev 0.00196 for parameters {'min_samples_leaf': 10, 'n_estimators': 400}
	mean 0.87846, stdev 0.00211 for parameters {'min_samples_leaf': 10, 'n_estimators': 500}
	mean 0.87143, stdev 0.00226 for parameters {'min_samples_leaf': 15, 'n_estimators': 200}
	mean 0.87046, stdev 0.00256 for parameters {'min_samples_leaf': 15, 'n_estimators': 300}
	mean 0.87094, stdev 0.00293 for parameters {'min_samples_leaf': 15, 'n_estimators': 400}
	mean 0.87072, stdev 0.00309 for parameters {'min_samples_leaf': 15, 'n_estimators': 500}
	mean 0.86546, stdev 0.00215 for parameters {'min_samples_leaf': 20, 'n_estimators': 200}
	mean 0.86451, stdev 0.00229 for parameters {'min_samples_leaf': 20, 'n_estimators': 300}
	mean 0.86514, stdev 0.00267 for parameters {'min_samples_leaf': 20, 'n_estimators': 400}
	mean 0.86484, stdev 0.00259 for parameters {'min_samples_leaf': 20, 'n_estimators': 500}

	Best parameters on the development set: {'min_samples_leaf': 5, 'n_estimators': 400}

Retraining on 288242 samples
	Testing on 96081 samples
		Test Recall 0.8717042876798929
		Test Precision 0.8598415376714841
		Test F1 score 0.8657322770668291
		Test Accuracy (b) 0.9082397721099277

Top features in ascending order of importance:
	 ['numExternalInLinks', 'diffExternalOutLinks-2', 'diffExternalOutLinks-3', 'diffExternalOutLinks-4', 'diffExternalOutLinks-1', 'avg_numExternalInLinks', 'trustRank', 'textQuality-3', 'textQuality', 'numExternalOutLinks', 'textQuality-1', 'textQuality-2', 'domainDepth', 'contentLength', 'textQuality-4', 'avg_domainDepth', 'contentLength-2', 'avg_trustRank', 'contentLength-3', 'textSize', 'textSize-3', 'textSize-4', 'contentLength-4', 'textSize-2', 'contentLength-1', 'avg_numExternalOutLinks', 'textSize-1', 'avg_contentLength', 'avg_textQuality', 'pathDepth', 'avg_textSize', 'avg_numInternalOutLinks', 'numInternalOutLinks', 'avg_pathDepth', 'numInternalInLinks', 'avg_numInternalInLinks', 'avg_linkExternalChangeRate', 'diffInternalOutLinks-4', 'diffInternalOutLinks-2', 'diffInternalOutLinks-3', 'diffInternalOutLinks-1', 'avg_linkInternalChangeRate'] or [8, 31, 36, 41, 26, 18, 9, 34, 2, 6, 24, 29, 4, 0, 39, 14, 27, 19, 32, 1, 33, 38, 37, 28, 22, 16, 23, 10, 12, 3, 11, 15, 5, 13, 7, 17, 20, 40, 30, 35, 25, 21]

Refitting on two features for decision boundaries
	 [30, 35] F1 score: 0.7741471628857397
	 [30, 25] F1 score: 0.7552711099039148
	 [30, 21] F1 score: 0.7528726667706547
	 [35, 25] F1 score: 0.7817717465883968
	 [35, 21] F1 score: 0.7648182203989249
	 [25, 21] F1 score: 0.7487864956893429

________________________________________________________________________________
Random state: 1

Target: diffInternalOutLinks

Final enumerated feature set (SP_SN_DP4):
	 {0: 'contentLength', 1: 'textSize', 2: 'textQuality', 3: 'pathDepth', 4: 'domainDepth', 5: 'numInternalOutLinks', 6: 'numExternalOutLinks', 7: 'numInternalInLinks', 8: 'numExternalInLinks', 9: 'trustRank', 10: 'avg_contentLength', 11: 'avg_textSize', 12: 'avg_textQuality', 13: 'avg_pathDepth', 14: 'avg_domainDepth', 15: 'avg_numInternalOutLinks', 16: 'avg_numExternalOutLinks', 17: 'avg_numInternalInLinks', 18: 'avg_numExternalInLinks', 19: 'avg_trustRank', 20: 'avg_linkExternalChangeRate', 21: 'avg_linkInternalChangeRate', 22: 'contentLength-1', 23: 'textSize-1', 24: 'textQuality-1', 25: 'diffInternalOutLinks-1', 26: 'diffExternalOutLinks-1', 27: 'contentLength-2', 28: 'textSize-2', 29: 'textQuality-2', 30: 'diffInternalOutLinks-2', 31: 'diffExternalOutLinks-2', 32: 'contentLength-3', 33: 'textSize-3', 34: 'textQuality-3', 35: 'diffInternalOutLinks-3', 36: 'diffExternalOutLinks-3', 37: 'contentLength-4', 38: 'textSize-4', 39: 'textQuality-4', 40: 'diffInternalOutLinks-4', 41: 'diffExternalOutLinks-4'} 

Model: ET

Retraining on 288242 samples
	Testing on 96081 samples
		Test Recall 0.8725602755453502
		Test Precision 0.8558558558558559
		Test F1 score 0.8641273450824332
		Test Accuracy (b) 0.9075598135109495

________________________________________________________________________________
Random state: 2

Target: diffInternalOutLinks

Final enumerated feature set (SP_SN_DP4):
	 {0: 'contentLength', 1: 'textSize', 2: 'textQuality', 3: 'pathDepth', 4: 'domainDepth', 5: 'numInternalOutLinks', 6: 'numExternalOutLinks', 7: 'numInternalInLinks', 8: 'numExternalInLinks', 9: 'trustRank', 10: 'avg_contentLength', 11: 'avg_textSize', 12: 'avg_textQuality', 13: 'avg_pathDepth', 14: 'avg_domainDepth', 15: 'avg_numInternalOutLinks', 16: 'avg_numExternalOutLinks', 17: 'avg_numInternalInLinks', 18: 'avg_numExternalInLinks', 19: 'avg_trustRank', 20: 'avg_linkExternalChangeRate', 21: 'avg_linkInternalChangeRate', 22: 'contentLength-1', 23: 'textSize-1', 24: 'textQuality-1', 25: 'diffInternalOutLinks-1', 26: 'diffExternalOutLinks-1', 27: 'contentLength-2', 28: 'textSize-2', 29: 'textQuality-2', 30: 'diffInternalOutLinks-2', 31: 'diffExternalOutLinks-2', 32: 'contentLength-3', 33: 'textSize-3', 34: 'textQuality-3', 35: 'diffInternalOutLinks-3', 36: 'diffExternalOutLinks-3', 37: 'contentLength-4', 38: 'textSize-4', 39: 'textQuality-4', 40: 'diffInternalOutLinks-4', 41: 'diffExternalOutLinks-4'} 

Model: ET

Retraining on 288242 samples
	Testing on 96081 samples
		Test Recall 0.8731930940145661
		Test Precision 0.8583733100741386
		Test F1 score 0.8657197837441584
		Test Accuracy (b) 0.9083705069099369
------------------------------------------------------------
diffInternalOutLinks  -->  DP5

________________________________________________________________________________
Random state: 0

Target: diffInternalOutLinks

Final enumerated feature set (SP_SN_DP5):
	 {0: 'contentLength', 1: 'textSize', 2: 'textQuality', 3: 'pathDepth', 4: 'domainDepth', 5: 'numInternalOutLinks', 6: 'numExternalOutLinks', 7: 'numInternalInLinks', 8: 'numExternalInLinks', 9: 'trustRank', 10: 'avg_contentLength', 11: 'avg_textSize', 12: 'avg_textQuality', 13: 'avg_pathDepth', 14: 'avg_domainDepth', 15: 'avg_numInternalOutLinks', 16: 'avg_numExternalOutLinks', 17: 'avg_numInternalInLinks', 18: 'avg_numExternalInLinks', 19: 'avg_trustRank', 20: 'avg_linkExternalChangeRate', 21: 'avg_linkInternalChangeRate', 22: 'contentLength-1', 23: 'textSize-1', 24: 'textQuality-1', 25: 'diffInternalOutLinks-1', 26: 'diffExternalOutLinks-1', 27: 'contentLength-2', 28: 'textSize-2', 29: 'textQuality-2', 30: 'diffInternalOutLinks-2', 31: 'diffExternalOutLinks-2', 32: 'contentLength-3', 33: 'textSize-3', 34: 'textQuality-3', 35: 'diffInternalOutLinks-3', 36: 'diffExternalOutLinks-3', 37: 'contentLength-4', 38: 'textSize-4', 39: 'textQuality-4', 40: 'diffInternalOutLinks-4', 41: 'diffExternalOutLinks-4', 42: 'contentLength-5', 43: 'textSize-5', 44: 'textQuality-5', 45: 'diffInternalOutLinks-5', 46: 'diffExternalOutLinks-5'} 

Model: ET

Hyperparameter tuning on 96080 samples

	Scores on the development set:

	mean 0.89062, stdev 0.00236 for parameters {'min_samples_leaf': 5, 'n_estimators': 200}
	mean 0.89114, stdev 0.00242 for parameters {'min_samples_leaf': 5, 'n_estimators': 300}
	mean 0.89151, stdev 0.00259 for parameters {'min_samples_leaf': 5, 'n_estimators': 400}
	mean 0.89118, stdev 0.00219 for parameters {'min_samples_leaf': 5, 'n_estimators': 500}
	mean 0.87821, stdev 0.00204 for parameters {'min_samples_leaf': 10, 'n_estimators': 200}
	mean 0.87843, stdev 0.00245 for parameters {'min_samples_leaf': 10, 'n_estimators': 300}
	mean 0.87829, stdev 0.00258 for parameters {'min_samples_leaf': 10, 'n_estimators': 400}
	mean 0.87838, stdev 0.00255 for parameters {'min_samples_leaf': 10, 'n_estimators': 500}
	mean 0.87072, stdev 0.00226 for parameters {'min_samples_leaf': 15, 'n_estimators': 200}
	mean 0.87104, stdev 0.00219 for parameters {'min_samples_leaf': 15, 'n_estimators': 300}
	mean 0.87099, stdev 0.00239 for parameters {'min_samples_leaf': 15, 'n_estimators': 400}
	mean 0.87067, stdev 0.00259 for parameters {'min_samples_leaf': 15, 'n_estimators': 500}
	mean 0.86487, stdev 0.00295 for parameters {'min_samples_leaf': 20, 'n_estimators': 200}
	mean 0.86520, stdev 0.00314 for parameters {'min_samples_leaf': 20, 'n_estimators': 300}
	mean 0.86529, stdev 0.00297 for parameters {'min_samples_leaf': 20, 'n_estimators': 400}
	mean 0.86541, stdev 0.00299 for parameters {'min_samples_leaf': 20, 'n_estimators': 500}

	Best parameters on the development set: {'min_samples_leaf': 5, 'n_estimators': 400}

Retraining on 288242 samples
	Testing on 96081 samples
		Test Recall 0.8695846193893868
		Test Precision 0.8619558406133657
		Test F1 score 0.8657534246575342
		Test Accuracy (b) 0.9077291502785928

Top features in ascending order of importance:
	 ['numExternalInLinks', 'diffExternalOutLinks-5', 'diffExternalOutLinks-2', 'diffExternalOutLinks-3', 'diffExternalOutLinks-1', 'diffExternalOutLinks-4', 'avg_numExternalInLinks', 'trustRank', 'contentLength-5', 'contentLength', 'domainDepth', 'contentLength-1', 'contentLength-4', 'textQuality-3', 'textQuality', 'textQuality-4', 'contentLength-2', 'numExternalOutLinks', 'textQuality-5', 'avg_domainDepth', 'textQuality-2', 'avg_trustRank', 'textQuality-1', 'contentLength-3', 'textSize-4', 'textSize-5', 'textSize-2', 'textSize-3', 'textSize', 'textSize-1', 'avg_numExternalOutLinks', 'pathDepth', 'avg_textQuality', 'avg_contentLength', 'numInternalOutLinks', 'avg_textSize', 'avg_numInternalOutLinks', 'numInternalInLinks', 'avg_pathDepth', 'avg_numInternalInLinks', 'avg_linkExternalChangeRate', 'diffInternalOutLinks-5', 'diffInternalOutLinks-2', 'diffInternalOutLinks-4', 'diffInternalOutLinks-3', 'diffInternalOutLinks-1', 'avg_linkInternalChangeRate'] or [8, 46, 31, 36, 26, 41, 18, 9, 42, 0, 4, 22, 37, 34, 2, 39, 27, 6, 44, 14, 29, 19, 24, 32, 38, 43, 28, 33, 1, 23, 16, 3, 12, 10, 5, 11, 15, 7, 13, 17, 20, 45, 30, 40, 35, 25, 21]

Refitting on two features for decision boundaries
	 [40, 35] F1 score: 0.7799232158988256
	 [40, 25] F1 score: 0.7794465491048249
	 [40, 21] F1 score: 0.7524888310409119
	 [35, 25] F1 score: 0.7817717465883968
	 [35, 21] F1 score: 0.7648182203989249
	 [25, 21] F1 score: 0.7487864956893429

________________________________________________________________________________
Random state: 1

Target: diffInternalOutLinks

Final enumerated feature set (SP_SN_DP5):
	 {0: 'contentLength', 1: 'textSize', 2: 'textQuality', 3: 'pathDepth', 4: 'domainDepth', 5: 'numInternalOutLinks', 6: 'numExternalOutLinks', 7: 'numInternalInLinks', 8: 'numExternalInLinks', 9: 'trustRank', 10: 'avg_contentLength', 11: 'avg_textSize', 12: 'avg_textQuality', 13: 'avg_pathDepth', 14: 'avg_domainDepth', 15: 'avg_numInternalOutLinks', 16: 'avg_numExternalOutLinks', 17: 'avg_numInternalInLinks', 18: 'avg_numExternalInLinks', 19: 'avg_trustRank', 20: 'avg_linkExternalChangeRate', 21: 'avg_linkInternalChangeRate', 22: 'contentLength-1', 23: 'textSize-1', 24: 'textQuality-1', 25: 'diffInternalOutLinks-1', 26: 'diffExternalOutLinks-1', 27: 'contentLength-2', 28: 'textSize-2', 29: 'textQuality-2', 30: 'diffInternalOutLinks-2', 31: 'diffExternalOutLinks-2', 32: 'contentLength-3', 33: 'textSize-3', 34: 'textQuality-3', 35: 'diffInternalOutLinks-3', 36: 'diffExternalOutLinks-3', 37: 'contentLength-4', 38: 'textSize-4', 39: 'textQuality-4', 40: 'diffInternalOutLinks-4', 41: 'diffExternalOutLinks-4', 42: 'contentLength-5', 43: 'textSize-5', 44: 'textQuality-5', 45: 'diffInternalOutLinks-5', 46: 'diffExternalOutLinks-5'} 

Model: ET

Retraining on 288242 samples
	Testing on 96081 samples
		Test Recall 0.8694863153216548
		Test Precision 0.8621107520564042
		Test F1 score 0.865782825954677
		Test Accuracy (b) 0.907564524192385

________________________________________________________________________________
Random state: 2

Target: diffInternalOutLinks

Final enumerated feature set (SP_SN_DP5):
	 {0: 'contentLength', 1: 'textSize', 2: 'textQuality', 3: 'pathDepth', 4: 'domainDepth', 5: 'numInternalOutLinks', 6: 'numExternalOutLinks', 7: 'numInternalInLinks', 8: 'numExternalInLinks', 9: 'trustRank', 10: 'avg_contentLength', 11: 'avg_textSize', 12: 'avg_textQuality', 13: 'avg_pathDepth', 14: 'avg_domainDepth', 15: 'avg_numInternalOutLinks', 16: 'avg_numExternalOutLinks', 17: 'avg_numInternalInLinks', 18: 'avg_numExternalInLinks', 19: 'avg_trustRank', 20: 'avg_linkExternalChangeRate', 21: 'avg_linkInternalChangeRate', 22: 'contentLength-1', 23: 'textSize-1', 24: 'textQuality-1', 25: 'diffInternalOutLinks-1', 26: 'diffExternalOutLinks-1', 27: 'contentLength-2', 28: 'textSize-2', 29: 'textQuality-2', 30: 'diffInternalOutLinks-2', 31: 'diffExternalOutLinks-2', 32: 'contentLength-3', 33: 'textSize-3', 34: 'textQuality-3', 35: 'diffInternalOutLinks-3', 36: 'diffExternalOutLinks-3', 37: 'contentLength-4', 38: 'textSize-4', 39: 'textQuality-4', 40: 'diffInternalOutLinks-4', 41: 'diffExternalOutLinks-4', 42: 'contentLength-5', 43: 'textSize-5', 44: 'textQuality-5', 45: 'diffInternalOutLinks-5', 46: 'diffExternalOutLinks-5'} 

Model: ET

Retraining on 288242 samples
	Testing on 96081 samples
		Test Recall 0.8716033864468188
		Test Precision 0.8617904009942611
		Test F1 score 0.8666691173767599
		Test Accuracy (b) 0.9084158431828485
------------------------------------------------------------
diffInternalOutLinks  -->  DP6

________________________________________________________________________________
Random state: 0

Target: diffInternalOutLinks

Final enumerated feature set (SP_SN_DP6):
	 {0: 'contentLength', 1: 'textSize', 2: 'textQuality', 3: 'pathDepth', 4: 'domainDepth', 5: 'numInternalOutLinks', 6: 'numExternalOutLinks', 7: 'numInternalInLinks', 8: 'numExternalInLinks', 9: 'trustRank', 10: 'avg_contentLength', 11: 'avg_textSize', 12: 'avg_textQuality', 13: 'avg_pathDepth', 14: 'avg_domainDepth', 15: 'avg_numInternalOutLinks', 16: 'avg_numExternalOutLinks', 17: 'avg_numInternalInLinks', 18: 'avg_numExternalInLinks', 19: 'avg_trustRank', 20: 'avg_linkExternalChangeRate', 21: 'avg_linkInternalChangeRate', 22: 'contentLength-1', 23: 'textSize-1', 24: 'textQuality-1', 25: 'diffInternalOutLinks-1', 26: 'diffExternalOutLinks-1', 27: 'contentLength-2', 28: 'textSize-2', 29: 'textQuality-2', 30: 'diffInternalOutLinks-2', 31: 'diffExternalOutLinks-2', 32: 'contentLength-3', 33: 'textSize-3', 34: 'textQuality-3', 35: 'diffInternalOutLinks-3', 36: 'diffExternalOutLinks-3', 37: 'contentLength-4', 38: 'textSize-4', 39: 'textQuality-4', 40: 'diffInternalOutLinks-4', 41: 'diffExternalOutLinks-4', 42: 'contentLength-5', 43: 'textSize-5', 44: 'textQuality-5', 45: 'diffInternalOutLinks-5', 46: 'diffExternalOutLinks-5', 47: 'contentLength-6', 48: 'textSize-6', 49: 'textQuality-6', 50: 'diffInternalOutLinks-6', 51: 'diffExternalOutLinks-6'} 

Model: ET

Hyperparameter tuning on 96080 samples

	Scores on the development set:

	mean 0.89436, stdev 0.00272 for parameters {'min_samples_leaf': 5, 'n_estimators': 200}
	mean 0.89459, stdev 0.00320 for parameters {'min_samples_leaf': 5, 'n_estimators': 300}
	mean 0.89433, stdev 0.00311 for parameters {'min_samples_leaf': 5, 'n_estimators': 400}
	mean 0.89427, stdev 0.00303 for parameters {'min_samples_leaf': 5, 'n_estimators': 500}
	mean 0.88279, stdev 0.00215 for parameters {'min_samples_leaf': 10, 'n_estimators': 200}
	mean 0.88251, stdev 0.00250 for parameters {'min_samples_leaf': 10, 'n_estimators': 300}
	mean 0.88246, stdev 0.00233 for parameters {'min_samples_leaf': 10, 'n_estimators': 400}
	mean 0.88272, stdev 0.00227 for parameters {'min_samples_leaf': 10, 'n_estimators': 500}
	mean 0.87583, stdev 0.00327 for parameters {'min_samples_leaf': 15, 'n_estimators': 200}
	mean 0.87559, stdev 0.00268 for parameters {'min_samples_leaf': 15, 'n_estimators': 300}
	mean 0.87565, stdev 0.00243 for parameters {'min_samples_leaf': 15, 'n_estimators': 400}
	mean 0.87507, stdev 0.00245 for parameters {'min_samples_leaf': 15, 'n_estimators': 500}
	mean 0.87031, stdev 0.00276 for parameters {'min_samples_leaf': 20, 'n_estimators': 200}
	mean 0.87026, stdev 0.00247 for parameters {'min_samples_leaf': 20, 'n_estimators': 300}
	mean 0.87003, stdev 0.00224 for parameters {'min_samples_leaf': 20, 'n_estimators': 400}
	mean 0.86983, stdev 0.00227 for parameters {'min_samples_leaf': 20, 'n_estimators': 500}

	Best parameters on the development set: {'min_samples_leaf': 5, 'n_estimators': 300}

Retraining on 288242 samples
	Testing on 96081 samples
		Test Recall 0.8712952288869882
		Test Precision 0.8717815151064147
		Test F1 score 0.8715383041642644
		Test Accuracy (b) 0.9107451718939927

Top features in ascending order of importance:
	 ['numExternalInLinks', 'diffExternalOutLinks-2', 'diffExternalOutLinks-6', 'diffExternalOutLinks-5', 'diffExternalOutLinks-3', 'diffExternalOutLinks-1', 'diffExternalOutLinks-4', 'avg_numExternalInLinks', 'trustRank', 'contentLength-5', 'textQuality-2', 'contentLength', 'contentLength-1', 'textQuality-6', 'contentLength-3', 'domainDepth', 'textQuality-3', 'textQuality-1', 'contentLength-6', 'contentLength-2', 'textQuality', 'avg_trustRank', 'textQuality-4', 'textQuality-5', 'textSize-4', 'textSize', 'textSize-3', 'contentLength-4', 'numExternalOutLinks', 'textSize-5', 'avg_numExternalOutLinks', 'textSize-1', 'textSize-6', 'textSize-2', 'pathDepth', 'avg_contentLength', 'avg_domainDepth', 'avg_textQuality', 'avg_textSize', 'numInternalOutLinks', 'avg_numInternalOutLinks', 'numInternalInLinks', 'avg_pathDepth', 'avg_numInternalInLinks', 'diffInternalOutLinks-6', 'diffInternalOutLinks-4', 'diffInternalOutLinks-5', 'avg_linkExternalChangeRate', 'diffInternalOutLinks-3', 'diffInternalOutLinks-2', 'diffInternalOutLinks-1', 'avg_linkInternalChangeRate'] or [8, 31, 51, 46, 36, 26, 41, 18, 9, 42, 29, 0, 22, 49, 32, 4, 34, 24, 47, 27, 2, 19, 39, 44, 38, 1, 33, 37, 6, 43, 16, 23, 48, 28, 3, 10, 14, 12, 11, 5, 15, 7, 13, 17, 50, 40, 45, 20, 35, 30, 25, 21]

Refitting on two features for decision boundaries
	 [35, 30] F1 score: 0.7627856757243117
	 [35, 25] F1 score: 0.7817866468446834
	 [35, 21] F1 score: 0.7642907551164434
	 [30, 25] F1 score: 0.7554506554370711
	 [30, 21] F1 score: 0.7535168408423029
	 [25, 21] F1 score: 0.7481931193986701

________________________________________________________________________________
Random state: 1

Target: diffInternalOutLinks

Final enumerated feature set (SP_SN_DP6):
	 {0: 'contentLength', 1: 'textSize', 2: 'textQuality', 3: 'pathDepth', 4: 'domainDepth', 5: 'numInternalOutLinks', 6: 'numExternalOutLinks', 7: 'numInternalInLinks', 8: 'numExternalInLinks', 9: 'trustRank', 10: 'avg_contentLength', 11: 'avg_textSize', 12: 'avg_textQuality', 13: 'avg_pathDepth', 14: 'avg_domainDepth', 15: 'avg_numInternalOutLinks', 16: 'avg_numExternalOutLinks', 17: 'avg_numInternalInLinks', 18: 'avg_numExternalInLinks', 19: 'avg_trustRank', 20: 'avg_linkExternalChangeRate', 21: 'avg_linkInternalChangeRate', 22: 'contentLength-1', 23: 'textSize-1', 24: 'textQuality-1', 25: 'diffInternalOutLinks-1', 26: 'diffExternalOutLinks-1', 27: 'contentLength-2', 28: 'textSize-2', 29: 'textQuality-2', 30: 'diffInternalOutLinks-2', 31: 'diffExternalOutLinks-2', 32: 'contentLength-3', 33: 'textSize-3', 34: 'textQuality-3', 35: 'diffInternalOutLinks-3', 36: 'diffExternalOutLinks-3', 37: 'contentLength-4', 38: 'textSize-4', 39: 'textQuality-4', 40: 'diffInternalOutLinks-4', 41: 'diffExternalOutLinks-4', 42: 'contentLength-5', 43: 'textSize-5', 44: 'textQuality-5', 45: 'diffInternalOutLinks-5', 46: 'diffExternalOutLinks-5', 47: 'contentLength-6', 48: 'textSize-6', 49: 'textQuality-6', 50: 'diffInternalOutLinks-6', 51: 'diffExternalOutLinks-6'} 

Model: ET

Retraining on 288242 samples
	Testing on 96081 samples
		Test Recall 0.8729306321988074
		Test Precision 0.8747773159144893
		Test F1 score 0.8738529984243211
		Test Accuracy (b) 0.912044354895003

________________________________________________________________________________
Random state: 2

Target: diffInternalOutLinks

Final enumerated feature set (SP_SN_DP6):
	 {0: 'contentLength', 1: 'textSize', 2: 'textQuality', 3: 'pathDepth', 4: 'domainDepth', 5: 'numInternalOutLinks', 6: 'numExternalOutLinks', 7: 'numInternalInLinks', 8: 'numExternalInLinks', 9: 'trustRank', 10: 'avg_contentLength', 11: 'avg_textSize', 12: 'avg_textQuality', 13: 'avg_pathDepth', 14: 'avg_domainDepth', 15: 'avg_numInternalOutLinks', 16: 'avg_numExternalOutLinks', 17: 'avg_numInternalInLinks', 18: 'avg_numExternalInLinks', 19: 'avg_trustRank', 20: 'avg_linkExternalChangeRate', 21: 'avg_linkInternalChangeRate', 22: 'contentLength-1', 23: 'textSize-1', 24: 'textQuality-1', 25: 'diffInternalOutLinks-1', 26: 'diffExternalOutLinks-1', 27: 'contentLength-2', 28: 'textSize-2', 29: 'textQuality-2', 30: 'diffInternalOutLinks-2', 31: 'diffExternalOutLinks-2', 32: 'contentLength-3', 33: 'textSize-3', 34: 'textQuality-3', 35: 'diffInternalOutLinks-3', 36: 'diffExternalOutLinks-3', 37: 'contentLength-4', 38: 'textSize-4', 39: 'textQuality-4', 40: 'diffInternalOutLinks-4', 41: 'diffExternalOutLinks-4', 42: 'contentLength-5', 43: 'textSize-5', 44: 'textQuality-5', 45: 'diffInternalOutLinks-5', 46: 'diffExternalOutLinks-5', 47: 'contentLength-6', 48: 'textSize-6', 49: 'textQuality-6', 50: 'diffInternalOutLinks-6', 51: 'diffExternalOutLinks-6'} 

Model: ET

Retraining on 288242 samples
	Testing on 96081 samples
		Test Recall 0.8726755148064623
		Test Precision 0.8719985223494644
		Test F1 score 0.8723368872299933
		Test Accuracy (b) 0.911240700965637
------------------------------------------------------------
diffInternalOutLinks  -->  DP7

________________________________________________________________________________
Random state: 0

Target: diffInternalOutLinks

Final enumerated feature set (SP_SN_DP7):
	 {0: 'contentLength', 1: 'textSize', 2: 'textQuality', 3: 'pathDepth', 4: 'domainDepth', 5: 'numInternalOutLinks', 6: 'numExternalOutLinks', 7: 'numInternalInLinks', 8: 'numExternalInLinks', 9: 'trustRank', 10: 'avg_contentLength', 11: 'avg_textSize', 12: 'avg_textQuality', 13: 'avg_pathDepth', 14: 'avg_domainDepth', 15: 'avg_numInternalOutLinks', 16: 'avg_numExternalOutLinks', 17: 'avg_numInternalInLinks', 18: 'avg_numExternalInLinks', 19: 'avg_trustRank', 20: 'avg_linkExternalChangeRate', 21: 'avg_linkInternalChangeRate', 22: 'contentLength-1', 23: 'textSize-1', 24: 'textQuality-1', 25: 'diffInternalOutLinks-1', 26: 'diffExternalOutLinks-1', 27: 'contentLength-2', 28: 'textSize-2', 29: 'textQuality-2', 30: 'diffInternalOutLinks-2', 31: 'diffExternalOutLinks-2', 32: 'contentLength-3', 33: 'textSize-3', 34: 'textQuality-3', 35: 'diffInternalOutLinks-3', 36: 'diffExternalOutLinks-3', 37: 'contentLength-4', 38: 'textSize-4', 39: 'textQuality-4', 40: 'diffInternalOutLinks-4', 41: 'diffExternalOutLinks-4', 42: 'contentLength-5', 43: 'textSize-5', 44: 'textQuality-5', 45: 'diffInternalOutLinks-5', 46: 'diffExternalOutLinks-5', 47: 'contentLength-6', 48: 'textSize-6', 49: 'textQuality-6', 50: 'diffInternalOutLinks-6', 51: 'diffExternalOutLinks-6', 52: 'contentLength-7', 53: 'textSize-7', 54: 'textQuality-7', 55: 'diffInternalOutLinks-7', 56: 'diffExternalOutLinks-7'} 

Model: ET

Hyperparameter tuning on 96080 samples

	Scores on the development set:

	mean 0.89539, stdev 0.00234 for parameters {'min_samples_leaf': 5, 'n_estimators': 200}
	mean 0.89501, stdev 0.00223 for parameters {'min_samples_leaf': 5, 'n_estimators': 300}
	mean 0.89482, stdev 0.00252 for parameters {'min_samples_leaf': 5, 'n_estimators': 400}
	mean 0.89503, stdev 0.00248 for parameters {'min_samples_leaf': 5, 'n_estimators': 500}
	mean 0.88460, stdev 0.00231 for parameters {'min_samples_leaf': 10, 'n_estimators': 200}
	mean 0.88428, stdev 0.00222 for parameters {'min_samples_leaf': 10, 'n_estimators': 300}
	mean 0.88424, stdev 0.00234 for parameters {'min_samples_leaf': 10, 'n_estimators': 400}
	mean 0.88406, stdev 0.00237 for parameters {'min_samples_leaf': 10, 'n_estimators': 500}
	mean 0.87676, stdev 0.00170 for parameters {'min_samples_leaf': 15, 'n_estimators': 200}
	mean 0.87625, stdev 0.00205 for parameters {'min_samples_leaf': 15, 'n_estimators': 300}
	mean 0.87626, stdev 0.00202 for parameters {'min_samples_leaf': 15, 'n_estimators': 400}
	mean 0.87615, stdev 0.00221 for parameters {'min_samples_leaf': 15, 'n_estimators': 500}
	mean 0.87135, stdev 0.00241 for parameters {'min_samples_leaf': 20, 'n_estimators': 200}
	mean 0.87090, stdev 0.00229 for parameters {'min_samples_leaf': 20, 'n_estimators': 300}
	mean 0.87031, stdev 0.00220 for parameters {'min_samples_leaf': 20, 'n_estimators': 400}
	mean 0.87050, stdev 0.00227 for parameters {'min_samples_leaf': 20, 'n_estimators': 500}

	Best parameters on the development set: {'min_samples_leaf': 5, 'n_estimators': 200}

Retraining on 288242 samples
	Testing on 96081 samples
		Test Recall 0.8698077423673348
		Test Precision 0.8751777295517473
		Test F1 score 0.8724844732081242
		Test Accuracy (b) 0.9107963411937845

Top features in ascending order of importance:
	 ['numExternalInLinks', 'diffExternalOutLinks-7', 'diffExternalOutLinks-2', 'diffExternalOutLinks-6', 'diffExternalOutLinks-5', 'diffExternalOutLinks-3', 'diffExternalOutLinks-4', 'diffExternalOutLinks-1', 'avg_numExternalInLinks', 'trustRank', 'contentLength-2', 'contentLength', 'contentLength-1', 'textSize-7', 'domainDepth', 'textQuality-5', 'textQuality-6', 'textQuality-7', 'textQuality-4', 'contentLength-7', 'textSize-2', 'textQuality', 'textSize-5', 'avg_trustRank', 'contentLength-5', 'contentLength-6', 'contentLength-3', 'contentLength-4', 'textQuality-3', 'textQuality-1', 'textSize', 'textSize-6', 'avg_numExternalOutLinks', 'textQuality-2', 'numExternalOutLinks', 'textSize-1', 'avg_contentLength', 'textSize-4', 'textSize-3', 'avg_domainDepth', 'pathDepth', 'avg_textQuality', 'avg_numInternalOutLinks', 'avg_textSize', 'numInternalOutLinks', 'numInternalInLinks', 'avg_pathDepth', 'avg_numInternalInLinks', 'diffInternalOutLinks-6', 'diffInternalOutLinks-5', 'diffInternalOutLinks-7', 'diffInternalOutLinks-4', 'diffInternalOutLinks-3', 'diffInternalOutLinks-2', 'avg_linkExternalChangeRate', 'diffInternalOutLinks-1', 'avg_linkInternalChangeRate'] or [8, 56, 31, 51, 46, 36, 41, 26, 18, 9, 27, 0, 22, 53, 4, 44, 49, 54, 39, 52, 28, 2, 43, 19, 42, 47, 32, 37, 34, 24, 1, 48, 16, 29, 6, 23, 10, 38, 33, 14, 3, 12, 15, 11, 5, 7, 13, 17, 50, 45, 55, 40, 35, 30, 20, 25, 21]

Refitting on two features for decision boundaries
	 [30, 20] F1 score: 0.7390493415475047
	 [30, 25] F1 score: 0.7552711099039148
	 [30, 21] F1 score: 0.7531253814098652
	 [20, 25] F1 score: 0.7482415585817338
	 [20, 21] F1 score: 0.7190353784752757
	 [25, 21] F1 score: 0.7517396307051669

________________________________________________________________________________
Random state: 1

Target: diffInternalOutLinks

Final enumerated feature set (SP_SN_DP7):
	 {0: 'contentLength', 1: 'textSize', 2: 'textQuality', 3: 'pathDepth', 4: 'domainDepth', 5: 'numInternalOutLinks', 6: 'numExternalOutLinks', 7: 'numInternalInLinks', 8: 'numExternalInLinks', 9: 'trustRank', 10: 'avg_contentLength', 11: 'avg_textSize', 12: 'avg_textQuality', 13: 'avg_pathDepth', 14: 'avg_domainDepth', 15: 'avg_numInternalOutLinks', 16: 'avg_numExternalOutLinks', 17: 'avg_numInternalInLinks', 18: 'avg_numExternalInLinks', 19: 'avg_trustRank', 20: 'avg_linkExternalChangeRate', 21: 'avg_linkInternalChangeRate', 22: 'contentLength-1', 23: 'textSize-1', 24: 'textQuality-1', 25: 'diffInternalOutLinks-1', 26: 'diffExternalOutLinks-1', 27: 'contentLength-2', 28: 'textSize-2', 29: 'textQuality-2', 30: 'diffInternalOutLinks-2', 31: 'diffExternalOutLinks-2', 32: 'contentLength-3', 33: 'textSize-3', 34: 'textQuality-3', 35: 'diffInternalOutLinks-3', 36: 'diffExternalOutLinks-3', 37: 'contentLength-4', 38: 'textSize-4', 39: 'textQuality-4', 40: 'diffInternalOutLinks-4', 41: 'diffExternalOutLinks-4', 42: 'contentLength-5', 43: 'textSize-5', 44: 'textQuality-5', 45: 'diffInternalOutLinks-5', 46: 'diffExternalOutLinks-5', 47: 'contentLength-6', 48: 'textSize-6', 49: 'textQuality-6', 50: 'diffInternalOutLinks-6', 51: 'diffExternalOutLinks-6', 52: 'contentLength-7', 53: 'textSize-7', 54: 'textQuality-7', 55: 'diffInternalOutLinks-7', 56: 'diffExternalOutLinks-7'} 

Model: ET

Retraining on 288242 samples
	Testing on 96081 samples
		Test Recall 0.871634383911707
		Test Precision 0.876373114876187
		Test F1 score 0.8739973262032086
		Test Accuracy (b) 0.9117870819384823

________________________________________________________________________________
Random state: 2

Target: diffInternalOutLinks

Final enumerated feature set (SP_SN_DP7):
	 {0: 'contentLength', 1: 'textSize', 2: 'textQuality', 3: 'pathDepth', 4: 'domainDepth', 5: 'numInternalOutLinks', 6: 'numExternalOutLinks', 7: 'numInternalInLinks', 8: 'numExternalInLinks', 9: 'trustRank', 10: 'avg_contentLength', 11: 'avg_textSize', 12: 'avg_textQuality', 13: 'avg_pathDepth', 14: 'avg_domainDepth', 15: 'avg_numInternalOutLinks', 16: 'avg_numExternalOutLinks', 17: 'avg_numInternalInLinks', 18: 'avg_numExternalInLinks', 19: 'avg_trustRank', 20: 'avg_linkExternalChangeRate', 21: 'avg_linkInternalChangeRate', 22: 'contentLength-1', 23: 'textSize-1', 24: 'textQuality-1', 25: 'diffInternalOutLinks-1', 26: 'diffExternalOutLinks-1', 27: 'contentLength-2', 28: 'textSize-2', 29: 'textQuality-2', 30: 'diffInternalOutLinks-2', 31: 'diffExternalOutLinks-2', 32: 'contentLength-3', 33: 'textSize-3', 34: 'textQuality-3', 35: 'diffInternalOutLinks-3', 36: 'diffExternalOutLinks-3', 37: 'contentLength-4', 38: 'textSize-4', 39: 'textQuality-4', 40: 'diffInternalOutLinks-4', 41: 'diffExternalOutLinks-4', 42: 'contentLength-5', 43: 'textSize-5', 44: 'textQuality-5', 45: 'diffInternalOutLinks-5', 46: 'diffExternalOutLinks-5', 47: 'contentLength-6', 48: 'textSize-6', 49: 'textQuality-6', 50: 'diffInternalOutLinks-6', 51: 'diffExternalOutLinks-6', 52: 'contentLength-7', 53: 'textSize-7', 54: 'textQuality-7', 55: 'diffInternalOutLinks-7', 56: 'diffExternalOutLinks-7'} 

Model: ET

Retraining on 288242 samples
	Testing on 96081 samples
		Test Recall 0.8713815667862028
		Test Precision 0.8759476735543333
		Test F1 score 0.8736586541134608
		Test Accuracy (b) 0.9115135902073325
------------------------------------------------------------
diffInternalOutLinks  -->  DP8

________________________________________________________________________________
Random state: 0

Target: diffInternalOutLinks

Final enumerated feature set (SP_SN_DP8):
	 {0: 'contentLength', 1: 'textSize', 2: 'textQuality', 3: 'pathDepth', 4: 'domainDepth', 5: 'numInternalOutLinks', 6: 'numExternalOutLinks', 7: 'numInternalInLinks', 8: 'numExternalInLinks', 9: 'trustRank', 10: 'avg_contentLength', 11: 'avg_textSize', 12: 'avg_textQuality', 13: 'avg_pathDepth', 14: 'avg_domainDepth', 15: 'avg_numInternalOutLinks', 16: 'avg_numExternalOutLinks', 17: 'avg_numInternalInLinks', 18: 'avg_numExternalInLinks', 19: 'avg_trustRank', 20: 'avg_linkExternalChangeRate', 21: 'avg_linkInternalChangeRate', 22: 'contentLength-1', 23: 'textSize-1', 24: 'textQuality-1', 25: 'diffInternalOutLinks-1', 26: 'diffExternalOutLinks-1', 27: 'contentLength-2', 28: 'textSize-2', 29: 'textQuality-2', 30: 'diffInternalOutLinks-2', 31: 'diffExternalOutLinks-2', 32: 'contentLength-3', 33: 'textSize-3', 34: 'textQuality-3', 35: 'diffInternalOutLinks-3', 36: 'diffExternalOutLinks-3', 37: 'contentLength-4', 38: 'textSize-4', 39: 'textQuality-4', 40: 'diffInternalOutLinks-4', 41: 'diffExternalOutLinks-4', 42: 'contentLength-5', 43: 'textSize-5', 44: 'textQuality-5', 45: 'diffInternalOutLinks-5', 46: 'diffExternalOutLinks-5', 47: 'contentLength-6', 48: 'textSize-6', 49: 'textQuality-6', 50: 'diffInternalOutLinks-6', 51: 'diffExternalOutLinks-6', 52: 'contentLength-7', 53: 'textSize-7', 54: 'textQuality-7', 55: 'diffInternalOutLinks-7', 56: 'diffExternalOutLinks-7', 57: 'contentLength-8', 58: 'textSize-8', 59: 'textQuality-8', 60: 'diffInternalOutLinks-8', 61: 'diffExternalOutLinks-8'} 

Model: ET

Hyperparameter tuning on 96080 samples

	Scores on the development set:

	mean 0.89538, stdev 0.00285 for parameters {'min_samples_leaf': 5, 'n_estimators': 200}
	mean 0.89542, stdev 0.00271 for parameters {'min_samples_leaf': 5, 'n_estimators': 300}
	mean 0.89524, stdev 0.00250 for parameters {'min_samples_leaf': 5, 'n_estimators': 400}
	mean 0.89519, stdev 0.00260 for parameters {'min_samples_leaf': 5, 'n_estimators': 500}
	mean 0.88508, stdev 0.00181 for parameters {'min_samples_leaf': 10, 'n_estimators': 200}
	mean 0.88488, stdev 0.00149 for parameters {'min_samples_leaf': 10, 'n_estimators': 300}
	mean 0.88498, stdev 0.00173 for parameters {'min_samples_leaf': 10, 'n_estimators': 400}
	mean 0.88527, stdev 0.00196 for parameters {'min_samples_leaf': 10, 'n_estimators': 500}
	mean 0.87727, stdev 0.00217 for parameters {'min_samples_leaf': 15, 'n_estimators': 200}
	mean 0.87744, stdev 0.00235 for parameters {'min_samples_leaf': 15, 'n_estimators': 300}
	mean 0.87727, stdev 0.00237 for parameters {'min_samples_leaf': 15, 'n_estimators': 400}
	mean 0.87745, stdev 0.00218 for parameters {'min_samples_leaf': 15, 'n_estimators': 500}
	mean 0.87128, stdev 0.00220 for parameters {'min_samples_leaf': 20, 'n_estimators': 200}
	mean 0.87131, stdev 0.00218 for parameters {'min_samples_leaf': 20, 'n_estimators': 300}
	mean 0.87128, stdev 0.00209 for parameters {'min_samples_leaf': 20, 'n_estimators': 400}
	mean 0.87149, stdev 0.00200 for parameters {'min_samples_leaf': 20, 'n_estimators': 500}

	Best parameters on the development set: {'min_samples_leaf': 5, 'n_estimators': 300}

Retraining on 288242 samples
	Testing on 96081 samples
		Test Recall 0.8692127477594734
		Test Precision 0.8770073540447246
		Test F1 score 0.8730926545019891
		Test Accuracy (b) 0.9109179796031072

Top features in ascending order of importance:
	 ['numExternalInLinks', 'diffExternalOutLinks-7', 'diffExternalOutLinks-6', 'diffExternalOutLinks-5', 'diffExternalOutLinks-3', 'diffExternalOutLinks-2', 'diffExternalOutLinks-8', 'diffExternalOutLinks-1', 'diffExternalOutLinks-4', 'avg_numExternalInLinks', 'trustRank', 'contentLength', 'contentLength-2', 'contentLength-1', 'contentLength-8', 'contentLength-5', 'textQuality-1', 'numExternalOutLinks', 'contentLength-6', 'contentLength-7', 'contentLength-4', 'textSize-6', 'textQuality-2', 'domainDepth', 'contentLength-3', 'textSize-2', 'textSize-5', 'avg_trustRank', 'textSize', 'textQuality-7', 'textQuality', 'avg_domainDepth', 'textSize-4', 'textSize-8', 'textQuality-6', 'textSize-1', 'textQuality-5', 'textSize-7', 'textQuality-4', 'textSize-3', 'textQuality-8', 'avg_numExternalOutLinks', 'avg_textSize', 'textQuality-3', 'avg_textQuality', 'avg_contentLength', 'pathDepth', 'numInternalOutLinks', 'avg_numInternalOutLinks', 'numInternalInLinks', 'avg_pathDepth', 'avg_numInternalInLinks', 'diffInternalOutLinks-6', 'diffInternalOutLinks-5', 'diffInternalOutLinks-4', 'diffInternalOutLinks-7', 'diffInternalOutLinks-8', 'diffInternalOutLinks-2', 'diffInternalOutLinks-3', 'avg_linkExternalChangeRate', 'diffInternalOutLinks-1', 'avg_linkInternalChangeRate'] or [8, 56, 51, 46, 36, 31, 61, 26, 41, 18, 9, 0, 27, 22, 57, 42, 24, 6, 47, 52, 37, 48, 29, 4, 32, 28, 43, 19, 1, 54, 2, 14, 38, 58, 49, 23, 44, 53, 39, 33, 59, 16, 11, 34, 12, 10, 3, 5, 15, 7, 13, 17, 50, 45, 40, 55, 60, 30, 35, 20, 25, 21]

Refitting on two features for decision boundaries
	 [35, 20] F1 score: 0.7477580022075055
	 [35, 25] F1 score: 0.7817866468446834
	 [35, 21] F1 score: 0.7642907551164434
	 [20, 25] F1 score: 0.7487801804072667
	 [20, 21] F1 score: 0.7189117856055223
	 [25, 21] F1 score: 0.7481931193986701

________________________________________________________________________________
Random state: 1

Target: diffInternalOutLinks

Final enumerated feature set (SP_SN_DP8):
	 {0: 'contentLength', 1: 'textSize', 2: 'textQuality', 3: 'pathDepth', 4: 'domainDepth', 5: 'numInternalOutLinks', 6: 'numExternalOutLinks', 7: 'numInternalInLinks', 8: 'numExternalInLinks', 9: 'trustRank', 10: 'avg_contentLength', 11: 'avg_textSize', 12: 'avg_textQuality', 13: 'avg_pathDepth', 14: 'avg_domainDepth', 15: 'avg_numInternalOutLinks', 16: 'avg_numExternalOutLinks', 17: 'avg_numInternalInLinks', 18: 'avg_numExternalInLinks', 19: 'avg_trustRank', 20: 'avg_linkExternalChangeRate', 21: 'avg_linkInternalChangeRate', 22: 'contentLength-1', 23: 'textSize-1', 24: 'textQuality-1', 25: 'diffInternalOutLinks-1', 26: 'diffExternalOutLinks-1', 27: 'contentLength-2', 28: 'textSize-2', 29: 'textQuality-2', 30: 'diffInternalOutLinks-2', 31: 'diffExternalOutLinks-2', 32: 'contentLength-3', 33: 'textSize-3', 34: 'textQuality-3', 35: 'diffInternalOutLinks-3', 36: 'diffExternalOutLinks-3', 37: 'contentLength-4', 38: 'textSize-4', 39: 'textQuality-4', 40: 'diffInternalOutLinks-4', 41: 'diffExternalOutLinks-4', 42: 'contentLength-5', 43: 'textSize-5', 44: 'textQuality-5', 45: 'diffInternalOutLinks-5', 46: 'diffExternalOutLinks-5', 47: 'contentLength-6', 48: 'textSize-6', 49: 'textQuality-6', 50: 'diffInternalOutLinks-6', 51: 'diffExternalOutLinks-6', 52: 'contentLength-7', 53: 'textSize-7', 54: 'textQuality-7', 55: 'diffInternalOutLinks-7', 56: 'diffExternalOutLinks-7', 57: 'contentLength-8', 58: 'textSize-8', 59: 'textQuality-8', 60: 'diffInternalOutLinks-8', 61: 'diffExternalOutLinks-8'} 

Model: ET

Retraining on 288242 samples
	Testing on 96081 samples
		Test Recall 0.8709307062701381
		Test Precision 0.8797276570274214
		Test F1 score 0.8753070795801384
		Test Accuracy (b) 0.912195231536922

________________________________________________________________________________
Random state: 2

Target: diffInternalOutLinks

Final enumerated feature set (SP_SN_DP8):
	 {0: 'contentLength', 1: 'textSize', 2: 'textQuality', 3: 'pathDepth', 4: 'domainDepth', 5: 'numInternalOutLinks', 6: 'numExternalOutLinks', 7: 'numInternalInLinks', 8: 'numExternalInLinks', 9: 'trustRank', 10: 'avg_contentLength', 11: 'avg_textSize', 12: 'avg_textQuality', 13: 'avg_pathDepth', 14: 'avg_domainDepth', 15: 'avg_numInternalOutLinks', 16: 'avg_numExternalOutLinks', 17: 'avg_numInternalInLinks', 18: 'avg_numExternalInLinks', 19: 'avg_trustRank', 20: 'avg_linkExternalChangeRate', 21: 'avg_linkInternalChangeRate', 22: 'contentLength-1', 23: 'textSize-1', 24: 'textQuality-1', 25: 'diffInternalOutLinks-1', 26: 'diffExternalOutLinks-1', 27: 'contentLength-2', 28: 'textSize-2', 29: 'textQuality-2', 30: 'diffInternalOutLinks-2', 31: 'diffExternalOutLinks-2', 32: 'contentLength-3', 33: 'textSize-3', 34: 'textQuality-3', 35: 'diffInternalOutLinks-3', 36: 'diffExternalOutLinks-3', 37: 'contentLength-4', 38: 'textSize-4', 39: 'textQuality-4', 40: 'diffInternalOutLinks-4', 41: 'diffExternalOutLinks-4', 42: 'contentLength-5', 43: 'textSize-5', 44: 'textQuality-5', 45: 'diffInternalOutLinks-5', 46: 'diffExternalOutLinks-5', 47: 'contentLength-6', 48: 'textSize-6', 49: 'textQuality-6', 50: 'diffInternalOutLinks-6', 51: 'diffExternalOutLinks-6', 52: 'contentLength-7', 53: 'textSize-7', 54: 'textQuality-7', 55: 'diffInternalOutLinks-7', 56: 'diffExternalOutLinks-7', 57: 'contentLength-8', 58: 'textSize-8', 59: 'textQuality-8', 60: 'diffInternalOutLinks-8', 61: 'diffExternalOutLinks-8'} 

Model: ET

Retraining on 288242 samples
	Testing on 96081 samples
		Test Recall 0.8702354985396872
		Test Precision 0.8769792481651205
		Test F1 score 0.8735943588791982
		Test Accuracy (b) 0.9112013047223874
