------------------------------------------------------------
diffInternalOutLinks  -->  DP0

________________________________________________________________________________
Random state: 0

Target: diffInternalOutLinks

Final enumerated feature set (SP_SN):
	 {0: 'contentLength', 1: 'textSize', 2: 'textQuality', 3: 'pathDepth', 4: 'domainDepth', 5: 'numInternalOutLinks', 6: 'numExternalOutLinks', 7: 'numInternalInLinks', 8: 'numExternalInLinks', 9: 'trustRank', 10: 'avg_contentLength', 11: 'avg_textSize', 12: 'avg_textQuality', 13: 'avg_pathDepth', 14: 'avg_domainDepth', 15: 'avg_numInternalOutLinks', 16: 'avg_numExternalOutLinks', 17: 'avg_numInternalInLinks', 18: 'avg_numExternalInLinks', 19: 'avg_trustRank'} 

Model: ET

Hyperparameter tuning on 96080 samples

	Scores on the development set:

	mean 0.78437, stdev 0.00417 for parameters {'min_samples_leaf': 2, 'n_estimators': 200}
	mean 0.78599, stdev 0.00413 for parameters {'min_samples_leaf': 2, 'n_estimators': 300}
	mean 0.78566, stdev 0.00433 for parameters {'min_samples_leaf': 2, 'n_estimators': 400}
	mean 0.78565, stdev 0.00405 for parameters {'min_samples_leaf': 2, 'n_estimators': 500}
	mean 0.77588, stdev 0.00424 for parameters {'min_samples_leaf': 5, 'n_estimators': 200}
	mean 0.77704, stdev 0.00426 for parameters {'min_samples_leaf': 5, 'n_estimators': 300}
	mean 0.77730, stdev 0.00387 for parameters {'min_samples_leaf': 5, 'n_estimators': 400}
	mean 0.77686, stdev 0.00365 for parameters {'min_samples_leaf': 5, 'n_estimators': 500}
	mean 0.74540, stdev 0.00345 for parameters {'min_samples_leaf': 10, 'n_estimators': 200}
	mean 0.74643, stdev 0.00365 for parameters {'min_samples_leaf': 10, 'n_estimators': 300}
	mean 0.74673, stdev 0.00322 for parameters {'min_samples_leaf': 10, 'n_estimators': 400}
	mean 0.74664, stdev 0.00339 for parameters {'min_samples_leaf': 10, 'n_estimators': 500}
	mean 0.72692, stdev 0.00385 for parameters {'min_samples_leaf': 15, 'n_estimators': 200}
	mean 0.72744, stdev 0.00364 for parameters {'min_samples_leaf': 15, 'n_estimators': 300}
	mean 0.72759, stdev 0.00386 for parameters {'min_samples_leaf': 15, 'n_estimators': 400}
	mean 0.72756, stdev 0.00342 for parameters {'min_samples_leaf': 15, 'n_estimators': 500}
	mean 0.71404, stdev 0.00371 for parameters {'min_samples_leaf': 20, 'n_estimators': 200}
	mean 0.71427, stdev 0.00339 for parameters {'min_samples_leaf': 20, 'n_estimators': 300}
	mean 0.71391, stdev 0.00335 for parameters {'min_samples_leaf': 20, 'n_estimators': 400}
	mean 0.71332, stdev 0.00335 for parameters {'min_samples_leaf': 20, 'n_estimators': 500}
	mean 0.70507, stdev 0.00351 for parameters {'min_samples_leaf': 25, 'n_estimators': 200}
	mean 0.70493, stdev 0.00335 for parameters {'min_samples_leaf': 25, 'n_estimators': 300}
	mean 0.70559, stdev 0.00322 for parameters {'min_samples_leaf': 25, 'n_estimators': 400}
	mean 0.70580, stdev 0.00320 for parameters {'min_samples_leaf': 25, 'n_estimators': 500}

	Best parameters on the development set: {'min_samples_leaf': 2, 'n_estimators': 300}

Retraining on 288242 samples
	Testing on 96081 samples
		Test Recall 0.7262652932207802
		Test Precision 0.8347224003077318
		Test F1 score 0.7767260579064589
		Test Accuracy (b) 0.8351878569008945

Top features in ascending order of importance:
	 ['numExternalInLinks', 'avg_numExternalInLinks', 'trustRank', 'domainDepth', 'numExternalOutLinks', 'avg_domainDepth', 'avg_numExternalOutLinks', 'avg_trustRank', 'textQuality', 'pathDepth', 'avg_numInternalOutLinks', 'textSize', 'numInternalInLinks', 'avg_textSize', 'avg_pathDepth', 'avg_textQuality', 'numInternalOutLinks', 'avg_contentLength', 'avg_numInternalInLinks', 'contentLength'] or [8, 18, 9, 4, 6, 14, 16, 19, 2, 3, 15, 1, 7, 11, 13, 12, 5, 10, 17, 0]

Refitting on two features for decision boundaries
	 [5, 10] F1 score: 0.5415087627032128
	 [5, 17] F1 score: 0.4960210175808398
	 [5, 0] F1 score: 0.5477335217584983
	 [10, 17] F1 score: 0.4841654494755012
	 [10, 0] F1 score: 0.5255338611487871
	 [17, 0] F1 score: 0.5136713523383758

________________________________________________________________________________
Random state: 1

Target: diffInternalOutLinks

Final enumerated feature set (SP_SN):
	 {0: 'contentLength', 1: 'textSize', 2: 'textQuality', 3: 'pathDepth', 4: 'domainDepth', 5: 'numInternalOutLinks', 6: 'numExternalOutLinks', 7: 'numInternalInLinks', 8: 'numExternalInLinks', 9: 'trustRank', 10: 'avg_contentLength', 11: 'avg_textSize', 12: 'avg_textQuality', 13: 'avg_pathDepth', 14: 'avg_domainDepth', 15: 'avg_numInternalOutLinks', 16: 'avg_numExternalOutLinks', 17: 'avg_numInternalInLinks', 18: 'avg_numExternalInLinks', 19: 'avg_trustRank'} 

Model: ET

Retraining on 288242 samples
	Testing on 96081 samples
		Test Recall 0.7234546868634495
		Test Precision 0.8273612875900043
		Test F1 score 0.771927051431507
		Test Accuracy (b) 0.8322253167959401

________________________________________________________________________________
Random state: 2

Target: diffInternalOutLinks

Final enumerated feature set (SP_SN):
	 {0: 'contentLength', 1: 'textSize', 2: 'textQuality', 3: 'pathDepth', 4: 'domainDepth', 5: 'numInternalOutLinks', 6: 'numExternalOutLinks', 7: 'numInternalInLinks', 8: 'numExternalInLinks', 9: 'trustRank', 10: 'avg_contentLength', 11: 'avg_textSize', 12: 'avg_textQuality', 13: 'avg_pathDepth', 14: 'avg_domainDepth', 15: 'avg_numInternalOutLinks', 16: 'avg_numExternalOutLinks', 17: 'avg_numInternalInLinks', 18: 'avg_numExternalInLinks', 19: 'avg_trustRank'} 

Model: ET

Retraining on 288242 samples
	Testing on 96081 samples
		Test Recall 0.7248696809493882
		Test Precision 0.8317566707674033
		Test F1 score 0.7746434356603848
		Test Accuracy (b) 0.8337090321539153
