------------------------------------------------------------
diffExternalOutLinks  -->  DP0

________________________________________________________________________________
Random state: 0

Target: diffExternalOutLinks

Final enumerated feature set (SP_SN):
	 {0: 'contentLength', 1: 'textSize', 2: 'textQuality', 3: 'pathDepth', 4: 'domainDepth', 5: 'numInternalOutLinks', 6: 'numExternalOutLinks', 7: 'numInternalInLinks', 8: 'numExternalInLinks', 9: 'trustRank', 10: 'avg_contentLength', 11: 'avg_textSize', 12: 'avg_textQuality', 13: 'avg_pathDepth', 14: 'avg_domainDepth', 15: 'avg_numInternalOutLinks', 16: 'avg_numExternalOutLinks', 17: 'avg_numInternalInLinks', 18: 'avg_numExternalInLinks', 19: 'avg_trustRank'} 

Model: ET

Hyperparameter tuning on 96080 samples

	Scores on the development set:

	mean 0.68277, stdev 0.00362 for parameters {'min_samples_leaf': 2, 'n_estimators': 200}
	mean 0.68338, stdev 0.00456 for parameters {'min_samples_leaf': 2, 'n_estimators': 300}
	mean 0.68362, stdev 0.00390 for parameters {'min_samples_leaf': 2, 'n_estimators': 400}
	mean 0.68391, stdev 0.00449 for parameters {'min_samples_leaf': 2, 'n_estimators': 500}
	mean 0.76772, stdev 0.00398 for parameters {'min_samples_leaf': 5, 'n_estimators': 200}
	mean 0.76877, stdev 0.00500 for parameters {'min_samples_leaf': 5, 'n_estimators': 300}
	mean 0.76774, stdev 0.00567 for parameters {'min_samples_leaf': 5, 'n_estimators': 400}
	mean 0.76815, stdev 0.00534 for parameters {'min_samples_leaf': 5, 'n_estimators': 500}
	mean 0.78442, stdev 0.00410 for parameters {'min_samples_leaf': 10, 'n_estimators': 200}
	mean 0.78510, stdev 0.00333 for parameters {'min_samples_leaf': 10, 'n_estimators': 300}
	mean 0.78453, stdev 0.00465 for parameters {'min_samples_leaf': 10, 'n_estimators': 400}
	mean 0.78496, stdev 0.00415 for parameters {'min_samples_leaf': 10, 'n_estimators': 500}
	mean 0.77481, stdev 0.00275 for parameters {'min_samples_leaf': 15, 'n_estimators': 200}
	mean 0.77541, stdev 0.00383 for parameters {'min_samples_leaf': 15, 'n_estimators': 300}
	mean 0.77621, stdev 0.00387 for parameters {'min_samples_leaf': 15, 'n_estimators': 400}
	mean 0.77630, stdev 0.00406 for parameters {'min_samples_leaf': 15, 'n_estimators': 500}
	mean 0.76799, stdev 0.00298 for parameters {'min_samples_leaf': 20, 'n_estimators': 200}
	mean 0.76751, stdev 0.00212 for parameters {'min_samples_leaf': 20, 'n_estimators': 300}
	mean 0.76847, stdev 0.00222 for parameters {'min_samples_leaf': 20, 'n_estimators': 400}
	mean 0.76816, stdev 0.00284 for parameters {'min_samples_leaf': 20, 'n_estimators': 500}
	mean 0.76078, stdev 0.00330 for parameters {'min_samples_leaf': 25, 'n_estimators': 200}
	mean 0.76286, stdev 0.00336 for parameters {'min_samples_leaf': 25, 'n_estimators': 300}
	mean 0.76228, stdev 0.00493 for parameters {'min_samples_leaf': 25, 'n_estimators': 400}
	mean 0.76180, stdev 0.00386 for parameters {'min_samples_leaf': 25, 'n_estimators': 500}

	Best parameters on the development set: {'min_samples_leaf': 10, 'n_estimators': 300}

Retraining on 288242 samples
	Testing on 96081 samples
		Test Recall 0.7476893364602014
		Test Precision 0.3848885101548076
		Test F1 score 0.5081805822511838
		Test Accuracy (b) 0.8250897150600719

Top features in ascending order of importance:
	 ['avg_numExternalOutLinks', 'contentLength', 'textSize', 'numExternalOutLinks', 'avg_contentLength', 'avg_textSize', 'trustRank', 'numExternalInLinks', 'domainDepth', 'avg_domainDepth', 'avg_numExternalInLinks', 'avg_trustRank', 'numInternalOutLinks', 'avg_numInternalOutLinks', 'textQuality', 'avg_numInternalInLinks', 'numInternalInLinks', 'avg_textQuality', 'avg_pathDepth', 'pathDepth'] or [16, 0, 1, 6, 10, 11, 9, 8, 4, 14, 18, 19, 5, 15, 2, 17, 7, 12, 13, 3]

Refitting on two features for decision boundaries
	 [7, 12] F1 score: 0.21009229424935832
	 [7, 13] F1 score: 0.2077877523014466
	 [7, 3] F1 score: 0.22582907003921365
	 [12, 13] F1 score: 0.18812510840030064
	 [12, 3] F1 score: 0.1597379123361952
	 [13, 3] F1 score: 0.14888551280016324

________________________________________________________________________________
Random state: 1

Target: diffExternalOutLinks

Final enumerated feature set (SP_SN):
	 {0: 'contentLength', 1: 'textSize', 2: 'textQuality', 3: 'pathDepth', 4: 'domainDepth', 5: 'numInternalOutLinks', 6: 'numExternalOutLinks', 7: 'numInternalInLinks', 8: 'numExternalInLinks', 9: 'trustRank', 10: 'avg_contentLength', 11: 'avg_textSize', 12: 'avg_textQuality', 13: 'avg_pathDepth', 14: 'avg_domainDepth', 15: 'avg_numInternalOutLinks', 16: 'avg_numExternalOutLinks', 17: 'avg_numInternalInLinks', 18: 'avg_numExternalInLinks', 19: 'avg_trustRank'} 

Model: ET

Retraining on 288242 samples
	Testing on 96081 samples
		Test Recall 0.7397938144329896
		Test Precision 0.38140457798880306
		Test F1 score 0.5033199289254652
		Test Accuracy (b) 0.820750453148076

________________________________________________________________________________
Random state: 2

Target: diffExternalOutLinks

Final enumerated feature set (SP_SN):
	 {0: 'contentLength', 1: 'textSize', 2: 'textQuality', 3: 'pathDepth', 4: 'domainDepth', 5: 'numInternalOutLinks', 6: 'numExternalOutLinks', 7: 'numInternalInLinks', 8: 'numExternalInLinks', 9: 'trustRank', 10: 'avg_contentLength', 11: 'avg_textSize', 12: 'avg_textQuality', 13: 'avg_pathDepth', 14: 'avg_domainDepth', 15: 'avg_numInternalOutLinks', 16: 'avg_numExternalOutLinks', 17: 'avg_numInternalInLinks', 18: 'avg_numExternalInLinks', 19: 'avg_trustRank'} 

Model: ET

Retraining on 288242 samples
	Testing on 96081 samples
		Test Recall 0.7437055281882868
		Test Precision 0.3843433986281027
		Test F1 score 0.506783533031843
		Test Accuracy (b) 0.8228175844787198
