
________________________________________________________________________________
Random state: 0

Target: linkInternalChangeRate
Features reduced to (383203, 20)

Final enumerated feature set (SP_SN_v):
	 {0: 'contentLength', 1: 'textSize', 2: 'textQuality', 3: 'pathDepth', 4: 'domainDepth', 5: 'numInternalOutLinks', 6: 'numExternalOutLinks', 7: 'numInternalInLinks', 8: 'numExternalInLinks', 9: 'trustRank', 10: 'avg_contentLength', 11: 'avg_textSize', 12: 'avg_textQuality', 13: 'avg_pathDepth', 14: 'avg_domainDepth', 15: 'avg_numInternalOutLinks', 16: 'avg_numExternalOutLinks', 17: 'avg_numInternalInLinks', 18: 'avg_numExternalInLinks', 19: 'avg_trustRank', 20: 'SVCluster0', 21: 'SVCluster1', 22: 'SVCluster2', 23: 'SVCluster3', 24: 'SVCluster4', 25: 'SVCluster5', 26: 'SVCluster6', 27: 'SVCluster7', 28: 'SVCluster8', 29: 'SVCluster9', 30: 'SVCluster10', 31: 'SVCluster11', 32: 'SVCluster12', 33: 'SVCluster13', 34: 'SVCluster14', 35: 'SVCluster15', 36: 'SVCluster16', 37: 'SVCluster17', 38: 'SVCluster18', 39: 'SVCluster19'} 

Model: ET

Hyperparameter tuning on 95800 samples

	Scores on the development set:

	mean 0.53076, stdev 0.00388 for parameters {'min_samples_leaf': 2, 'n_estimators': 200}
	mean 0.53120, stdev 0.00414 for parameters {'min_samples_leaf': 2, 'n_estimators': 300}
	mean 0.53128, stdev 0.00423 for parameters {'min_samples_leaf': 2, 'n_estimators': 400}
	mean 0.53146, stdev 0.00420 for parameters {'min_samples_leaf': 2, 'n_estimators': 500}
	mean 0.49273, stdev 0.00388 for parameters {'min_samples_leaf': 5, 'n_estimators': 200}
	mean 0.49332, stdev 0.00393 for parameters {'min_samples_leaf': 5, 'n_estimators': 300}
	mean 0.49333, stdev 0.00431 for parameters {'min_samples_leaf': 5, 'n_estimators': 400}
	mean 0.49341, stdev 0.00416 for parameters {'min_samples_leaf': 5, 'n_estimators': 500}
	mean 0.44365, stdev 0.00394 for parameters {'min_samples_leaf': 10, 'n_estimators': 200}
	mean 0.44392, stdev 0.00389 for parameters {'min_samples_leaf': 10, 'n_estimators': 300}
	mean 0.44379, stdev 0.00389 for parameters {'min_samples_leaf': 10, 'n_estimators': 400}
	mean 0.44382, stdev 0.00395 for parameters {'min_samples_leaf': 10, 'n_estimators': 500}
	mean 0.41154, stdev 0.00320 for parameters {'min_samples_leaf': 15, 'n_estimators': 200}
	mean 0.41174, stdev 0.00324 for parameters {'min_samples_leaf': 15, 'n_estimators': 300}
	mean 0.41170, stdev 0.00336 for parameters {'min_samples_leaf': 15, 'n_estimators': 400}
	mean 0.41166, stdev 0.00327 for parameters {'min_samples_leaf': 15, 'n_estimators': 500}
	mean 0.38804, stdev 0.00410 for parameters {'min_samples_leaf': 20, 'n_estimators': 200}
	mean 0.38826, stdev 0.00395 for parameters {'min_samples_leaf': 20, 'n_estimators': 300}
	mean 0.38834, stdev 0.00383 for parameters {'min_samples_leaf': 20, 'n_estimators': 400}
	mean 0.38832, stdev 0.00390 for parameters {'min_samples_leaf': 20, 'n_estimators': 500}
	mean 0.37059, stdev 0.00399 for parameters {'min_samples_leaf': 25, 'n_estimators': 200}
	mean 0.37054, stdev 0.00395 for parameters {'min_samples_leaf': 25, 'n_estimators': 300}
	mean 0.37054, stdev 0.00396 for parameters {'min_samples_leaf': 25, 'n_estimators': 400}
	mean 0.37046, stdev 0.00399 for parameters {'min_samples_leaf': 25, 'n_estimators': 500}

	Best parameters on the development set: {'min_samples_leaf': 2, 'n_estimators': 500}

Retraining on 287402 samples
	Testing on 95801 samples
		Test R2 0.6417849614332949
		Test MAE 0.1519087034309313
		Test MedAE 0.0947777777746001


Top features in ascending order of importance:
	 ['numExternalInLinks', 'avg_numExternalInLinks', 'trustRank', 'domainDepth', 'SVCluster12', 'SVCluster5', 'SVCluster11', 'SVCluster2', 'SVCluster10', 'SVCluster7', 'SVCluster3', 'avg_domainDepth', 'SVCluster13', 'SVCluster19', 'avg_trustRank', 'numExternalOutLinks', 'SVCluster6', 'SVCluster15', 'SVCluster16', 'avg_numExternalOutLinks', 'SVCluster9', 'pathDepth', 'SVCluster8', 'SVCluster4', 'avg_pathDepth', 'SVCluster17', 'numInternalInLinks', 'textQuality', 'SVCluster18', 'SVCluster14', 'avg_numInternalOutLinks', 'avg_numInternalInLinks', 'avg_textSize', 'SVCluster1', 'SVCluster0', 'avg_textQuality', 'textSize', 'avg_contentLength', 'numInternalOutLinks', 'contentLength'] or [8, 18, 9, 4, 32, 25, 31, 22, 30, 27, 23, 14, 33, 39, 19, 6, 26, 35, 36, 16, 29, 3, 28, 24, 13, 37, 7, 2, 38, 34, 15, 17, 11, 21, 20, 12, 1, 10, 5, 0]

Refitting on two features for decision boundaries
	 [1, 10] MAE: 0.26270237370743194
	 [1, 5] MAE: 0.25981954771555715
	 [1, 0] MAE: 0.25130440036052565
	 [10, 5] MAE: 0.24857952961978985
	 [10, 0] MAE: 0.25979630131901615
	 [5, 0] MAE: 0.25050535234754345
