
________________________________________________________________________________
Random state: 0

Target: linkInternalChangeRate

Final enumerated feature set (SP_SN_DPRate):
	 {0: 'contentLength', 1: 'textSize', 2: 'textQuality', 3: 'pathDepth', 4: 'domainDepth', 5: 'numInternalOutLinks', 6: 'numExternalOutLinks', 7: 'numInternalInLinks', 8: 'numExternalInLinks', 9: 'trustRank', 10: 'avg_contentLength', 11: 'avg_textSize', 12: 'avg_textQuality', 13: 'avg_pathDepth', 14: 'avg_domainDepth', 15: 'avg_numInternalOutLinks', 16: 'avg_numExternalOutLinks', 17: 'avg_numInternalInLinks', 18: 'avg_numExternalInLinks', 19: 'avg_trustRank', 20: 'avg_linkExternalChangeRate', 21: 'avg_linkInternalChangeRate'} 

Model: ET

Hyperparameter tuning on 95800 samples

	Scores on the development set:

	mean 0.72681, stdev 0.00628 for parameters {'min_samples_leaf': 2, 'n_estimators': 200}
	mean 0.72713, stdev 0.00624 for parameters {'min_samples_leaf': 2, 'n_estimators': 300}
	mean 0.72719, stdev 0.00619 for parameters {'min_samples_leaf': 2, 'n_estimators': 400}
	mean 0.72729, stdev 0.00618 for parameters {'min_samples_leaf': 2, 'n_estimators': 500}
	mean 0.72154, stdev 0.00588 for parameters {'min_samples_leaf': 5, 'n_estimators': 200}
	mean 0.72170, stdev 0.00597 for parameters {'min_samples_leaf': 5, 'n_estimators': 300}
	mean 0.72172, stdev 0.00593 for parameters {'min_samples_leaf': 5, 'n_estimators': 400}
	mean 0.72184, stdev 0.00598 for parameters {'min_samples_leaf': 5, 'n_estimators': 500}
	mean 0.71525, stdev 0.00602 for parameters {'min_samples_leaf': 10, 'n_estimators': 200}
	mean 0.71539, stdev 0.00604 for parameters {'min_samples_leaf': 10, 'n_estimators': 300}
	mean 0.71548, stdev 0.00598 for parameters {'min_samples_leaf': 10, 'n_estimators': 400}
	mean 0.71550, stdev 0.00591 for parameters {'min_samples_leaf': 10, 'n_estimators': 500}
	mean 0.71155, stdev 0.00607 for parameters {'min_samples_leaf': 15, 'n_estimators': 200}
	mean 0.71153, stdev 0.00607 for parameters {'min_samples_leaf': 15, 'n_estimators': 300}
	mean 0.71152, stdev 0.00603 for parameters {'min_samples_leaf': 15, 'n_estimators': 400}
	mean 0.71155, stdev 0.00603 for parameters {'min_samples_leaf': 15, 'n_estimators': 500}
	mean 0.70859, stdev 0.00543 for parameters {'min_samples_leaf': 20, 'n_estimators': 200}
	mean 0.70864, stdev 0.00557 for parameters {'min_samples_leaf': 20, 'n_estimators': 300}
	mean 0.70868, stdev 0.00563 for parameters {'min_samples_leaf': 20, 'n_estimators': 400}
	mean 0.70863, stdev 0.00570 for parameters {'min_samples_leaf': 20, 'n_estimators': 500}
	mean 0.70592, stdev 0.00583 for parameters {'min_samples_leaf': 25, 'n_estimators': 200}
	mean 0.70609, stdev 0.00595 for parameters {'min_samples_leaf': 25, 'n_estimators': 300}
	mean 0.70613, stdev 0.00606 for parameters {'min_samples_leaf': 25, 'n_estimators': 400}
	mean 0.70615, stdev 0.00604 for parameters {'min_samples_leaf': 25, 'n_estimators': 500}

	Best parameters on the development set: {'min_samples_leaf': 2, 'n_estimators': 500}

Retraining on 287402 samples
	Testing on 95801 samples
		Test R2 0.7511324853171608
		Test MAE 0.10031780705568258
		Test MedAE 0.034296296295000014

Top features in ascending order of importance:
	 ['numExternalInLinks', 'avg_numExternalInLinks', 'avg_numExternalOutLinks', 'avg_trustRank', 'avg_linkExternalChangeRate', 'avg_textQuality', 'trustRank', 'avg_domainDepth', 'numExternalOutLinks', 'domainDepth', 'textQuality', 'avg_pathDepth', 'avg_numInternalInLinks', 'avg_textSize', 'numInternalInLinks', 'avg_numInternalOutLinks', 'avg_contentLength', 'textSize', 'pathDepth', 'contentLength', 'numInternalOutLinks', 'avg_linkInternalChangeRate'] or [8, 18, 16, 19, 20, 12, 9, 14, 6, 4, 2, 13, 17, 11, 7, 15, 10, 1, 3, 0, 5, 21]

Refitting on two features for decision boundaries
	 [3, 0] MAE: 0.2769372102831325
	 [3, 5] MAE: 0.27396833492058603
	 [3, 21] MAE: 0.12688181497063106
	 [0, 5] MAE: 0.2503554038982465
	 [0, 21] MAE: 0.12523584316075093
	 [5, 21] MAE: 0.12230607531185382
