
________________________________________________________________________________
Random state: 0

Target: linkInternalChangeRate

Final enumerated feature set (SP_SN_DPRate):
	 {0: 'contentLength', 1: 'textSize', 2: 'textQuality', 3: 'pathDepth', 4: 'domainDepth', 5: 'numInternalOutLinks', 6: 'numExternalOutLinks', 7: 'numInternalInLinks', 8: 'numExternalInLinks', 9: 'trustRank', 10: 'avg_contentLength', 11: 'avg_textSize', 12: 'avg_textQuality', 13: 'avg_pathDepth', 14: 'avg_domainDepth', 15: 'avg_numInternalOutLinks', 16: 'avg_numExternalOutLinks', 17: 'avg_numInternalInLinks', 18: 'avg_numExternalInLinks', 19: 'avg_trustRank', 20: 'avg_linkExternalChangeRate', 21: 'avg_linkInternalChangeRate'} 

Model: HGB

Hyperparameter tuning on 95800 samples

	Scores on the development set:

	mean 0.71963, stdev 0.00585 for parameters {'learning_rate': 0.1, 'max_iter': 200, 'min_samples_leaf': 10}
	mean 0.72331, stdev 0.00674 for parameters {'learning_rate': 0.1, 'max_iter': 200, 'min_samples_leaf': 15}
	mean 0.72484, stdev 0.00710 for parameters {'learning_rate': 0.1, 'max_iter': 200, 'min_samples_leaf': 20}
	mean 0.72666, stdev 0.00668 for parameters {'learning_rate': 0.1, 'max_iter': 200, 'min_samples_leaf': 25}
	mean 0.71963, stdev 0.00585 for parameters {'learning_rate': 0.1, 'max_iter': 300, 'min_samples_leaf': 10}
	mean 0.72331, stdev 0.00674 for parameters {'learning_rate': 0.1, 'max_iter': 300, 'min_samples_leaf': 15}
	mean 0.72484, stdev 0.00710 for parameters {'learning_rate': 0.1, 'max_iter': 300, 'min_samples_leaf': 20}
	mean 0.72666, stdev 0.00668 for parameters {'learning_rate': 0.1, 'max_iter': 300, 'min_samples_leaf': 25}
	mean 0.71963, stdev 0.00585 for parameters {'learning_rate': 0.1, 'max_iter': 400, 'min_samples_leaf': 10}
	mean 0.72331, stdev 0.00674 for parameters {'learning_rate': 0.1, 'max_iter': 400, 'min_samples_leaf': 15}
	mean 0.72484, stdev 0.00710 for parameters {'learning_rate': 0.1, 'max_iter': 400, 'min_samples_leaf': 20}
	mean 0.72666, stdev 0.00668 for parameters {'learning_rate': 0.1, 'max_iter': 400, 'min_samples_leaf': 25}
	mean 0.71963, stdev 0.00585 for parameters {'learning_rate': 0.1, 'max_iter': 500, 'min_samples_leaf': 10}
	mean 0.72331, stdev 0.00674 for parameters {'learning_rate': 0.1, 'max_iter': 500, 'min_samples_leaf': 15}
	mean 0.72484, stdev 0.00710 for parameters {'learning_rate': 0.1, 'max_iter': 500, 'min_samples_leaf': 20}
	mean 0.72666, stdev 0.00668 for parameters {'learning_rate': 0.1, 'max_iter': 500, 'min_samples_leaf': 25}
	mean 0.72145, stdev 0.00656 for parameters {'learning_rate': 0.08, 'max_iter': 200, 'min_samples_leaf': 10}
	mean 0.72479, stdev 0.00681 for parameters {'learning_rate': 0.08, 'max_iter': 200, 'min_samples_leaf': 15}
	mean 0.72702, stdev 0.00714 for parameters {'learning_rate': 0.08, 'max_iter': 200, 'min_samples_leaf': 20}
	mean 0.72819, stdev 0.00720 for parameters {'learning_rate': 0.08, 'max_iter': 200, 'min_samples_leaf': 25}
	mean 0.72145, stdev 0.00656 for parameters {'learning_rate': 0.08, 'max_iter': 300, 'min_samples_leaf': 10}
	mean 0.72479, stdev 0.00681 for parameters {'learning_rate': 0.08, 'max_iter': 300, 'min_samples_leaf': 15}
	mean 0.72702, stdev 0.00714 for parameters {'learning_rate': 0.08, 'max_iter': 300, 'min_samples_leaf': 20}
	mean 0.72819, stdev 0.00720 for parameters {'learning_rate': 0.08, 'max_iter': 300, 'min_samples_leaf': 25}
	mean 0.72145, stdev 0.00656 for parameters {'learning_rate': 0.08, 'max_iter': 400, 'min_samples_leaf': 10}
	mean 0.72479, stdev 0.00681 for parameters {'learning_rate': 0.08, 'max_iter': 400, 'min_samples_leaf': 15}
	mean 0.72702, stdev 0.00714 for parameters {'learning_rate': 0.08, 'max_iter': 400, 'min_samples_leaf': 20}
	mean 0.72819, stdev 0.00720 for parameters {'learning_rate': 0.08, 'max_iter': 400, 'min_samples_leaf': 25}
	mean 0.72145, stdev 0.00656 for parameters {'learning_rate': 0.08, 'max_iter': 500, 'min_samples_leaf': 10}
	mean 0.72479, stdev 0.00681 for parameters {'learning_rate': 0.08, 'max_iter': 500, 'min_samples_leaf': 15}
	mean 0.72702, stdev 0.00714 for parameters {'learning_rate': 0.08, 'max_iter': 500, 'min_samples_leaf': 20}
	mean 0.72819, stdev 0.00720 for parameters {'learning_rate': 0.08, 'max_iter': 500, 'min_samples_leaf': 25}
	mean 0.72318, stdev 0.00644 for parameters {'learning_rate': 0.06, 'max_iter': 200, 'min_samples_leaf': 10}
	mean 0.72649, stdev 0.00614 for parameters {'learning_rate': 0.06, 'max_iter': 200, 'min_samples_leaf': 15}
	mean 0.72878, stdev 0.00636 for parameters {'learning_rate': 0.06, 'max_iter': 200, 'min_samples_leaf': 20}
	mean 0.72981, stdev 0.00627 for parameters {'learning_rate': 0.06, 'max_iter': 200, 'min_samples_leaf': 25}
	mean 0.72318, stdev 0.00644 for parameters {'learning_rate': 0.06, 'max_iter': 300, 'min_samples_leaf': 10}
	mean 0.72649, stdev 0.00614 for parameters {'learning_rate': 0.06, 'max_iter': 300, 'min_samples_leaf': 15}
	mean 0.72878, stdev 0.00636 for parameters {'learning_rate': 0.06, 'max_iter': 300, 'min_samples_leaf': 20}
	mean 0.72981, stdev 0.00627 for parameters {'learning_rate': 0.06, 'max_iter': 300, 'min_samples_leaf': 25}
	mean 0.72318, stdev 0.00644 for parameters {'learning_rate': 0.06, 'max_iter': 400, 'min_samples_leaf': 10}
	mean 0.72649, stdev 0.00614 for parameters {'learning_rate': 0.06, 'max_iter': 400, 'min_samples_leaf': 15}
	mean 0.72878, stdev 0.00636 for parameters {'learning_rate': 0.06, 'max_iter': 400, 'min_samples_leaf': 20}
	mean 0.72981, stdev 0.00627 for parameters {'learning_rate': 0.06, 'max_iter': 400, 'min_samples_leaf': 25}
	mean 0.72318, stdev 0.00644 for parameters {'learning_rate': 0.06, 'max_iter': 500, 'min_samples_leaf': 10}
	mean 0.72649, stdev 0.00614 for parameters {'learning_rate': 0.06, 'max_iter': 500, 'min_samples_leaf': 15}
	mean 0.72878, stdev 0.00636 for parameters {'learning_rate': 0.06, 'max_iter': 500, 'min_samples_leaf': 20}
	mean 0.72981, stdev 0.00627 for parameters {'learning_rate': 0.06, 'max_iter': 500, 'min_samples_leaf': 25}
	mean 0.72420, stdev 0.00699 for parameters {'learning_rate': 0.04, 'max_iter': 200, 'min_samples_leaf': 10}
	mean 0.72859, stdev 0.00659 for parameters {'learning_rate': 0.04, 'max_iter': 200, 'min_samples_leaf': 15}
	mean 0.73010, stdev 0.00684 for parameters {'learning_rate': 0.04, 'max_iter': 200, 'min_samples_leaf': 20}
	mean 0.73175, stdev 0.00639 for parameters {'learning_rate': 0.04, 'max_iter': 200, 'min_samples_leaf': 25}
	mean 0.72420, stdev 0.00699 for parameters {'learning_rate': 0.04, 'max_iter': 300, 'min_samples_leaf': 10}
	mean 0.72859, stdev 0.00659 for parameters {'learning_rate': 0.04, 'max_iter': 300, 'min_samples_leaf': 15}
	mean 0.73010, stdev 0.00684 for parameters {'learning_rate': 0.04, 'max_iter': 300, 'min_samples_leaf': 20}
	mean 0.73179, stdev 0.00642 for parameters {'learning_rate': 0.04, 'max_iter': 300, 'min_samples_leaf': 25}
	mean 0.72420, stdev 0.00699 for parameters {'learning_rate': 0.04, 'max_iter': 400, 'min_samples_leaf': 10}
	mean 0.72859, stdev 0.00659 for parameters {'learning_rate': 0.04, 'max_iter': 400, 'min_samples_leaf': 15}
	mean 0.73010, stdev 0.00684 for parameters {'learning_rate': 0.04, 'max_iter': 400, 'min_samples_leaf': 20}
	mean 0.73179, stdev 0.00642 for parameters {'learning_rate': 0.04, 'max_iter': 400, 'min_samples_leaf': 25}
	mean 0.72420, stdev 0.00699 for parameters {'learning_rate': 0.04, 'max_iter': 500, 'min_samples_leaf': 10}
	mean 0.72859, stdev 0.00659 for parameters {'learning_rate': 0.04, 'max_iter': 500, 'min_samples_leaf': 15}
	mean 0.73010, stdev 0.00684 for parameters {'learning_rate': 0.04, 'max_iter': 500, 'min_samples_leaf': 20}
	mean 0.73179, stdev 0.00642 for parameters {'learning_rate': 0.04, 'max_iter': 500, 'min_samples_leaf': 25}
	mean 0.72419, stdev 0.00635 for parameters {'learning_rate': 0.02, 'max_iter': 200, 'min_samples_leaf': 10}
	mean 0.72730, stdev 0.00592 for parameters {'learning_rate': 0.02, 'max_iter': 200, 'min_samples_leaf': 15}
	mean 0.72882, stdev 0.00617 for parameters {'learning_rate': 0.02, 'max_iter': 200, 'min_samples_leaf': 20}
	mean 0.73033, stdev 0.00619 for parameters {'learning_rate': 0.02, 'max_iter': 200, 'min_samples_leaf': 25}
	mean 0.72480, stdev 0.00651 for parameters {'learning_rate': 0.02, 'max_iter': 300, 'min_samples_leaf': 10}
	mean 0.72839, stdev 0.00606 for parameters {'learning_rate': 0.02, 'max_iter': 300, 'min_samples_leaf': 15}
	mean 0.73009, stdev 0.00648 for parameters {'learning_rate': 0.02, 'max_iter': 300, 'min_samples_leaf': 20}
	mean 0.73204, stdev 0.00641 for parameters {'learning_rate': 0.02, 'max_iter': 300, 'min_samples_leaf': 25}
	mean 0.72484, stdev 0.00650 for parameters {'learning_rate': 0.02, 'max_iter': 400, 'min_samples_leaf': 10}
	mean 0.72854, stdev 0.00614 for parameters {'learning_rate': 0.02, 'max_iter': 400, 'min_samples_leaf': 15}
	mean 0.73016, stdev 0.00651 for parameters {'learning_rate': 0.02, 'max_iter': 400, 'min_samples_leaf': 20}
	mean 0.73225, stdev 0.00627 for parameters {'learning_rate': 0.02, 'max_iter': 400, 'min_samples_leaf': 25}
	mean 0.72484, stdev 0.00650 for parameters {'learning_rate': 0.02, 'max_iter': 500, 'min_samples_leaf': 10}
	mean 0.72854, stdev 0.00614 for parameters {'learning_rate': 0.02, 'max_iter': 500, 'min_samples_leaf': 15}
	mean 0.73016, stdev 0.00651 for parameters {'learning_rate': 0.02, 'max_iter': 500, 'min_samples_leaf': 20}
	mean 0.73225, stdev 0.00627 for parameters {'learning_rate': 0.02, 'max_iter': 500, 'min_samples_leaf': 25}

	Best parameters on the development set: {'learning_rate': 0.02, 'max_iter': 400, 'min_samples_leaf': 25}

Retraining on 287402 samples
	Testing on 95801 samples
		Test R2 0.7579139750971562
		Test MAE 0.09725751751860615
		Test MedAE 0.03139001519701949

Top features in ascending order of importance:
	 ['domainDepth', 'numExternalInLinks', 'avg_linkExternalChangeRate', 'avg_domainDepth', 'avg_trustRank', 'avg_numExternalInLinks', 'trustRank', 'avg_numExternalOutLinks', 'avg_pathDepth', 'avg_textQuality', 'avg_numInternalInLinks', 'numExternalOutLinks', 'numInternalInLinks', 'avg_textSize', 'textQuality', 'textSize', 'pathDepth', 'avg_contentLength', 'avg_numInternalOutLinks', 'contentLength', 'numInternalOutLinks', 'avg_linkInternalChangeRate'] or [4, 8, 20, 14, 19, 18, 9, 16, 13, 12, 17, 6, 7, 11, 2, 1, 3, 10, 15, 0, 5, 21]

Refitting on two features for decision boundaries
	 [15, 0] MAE: 0.2637638414952628
	 [15, 5] MAE: 0.27756484270088216
	 [15, 21] MAE: 0.134576053377882
	 [0, 5] MAE: 0.2578336892926473
	 [0, 21] MAE: 0.12998510030128083
	 [5, 21] MAE: 0.12415886545107928
