
________________________________________________________________________________
Random state: 0

Target: linkExternalChangeRate
Features reduced to (383203, 20)

Final enumerated feature set (SP_SN_v):
	 {0: 'contentLength', 1: 'textSize', 2: 'textQuality', 3: 'pathDepth', 4: 'domainDepth', 5: 'numInternalOutLinks', 6: 'numExternalOutLinks', 7: 'numInternalInLinks', 8: 'numExternalInLinks', 9: 'trustRank', 10: 'avg_contentLength', 11: 'avg_textSize', 12: 'avg_textQuality', 13: 'avg_pathDepth', 14: 'avg_domainDepth', 15: 'avg_numInternalOutLinks', 16: 'avg_numExternalOutLinks', 17: 'avg_numInternalInLinks', 18: 'avg_numExternalInLinks', 19: 'avg_trustRank', 20: 'SVCluster0', 21: 'SVCluster1', 22: 'SVCluster2', 23: 'SVCluster3', 24: 'SVCluster4', 25: 'SVCluster5', 26: 'SVCluster6', 27: 'SVCluster7', 28: 'SVCluster8', 29: 'SVCluster9', 30: 'SVCluster10', 31: 'SVCluster11', 32: 'SVCluster12', 33: 'SVCluster13', 34: 'SVCluster14', 35: 'SVCluster15', 36: 'SVCluster16', 37: 'SVCluster17', 38: 'SVCluster18', 39: 'SVCluster19'} 

Model: ET

Hyperparameter tuning on 95800 samples

	Scores on the development set:

	mean 0.46834, stdev 0.00951 for parameters {'min_samples_leaf': 2, 'n_estimators': 200}
	mean 0.46966, stdev 0.00945 for parameters {'min_samples_leaf': 2, 'n_estimators': 300}
	mean 0.47003, stdev 0.00956 for parameters {'min_samples_leaf': 2, 'n_estimators': 400}
	mean 0.47018, stdev 0.00968 for parameters {'min_samples_leaf': 2, 'n_estimators': 500}
	mean 0.42436, stdev 0.00770 for parameters {'min_samples_leaf': 5, 'n_estimators': 200}
	mean 0.42519, stdev 0.00793 for parameters {'min_samples_leaf': 5, 'n_estimators': 300}
	mean 0.42530, stdev 0.00773 for parameters {'min_samples_leaf': 5, 'n_estimators': 400}
	mean 0.42565, stdev 0.00761 for parameters {'min_samples_leaf': 5, 'n_estimators': 500}
	mean 0.37060, stdev 0.00587 for parameters {'min_samples_leaf': 10, 'n_estimators': 200}
	mean 0.37107, stdev 0.00575 for parameters {'min_samples_leaf': 10, 'n_estimators': 300}
	mean 0.37105, stdev 0.00542 for parameters {'min_samples_leaf': 10, 'n_estimators': 400}
	mean 0.37119, stdev 0.00555 for parameters {'min_samples_leaf': 10, 'n_estimators': 500}
	mean 0.33580, stdev 0.00485 for parameters {'min_samples_leaf': 15, 'n_estimators': 200}
	mean 0.33630, stdev 0.00450 for parameters {'min_samples_leaf': 15, 'n_estimators': 300}
	mean 0.33628, stdev 0.00436 for parameters {'min_samples_leaf': 15, 'n_estimators': 400}
	mean 0.33653, stdev 0.00460 for parameters {'min_samples_leaf': 15, 'n_estimators': 500}
	mean 0.31151, stdev 0.00363 for parameters {'min_samples_leaf': 20, 'n_estimators': 200}
	mean 0.31181, stdev 0.00387 for parameters {'min_samples_leaf': 20, 'n_estimators': 300}
	mean 0.31166, stdev 0.00403 for parameters {'min_samples_leaf': 20, 'n_estimators': 400}
	mean 0.31175, stdev 0.00412 for parameters {'min_samples_leaf': 20, 'n_estimators': 500}
	mean 0.29190, stdev 0.00415 for parameters {'min_samples_leaf': 25, 'n_estimators': 200}
	mean 0.29223, stdev 0.00431 for parameters {'min_samples_leaf': 25, 'n_estimators': 300}
	mean 0.29244, stdev 0.00430 for parameters {'min_samples_leaf': 25, 'n_estimators': 400}
	mean 0.29255, stdev 0.00412 for parameters {'min_samples_leaf': 25, 'n_estimators': 500}

	Best parameters on the development set: {'min_samples_leaf': 2, 'n_estimators': 500}

Retraining on 287402 samples
	Testing on 95801 samples
		Test R2 0.5898177102751472
		Test MAE 0.062290876740828914
		Test MedAE 0.024962962962399998


Top features in ascending order of importance:
	 ['numExternalInLinks', 'trustRank', 'domainDepth', 'avg_numExternalInLinks', 'SVCluster13', 'SVCluster3', 'avg_domainDepth', 'avg_trustRank', 'SVCluster19', 'SVCluster10', 'numInternalInLinks', 'SVCluster7', 'SVCluster9', 'SVCluster12', 'SVCluster16', 'SVCluster11', 'SVCluster2', 'SVCluster15', 'SVCluster5', 'SVCluster14', 'textQuality', 'SVCluster6', 'avg_numInternalOutLinks', 'SVCluster8', 'numInternalOutLinks', 'avg_numInternalInLinks', 'avg_pathDepth', 'SVCluster1', 'pathDepth', 'avg_textSize', 'SVCluster4', 'avg_textQuality', 'SVCluster0', 'avg_contentLength', 'SVCluster17', 'textSize', 'SVCluster18', 'contentLength', 'avg_numExternalOutLinks', 'numExternalOutLinks'] or [8, 9, 4, 18, 33, 23, 14, 19, 39, 30, 7, 27, 29, 32, 36, 31, 22, 35, 25, 34, 2, 26, 15, 28, 5, 17, 13, 21, 3, 11, 24, 12, 20, 10, 37, 1, 38, 0, 16, 6]

Refitting on two features for decision boundaries
	 [38, 0] MAE: 0.10729568952331833
	 [38, 16] MAE: 0.10263656505900567
	 [38, 6] MAE: 0.10077625821414143
	 [0, 16] MAE: 0.09873625062022426
	 [0, 6] MAE: 0.09933346850844664
	 [16, 6] MAE: 0.10189074330702594
