
________________________________________________________________________________
Random state: 0

Target: linkInternalChangeRate

Final enumerated feature set (SP_SN):
	 {0: 'contentLength', 1: 'textSize', 2: 'textQuality', 3: 'pathDepth', 4: 'domainDepth', 5: 'numInternalOutLinks', 6: 'numExternalOutLinks', 7: 'numInternalInLinks', 8: 'numExternalInLinks', 9: 'trustRank', 10: 'avg_contentLength', 11: 'avg_textSize', 12: 'avg_textQuality', 13: 'avg_pathDepth', 14: 'avg_domainDepth', 15: 'avg_numInternalOutLinks', 16: 'avg_numExternalOutLinks', 17: 'avg_numInternalInLinks', 18: 'avg_numExternalInLinks', 19: 'avg_trustRank'} 

Model: ET

Hyperparameter tuning on 95800 samples

	Scores on the development set:

	mean 0.51186, stdev 0.00281 for parameters {'min_samples_leaf': 2, 'n_estimators': 200}
	mean 0.51266, stdev 0.00247 for parameters {'min_samples_leaf': 2, 'n_estimators': 300}
	mean 0.51306, stdev 0.00247 for parameters {'min_samples_leaf': 2, 'n_estimators': 400}
	mean 0.51334, stdev 0.00262 for parameters {'min_samples_leaf': 2, 'n_estimators': 500}
	mean 0.46005, stdev 0.00287 for parameters {'min_samples_leaf': 5, 'n_estimators': 200}
	mean 0.46102, stdev 0.00268 for parameters {'min_samples_leaf': 5, 'n_estimators': 300}
	mean 0.46125, stdev 0.00261 for parameters {'min_samples_leaf': 5, 'n_estimators': 400}
	mean 0.46147, stdev 0.00279 for parameters {'min_samples_leaf': 5, 'n_estimators': 500}
	mean 0.40347, stdev 0.00268 for parameters {'min_samples_leaf': 10, 'n_estimators': 200}
	mean 0.40407, stdev 0.00282 for parameters {'min_samples_leaf': 10, 'n_estimators': 300}
	mean 0.40438, stdev 0.00282 for parameters {'min_samples_leaf': 10, 'n_estimators': 400}
	mean 0.40473, stdev 0.00287 for parameters {'min_samples_leaf': 10, 'n_estimators': 500}
	mean 0.37015, stdev 0.00337 for parameters {'min_samples_leaf': 15, 'n_estimators': 200}
	mean 0.37058, stdev 0.00315 for parameters {'min_samples_leaf': 15, 'n_estimators': 300}
	mean 0.37069, stdev 0.00318 for parameters {'min_samples_leaf': 15, 'n_estimators': 400}
	mean 0.37091, stdev 0.00323 for parameters {'min_samples_leaf': 15, 'n_estimators': 500}
	mean 0.34720, stdev 0.00367 for parameters {'min_samples_leaf': 20, 'n_estimators': 200}
	mean 0.34744, stdev 0.00353 for parameters {'min_samples_leaf': 20, 'n_estimators': 300}
	mean 0.34757, stdev 0.00374 for parameters {'min_samples_leaf': 20, 'n_estimators': 400}
	mean 0.34770, stdev 0.00368 for parameters {'min_samples_leaf': 20, 'n_estimators': 500}
	mean 0.32997, stdev 0.00329 for parameters {'min_samples_leaf': 25, 'n_estimators': 200}
	mean 0.33034, stdev 0.00331 for parameters {'min_samples_leaf': 25, 'n_estimators': 300}
	mean 0.33032, stdev 0.00332 for parameters {'min_samples_leaf': 25, 'n_estimators': 400}
	mean 0.33041, stdev 0.00337 for parameters {'min_samples_leaf': 25, 'n_estimators': 500}

	Best parameters on the development set: {'min_samples_leaf': 2, 'n_estimators': 500}

Retraining on 287402 samples
	Testing on 95801 samples
		Test R2 0.6266928010231914
		Test MAE 0.154818040447577
		Test MedAE 0.09544444447543438

Top features in ascending order of importance:
	 ['numExternalInLinks', 'domainDepth', 'avg_numExternalInLinks', 'trustRank', 'avg_domainDepth', 'numExternalOutLinks', 'avg_trustRank', 'pathDepth', 'avg_numExternalOutLinks', 'textQuality', 'avg_pathDepth', 'numInternalInLinks', 'avg_numInternalOutLinks', 'avg_numInternalInLinks', 'avg_textSize', 'textSize', 'avg_textQuality', 'avg_contentLength', 'numInternalOutLinks', 'contentLength'] or [8, 4, 18, 9, 14, 6, 19, 3, 16, 2, 13, 7, 15, 17, 11, 1, 12, 10, 5, 0]

Refitting on two features for decision boundaries
	 [12, 10] MAE: 0.260579891165497
	 [12, 5] MAE: 0.2625637119321094
	 [12, 0] MAE: 0.2541897680926042
	 [10, 5] MAE: 0.24857952961978985
	 [10, 0] MAE: 0.25979630131901615
	 [5, 0] MAE: 0.25050535234754345
